#! c:/iverilog-x86/bin/vvp
:ivl_version "10.0 (stable)" "(v10_0)";
:ivl_delay_selection "TYPICAL";
:vpi_time_precision + 0;
:vpi_module "system";
:vpi_module "vhdl_sys";
:vpi_module "v2005_math";
:vpi_module "va_math";
S_00863b78 .scope module, "memorytestbench" "memorytestbench" 2 1;
 .timescale 0 0;
P_008648e0 .param/l "sim_time" 0 2 3, +C4<0000000000000000000000000000000000000000000000000000010111011100>;
v02016f28_0 .var "Clk", 0 0;
v02016f80_0 .var "MEMADD", 7 0;
RS_01fec004 .resolv tri, v02017030_0, v01fd2100_0;
v02016fd8_0 .net8 "MEMDAT", 31 0, RS_01fec004;  2 drivers
v02017030_0 .var "MEMDAT_BUFF", 31 0;
v02017088_0 .var "MFA", 0 0;
v020170e0_0 .net "MFC", 0 0, v01fe51c8_0;  1 drivers
v02017138_0 .var "READ_WRITE", 0 0;
v02017190_0 .var "Reset", 0 0;
v020171e8_0 .var "WORD_BYTE", 0 0;
S_00863c48 .scope module, "mem" "memory" 2 14, 3 1 0, S_00863b78;
 .timescale 0 0;
    .port_info 0 /INOUT 32 "Data"
    .port_info 1 /OUTPUT 1 "MFC"
    .port_info 2 /INPUT 1 "MFA"
    .port_info 3 /INPUT 1 "ReadWrite"
    .port_info 4 /INPUT 8 "Address"
    .port_info 5 /INPUT 1 "wordByte"
    .port_info 6 /INPUT 1 "Reset"
v01fd2050_0 .net "Address", 7 0, v02016f80_0;  1 drivers
v01fd20a8_0 .net8 "Data", 31 0, RS_01fec004;  alias, 2 drivers
v01fd2100_0 .var "Data_Buff", 31 0;
v01fd2158_0 .net "MFA", 0 0, v02017088_0;  1 drivers
v01fe51c8_0 .var "MFC", 0 0;
v01fe5220 .array "Mem", 255 0, 7 0;
v01fe5278_0 .net "ReadWrite", 0 0, v02017138_0;  1 drivers
v02016c10_0 .net "Reset", 0 0, v02017190_0;  1 drivers
v02016c68_0 .var/i "code", 31 0;
v02016cc0 .array "data", 0 3, 7 0;
v02016d18 .array "dataByte", 3 0;
v02016d18_0 .net v02016d18 0, 7 0, L_02017240; 1 drivers
v02016d18_1 .net v02016d18 1, 7 0, L_02017298; 1 drivers
v02016d18_2 .net v02016d18 2, 7 0, L_020172f0; 1 drivers
v02016d18_3 .net v02016d18 3, 7 0, L_02017348; 1 drivers
v02016d70_0 .var/i "fd", 31 0;
v02016dc8_0 .var/i "i", 31 0;
v02016e20_0 .var/i "index", 31 0;
v02016e78_0 .var "tempAddress", 7 0;
v02016ed0_0 .net "wordByte", 0 0, v020171e8_0;  1 drivers
E_01fd1008 .event posedge, v01fd2158_0;
L_02017240 .part RS_01fec004, 24, 8;
L_02017298 .part RS_01fec004, 16, 8;
L_020172f0 .part RS_01fec004, 8, 8;
L_02017348 .part RS_01fec004, 0, 8;
    .scope S_00863c48;
T_0 ;
    %vpi_call 3 30 "$display", "Loading test program to RAM..." {0 0 0};
    %vpi_func 3 31 "$fopen" 32, "memory.dat", "r" {0 0 0};
    %store/vec4 v02016d70_0, 0, 32;
    %pushi/vec4 0, 0, 32;
    %store/vec4 v02016e20_0, 0, 32;
T_0.0 ;
    %vpi_func 3 33 "$feof" 32, v02016d70_0 {0 0 0};
    %nor/r;
    %flag_set/vec4 8;
    %jmp/0xz T_0.1, 8;
    %vpi_func 3 34 "$fscanf" 32, v02016d70_0, "%b %b %b %b\012", &A<v02016cc0, 0>, &A<v02016cc0, 1>, &A<v02016cc0, 2>, &A<v02016cc0, 3> {0 0 0};
    %store/vec4 v02016c68_0, 0, 32;
    %ix/load 4, 0, 0;
    %flag_set/imm 4, 0;
    %load/vec4a v02016cc0, 4;
    %ix/getv/s 4, v02016e20_0;
    %store/vec4a v01fe5220, 4, 0;
    %ix/load 4, 1, 0;
    %flag_set/imm 4, 0;
    %load/vec4a v02016cc0, 4;
    %load/vec4 v02016e20_0;
    %pad/s 33;
    %addi 1, 0, 33;
    %ix/vec4/s 4;
    %store/vec4a v01fe5220, 4, 0;
    %ix/load 4, 2, 0;
    %flag_set/imm 4, 0;
    %load/vec4a v02016cc0, 4;
    %load/vec4 v02016e20_0;
    %pad/s 33;
    %addi 2, 0, 33;
    %ix/vec4/s 4;
    %store/vec4a v01fe5220, 4, 0;
    %ix/load 4, 3, 0;
    %flag_set/imm 4, 0;
    %load/vec4a v02016cc0, 4;
    %load/vec4 v02016e20_0;
    %pad/s 33;
    %addi 3, 0, 33;
    %ix/vec4/s 4;
    %store/vec4a v01fe5220, 4, 0;
    %vpi_call 3 39 "$display", "%d Reading from file=%b %b %b %b, Memory Content=%b", v02016e20_0, &A<v02016cc0, 0>, &A<v02016cc0, 1>, &A<v02016cc0, 2>, &A<v02016cc0, 3>, &A<v01fe5220, v02016e20_0 > {0 0 0};
    %load/vec4 v02016e20_0;
    %addi 4, 0, 32;
    %store/vec4 v02016e20_0, 0, 32;
    %jmp T_0.0;
T_0.1 ;
T_0.2 ;
    %load/vec4 v02016e20_0;
    %cmpi/s 255, 0, 32;
    %jmp/0xz T_0.3, 5;
    %pushi/vec4 0, 0, 8;
    %ix/getv/s 4, v02016e20_0;
    %store/vec4a v01fe5220, 4, 0;
    %load/vec4 v02016e20_0;
    %addi 1, 0, 32;
    %store/vec4 v02016e20_0, 0, 32;
    %jmp T_0.2;
T_0.3 ;
    %vpi_call 3 46 "$fclose", v02016d70_0 {0 0 0};
    %vpi_call 3 47 "$display", "Test Program loaded in RAM..." {0 0 0};
    %vpi_call 3 48 "$display", "Memory" {0 0 0};
    %pushi/vec4 0, 0, 32;
    %store/vec4 v02016e20_0, 0, 32;
T_0.4 ;
    %load/vec4 v02016e20_0;
    %cmpi/s 255, 0, 32;
    %jmp/0xz T_0.5, 5;
    %vpi_call 3 51 "$display", "%d Memory Content Binary=%b Decimal=%d,Hex=%h", v02016e20_0, &A<v01fe5220, v02016e20_0 >, &A<v01fe5220, v02016e20_0 >, &A<v01fe5220, v02016e20_0 > {0 0 0};
    %load/vec4 v02016e20_0;
    %addi 1, 0, 32;
    %store/vec4 v02016e20_0, 0, 32;
    %jmp T_0.4;
T_0.5 ;
    %vpi_call 3 54 "$display", "Finished" {0 0 0};
    %pushi/vec4 0, 4294967295, 32;
    %store/vec4 v01fd2100_0, 0, 32;
    %end;
    .thread T_0;
    .scope S_00863c48;
T_1 ;
    %wait E_01fd1008;
    %load/vec4 v01fd2158_0;
    %flag_set/vec4 8;
    %jmp/0xz  T_1.0, 8;
    %vpi_call 3 62 "$display", "Memory Function Active" {0 0 0};
    %pushi/vec4 0, 0, 1;
    %store/vec4 v01fe51c8_0, 0, 1;
    %pushi/vec4 0, 4294967295, 32;
    %store/vec4 v01fd2100_0, 0, 32;
    %vpi_call 3 64 "$display", "Memory Function Complete: %b", v01fe51c8_0 {0 0 0};
    %load/vec4 v01fe5278_0;
    %pad/u 32;
    %cmpi/e 0, 0, 32;
    %jmp/0xz  T_1.2, 4;
    %load/vec4 v02016ed0_0;
    %pad/u 32;
    %cmpi/e 1, 0, 32;
    %jmp/0xz  T_1.4, 4;
    %vpi_call 3 69 "$display", "Store a byte" {0 0 0};
    %ix/load 4, 3, 0;
    %flag_set/imm 4, 0;
    %load/vec4a v02016d18, 4;
    %load/vec4 v01fd2050_0;
    %pad/u 10;
    %ix/vec4 4;
    %store/vec4a v01fe5220, 4, 0;
    %vpi_call 3 71 "$display", "Storing Least significant byte %h in address %d", v02016d18_3, v01fd2050_0 {0 0 0};
    %load/vec4 v01fd2050_0;
    %pad/u 10;
    %ix/vec4 4;
    %load/vec4a v01fe5220, 4;
    %vpi_call 3 72 "$display", "Mem[Address]: %h", S<0,vec4,u8> {1 0 0};
    %jmp T_1.5;
T_1.4 ;
    %vpi_call 3 76 "$display", "Store a word" {0 0 0};
    %load/vec4 v01fd2050_0;
    %store/vec4 v02016e78_0, 0, 8;
    %pushi/vec4 0, 0, 32;
    %store/vec4 v02016dc8_0, 0, 32;
T_1.6 ;
    %load/vec4 v02016dc8_0;
    %cmpi/s 3, 0, 32;
    %flag_or 5, 4;
    %jmp/0xz T_1.7, 5;
    %ix/getv/s 4, v02016dc8_0;
    %load/vec4a v02016d18, 4;
    %load/vec4 v02016e78_0;
    %pad/u 10;
    %ix/vec4 4;
    %store/vec4a v01fe5220, 4, 0;
    %load/vec4 v02016e78_0;
    %addi 1, 0, 8;
    %store/vec4 v02016e78_0, 0, 8;
    %load/vec4 v02016dc8_0;
    %addi 1, 0, 32;
    %store/vec4 v02016dc8_0, 0, 32;
    %jmp T_1.6;
T_1.7 ;
    %load/vec4 v01fd2050_0;
    %pad/u 10;
    %ix/vec4 4;
    %load/vec4a v01fe5220, 4;
    %vpi_call 3 82 "$display", "Mem[Address]: %h", S<0,vec4,u8> {1 0 0};
    %load/vec4 v01fd2050_0;
    %pad/u 33;
    %addi 1, 0, 33;
    %ix/vec4 4;
    %load/vec4a v01fe5220, 4;
    %vpi_call 3 83 "$display", "Mem[Address+1]: %h", S<0,vec4,u8> {1 0 0};
    %load/vec4 v01fd2050_0;
    %pad/u 33;
    %addi 2, 0, 33;
    %ix/vec4 4;
    %load/vec4a v01fe5220, 4;
    %vpi_call 3 84 "$display", "Mem[Address+2]: %h", S<0,vec4,u8> {1 0 0};
    %load/vec4 v01fd2050_0;
    %pad/u 33;
    %addi 3, 0, 33;
    %ix/vec4 4;
    %load/vec4a v01fe5220, 4;
    %vpi_call 3 85 "$display", "Mem[Address+3]: %h", S<0,vec4,u8> {1 0 0};
T_1.5 ;
    %jmp T_1.3;
T_1.2 ;
    %load/vec4 v02016ed0_0;
    %nor/r;
    %flag_set/vec4 8;
    %jmp/0xz  T_1.8, 8;
    %load/vec4 v01fd2050_0;
    %pad/u 10;
    %ix/vec4 4;
    %load/vec4a v01fe5220, 4;
    %ix/load 4, 24, 0;
    %ix/load 5, 0, 0;
    %flag_set/imm 4, 0;
    %assign/vec4/off/d v01fd2100_0, 4, 5;
    %load/vec4 v01fd2050_0;
    %pad/u 33;
    %addi 1, 0, 33;
    %ix/vec4 4;
    %load/vec4a v01fe5220, 4;
    %ix/load 4, 16, 0;
    %ix/load 5, 0, 0;
    %flag_set/imm 4, 0;
    %assign/vec4/off/d v01fd2100_0, 4, 5;
    %load/vec4 v01fd2050_0;
    %pad/u 33;
    %addi 2, 0, 33;
    %ix/vec4 4;
    %load/vec4a v01fe5220, 4;
    %ix/load 4, 8, 0;
    %ix/load 5, 0, 0;
    %flag_set/imm 4, 0;
    %assign/vec4/off/d v01fd2100_0, 4, 5;
    %load/vec4 v01fd2050_0;
    %pad/u 33;
    %addi 3, 0, 33;
    %ix/vec4 4;
    %load/vec4a v01fe5220, 4;
    %ix/load 4, 0, 0;
    %ix/load 5, 0, 0;
    %flag_set/imm 4, 0;
    %assign/vec4/off/d v01fd2100_0, 4, 5;
    %jmp T_1.9;
T_1.8 ;
    %load/vec4 v01fd2050_0;
    %pad/u 10;
    %ix/vec4 4;
    %load/vec4a v01fe5220, 4;
    %ix/load 4, 0, 0;
    %ix/load 5, 0, 0;
    %flag_set/imm 4, 0;
    %assign/vec4/off/d v01fd2100_0, 4, 5;
    %pushi/vec4 0, 0, 8;
    %ix/load 4, 8, 0;
    %ix/load 5, 0, 0;
    %flag_set/imm 4, 0;
    %assign/vec4/off/d v01fd2100_0, 4, 5;
    %pushi/vec4 0, 0, 8;
    %ix/load 4, 16, 0;
    %ix/load 5, 0, 0;
    %flag_set/imm 4, 0;
    %assign/vec4/off/d v01fd2100_0, 4, 5;
    %pushi/vec4 0, 0, 8;
    %ix/load 4, 24, 0;
    %ix/load 5, 0, 0;
    %flag_set/imm 4, 0;
    %assign/vec4/off/d v01fd2100_0, 4, 5;
T_1.9 ;
T_1.3 ;
    %vpi_call 3 103 "$display", "Memory Function Complete: %b", v01fe51c8_0 {0 0 0};
T_1.10 ;
    %load/vec4 v01fd2158_0;
    %pad/u 32;
    %cmpi/e 1, 0, 32;
    %jmp/0xz T_1.11, 4;
    %delay 1, 0;
    %pushi/vec4 1, 0, 1;
    %store/vec4 v01fe51c8_0, 0, 1;
    %jmp T_1.10;
T_1.11 ;
    %pushi/vec4 0, 4294967295, 32;
    %store/vec4 v01fd2100_0, 0, 32;
T_1.0 ;
    %jmp T_1;
    .thread T_1;
    .scope S_00863b78;
T_2 ;
    %fork t_1, S_00863b78;
    %fork t_2, S_00863b78;
    %fork t_3, S_00863b78;
    %fork t_4, S_00863b78;
    %fork t_5, S_00863b78;
    %fork t_6, S_00863b78;
    %fork t_7, S_00863b78;
    %fork t_8, S_00863b78;
    %fork t_9, S_00863b78;
    %fork t_10, S_00863b78;
    %fork t_11, S_00863b78;
    %fork t_12, S_00863b78;
    %fork t_13, S_00863b78;
    %fork t_14, S_00863b78;
    %fork t_15, S_00863b78;
    %fork t_16, S_00863b78;
    %fork t_17, S_00863b78;
    %join;
    %join;
    %join;
    %join;
    %join;
    %join;
    %join;
    %join;
    %join;
    %join;
    %join;
    %join;
    %join;
    %join;
    %join;
    %join;
    %join;
    %jmp t_0;
t_1 ;
    %pushi/vec4 1, 0, 1;
    %store/vec4 v02017190_0, 0, 1;
    %end;
t_2 ;
    %pushi/vec4 0, 0, 1;
    %store/vec4 v02016f28_0, 0, 1;
    %end;
t_3 ;
    %pushi/vec4 0, 0, 8;
    %store/vec4 v02016f80_0, 0, 8;
    %end;
t_4 ;
    %pushi/vec4 0, 0, 1;
    %store/vec4 v02017088_0, 0, 1;
    %end;
t_5 ;
    %pushi/vec4 0, 0, 8;
    %store/vec4 v02016f80_0, 0, 8;
    %end;
t_6 ;
    %pushi/vec4 0, 4294967295, 32;
    %store/vec4 v02017030_0, 0, 32;
    %end;
t_7 ;
    %delay 1, 0;
    %pushi/vec4 0, 0, 1;
    %store/vec4 v02017190_0, 0, 1;
    %end;
t_8 ;
    %delay 50, 0;
    %pushi/vec4 0, 0, 8;
    %store/vec4 v02016f80_0, 0, 8;
    %end;
t_9 ;
    %delay 50, 0;
    %pushi/vec4 1, 0, 1;
    %store/vec4 v02017138_0, 0, 1;
    %end;
t_10 ;
    %delay 50, 0;
    %pushi/vec4 0, 0, 1;
    %store/vec4 v020171e8_0, 0, 1;
    %end;
t_11 ;
    %delay 50, 0;
    %pushi/vec4 1, 0, 1;
    %store/vec4 v02017088_0, 0, 1;
    %end;
t_12 ;
    %delay 70, 0;
    %pushi/vec4 0, 0, 1;
    %store/vec4 v02017088_0, 0, 1;
    %end;
t_13 ;
    %delay 100, 0;
    %pushi/vec4 0, 0, 8;
    %store/vec4 v02016f80_0, 0, 8;
    %end;
t_14 ;
    %delay 100, 0;
    %pushi/vec4 0, 0, 1;
    %store/vec4 v02017138_0, 0, 1;
    %end;
t_15 ;
    %delay 100, 0;
    %pushi/vec4 0, 0, 1;
    %store/vec4 v020171e8_0, 0, 1;
    %end;
t_16 ;
    %delay 100, 0;
    %pushi/vec4 1, 0, 1;
    %store/vec4 v02017088_0, 0, 1;
    %end;
t_17 ;
    %delay 100, 0;
    %pushi/vec4 2863311530, 0, 32;
    %store/vec4 v02017030_0, 0, 32;
    %end;
    .scope S_00863b78;
t_0 ;
    %end;
    .thread T_2;
    .scope S_00863b78;
T_3 ;
    %delay 1, 0;
    %load/vec4 v02016f28_0;
    %inv;
    %store/vec4 v02016f28_0, 0, 1;
    %jmp T_3;
    .thread T_3;
    .scope S_00863b78;
T_4 ;
    %delay 1500, 0;
    %vpi_call 2 26 "$finish" {0 0 0};
    %end;
    .thread T_4;
    .scope S_00863b78;
T_5 ;
    %vpi_call 2 29 "$dumpfile", "memorytestbench.vcd" {0 0 0};
    %vpi_call 2 30 "$dumpvars", 32'sb00000000000000000000000000000000, S_00863b78 {0 0 0};
    %vpi_call 2 31 "$display", " Test Results" {0 0 0};
    %end;
    .thread T_5;
# The file index is used to find the file name in the following table.
:file_names 4;
    "N/A";
    "<interactive>";
    "MEM_256B_TEST.v";
    "MEM_256B.v";
