#! c:/iverilog-x86/bin/vvp
:ivl_version "10.0 (stable)" "(v10_0)";
:ivl_delay_selection "TYPICAL";
:vpi_time_precision + 0;
:vpi_module "system";
:vpi_module "vhdl_sys";
:vpi_module "v2005_math";
:vpi_module "va_math";
S_003d7990 .scope module, "DecoderTestBench" "DecoderTestBench" 2 1;
 .timescale 0 0;
P_003ded18 .param/l "sim_time" 0 2 3, +C4<0000000000000000000000000000000000000000000000000000010111011100>;
v01f917a0_0 .var "in_test", 3 0;
v01f917f8_0 .net "out_test", 15 0, v01f916f0_0;  1 drivers
S_003dfef0 .scope module, "dec" "Decoder4x16" 2 8, 3 1 0, S_003d7990;
 .timescale 0 0;
    .port_info 0 /INPUT 4 "IN"
    .port_info 1 /OUTPUT 16 "OUT"
v01f91698_0 .net "IN", 3 0, v01f917a0_0;  1 drivers
v01f916f0_0 .var "OUT", 15 0;
v01f91748_0 .var/i "i", 31 0;
E_003ded40 .event edge, v01f91698_0;
    .scope S_003dfef0;
T_0 ;
    %pushi/vec4 0, 0, 32;
    %store/vec4 v01f91748_0, 0, 32;
    %end;
    .thread T_0;
    .scope S_003dfef0;
T_1 ;
    %wait E_003ded40;
    %pushi/vec4 0, 0, 32;
    %store/vec4 v01f91748_0, 0, 32;
T_1.0 ;
    %load/vec4 v01f91748_0;
    %cmpi/s 15, 0, 32;
    %flag_or 5, 4;
    %jmp/0xz T_1.1, 5;
    %pushi/vec4 0, 0, 1;
    %ix/getv/s 4, v01f91748_0;
    %store/vec4 v01f916f0_0, 4, 1;
    %load/vec4 v01f91748_0;
    %addi 1, 0, 32;
    %store/vec4 v01f91748_0, 0, 32;
    %jmp T_1.0;
T_1.1 ;
    %pushi/vec4 1, 0, 1;
    %ix/getv 4, v01f91698_0;
    %store/vec4 v01f916f0_0, 4, 1;
    %jmp T_1;
    .thread T_1, $push;
    .scope S_003d7990;
T_2 ;
    %fork t_1, S_003d7990;
    %fork t_2, S_003d7990;
    %fork t_3, S_003d7990;
    %fork t_4, S_003d7990;
    %fork t_5, S_003d7990;
    %fork t_6, S_003d7990;
    %fork t_7, S_003d7990;
    %fork t_8, S_003d7990;
    %fork t_9, S_003d7990;
    %fork t_10, S_003d7990;
    %fork t_11, S_003d7990;
    %fork t_12, S_003d7990;
    %fork t_13, S_003d7990;
    %fork t_14, S_003d7990;
    %fork t_15, S_003d7990;
    %fork t_16, S_003d7990;
    %join;
    %join;
    %join;
    %join;
    %join;
    %join;
    %join;
    %join;
    %join;
    %join;
    %join;
    %join;
    %join;
    %join;
    %join;
    %join;
    %jmp t_0;
t_1 ;
    %pushi/vec4 0, 0, 4;
    %store/vec4 v01f917a0_0, 0, 4;
    %end;
t_2 ;
    %delay 1, 0;
    %pushi/vec4 1, 0, 4;
    %store/vec4 v01f917a0_0, 0, 4;
    %end;
t_3 ;
    %delay 2, 0;
    %pushi/vec4 2, 0, 4;
    %store/vec4 v01f917a0_0, 0, 4;
    %end;
t_4 ;
    %delay 3, 0;
    %pushi/vec4 3, 0, 4;
    %store/vec4 v01f917a0_0, 0, 4;
    %end;
t_5 ;
    %delay 4, 0;
    %pushi/vec4 4, 0, 4;
    %store/vec4 v01f917a0_0, 0, 4;
    %end;
t_6 ;
    %delay 5, 0;
    %pushi/vec4 5, 0, 4;
    %store/vec4 v01f917a0_0, 0, 4;
    %end;
t_7 ;
    %delay 6, 0;
    %pushi/vec4 6, 0, 4;
    %store/vec4 v01f917a0_0, 0, 4;
    %end;
t_8 ;
    %delay 7, 0;
    %pushi/vec4 7, 0, 4;
    %store/vec4 v01f917a0_0, 0, 4;
    %end;
t_9 ;
    %delay 8, 0;
    %pushi/vec4 8, 0, 4;
    %store/vec4 v01f917a0_0, 0, 4;
    %end;
t_10 ;
    %delay 9, 0;
    %pushi/vec4 9, 0, 4;
    %store/vec4 v01f917a0_0, 0, 4;
    %end;
t_11 ;
    %delay 10, 0;
    %pushi/vec4 10, 0, 4;
    %store/vec4 v01f917a0_0, 0, 4;
    %end;
t_12 ;
    %delay 11, 0;
    %pushi/vec4 11, 0, 4;
    %store/vec4 v01f917a0_0, 0, 4;
    %end;
t_13 ;
    %delay 12, 0;
    %pushi/vec4 12, 0, 4;
    %store/vec4 v01f917a0_0, 0, 4;
    %end;
t_14 ;
    %delay 13, 0;
    %pushi/vec4 13, 0, 4;
    %store/vec4 v01f917a0_0, 0, 4;
    %end;
t_15 ;
    %delay 14, 0;
    %pushi/vec4 14, 0, 4;
    %store/vec4 v01f917a0_0, 0, 4;
    %end;
t_16 ;
    %delay 15, 0;
    %pushi/vec4 15, 0, 4;
    %store/vec4 v01f917a0_0, 0, 4;
    %end;
    .scope S_003d7990;
t_0 ;
    %end;
    .thread T_2;
    .scope S_003d7990;
T_3 ;
    %delay 1500, 0;
    %vpi_call 2 31 "$finish" {0 0 0};
    %end;
    .thread T_3;
    .scope S_003d7990;
T_4 ;
    %vpi_call 2 36 "$dumpfile", "DecoderTestBench.vcd" {0 0 0};
    %vpi_call 2 37 "$dumpvars", 32'sb00000000000000000000000000000000, S_003d7990 {0 0 0};
    %vpi_call 2 38 "$display", " Test Results" {0 0 0};
    %vpi_call 2 39 "$monitor", "Time = %3d,IN = %3d,OUT=%4b", $time, v01f917a0_0, v01f917f8_0 {0 0 0};
    %end;
    .thread T_4;
# The file index is used to find the file name in the following table.
:file_names 4;
    "N/A";
    "<interactive>";
    "DecoderTestBench.v";
    "Decoder4x16.v";
