#! c:/iverilog-x86/bin/vvp
:ivl_version "10.0 (stable)" "(v10_0)";
:ivl_delay_selection "TYPICAL";
:vpi_time_precision + 0;
:vpi_module "system";
:vpi_module "vhdl_sys";
:vpi_module "v2005_math";
:vpi_module "va_math";
S_003f7b10 .scope module, "Buffer32_32TestBench" "Buffer32_32TestBench" 2 1;
 .timescale 0 0;
P_01eafd08 .param/l "sim_time" 0 2 3, +C4<0000000000000000000000000000000000000000000000000000010111011100>;
v003fae98_0 .var "IN", 31 0;
v003faef0_0 .net "OUT", 31 0, L_003fafa0;  1 drivers
v003faf48_0 .var "Sel", 0 0;
S_01eb00e8 .scope module, "buffer" "Buffer32_32" 2 9, 3 1 0, S_003f7b10;
 .timescale 0 0;
    .port_info 0 /INPUT 32 "IN"
    .port_info 1 /INPUT 1 "Store"
    .port_info 2 /OUTPUT 32 "OUT"
v003f7800_0 .net "IN", 31 0, v003fae98_0;  1 drivers
v01eb01b8_0 .net "OUT", 31 0, L_003fafa0;  alias, 1 drivers
v01eb0210_0 .net "Store", 0 0, v003faf48_0;  1 drivers
o01eb2024 .functor BUFZ 32, C4<zzzzzzzzzzzzzzzzzzzzzzzzzzzzzzzz>; HiZ drive
; Elide local net with no drivers, v01eb0268_0 name=_s0
L_003fafa0 .functor MUXZ 32, o01eb2024, v003fae98_0, v003faf48_0, C4<>;
    .scope S_003f7b10;
T_0 ;
    %fork t_1, S_003f7b10;
    %fork t_2, S_003f7b10;
    %fork t_3, S_003f7b10;
    %fork t_4, S_003f7b10;
    %fork t_5, S_003f7b10;
    %fork t_6, S_003f7b10;
    %join;
    %join;
    %join;
    %join;
    %join;
    %join;
    %jmp t_0;
t_1 ;
    %pushi/vec4 0, 0, 1;
    %store/vec4 v003faf48_0, 0, 1;
    %end;
t_2 ;
    %pushi/vec4 0, 0, 32;
    %store/vec4 v003fae98_0, 0, 32;
    %end;
t_3 ;
    %delay 1, 0;
    %pushi/vec4 1, 0, 1;
    %store/vec4 v003faf48_0, 0, 1;
    %end;
t_4 ;
    %delay 1, 0;
    %pushi/vec4 0, 0, 32;
    %store/vec4 v003fae98_0, 0, 32;
    %end;
t_5 ;
    %delay 2, 0;
    %pushi/vec4 1, 0, 1;
    %store/vec4 v003faf48_0, 0, 1;
    %end;
t_6 ;
    %delay 2, 0;
    %pushi/vec4 1, 0, 32;
    %store/vec4 v003fae98_0, 0, 32;
    %end;
    .scope S_003f7b10;
t_0 ;
    %end;
    .thread T_0;
    .scope S_003f7b10;
T_1 ;
    %delay 1500, 0;
    %vpi_call 2 18 "$finish" {0 0 0};
    %end;
    .thread T_1;
    .scope S_003f7b10;
T_2 ;
    %vpi_call 2 22 "$dumpfile", "Buffer32_32TestBench.vcd" {0 0 0};
    %vpi_call 2 23 "$dumpvars", 32'sb00000000000000000000000000000000, S_003f7b10 {0 0 0};
    %vpi_call 2 24 "$display", " Test Results" {0 0 0};
    %vpi_call 2 25 "$monitor", "T = %3d,Sel = %1b, Out = %5b", $time, v003faf48_0, v003faef0_0 {0 0 0};
    %end;
    .thread T_2;
# The file index is used to find the file name in the following table.
:file_names 4;
    "N/A";
    "<interactive>";
    "Buffer32_32TestBench.v";
    "Buffer32_32.v";
