#! c:/iverilog-x86/bin/vvp
:ivl_version "10.0 (stable)" "(v10_0)";
:ivl_delay_selection "TYPICAL";
:vpi_time_precision + 0;
:vpi_module "system";
:vpi_module "vhdl_sys";
:vpi_module "v2005_math";
:vpi_module "va_math";
S_01f8d758 .scope module, "RegisterFileTestBench2" "RegisterFileTestBench2" 2 1;
 .timescale 0 0;
P_01f86618 .param/l "sim_time" 0 2 3, +C4<0000000000000000000000000000000000000000000000000000010111011100>;
v01fd60d8_0 .var "Clk", 0 0;
v01fd6130_0 .var "IR_CU", 0 0;
v01fd6188_0 .var "LOAD", 0 0;
v01fd61e0_0 .var "LOADPC", 0 0;
o01f9265c .functor BUFZ 32, C4<zzzzzzzzzzzzzzzzzzzzzzzzzzzzzzzz>; HiZ drive
v01fd6238_0 .net "PCout", 31 0, o01f9265c;  0 drivers
v01fd6290_0 .var "Pcin", 31 0;
v01fda250_0 .var "RESET", 0 0;
v01fda2a8_0 .var "RSLCT", 19 0;
RS_01f9088c .resolv tri, L_01fdd818, L_01fdd8c8, L_01fdd978, L_01fdda28, L_01fddad8, L_01fddb88, L_01fddc38, L_01fddce8, L_01fddd98, L_01fdde48, L_01fddef8, L_01fddfa8, L_01fde058, L_01fde108, L_01fde1b8, L_01fde268;
v01fda300_0 .net8 "Rm", 31 0, RS_01f9088c;  16 drivers
RS_01f8ff8c .resolv tri, L_01fda9e0, L_01fdaa90, L_01fdab40, L_01fdabf0, L_01fdaca0, L_01fdad50, L_01fdae00, L_01fdaeb0, L_01fdaf60, L_01fdb010, L_01fdb0c0, L_01fdb170, L_01fdd558, L_01fdd608, L_01fdd6b8, L_01fdd768;
v01fda358_0 .net8 "Rn", 31 0, RS_01f8ff8c;  16 drivers
RS_01f91024 .resolv tri, L_01fde318, L_01fde3c8, L_01fde478, L_01fdec40, L_01fdecf0, L_01fdeda0, L_01fdee50, L_01fdef00, L_01fdefb0, L_01fdf060, L_01fdf110, L_01fdf1c0, L_01fdf270, L_01fdf320, L_01fdf3d0, L_01fdf480;
v01fda3b0_0 .net8 "Rs", 31 0, RS_01f91024;  16 drivers
v01fda408_0 .var "in", 31 0;
S_01f8d828 .scope module, "RF" "RegisterFile" 2 10, 3 1 0, S_01f8d758;
 .timescale 0 0;
    .port_info 0 /INPUT 32 "in"
    .port_info 1 /INPUT 32 "Pcin"
    .port_info 2 /INPUT 20 "RSLCT"
    .port_info 3 /INPUT 1 "Clk"
    .port_info 4 /INPUT 1 "RESET"
    .port_info 5 /INPUT 1 "LOADPC"
    .port_info 6 /INPUT 1 "LOAD"
    .port_info 7 /INPUT 1 "IR_CU"
    .port_info 8 /OUTPUT 32 "Rn"
    .port_info 9 /OUTPUT 32 "Rm"
    .port_info 10 /OUTPUT 32 "Rs"
    .port_info 11 /OUTPUT 32 "PCout"
v01fd5aa8_0 .net "Clk", 0 0, v01fd60d8_0;  1 drivers
v01fd5b00_0 .net "DecoderRd", 15 0, v01f628b8_0;  1 drivers
v01fd5b58_0 .net "DecoderRm", 15 0, v01f63410_0;  1 drivers
v01fd5bb0_0 .net "DecoderRn_CU", 15 0, v01f63200_0;  1 drivers
v01fd5c08_0 .net "DecoderRs", 15 0, v01f62ff0_0;  1 drivers
v01fd5c60_0 .net "IR_CU", 0 0, v01fd6130_0;  1 drivers
v01fd5cb8_0 .net "LOAD", 0 0, v01fd6188_0;  1 drivers
v01fd5d10_0 .net "LOADPC", 0 0, v01fd61e0_0;  1 drivers
v01fd5d68_0 .net "PCout", 31 0, o01f9265c;  alias, 0 drivers
v01fd5dc0_0 .net "Pcin", 31 0, v01fd6290_0;  1 drivers
v01fd5e18 .array "Q", 0 15;
v01fd5e18_0 .net v01fd5e18 0, 31 0, v01fcc3c8_0; 1 drivers
v01fd5e18_1 .net v01fd5e18 1, 31 0, v01fce6b8_0; 1 drivers
v01fd5e18_2 .net v01fd5e18 2, 31 0, v01fce978_0; 1 drivers
v01fd5e18_3 .net v01fd5e18 3, 31 0, v01fcec38_0; 1 drivers
v01fd5e18_4 .net v01fd5e18 4, 31 0, v01fceef8_0; 1 drivers
v01fd5e18_5 .net v01fd5e18 5, 31 0, v01fcf1b8_0; 1 drivers
v01fd5e18_6 .net v01fd5e18 6, 31 0, v01fcf478_0; 1 drivers
v01fd5e18_7 .net v01fd5e18 7, 31 0, v01fd1768_0; 1 drivers
v01fd5e18_8 .net v01fd5e18 8, 31 0, v01fd1a28_0; 1 drivers
v01fd5e18_9 .net v01fd5e18 9, 31 0, v01fd1ce8_0; 1 drivers
v01fd5e18_10 .net v01fd5e18 10, 31 0, v01fd1fa8_0; 1 drivers
v01fd5e18_11 .net v01fd5e18 11, 31 0, v01fd2268_0; 1 drivers
v01fd5e18_12 .net v01fd5e18 12, 31 0, v01fd2528_0; 1 drivers
v01fd5e18_13 .net v01fd5e18 13, 31 0, v01fd5478_0; 1 drivers
v01fd5e18_14 .net v01fd5e18 14, 31 0, v01fd5738_0; 1 drivers
v01fd5e18_15 .net v01fd5e18 15, 31 0, v01fd59f8_0; 1 drivers
v01fd5e70_0 .net "RESET", 0 0, v01fda250_0;  1 drivers
v01fd5ec8_0 .net "RSLCT", 19 0, v01fda2a8_0;  1 drivers
v01fd5f20_0 .net8 "Rm", 31 0, RS_01f9088c;  alias, 16 drivers
v01fd5f78_0 .net8 "Rn", 31 0, RS_01f8ff8c;  alias, 16 drivers
v01fd5fd0_0 .net8 "Rs", 31 0, RS_01f91024;  alias, 16 drivers
v01fd6028_0 .net "_RN_CU", 3 0, L_01fdf588;  1 drivers
v01fd6080_0 .net "in", 31 0, v01fda408_0;  1 drivers
L_01fda460 .part v01f628b8_0, 0, 1;
L_01fda4b8 .part v01f628b8_0, 1, 1;
L_01fda510 .part v01f628b8_0, 2, 1;
L_01fda568 .part v01f628b8_0, 3, 1;
L_01fda5c0 .part v01f628b8_0, 4, 1;
L_01fda618 .part v01f628b8_0, 5, 1;
L_01fda670 .part v01f628b8_0, 6, 1;
L_01fda6c8 .part v01f628b8_0, 7, 1;
L_01fda720 .part v01f628b8_0, 8, 1;
L_01fda778 .part v01f628b8_0, 9, 1;
L_01fda7d0 .part v01f628b8_0, 10, 1;
L_01fda828 .part v01f628b8_0, 11, 1;
L_01fda880 .part v01f628b8_0, 12, 1;
L_01fda8d8 .part v01f628b8_0, 13, 1;
L_01fda930 .part v01f628b8_0, 14, 1;
L_01fda988 .part v01f628b8_0, 15, 1;
L_01fdaa38 .part v01f63200_0, 0, 1;
L_01fdaae8 .part v01f63200_0, 1, 1;
L_01fdab98 .part v01f63200_0, 2, 1;
L_01fdac48 .part v01f63200_0, 3, 1;
L_01fdacf8 .part v01f63200_0, 4, 1;
L_01fdada8 .part v01f63200_0, 5, 1;
L_01fdae58 .part v01f63200_0, 6, 1;
L_01fdaf08 .part v01f63200_0, 7, 1;
L_01fdafb8 .part v01f63200_0, 8, 1;
L_01fdb068 .part v01f63200_0, 9, 1;
L_01fdb118 .part v01f63200_0, 10, 1;
L_01fdb1c8 .part v01f63200_0, 11, 1;
L_01fdd5b0 .part v01f63200_0, 12, 1;
L_01fdd660 .part v01f63200_0, 13, 1;
L_01fdd710 .part v01f63200_0, 14, 1;
L_01fdd7c0 .part v01f63200_0, 15, 1;
L_01fdd870 .part v01f63410_0, 0, 1;
L_01fdd920 .part v01f63410_0, 1, 1;
L_01fdd9d0 .part v01f63410_0, 2, 1;
L_01fdda80 .part v01f63410_0, 3, 1;
L_01fddb30 .part v01f63410_0, 4, 1;
L_01fddbe0 .part v01f63410_0, 5, 1;
L_01fddc90 .part v01f63410_0, 6, 1;
L_01fddd40 .part v01f63410_0, 7, 1;
L_01fdddf0 .part v01f63410_0, 8, 1;
L_01fddea0 .part v01f63410_0, 9, 1;
L_01fddf50 .part v01f63410_0, 10, 1;
L_01fde000 .part v01f63410_0, 11, 1;
L_01fde0b0 .part v01f63410_0, 12, 1;
L_01fde160 .part v01f63410_0, 13, 1;
L_01fde210 .part v01f63410_0, 14, 1;
L_01fde2c0 .part v01f63410_0, 15, 1;
L_01fde370 .part v01f62ff0_0, 0, 1;
L_01fde420 .part v01f62ff0_0, 1, 1;
L_01fde4d0 .part v01f62ff0_0, 2, 1;
L_01fdec98 .part v01f62ff0_0, 3, 1;
L_01fded48 .part v01f62ff0_0, 4, 1;
L_01fdedf8 .part v01f62ff0_0, 5, 1;
L_01fdeea8 .part v01f62ff0_0, 6, 1;
L_01fdef58 .part v01f62ff0_0, 7, 1;
L_01fdf008 .part v01f62ff0_0, 8, 1;
L_01fdf0b8 .part v01f62ff0_0, 9, 1;
L_01fdf168 .part v01f62ff0_0, 10, 1;
L_01fdf218 .part v01f62ff0_0, 11, 1;
L_01fdf2c8 .part v01f62ff0_0, 12, 1;
L_01fdf378 .part v01f62ff0_0, 13, 1;
L_01fdf428 .part v01f62ff0_0, 14, 1;
L_01fdf4d8 .part v01f62ff0_0, 15, 1;
L_01fdf530 .part v01fda2a8_0, 12, 4;
L_01fdf5e0 .part v01fda2a8_0, 16, 4;
L_01fdf638 .part v01fda2a8_0, 0, 4;
L_01fdf690 .part v01fda2a8_0, 4, 4;
L_01fdf6e8 .part v01fda2a8_0, 8, 4;
S_0094c308 .scope module, "DRd" "Decoder4x16" 3 8, 4 1 0, S_01f8d828;
 .timescale 0 0;
    .port_info 0 /INPUT 4 "IN"
    .port_info 1 /OUTPUT 16 "OUT"
v01f62a70_0 .net "IN", 3 0, L_01fdf530;  1 drivers
v01f628b8_0 .var "OUT", 15 0;
v01f62700_0 .var/i "i", 31 0;
E_01f86640 .event edge, v01f62a70_0;
S_0094b350 .scope module, "DRm" "Decoder4x16" 3 21, 4 1 0, S_01f8d828;
 .timescale 0 0;
    .port_info 0 /INPUT 4 "IN"
    .port_info 1 /OUTPUT 16 "OUT"
v01f634c0_0 .net "IN", 3 0, L_01fdf690;  1 drivers
v01f63410_0 .var "OUT", 15 0;
v01f63360_0 .var/i "i", 31 0;
E_01f86668 .event edge, v01f634c0_0;
S_0094b420 .scope module, "DRn_CU" "Decoder4x16" 3 16, 4 1 0, S_01f8d828;
 .timescale 0 0;
    .port_info 0 /INPUT 4 "IN"
    .port_info 1 /OUTPUT 16 "OUT"
v01f632b0_0 .net "IN", 3 0, L_01fdf588;  alias, 1 drivers
v01f63200_0 .var "OUT", 15 0;
v01f63150_0 .var/i "i", 31 0;
E_01f86690 .event edge, v01f632b0_0;
S_0094aff8 .scope module, "DRs" "Decoder4x16" 3 26, 4 1 0, S_01f8d828;
 .timescale 0 0;
    .port_info 0 /INPUT 4 "IN"
    .port_info 1 /OUTPUT 16 "OUT"
v01f630a0_0 .net "IN", 3 0, L_01fdf6e8;  1 drivers
v01f62ff0_0 .var "OUT", 15 0;
v01f62f40_0 .var/i "i", 31 0;
E_01f866b8 .event edge, v01f630a0_0;
S_0094b0c8 .scope generate, "buffers[0]" "buffers[0]" 3 38, 3 38 0, S_01f8d828;
 .timescale 0 0;
P_01f86708 .param/l "i" 0 3 38, +C4<00>;
S_01f300e8 .scope module, "bufffer" "Buffer32_32" 3 40, 5 1 0, S_0094b0c8;
 .timescale 0 0;
    .port_info 0 /INPUT 32 "IN"
    .port_info 1 /INPUT 1 "Store"
    .port_info 2 /OUTPUT 32 "OUT"
v01f62e90_0 .net "IN", 31 0, v01fcc3c8_0;  alias, 1 drivers
v01f62de0_0 .net8 "OUT", 31 0, RS_01f8ff8c;  alias, 16 drivers
v01f62d30_0 .net "Store", 0 0, L_01fdaa38;  1 drivers
o01f8ffbc .functor BUFZ 32, C4<zzzzzzzzzzzzzzzzzzzzzzzzzzzzzzzz>; HiZ drive
; Elide local net with no drivers, v01f62c80_0 name=_s0
L_01fda9e0 .functor MUXZ 32, o01f8ffbc, v01fcc3c8_0, L_01fdaa38, C4<>;
S_01f301b8 .scope generate, "buffers[1]" "buffers[1]" 3 38, 3 38 0, S_01f8d828;
 .timescale 0 0;
P_01f86730 .param/l "i" 0 3 38, +C4<01>;
S_01f8a3a0 .scope module, "bufffer" "Buffer32_32" 3 40, 5 1 0, S_01f301b8;
 .timescale 0 0;
    .port_info 0 /INPUT 32 "IN"
    .port_info 1 /INPUT 1 "Store"
    .port_info 2 /OUTPUT 32 "OUT"
v01f62bd0_0 .net "IN", 31 0, v01fce6b8_0;  alias, 1 drivers
v01f62b20_0 .net8 "OUT", 31 0, RS_01f8ff8c;  alias, 16 drivers
v01f7e150_0 .net "Store", 0 0, L_01fdaae8;  1 drivers
o01f9004c .functor BUFZ 32, C4<zzzzzzzzzzzzzzzzzzzzzzzzzzzzzzzz>; HiZ drive
; Elide local net with no drivers, v01f7e0a0_0 name=_s0
L_01fdaa90 .functor MUXZ 32, o01f9004c, v01fce6b8_0, L_01fdaae8, C4<>;
S_01f8a470 .scope generate, "buffers[2]" "buffers[2]" 3 38, 3 38 0, S_01f8d828;
 .timescale 0 0;
P_01f86758 .param/l "i" 0 3 38, +C4<010>;
S_01f2f1e0 .scope module, "bufffer" "Buffer32_32" 3 40, 5 1 0, S_01f8a470;
 .timescale 0 0;
    .port_info 0 /INPUT 32 "IN"
    .port_info 1 /INPUT 1 "Store"
    .port_info 2 /OUTPUT 32 "OUT"
v01f7dff0_0 .net "IN", 31 0, v01fce978_0;  alias, 1 drivers
v01f7df40_0 .net8 "OUT", 31 0, RS_01f8ff8c;  alias, 16 drivers
v01f7de90_0 .net "Store", 0 0, L_01fdab98;  1 drivers
o01f900dc .functor BUFZ 32, C4<zzzzzzzzzzzzzzzzzzzzzzzzzzzzzzzz>; HiZ drive
; Elide local net with no drivers, v01f7dde0_0 name=_s0
L_01fdab40 .functor MUXZ 32, o01f900dc, v01fce978_0, L_01fdab98, C4<>;
S_01f2f2b0 .scope generate, "buffers[3]" "buffers[3]" 3 38, 3 38 0, S_01f8d828;
 .timescale 0 0;
P_01f86780 .param/l "i" 0 3 38, +C4<011>;
S_01f33f48 .scope module, "bufffer" "Buffer32_32" 3 40, 5 1 0, S_01f2f2b0;
 .timescale 0 0;
    .port_info 0 /INPUT 32 "IN"
    .port_info 1 /INPUT 1 "Store"
    .port_info 2 /OUTPUT 32 "OUT"
v01f7dd30_0 .net "IN", 31 0, v01fcec38_0;  alias, 1 drivers
v01f7dc80_0 .net8 "OUT", 31 0, RS_01f8ff8c;  alias, 16 drivers
v01f7dbd0_0 .net "Store", 0 0, L_01fdac48;  1 drivers
o01f9016c .functor BUFZ 32, C4<zzzzzzzzzzzzzzzzzzzzzzzzzzzzzzzz>; HiZ drive
; Elide local net with no drivers, v01f7db20_0 name=_s0
L_01fdabf0 .functor MUXZ 32, o01f9016c, v01fcec38_0, L_01fdac48, C4<>;
S_01f34018 .scope generate, "buffers[4]" "buffers[4]" 3 38, 3 38 0, S_01f8d828;
 .timescale 0 0;
P_01f866e0 .param/l "i" 0 3 38, +C4<0100>;
S_01fc09a0 .scope module, "bufffer" "Buffer32_32" 3 40, 5 1 0, S_01f34018;
 .timescale 0 0;
    .port_info 0 /INPUT 32 "IN"
    .port_info 1 /INPUT 1 "Store"
    .port_info 2 /OUTPUT 32 "OUT"
v01f7e3b8_0 .net "IN", 31 0, v01fceef8_0;  alias, 1 drivers
v01f7e410_0 .net8 "OUT", 31 0, RS_01f8ff8c;  alias, 16 drivers
v01f7e468_0 .net "Store", 0 0, L_01fdacf8;  1 drivers
o01f901fc .functor BUFZ 32, C4<zzzzzzzzzzzzzzzzzzzzzzzzzzzzzzzz>; HiZ drive
; Elide local net with no drivers, v01f7e4c0_0 name=_s0
L_01fdaca0 .functor MUXZ 32, o01f901fc, v01fceef8_0, L_01fdacf8, C4<>;
S_01fc0a70 .scope generate, "buffers[5]" "buffers[5]" 3 38, 3 38 0, S_01f8d828;
 .timescale 0 0;
P_01f867a8 .param/l "i" 0 3 38, +C4<0101>;
S_01fc0b58 .scope module, "bufffer" "Buffer32_32" 3 40, 5 1 0, S_01fc0a70;
 .timescale 0 0;
    .port_info 0 /INPUT 32 "IN"
    .port_info 1 /INPUT 1 "Store"
    .port_info 2 /OUTPUT 32 "OUT"
v01f7e518_0 .net "IN", 31 0, v01fcf1b8_0;  alias, 1 drivers
v01f7e570_0 .net8 "OUT", 31 0, RS_01f8ff8c;  alias, 16 drivers
v01f7e5c8_0 .net "Store", 0 0, L_01fdada8;  1 drivers
o01f9028c .functor BUFZ 32, C4<zzzzzzzzzzzzzzzzzzzzzzzzzzzzzzzz>; HiZ drive
; Elide local net with no drivers, v01f7e620_0 name=_s0
L_01fdad50 .functor MUXZ 32, o01f9028c, v01fcf1b8_0, L_01fdada8, C4<>;
S_01fc0c28 .scope generate, "buffers[6]" "buffers[6]" 3 38, 3 38 0, S_01f8d828;
 .timescale 0 0;
P_01f867d0 .param/l "i" 0 3 38, +C4<0110>;
S_01fc0cf8 .scope module, "bufffer" "Buffer32_32" 3 40, 5 1 0, S_01fc0c28;
 .timescale 0 0;
    .port_info 0 /INPUT 32 "IN"
    .port_info 1 /INPUT 1 "Store"
    .port_info 2 /OUTPUT 32 "OUT"
v01f7e678_0 .net "IN", 31 0, v01fcf478_0;  alias, 1 drivers
v01f7e6d0_0 .net8 "OUT", 31 0, RS_01f8ff8c;  alias, 16 drivers
v01f7e728_0 .net "Store", 0 0, L_01fdae58;  1 drivers
o01f9031c .functor BUFZ 32, C4<zzzzzzzzzzzzzzzzzzzzzzzzzzzzzzzz>; HiZ drive
; Elide local net with no drivers, v01f7e780_0 name=_s0
L_01fdae00 .functor MUXZ 32, o01f9031c, v01fcf478_0, L_01fdae58, C4<>;
S_01fc0dc8 .scope generate, "buffers[7]" "buffers[7]" 3 38, 3 38 0, S_01f8d828;
 .timescale 0 0;
P_01f867f8 .param/l "i" 0 3 38, +C4<0111>;
S_01fc0e98 .scope module, "bufffer" "Buffer32_32" 3 40, 5 1 0, S_01fc0dc8;
 .timescale 0 0;
    .port_info 0 /INPUT 32 "IN"
    .port_info 1 /INPUT 1 "Store"
    .port_info 2 /OUTPUT 32 "OUT"
v01f7e7d8_0 .net "IN", 31 0, v01fd1768_0;  alias, 1 drivers
v01f7e830_0 .net8 "OUT", 31 0, RS_01f8ff8c;  alias, 16 drivers
v01f7e888_0 .net "Store", 0 0, L_01fdaf08;  1 drivers
o01f903ac .functor BUFZ 32, C4<zzzzzzzzzzzzzzzzzzzzzzzzzzzzzzzz>; HiZ drive
; Elide local net with no drivers, v01f7e8e0_0 name=_s0
L_01fdaeb0 .functor MUXZ 32, o01f903ac, v01fd1768_0, L_01fdaf08, C4<>;
S_01fc0f68 .scope generate, "buffers[8]" "buffers[8]" 3 38, 3 38 0, S_01f8d828;
 .timescale 0 0;
P_01f86820 .param/l "i" 0 3 38, +C4<01000>;
S_01fc1038 .scope module, "bufffer" "Buffer32_32" 3 40, 5 1 0, S_01fc0f68;
 .timescale 0 0;
    .port_info 0 /INPUT 32 "IN"
    .port_info 1 /INPUT 1 "Store"
    .port_info 2 /OUTPUT 32 "OUT"
v01f7e938_0 .net "IN", 31 0, v01fd1a28_0;  alias, 1 drivers
v01f7e990_0 .net8 "OUT", 31 0, RS_01f8ff8c;  alias, 16 drivers
v01f7e9e8_0 .net "Store", 0 0, L_01fdafb8;  1 drivers
o01f9043c .functor BUFZ 32, C4<zzzzzzzzzzzzzzzzzzzzzzzzzzzzzzzz>; HiZ drive
; Elide local net with no drivers, v01f7ea40_0 name=_s0
L_01fdaf60 .functor MUXZ 32, o01f9043c, v01fd1a28_0, L_01fdafb8, C4<>;
S_01fc1108 .scope generate, "buffers[9]" "buffers[9]" 3 38, 3 38 0, S_01f8d828;
 .timescale 0 0;
P_01f86848 .param/l "i" 0 3 38, +C4<01001>;
S_01fc11d8 .scope module, "bufffer" "Buffer32_32" 3 40, 5 1 0, S_01fc1108;
 .timescale 0 0;
    .port_info 0 /INPUT 32 "IN"
    .port_info 1 /INPUT 1 "Store"
    .port_info 2 /OUTPUT 32 "OUT"
v01f7ea98_0 .net "IN", 31 0, v01fd1ce8_0;  alias, 1 drivers
v01f6fe40_0 .net8 "OUT", 31 0, RS_01f8ff8c;  alias, 16 drivers
v01f6fd90_0 .net "Store", 0 0, L_01fdb068;  1 drivers
o01f904cc .functor BUFZ 32, C4<zzzzzzzzzzzzzzzzzzzzzzzzzzzzzzzz>; HiZ drive
; Elide local net with no drivers, v01f6fce0_0 name=_s0
L_01fdb010 .functor MUXZ 32, o01f904cc, v01fd1ce8_0, L_01fdb068, C4<>;
S_01fc12a8 .scope generate, "buffers[10]" "buffers[10]" 3 38, 3 38 0, S_01f8d828;
 .timescale 0 0;
P_01f86870 .param/l "i" 0 3 38, +C4<01010>;
S_01fc1378 .scope module, "bufffer" "Buffer32_32" 3 40, 5 1 0, S_01fc12a8;
 .timescale 0 0;
    .port_info 0 /INPUT 32 "IN"
    .port_info 1 /INPUT 1 "Store"
    .port_info 2 /OUTPUT 32 "OUT"
v01f6fc30_0 .net "IN", 31 0, v01fd1fa8_0;  alias, 1 drivers
v01f6fb80_0 .net8 "OUT", 31 0, RS_01f8ff8c;  alias, 16 drivers
v01f6fad0_0 .net "Store", 0 0, L_01fdb118;  1 drivers
o01f9055c .functor BUFZ 32, C4<zzzzzzzzzzzzzzzzzzzzzzzzzzzzzzzz>; HiZ drive
; Elide local net with no drivers, v01f6fa20_0 name=_s0
L_01fdb0c0 .functor MUXZ 32, o01f9055c, v01fd1fa8_0, L_01fdb118, C4<>;
S_01fc1448 .scope generate, "buffers[11]" "buffers[11]" 3 38, 3 38 0, S_01f8d828;
 .timescale 0 0;
P_01f86898 .param/l "i" 0 3 38, +C4<01011>;
S_01fc1518 .scope module, "bufffer" "Buffer32_32" 3 40, 5 1 0, S_01fc1448;
 .timescale 0 0;
    .port_info 0 /INPUT 32 "IN"
    .port_info 1 /INPUT 1 "Store"
    .port_info 2 /OUTPUT 32 "OUT"
v01f6f970_0 .net "IN", 31 0, v01fd2268_0;  alias, 1 drivers
v01f6f8c0_0 .net8 "OUT", 31 0, RS_01f8ff8c;  alias, 16 drivers
v01f6f810_0 .net "Store", 0 0, L_01fdb1c8;  1 drivers
o01f905ec .functor BUFZ 32, C4<zzzzzzzzzzzzzzzzzzzzzzzzzzzzzzzz>; HiZ drive
; Elide local net with no drivers, v01f6f760_0 name=_s0
L_01fdb170 .functor MUXZ 32, o01f905ec, v01fd2268_0, L_01fdb1c8, C4<>;
S_01fc15e8 .scope generate, "buffers[12]" "buffers[12]" 3 38, 3 38 0, S_01f8d828;
 .timescale 0 0;
P_01f868c0 .param/l "i" 0 3 38, +C4<01100>;
S_01fc16b8 .scope module, "bufffer" "Buffer32_32" 3 40, 5 1 0, S_01fc15e8;
 .timescale 0 0;
    .port_info 0 /INPUT 32 "IN"
    .port_info 1 /INPUT 1 "Store"
    .port_info 2 /OUTPUT 32 "OUT"
v01f6f6b0_0 .net "IN", 31 0, v01fd2528_0;  alias, 1 drivers
v01f6f600_0 .net8 "OUT", 31 0, RS_01f8ff8c;  alias, 16 drivers
v01f6f550_0 .net "Store", 0 0, L_01fdd5b0;  1 drivers
o01f9067c .functor BUFZ 32, C4<zzzzzzzzzzzzzzzzzzzzzzzzzzzzzzzz>; HiZ drive
; Elide local net with no drivers, v01f6f4a0_0 name=_s0
L_01fdd558 .functor MUXZ 32, o01f9067c, v01fd2528_0, L_01fdd5b0, C4<>;
S_01fc1788 .scope generate, "buffers[13]" "buffers[13]" 3 38, 3 38 0, S_01f8d828;
 .timescale 0 0;
P_01f868e8 .param/l "i" 0 3 38, +C4<01101>;
S_01fc1858 .scope module, "bufffer" "Buffer32_32" 3 40, 5 1 0, S_01fc1788;
 .timescale 0 0;
    .port_info 0 /INPUT 32 "IN"
    .port_info 1 /INPUT 1 "Store"
    .port_info 2 /OUTPUT 32 "OUT"
v01f6f3f0_0 .net "IN", 31 0, v01fd5478_0;  alias, 1 drivers
v01f6f340_0 .net8 "OUT", 31 0, RS_01f8ff8c;  alias, 16 drivers
v01f6f290_0 .net "Store", 0 0, L_01fdd660;  1 drivers
o01f9070c .functor BUFZ 32, C4<zzzzzzzzzzzzzzzzzzzzzzzzzzzzzzzz>; HiZ drive
; Elide local net with no drivers, v01f6f1e0_0 name=_s0
L_01fdd608 .functor MUXZ 32, o01f9070c, v01fd5478_0, L_01fdd660, C4<>;
S_01fc1928 .scope generate, "buffers[14]" "buffers[14]" 3 38, 3 38 0, S_01f8d828;
 .timescale 0 0;
P_01f86910 .param/l "i" 0 3 38, +C4<01110>;
S_01fc19f8 .scope module, "bufffer" "Buffer32_32" 3 40, 5 1 0, S_01fc1928;
 .timescale 0 0;
    .port_info 0 /INPUT 32 "IN"
    .port_info 1 /INPUT 1 "Store"
    .port_info 2 /OUTPUT 32 "OUT"
v01f6f130_0 .net "IN", 31 0, v01fd5738_0;  alias, 1 drivers
v01f6f080_0 .net8 "OUT", 31 0, RS_01f8ff8c;  alias, 16 drivers
v01f6efd0_0 .net "Store", 0 0, L_01fdd710;  1 drivers
o01f9079c .functor BUFZ 32, C4<zzzzzzzzzzzzzzzzzzzzzzzzzzzzzzzz>; HiZ drive
; Elide local net with no drivers, v01f6ef20_0 name=_s0
L_01fdd6b8 .functor MUXZ 32, o01f9079c, v01fd5738_0, L_01fdd710, C4<>;
S_01fc1ac8 .scope generate, "buffers[15]" "buffers[15]" 3 38, 3 38 0, S_01f8d828;
 .timescale 0 0;
P_01f86938 .param/l "i" 0 3 38, +C4<01111>;
S_01fc1b98 .scope module, "bufffer" "Buffer32_32" 3 40, 5 1 0, S_01fc1ac8;
 .timescale 0 0;
    .port_info 0 /INPUT 32 "IN"
    .port_info 1 /INPUT 1 "Store"
    .port_info 2 /OUTPUT 32 "OUT"
v01f5c958_0 .net "IN", 31 0, v01fd59f8_0;  alias, 1 drivers
v01f5c7a0_0 .net8 "OUT", 31 0, RS_01f8ff8c;  alias, 16 drivers
v01f5c5e8_0 .net "Store", 0 0, L_01fdd7c0;  1 drivers
o01f9082c .functor BUFZ 32, C4<zzzzzzzzzzzzzzzzzzzzzzzzzzzzzzzz>; HiZ drive
; Elide local net with no drivers, v01f5c430_0 name=_s0
L_01fdd768 .functor MUXZ 32, o01f9082c, v01fd59f8_0, L_01fdd7c0, C4<>;
S_01fc1c68 .scope generate, "buffers2[0]" "buffers2[0]" 3 42, 3 42 0, S_01f8d828;
 .timescale 0 0;
P_01f86960 .param/l "i" 0 3 42, +C4<00>;
S_01fc1d38 .scope module, "bufffer2" "Buffer32_32" 3 44, 5 1 0, S_01fc1c68;
 .timescale 0 0;
    .port_info 0 /INPUT 32 "IN"
    .port_info 1 /INPUT 1 "Store"
    .port_info 2 /OUTPUT 32 "OUT"
v01f5c278_0 .net "IN", 31 0, v01fcc3c8_0;  alias, 1 drivers
v01f5c0c0_0 .net8 "OUT", 31 0, RS_01f9088c;  alias, 16 drivers
v01f5bf08_0 .net "Store", 0 0, L_01fdd870;  1 drivers
o01f908bc .functor BUFZ 32, C4<zzzzzzzzzzzzzzzzzzzzzzzzzzzzzzzz>; HiZ drive
; Elide local net with no drivers, v01f5bd50_0 name=_s0
L_01fdd818 .functor MUXZ 32, o01f908bc, v01fcc3c8_0, L_01fdd870, C4<>;
S_01fc1e08 .scope generate, "buffers2[1]" "buffers2[1]" 3 42, 3 42 0, S_01f8d828;
 .timescale 0 0;
P_01f86988 .param/l "i" 0 3 42, +C4<01>;
S_01fc1ed8 .scope module, "bufffer2" "Buffer32_32" 3 44, 5 1 0, S_01fc1e08;
 .timescale 0 0;
    .port_info 0 /INPUT 32 "IN"
    .port_info 1 /INPUT 1 "Store"
    .port_info 2 /OUTPUT 32 "OUT"
v01f5bb98_0 .net "IN", 31 0, v01fce6b8_0;  alias, 1 drivers
v01f5b9e0_0 .net8 "OUT", 31 0, RS_01f9088c;  alias, 16 drivers
v01f28030_0 .net "Store", 0 0, L_01fdd920;  1 drivers
o01f90934 .functor BUFZ 32, C4<zzzzzzzzzzzzzzzzzzzzzzzzzzzzzzzz>; HiZ drive
; Elide local net with no drivers, v01f27e78_0 name=_s0
L_01fdd8c8 .functor MUXZ 32, o01f90934, v01fce6b8_0, L_01fdd920, C4<>;
S_01fc1fa8 .scope generate, "buffers2[2]" "buffers2[2]" 3 42, 3 42 0, S_01f8d828;
 .timescale 0 0;
P_01f869b0 .param/l "i" 0 3 42, +C4<010>;
S_01fc2078 .scope module, "bufffer2" "Buffer32_32" 3 44, 5 1 0, S_01fc1fa8;
 .timescale 0 0;
    .port_info 0 /INPUT 32 "IN"
    .port_info 1 /INPUT 1 "Store"
    .port_info 2 /OUTPUT 32 "OUT"
v01fc5c20_0 .net "IN", 31 0, v01fce978_0;  alias, 1 drivers
v01fc5c78_0 .net8 "OUT", 31 0, RS_01f9088c;  alias, 16 drivers
v01fc5cd0_0 .net "Store", 0 0, L_01fdd9d0;  1 drivers
o01f909ac .functor BUFZ 32, C4<zzzzzzzzzzzzzzzzzzzzzzzzzzzzzzzz>; HiZ drive
; Elide local net with no drivers, v01fc5d28_0 name=_s0
L_01fdd978 .functor MUXZ 32, o01f909ac, v01fce978_0, L_01fdd9d0, C4<>;
S_01fc2148 .scope generate, "buffers2[3]" "buffers2[3]" 3 42, 3 42 0, S_01f8d828;
 .timescale 0 0;
P_01f869d8 .param/l "i" 0 3 42, +C4<011>;
S_01fc2218 .scope module, "bufffer2" "Buffer32_32" 3 44, 5 1 0, S_01fc2148;
 .timescale 0 0;
    .port_info 0 /INPUT 32 "IN"
    .port_info 1 /INPUT 1 "Store"
    .port_info 2 /OUTPUT 32 "OUT"
v01fc5d80_0 .net "IN", 31 0, v01fcec38_0;  alias, 1 drivers
v01fc5dd8_0 .net8 "OUT", 31 0, RS_01f9088c;  alias, 16 drivers
v01fc5e30_0 .net "Store", 0 0, L_01fdda80;  1 drivers
o01f90a24 .functor BUFZ 32, C4<zzzzzzzzzzzzzzzzzzzzzzzzzzzzzzzz>; HiZ drive
; Elide local net with no drivers, v01fc5e88_0 name=_s0
L_01fdda28 .functor MUXZ 32, o01f90a24, v01fcec38_0, L_01fdda80, C4<>;
S_01fc22e8 .scope generate, "buffers2[4]" "buffers2[4]" 3 42, 3 42 0, S_01f8d828;
 .timescale 0 0;
P_01f86a00 .param/l "i" 0 3 42, +C4<0100>;
S_01fc23b8 .scope module, "bufffer2" "Buffer32_32" 3 44, 5 1 0, S_01fc22e8;
 .timescale 0 0;
    .port_info 0 /INPUT 32 "IN"
    .port_info 1 /INPUT 1 "Store"
    .port_info 2 /OUTPUT 32 "OUT"
v01fc5ee0_0 .net "IN", 31 0, v01fceef8_0;  alias, 1 drivers
v01fc5f38_0 .net8 "OUT", 31 0, RS_01f9088c;  alias, 16 drivers
v01fc5f90_0 .net "Store", 0 0, L_01fddb30;  1 drivers
o01f90a9c .functor BUFZ 32, C4<zzzzzzzzzzzzzzzzzzzzzzzzzzzzzzzz>; HiZ drive
; Elide local net with no drivers, v01fc5fe8_0 name=_s0
L_01fddad8 .functor MUXZ 32, o01f90a9c, v01fceef8_0, L_01fddb30, C4<>;
S_01fc2488 .scope generate, "buffers2[5]" "buffers2[5]" 3 42, 3 42 0, S_01f8d828;
 .timescale 0 0;
P_01f86a28 .param/l "i" 0 3 42, +C4<0101>;
S_01fc2558 .scope module, "bufffer2" "Buffer32_32" 3 44, 5 1 0, S_01fc2488;
 .timescale 0 0;
    .port_info 0 /INPUT 32 "IN"
    .port_info 1 /INPUT 1 "Store"
    .port_info 2 /OUTPUT 32 "OUT"
v01fc6040_0 .net "IN", 31 0, v01fcf1b8_0;  alias, 1 drivers
v01fc6098_0 .net8 "OUT", 31 0, RS_01f9088c;  alias, 16 drivers
v01fc60f0_0 .net "Store", 0 0, L_01fddbe0;  1 drivers
o01f90b14 .functor BUFZ 32, C4<zzzzzzzzzzzzzzzzzzzzzzzzzzzzzzzz>; HiZ drive
; Elide local net with no drivers, v01fc6148_0 name=_s0
L_01fddb88 .functor MUXZ 32, o01f90b14, v01fcf1b8_0, L_01fddbe0, C4<>;
S_01fc2628 .scope generate, "buffers2[6]" "buffers2[6]" 3 42, 3 42 0, S_01f8d828;
 .timescale 0 0;
P_01f86a50 .param/l "i" 0 3 42, +C4<0110>;
S_01fc26f8 .scope module, "bufffer2" "Buffer32_32" 3 44, 5 1 0, S_01fc2628;
 .timescale 0 0;
    .port_info 0 /INPUT 32 "IN"
    .port_info 1 /INPUT 1 "Store"
    .port_info 2 /OUTPUT 32 "OUT"
v01fc61a0_0 .net "IN", 31 0, v01fcf478_0;  alias, 1 drivers
v01fc61f8_0 .net8 "OUT", 31 0, RS_01f9088c;  alias, 16 drivers
v01fc6250_0 .net "Store", 0 0, L_01fddc90;  1 drivers
o01f90b8c .functor BUFZ 32, C4<zzzzzzzzzzzzzzzzzzzzzzzzzzzzzzzz>; HiZ drive
; Elide local net with no drivers, v01fc62a8_0 name=_s0
L_01fddc38 .functor MUXZ 32, o01f90b8c, v01fcf478_0, L_01fddc90, C4<>;
S_01fc27c8 .scope generate, "buffers2[7]" "buffers2[7]" 3 42, 3 42 0, S_01f8d828;
 .timescale 0 0;
P_01f86a78 .param/l "i" 0 3 42, +C4<0111>;
S_01fc2898 .scope module, "bufffer2" "Buffer32_32" 3 44, 5 1 0, S_01fc27c8;
 .timescale 0 0;
    .port_info 0 /INPUT 32 "IN"
    .port_info 1 /INPUT 1 "Store"
    .port_info 2 /OUTPUT 32 "OUT"
v01fc6300_0 .net "IN", 31 0, v01fd1768_0;  alias, 1 drivers
v01fc6358_0 .net8 "OUT", 31 0, RS_01f9088c;  alias, 16 drivers
v01fc63b0_0 .net "Store", 0 0, L_01fddd40;  1 drivers
o01f90c04 .functor BUFZ 32, C4<zzzzzzzzzzzzzzzzzzzzzzzzzzzzzzzz>; HiZ drive
; Elide local net with no drivers, v01fc6408_0 name=_s0
L_01fddce8 .functor MUXZ 32, o01f90c04, v01fd1768_0, L_01fddd40, C4<>;
S_01fc2968 .scope generate, "buffers2[8]" "buffers2[8]" 3 42, 3 42 0, S_01f8d828;
 .timescale 0 0;
P_01f86aa0 .param/l "i" 0 3 42, +C4<01000>;
S_01fc2a38 .scope module, "bufffer2" "Buffer32_32" 3 44, 5 1 0, S_01fc2968;
 .timescale 0 0;
    .port_info 0 /INPUT 32 "IN"
    .port_info 1 /INPUT 1 "Store"
    .port_info 2 /OUTPUT 32 "OUT"
v01fc6460_0 .net "IN", 31 0, v01fd1a28_0;  alias, 1 drivers
v01fc64b8_0 .net8 "OUT", 31 0, RS_01f9088c;  alias, 16 drivers
v01fc6510_0 .net "Store", 0 0, L_01fdddf0;  1 drivers
o01f90c7c .functor BUFZ 32, C4<zzzzzzzzzzzzzzzzzzzzzzzzzzzzzzzz>; HiZ drive
; Elide local net with no drivers, v01fc6568_0 name=_s0
L_01fddd98 .functor MUXZ 32, o01f90c7c, v01fd1a28_0, L_01fdddf0, C4<>;
S_01fc6ce8 .scope generate, "buffers2[9]" "buffers2[9]" 3 42, 3 42 0, S_01f8d828;
 .timescale 0 0;
P_01f86ac8 .param/l "i" 0 3 42, +C4<01001>;
S_01fc6db8 .scope module, "bufffer2" "Buffer32_32" 3 44, 5 1 0, S_01fc6ce8;
 .timescale 0 0;
    .port_info 0 /INPUT 32 "IN"
    .port_info 1 /INPUT 1 "Store"
    .port_info 2 /OUTPUT 32 "OUT"
v01fc65c0_0 .net "IN", 31 0, v01fd1ce8_0;  alias, 1 drivers
v01fc6618_0 .net8 "OUT", 31 0, RS_01f9088c;  alias, 16 drivers
v01fc6670_0 .net "Store", 0 0, L_01fddea0;  1 drivers
o01f90cf4 .functor BUFZ 32, C4<zzzzzzzzzzzzzzzzzzzzzzzzzzzzzzzz>; HiZ drive
; Elide local net with no drivers, v01fc66c8_0 name=_s0
L_01fdde48 .functor MUXZ 32, o01f90cf4, v01fd1ce8_0, L_01fddea0, C4<>;
S_01fc6e88 .scope generate, "buffers2[10]" "buffers2[10]" 3 42, 3 42 0, S_01f8d828;
 .timescale 0 0;
P_01fc8ce8 .param/l "i" 0 3 42, +C4<01010>;
S_01fc6f58 .scope module, "bufffer2" "Buffer32_32" 3 44, 5 1 0, S_01fc6e88;
 .timescale 0 0;
    .port_info 0 /INPUT 32 "IN"
    .port_info 1 /INPUT 1 "Store"
    .port_info 2 /OUTPUT 32 "OUT"
v01fc6720_0 .net "IN", 31 0, v01fd1fa8_0;  alias, 1 drivers
v01fc6778_0 .net8 "OUT", 31 0, RS_01f9088c;  alias, 16 drivers
v01fc67d0_0 .net "Store", 0 0, L_01fddf50;  1 drivers
o01f90d6c .functor BUFZ 32, C4<zzzzzzzzzzzzzzzzzzzzzzzzzzzzzzzz>; HiZ drive
; Elide local net with no drivers, v01fc6828_0 name=_s0
L_01fddef8 .functor MUXZ 32, o01f90d6c, v01fd1fa8_0, L_01fddf50, C4<>;
S_01fc7028 .scope generate, "buffers2[11]" "buffers2[11]" 3 42, 3 42 0, S_01f8d828;
 .timescale 0 0;
P_01fc8d10 .param/l "i" 0 3 42, +C4<01011>;
S_01fc70f8 .scope module, "bufffer2" "Buffer32_32" 3 44, 5 1 0, S_01fc7028;
 .timescale 0 0;
    .port_info 0 /INPUT 32 "IN"
    .port_info 1 /INPUT 1 "Store"
    .port_info 2 /OUTPUT 32 "OUT"
v01fc6880_0 .net "IN", 31 0, v01fd2268_0;  alias, 1 drivers
v01fc68d8_0 .net8 "OUT", 31 0, RS_01f9088c;  alias, 16 drivers
v01fc6930_0 .net "Store", 0 0, L_01fde000;  1 drivers
o01f90de4 .functor BUFZ 32, C4<zzzzzzzzzzzzzzzzzzzzzzzzzzzzzzzz>; HiZ drive
; Elide local net with no drivers, v01fc6988_0 name=_s0
L_01fddfa8 .functor MUXZ 32, o01f90de4, v01fd2268_0, L_01fde000, C4<>;
S_01fc71c8 .scope generate, "buffers2[12]" "buffers2[12]" 3 42, 3 42 0, S_01f8d828;
 .timescale 0 0;
P_01fc8d38 .param/l "i" 0 3 42, +C4<01100>;
S_01fc7298 .scope module, "bufffer2" "Buffer32_32" 3 44, 5 1 0, S_01fc71c8;
 .timescale 0 0;
    .port_info 0 /INPUT 32 "IN"
    .port_info 1 /INPUT 1 "Store"
    .port_info 2 /OUTPUT 32 "OUT"
v01fc69e0_0 .net "IN", 31 0, v01fd2528_0;  alias, 1 drivers
v01fc6a38_0 .net8 "OUT", 31 0, RS_01f9088c;  alias, 16 drivers
v01fc6a90_0 .net "Store", 0 0, L_01fde0b0;  1 drivers
o01f90e5c .functor BUFZ 32, C4<zzzzzzzzzzzzzzzzzzzzzzzzzzzzzzzz>; HiZ drive
; Elide local net with no drivers, v01fc6ae8_0 name=_s0
L_01fde058 .functor MUXZ 32, o01f90e5c, v01fd2528_0, L_01fde0b0, C4<>;
S_01fc7368 .scope generate, "buffers2[13]" "buffers2[13]" 3 42, 3 42 0, S_01f8d828;
 .timescale 0 0;
P_01fc8d60 .param/l "i" 0 3 42, +C4<01101>;
S_01fc7438 .scope module, "bufffer2" "Buffer32_32" 3 44, 5 1 0, S_01fc7368;
 .timescale 0 0;
    .port_info 0 /INPUT 32 "IN"
    .port_info 1 /INPUT 1 "Store"
    .port_info 2 /OUTPUT 32 "OUT"
v01fc6b40_0 .net "IN", 31 0, v01fd5478_0;  alias, 1 drivers
v01fc6b98_0 .net8 "OUT", 31 0, RS_01f9088c;  alias, 16 drivers
v01fca5f0_0 .net "Store", 0 0, L_01fde160;  1 drivers
o01f90ed4 .functor BUFZ 32, C4<zzzzzzzzzzzzzzzzzzzzzzzzzzzzzzzz>; HiZ drive
; Elide local net with no drivers, v01fca648_0 name=_s0
L_01fde108 .functor MUXZ 32, o01f90ed4, v01fd5478_0, L_01fde160, C4<>;
S_01fc7508 .scope generate, "buffers2[14]" "buffers2[14]" 3 42, 3 42 0, S_01f8d828;
 .timescale 0 0;
P_01fc8d88 .param/l "i" 0 3 42, +C4<01110>;
S_01fc75d8 .scope module, "bufffer2" "Buffer32_32" 3 44, 5 1 0, S_01fc7508;
 .timescale 0 0;
    .port_info 0 /INPUT 32 "IN"
    .port_info 1 /INPUT 1 "Store"
    .port_info 2 /OUTPUT 32 "OUT"
v01fca6a0_0 .net "IN", 31 0, v01fd5738_0;  alias, 1 drivers
v01fca6f8_0 .net8 "OUT", 31 0, RS_01f9088c;  alias, 16 drivers
v01fca750_0 .net "Store", 0 0, L_01fde210;  1 drivers
o01f90f4c .functor BUFZ 32, C4<zzzzzzzzzzzzzzzzzzzzzzzzzzzzzzzz>; HiZ drive
; Elide local net with no drivers, v01fca7a8_0 name=_s0
L_01fde1b8 .functor MUXZ 32, o01f90f4c, v01fd5738_0, L_01fde210, C4<>;
S_01fc76a8 .scope generate, "buffers2[15]" "buffers2[15]" 3 42, 3 42 0, S_01f8d828;
 .timescale 0 0;
P_01fc8db0 .param/l "i" 0 3 42, +C4<01111>;
S_01fc7778 .scope module, "bufffer2" "Buffer32_32" 3 44, 5 1 0, S_01fc76a8;
 .timescale 0 0;
    .port_info 0 /INPUT 32 "IN"
    .port_info 1 /INPUT 1 "Store"
    .port_info 2 /OUTPUT 32 "OUT"
v01fca800_0 .net "IN", 31 0, v01fd59f8_0;  alias, 1 drivers
v01fca858_0 .net8 "OUT", 31 0, RS_01f9088c;  alias, 16 drivers
v01fca8b0_0 .net "Store", 0 0, L_01fde2c0;  1 drivers
o01f90fc4 .functor BUFZ 32, C4<zzzzzzzzzzzzzzzzzzzzzzzzzzzzzzzz>; HiZ drive
; Elide local net with no drivers, v01fca908_0 name=_s0
L_01fde268 .functor MUXZ 32, o01f90fc4, v01fd59f8_0, L_01fde2c0, C4<>;
S_01fc7848 .scope generate, "buffers3[0]" "buffers3[0]" 3 46, 3 46 0, S_01f8d828;
 .timescale 0 0;
P_01fc8dd8 .param/l "i" 0 3 46, +C4<00>;
S_01fc7918 .scope module, "bufffer3" "Buffer32_32" 3 48, 5 1 0, S_01fc7848;
 .timescale 0 0;
    .port_info 0 /INPUT 32 "IN"
    .port_info 1 /INPUT 1 "Store"
    .port_info 2 /OUTPUT 32 "OUT"
v01fca960_0 .net "IN", 31 0, v01fcc3c8_0;  alias, 1 drivers
v01fca9b8_0 .net8 "OUT", 31 0, RS_01f91024;  alias, 16 drivers
v01fcaa10_0 .net "Store", 0 0, L_01fde370;  1 drivers
o01f91054 .functor BUFZ 32, C4<zzzzzzzzzzzzzzzzzzzzzzzzzzzzzzzz>; HiZ drive
; Elide local net with no drivers, v01fcaa68_0 name=_s0
L_01fde318 .functor MUXZ 32, o01f91054, v01fcc3c8_0, L_01fde370, C4<>;
S_01fc79e8 .scope generate, "buffers3[1]" "buffers3[1]" 3 46, 3 46 0, S_01f8d828;
 .timescale 0 0;
P_01fc8e00 .param/l "i" 0 3 46, +C4<01>;
S_01fc7ab8 .scope module, "bufffer3" "Buffer32_32" 3 48, 5 1 0, S_01fc79e8;
 .timescale 0 0;
    .port_info 0 /INPUT 32 "IN"
    .port_info 1 /INPUT 1 "Store"
    .port_info 2 /OUTPUT 32 "OUT"
v01fcaac0_0 .net "IN", 31 0, v01fce6b8_0;  alias, 1 drivers
v01fcab18_0 .net8 "OUT", 31 0, RS_01f91024;  alias, 16 drivers
v01fcab70_0 .net "Store", 0 0, L_01fde420;  1 drivers
o01f910cc .functor BUFZ 32, C4<zzzzzzzzzzzzzzzzzzzzzzzzzzzzzzzz>; HiZ drive
; Elide local net with no drivers, v01fcabc8_0 name=_s0
L_01fde3c8 .functor MUXZ 32, o01f910cc, v01fce6b8_0, L_01fde420, C4<>;
S_01fc7b88 .scope generate, "buffers3[2]" "buffers3[2]" 3 46, 3 46 0, S_01f8d828;
 .timescale 0 0;
P_01fc8e28 .param/l "i" 0 3 46, +C4<010>;
S_01fc7c58 .scope module, "bufffer3" "Buffer32_32" 3 48, 5 1 0, S_01fc7b88;
 .timescale 0 0;
    .port_info 0 /INPUT 32 "IN"
    .port_info 1 /INPUT 1 "Store"
    .port_info 2 /OUTPUT 32 "OUT"
v01fcac20_0 .net "IN", 31 0, v01fce978_0;  alias, 1 drivers
v01fcac78_0 .net8 "OUT", 31 0, RS_01f91024;  alias, 16 drivers
v01fcacd0_0 .net "Store", 0 0, L_01fde4d0;  1 drivers
o01f91144 .functor BUFZ 32, C4<zzzzzzzzzzzzzzzzzzzzzzzzzzzzzzzz>; HiZ drive
; Elide local net with no drivers, v01fcad28_0 name=_s0
L_01fde478 .functor MUXZ 32, o01f91144, v01fce978_0, L_01fde4d0, C4<>;
S_01fc7d28 .scope generate, "buffers3[3]" "buffers3[3]" 3 46, 3 46 0, S_01f8d828;
 .timescale 0 0;
P_01fc8e50 .param/l "i" 0 3 46, +C4<011>;
S_01fc7df8 .scope module, "bufffer3" "Buffer32_32" 3 48, 5 1 0, S_01fc7d28;
 .timescale 0 0;
    .port_info 0 /INPUT 32 "IN"
    .port_info 1 /INPUT 1 "Store"
    .port_info 2 /OUTPUT 32 "OUT"
v01fcad80_0 .net "IN", 31 0, v01fcec38_0;  alias, 1 drivers
v01fcadd8_0 .net8 "OUT", 31 0, RS_01f91024;  alias, 16 drivers
v01fcae30_0 .net "Store", 0 0, L_01fdec98;  1 drivers
o01f911bc .functor BUFZ 32, C4<zzzzzzzzzzzzzzzzzzzzzzzzzzzzzzzz>; HiZ drive
; Elide local net with no drivers, v01fcae88_0 name=_s0
L_01fdec40 .functor MUXZ 32, o01f911bc, v01fcec38_0, L_01fdec98, C4<>;
S_01fc7ec8 .scope generate, "buffers3[4]" "buffers3[4]" 3 46, 3 46 0, S_01f8d828;
 .timescale 0 0;
P_01fc8e78 .param/l "i" 0 3 46, +C4<0100>;
S_01fc7f98 .scope module, "bufffer3" "Buffer32_32" 3 48, 5 1 0, S_01fc7ec8;
 .timescale 0 0;
    .port_info 0 /INPUT 32 "IN"
    .port_info 1 /INPUT 1 "Store"
    .port_info 2 /OUTPUT 32 "OUT"
v01fcaee0_0 .net "IN", 31 0, v01fceef8_0;  alias, 1 drivers
v01fcaf38_0 .net8 "OUT", 31 0, RS_01f91024;  alias, 16 drivers
v01fcaf90_0 .net "Store", 0 0, L_01fded48;  1 drivers
o01f91234 .functor BUFZ 32, C4<zzzzzzzzzzzzzzzzzzzzzzzzzzzzzzzz>; HiZ drive
; Elide local net with no drivers, v01fcafe8_0 name=_s0
L_01fdecf0 .functor MUXZ 32, o01f91234, v01fceef8_0, L_01fded48, C4<>;
S_01fc8068 .scope generate, "buffers3[5]" "buffers3[5]" 3 46, 3 46 0, S_01f8d828;
 .timescale 0 0;
P_01fc8ea0 .param/l "i" 0 3 46, +C4<0101>;
S_01fc8138 .scope module, "bufffer3" "Buffer32_32" 3 48, 5 1 0, S_01fc8068;
 .timescale 0 0;
    .port_info 0 /INPUT 32 "IN"
    .port_info 1 /INPUT 1 "Store"
    .port_info 2 /OUTPUT 32 "OUT"
v01fcb040_0 .net "IN", 31 0, v01fcf1b8_0;  alias, 1 drivers
v01fcb098_0 .net8 "OUT", 31 0, RS_01f91024;  alias, 16 drivers
v01fcb0f0_0 .net "Store", 0 0, L_01fdedf8;  1 drivers
o01f912ac .functor BUFZ 32, C4<zzzzzzzzzzzzzzzzzzzzzzzzzzzzzzzz>; HiZ drive
; Elide local net with no drivers, v01fcb148_0 name=_s0
L_01fdeda0 .functor MUXZ 32, o01f912ac, v01fcf1b8_0, L_01fdedf8, C4<>;
S_01fc8208 .scope generate, "buffers3[6]" "buffers3[6]" 3 46, 3 46 0, S_01f8d828;
 .timescale 0 0;
P_01fc8ec8 .param/l "i" 0 3 46, +C4<0110>;
S_01fc82d8 .scope module, "bufffer3" "Buffer32_32" 3 48, 5 1 0, S_01fc8208;
 .timescale 0 0;
    .port_info 0 /INPUT 32 "IN"
    .port_info 1 /INPUT 1 "Store"
    .port_info 2 /OUTPUT 32 "OUT"
v01fcb1a0_0 .net "IN", 31 0, v01fcf478_0;  alias, 1 drivers
v01fcb1f8_0 .net8 "OUT", 31 0, RS_01f91024;  alias, 16 drivers
v01fcb250_0 .net "Store", 0 0, L_01fdeea8;  1 drivers
o01f91324 .functor BUFZ 32, C4<zzzzzzzzzzzzzzzzzzzzzzzzzzzzzzzz>; HiZ drive
; Elide local net with no drivers, v01fcb2a8_0 name=_s0
L_01fdee50 .functor MUXZ 32, o01f91324, v01fcf478_0, L_01fdeea8, C4<>;
S_01fc83a8 .scope generate, "buffers3[7]" "buffers3[7]" 3 46, 3 46 0, S_01f8d828;
 .timescale 0 0;
P_01fc8ef0 .param/l "i" 0 3 46, +C4<0111>;
S_01fc8478 .scope module, "bufffer3" "Buffer32_32" 3 48, 5 1 0, S_01fc83a8;
 .timescale 0 0;
    .port_info 0 /INPUT 32 "IN"
    .port_info 1 /INPUT 1 "Store"
    .port_info 2 /OUTPUT 32 "OUT"
v01fcb300_0 .net "IN", 31 0, v01fd1768_0;  alias, 1 drivers
v01fcb358_0 .net8 "OUT", 31 0, RS_01f91024;  alias, 16 drivers
v01fcb3b0_0 .net "Store", 0 0, L_01fdef58;  1 drivers
o01f9139c .functor BUFZ 32, C4<zzzzzzzzzzzzzzzzzzzzzzzzzzzzzzzz>; HiZ drive
; Elide local net with no drivers, v01fcb408_0 name=_s0
L_01fdef00 .functor MUXZ 32, o01f9139c, v01fd1768_0, L_01fdef58, C4<>;
S_01fc8548 .scope generate, "buffers3[8]" "buffers3[8]" 3 46, 3 46 0, S_01f8d828;
 .timescale 0 0;
P_01fc8f18 .param/l "i" 0 3 46, +C4<01000>;
S_01fc8618 .scope module, "bufffer3" "Buffer32_32" 3 48, 5 1 0, S_01fc8548;
 .timescale 0 0;
    .port_info 0 /INPUT 32 "IN"
    .port_info 1 /INPUT 1 "Store"
    .port_info 2 /OUTPUT 32 "OUT"
v01fcb460_0 .net "IN", 31 0, v01fd1a28_0;  alias, 1 drivers
v01fcb4b8_0 .net8 "OUT", 31 0, RS_01f91024;  alias, 16 drivers
v01fcb510_0 .net "Store", 0 0, L_01fdf008;  1 drivers
o01f91414 .functor BUFZ 32, C4<zzzzzzzzzzzzzzzzzzzzzzzzzzzzzzzz>; HiZ drive
; Elide local net with no drivers, v01fcb568_0 name=_s0
L_01fdefb0 .functor MUXZ 32, o01f91414, v01fd1a28_0, L_01fdf008, C4<>;
S_01fc86e8 .scope generate, "buffers3[9]" "buffers3[9]" 3 46, 3 46 0, S_01f8d828;
 .timescale 0 0;
P_01fc8f40 .param/l "i" 0 3 46, +C4<01001>;
S_01fc87b8 .scope module, "bufffer3" "Buffer32_32" 3 48, 5 1 0, S_01fc86e8;
 .timescale 0 0;
    .port_info 0 /INPUT 32 "IN"
    .port_info 1 /INPUT 1 "Store"
    .port_info 2 /OUTPUT 32 "OUT"
v01fcb6b8_0 .net "IN", 31 0, v01fd1ce8_0;  alias, 1 drivers
v01fcb710_0 .net8 "OUT", 31 0, RS_01f91024;  alias, 16 drivers
v01fcb768_0 .net "Store", 0 0, L_01fdf0b8;  1 drivers
o01f9148c .functor BUFZ 32, C4<zzzzzzzzzzzzzzzzzzzzzzzzzzzzzzzz>; HiZ drive
; Elide local net with no drivers, v01fcb7c0_0 name=_s0
L_01fdf060 .functor MUXZ 32, o01f9148c, v01fd1ce8_0, L_01fdf0b8, C4<>;
S_01fc8888 .scope generate, "buffers3[10]" "buffers3[10]" 3 46, 3 46 0, S_01f8d828;
 .timescale 0 0;
P_01fc8f68 .param/l "i" 0 3 46, +C4<01010>;
S_01fc8958 .scope module, "bufffer3" "Buffer32_32" 3 48, 5 1 0, S_01fc8888;
 .timescale 0 0;
    .port_info 0 /INPUT 32 "IN"
    .port_info 1 /INPUT 1 "Store"
    .port_info 2 /OUTPUT 32 "OUT"
v01fcb818_0 .net "IN", 31 0, v01fd1fa8_0;  alias, 1 drivers
v01fcb870_0 .net8 "OUT", 31 0, RS_01f91024;  alias, 16 drivers
v01fcb8c8_0 .net "Store", 0 0, L_01fdf168;  1 drivers
o01f91504 .functor BUFZ 32, C4<zzzzzzzzzzzzzzzzzzzzzzzzzzzzzzzz>; HiZ drive
; Elide local net with no drivers, v01fcb920_0 name=_s0
L_01fdf110 .functor MUXZ 32, o01f91504, v01fd1fa8_0, L_01fdf168, C4<>;
S_01fc8a28 .scope generate, "buffers3[11]" "buffers3[11]" 3 46, 3 46 0, S_01f8d828;
 .timescale 0 0;
P_01fc8f90 .param/l "i" 0 3 46, +C4<01011>;
S_01fc8af8 .scope module, "bufffer3" "Buffer32_32" 3 48, 5 1 0, S_01fc8a28;
 .timescale 0 0;
    .port_info 0 /INPUT 32 "IN"
    .port_info 1 /INPUT 1 "Store"
    .port_info 2 /OUTPUT 32 "OUT"
v01fcb978_0 .net "IN", 31 0, v01fd2268_0;  alias, 1 drivers
v01fcb9d0_0 .net8 "OUT", 31 0, RS_01f91024;  alias, 16 drivers
v01fcba28_0 .net "Store", 0 0, L_01fdf218;  1 drivers
o01f9157c .functor BUFZ 32, C4<zzzzzzzzzzzzzzzzzzzzzzzzzzzzzzzz>; HiZ drive
; Elide local net with no drivers, v01fcba80_0 name=_s0
L_01fdf1c0 .functor MUXZ 32, o01f9157c, v01fd2268_0, L_01fdf218, C4<>;
S_01fc8bc8 .scope generate, "buffers3[12]" "buffers3[12]" 3 46, 3 46 0, S_01f8d828;
 .timescale 0 0;
P_01fc8fb8 .param/l "i" 0 3 46, +C4<01100>;
S_01fcc6b8 .scope module, "bufffer3" "Buffer32_32" 3 48, 5 1 0, S_01fc8bc8;
 .timescale 0 0;
    .port_info 0 /INPUT 32 "IN"
    .port_info 1 /INPUT 1 "Store"
    .port_info 2 /OUTPUT 32 "OUT"
v01fcbad8_0 .net "IN", 31 0, v01fd2528_0;  alias, 1 drivers
v01fcbb30_0 .net8 "OUT", 31 0, RS_01f91024;  alias, 16 drivers
v01fcbb88_0 .net "Store", 0 0, L_01fdf2c8;  1 drivers
o01f915f4 .functor BUFZ 32, C4<zzzzzzzzzzzzzzzzzzzzzzzzzzzzzzzz>; HiZ drive
; Elide local net with no drivers, v01fcbbe0_0 name=_s0
L_01fdf270 .functor MUXZ 32, o01f915f4, v01fd2528_0, L_01fdf2c8, C4<>;
S_01fcc788 .scope generate, "buffers3[13]" "buffers3[13]" 3 46, 3 46 0, S_01f8d828;
 .timescale 0 0;
P_01fc8fe0 .param/l "i" 0 3 46, +C4<01101>;
S_01fcc858 .scope module, "bufffer3" "Buffer32_32" 3 48, 5 1 0, S_01fcc788;
 .timescale 0 0;
    .port_info 0 /INPUT 32 "IN"
    .port_info 1 /INPUT 1 "Store"
    .port_info 2 /OUTPUT 32 "OUT"
v01fcbc38_0 .net "IN", 31 0, v01fd5478_0;  alias, 1 drivers
v01fcbc90_0 .net8 "OUT", 31 0, RS_01f91024;  alias, 16 drivers
v01fcbce8_0 .net "Store", 0 0, L_01fdf378;  1 drivers
o01f9166c .functor BUFZ 32, C4<zzzzzzzzzzzzzzzzzzzzzzzzzzzzzzzz>; HiZ drive
; Elide local net with no drivers, v01fcbd40_0 name=_s0
L_01fdf320 .functor MUXZ 32, o01f9166c, v01fd5478_0, L_01fdf378, C4<>;
S_01fcc928 .scope generate, "buffers3[14]" "buffers3[14]" 3 46, 3 46 0, S_01f8d828;
 .timescale 0 0;
P_01fc9008 .param/l "i" 0 3 46, +C4<01110>;
S_01fcc9f8 .scope module, "bufffer3" "Buffer32_32" 3 48, 5 1 0, S_01fcc928;
 .timescale 0 0;
    .port_info 0 /INPUT 32 "IN"
    .port_info 1 /INPUT 1 "Store"
    .port_info 2 /OUTPUT 32 "OUT"
v01fcbd98_0 .net "IN", 31 0, v01fd5738_0;  alias, 1 drivers
v01fcbdf0_0 .net8 "OUT", 31 0, RS_01f91024;  alias, 16 drivers
v01fcbe48_0 .net "Store", 0 0, L_01fdf428;  1 drivers
o01f916e4 .functor BUFZ 32, C4<zzzzzzzzzzzzzzzzzzzzzzzzzzzzzzzz>; HiZ drive
; Elide local net with no drivers, v01fcbea0_0 name=_s0
L_01fdf3d0 .functor MUXZ 32, o01f916e4, v01fd5738_0, L_01fdf428, C4<>;
S_01fccac8 .scope generate, "buffers3[15]" "buffers3[15]" 3 46, 3 46 0, S_01f8d828;
 .timescale 0 0;
P_01fc9030 .param/l "i" 0 3 46, +C4<01111>;
S_01fccb98 .scope module, "bufffer3" "Buffer32_32" 3 48, 5 1 0, S_01fccac8;
 .timescale 0 0;
    .port_info 0 /INPUT 32 "IN"
    .port_info 1 /INPUT 1 "Store"
    .port_info 2 /OUTPUT 32 "OUT"
v01fcbef8_0 .net "IN", 31 0, v01fd59f8_0;  alias, 1 drivers
v01fcbf50_0 .net8 "OUT", 31 0, RS_01f91024;  alias, 16 drivers
v01fcbfa8_0 .net "Store", 0 0, L_01fdf4d8;  1 drivers
o01f9175c .functor BUFZ 32, C4<zzzzzzzzzzzzzzzzzzzzzzzzzzzzzzzz>; HiZ drive
; Elide local net with no drivers, v01fcc000_0 name=_s0
L_01fdf480 .functor MUXZ 32, o01f9175c, v01fd59f8_0, L_01fdf4d8, C4<>;
S_01fccc68 .scope module, "mux" "Multiplexer" 3 13, 6 1 0, S_01f8d828;
 .timescale 0 0;
    .port_info 0 /INPUT 4 "IN1"
    .port_info 1 /INPUT 4 "IN2"
    .port_info 2 /INPUT 1 "IR_CU"
    .port_info 3 /OUTPUT 4 "OUT"
v01fcc058_0 .net "IN1", 3 0, L_01fdf5e0;  1 drivers
v01fcc0b0_0 .net "IN2", 3 0, L_01fdf638;  1 drivers
v01fcc108_0 .net "IR_CU", 0 0, v01fd6130_0;  alias, 1 drivers
v01fcc160_0 .net "OUT", 3 0, L_01fdf588;  alias, 1 drivers
L_01fdf588 .functor MUXZ 4, L_01fdf5e0, L_01fdf638, v01fd6130_0, C4<>;
S_01fccd38 .scope generate, "registers[0]" "registers[0]" 3 30, 3 30 0, S_01f8d828;
 .timescale 0 0;
P_01fc9058 .param/l "i" 0 3 30, +C4<00>;
L_01f64d98 .functor AND 1, L_01fda460, v01fd6188_0, C4<1>, C4<1>;
v01fcc420_0 .net *"_s0", 0 0, L_01fda460;  1 drivers
S_01fcce08 .scope module, "test_reg" "Register" 3 32, 7 1 0, S_01fccd38;
 .timescale 0 0;
    .port_info 0 /INPUT 32 "IN"
    .port_info 1 /INPUT 1 "Clk"
    .port_info 2 /INPUT 1 "Reset"
    .port_info 3 /INPUT 1 "Load"
    .port_info 4 /OUTPUT 32 "OUT"
L_01f64d50 .functor AND 1, v01fd60d8_0, L_01f64d98, C4<1>, C4<1>;
v01fcc1b8_0 .net "Clk", 0 0, v01fd60d8_0;  alias, 1 drivers
v01fcc210_0 .net "IN", 31 0, v01fda408_0;  alias, 1 drivers
v01fcc268_0 .net "Load", 0 0, L_01f64d98;  1 drivers
v01fcc2c0_0 .net "OUT", 31 0, v01fcc3c8_0;  alias, 1 drivers
v01fcc318_0 .net "Reset", 0 0, v01fda250_0;  alias, 1 drivers
v01fcc370_0 .net *"_s3", 0 0, L_01f64d50;  1 drivers
v01fcc3c8_0 .var "d", 31 0;
E_01fc9080 .event edge, v01fcc318_0;
E_01fc90a8 .event negedge, L_01f64d50;
S_01fcced8 .scope generate, "registers[1]" "registers[1]" 3 30, 3 30 0, S_01f8d828;
 .timescale 0 0;
P_01fc90f8 .param/l "i" 0 3 30, +C4<01>;
L_01f64e70 .functor AND 1, L_01fda4b8, v01fd6188_0, C4<1>, C4<1>;
v01fce710_0 .net *"_s0", 0 0, L_01fda4b8;  1 drivers
S_01fccfa8 .scope module, "test_reg" "Register" 3 32, 7 1 0, S_01fcced8;
 .timescale 0 0;
    .port_info 0 /INPUT 32 "IN"
    .port_info 1 /INPUT 1 "Clk"
    .port_info 2 /INPUT 1 "Reset"
    .port_info 3 /INPUT 1 "Load"
    .port_info 4 /OUTPUT 32 "OUT"
L_01f64e28 .functor AND 1, v01fd60d8_0, L_01f64e70, C4<1>, C4<1>;
v01fcc478_0 .net "Clk", 0 0, v01fd60d8_0;  alias, 1 drivers
v01fcc4d0_0 .net "IN", 31 0, v01fda408_0;  alias, 1 drivers
v01fcc528_0 .net "Load", 0 0, L_01f64e70;  1 drivers
v01fcc580_0 .net "OUT", 31 0, v01fce6b8_0;  alias, 1 drivers
v01fcc5d8_0 .net "Reset", 0 0, v01fda250_0;  alias, 1 drivers
v01fcc630_0 .net *"_s3", 0 0, L_01f64e28;  1 drivers
v01fce6b8_0 .var "d", 31 0;
E_01fc9120 .event negedge, L_01f64e28;
S_01fcd078 .scope generate, "registers[2]" "registers[2]" 3 30, 3 30 0, S_01f8d828;
 .timescale 0 0;
P_01fc9170 .param/l "i" 0 3 30, +C4<010>;
L_01f64f48 .functor AND 1, L_01fda510, v01fd6188_0, C4<1>, C4<1>;
v01fce9d0_0 .net *"_s0", 0 0, L_01fda510;  1 drivers
S_01fcd148 .scope module, "test_reg" "Register" 3 32, 7 1 0, S_01fcd078;
 .timescale 0 0;
    .port_info 0 /INPUT 32 "IN"
    .port_info 1 /INPUT 1 "Clk"
    .port_info 2 /INPUT 1 "Reset"
    .port_info 3 /INPUT 1 "Load"
    .port_info 4 /OUTPUT 32 "OUT"
L_01f64f00 .functor AND 1, v01fd60d8_0, L_01f64f48, C4<1>, C4<1>;
v01fce768_0 .net "Clk", 0 0, v01fd60d8_0;  alias, 1 drivers
v01fce7c0_0 .net "IN", 31 0, v01fda408_0;  alias, 1 drivers
v01fce818_0 .net "Load", 0 0, L_01f64f48;  1 drivers
v01fce870_0 .net "OUT", 31 0, v01fce978_0;  alias, 1 drivers
v01fce8c8_0 .net "Reset", 0 0, v01fda250_0;  alias, 1 drivers
v01fce920_0 .net *"_s3", 0 0, L_01f64f00;  1 drivers
v01fce978_0 .var "d", 31 0;
E_01fc9198 .event negedge, L_01f64f00;
S_01fcd218 .scope generate, "registers[3]" "registers[3]" 3 30, 3 30 0, S_01f8d828;
 .timescale 0 0;
P_01fc91e8 .param/l "i" 0 3 30, +C4<011>;
L_01f65020 .functor AND 1, L_01fda568, v01fd6188_0, C4<1>, C4<1>;
v01fcec90_0 .net *"_s0", 0 0, L_01fda568;  1 drivers
S_01fcd2e8 .scope module, "test_reg" "Register" 3 32, 7 1 0, S_01fcd218;
 .timescale 0 0;
    .port_info 0 /INPUT 32 "IN"
    .port_info 1 /INPUT 1 "Clk"
    .port_info 2 /INPUT 1 "Reset"
    .port_info 3 /INPUT 1 "Load"
    .port_info 4 /OUTPUT 32 "OUT"
L_01f64fd8 .functor AND 1, v01fd60d8_0, L_01f65020, C4<1>, C4<1>;
v01fcea28_0 .net "Clk", 0 0, v01fd60d8_0;  alias, 1 drivers
v01fcea80_0 .net "IN", 31 0, v01fda408_0;  alias, 1 drivers
v01fcead8_0 .net "Load", 0 0, L_01f65020;  1 drivers
v01fceb30_0 .net "OUT", 31 0, v01fcec38_0;  alias, 1 drivers
v01fceb88_0 .net "Reset", 0 0, v01fda250_0;  alias, 1 drivers
v01fcebe0_0 .net *"_s3", 0 0, L_01f64fd8;  1 drivers
v01fcec38_0 .var "d", 31 0;
E_01fc9210 .event negedge, L_01f64fd8;
S_01fcd3b8 .scope generate, "registers[4]" "registers[4]" 3 30, 3 30 0, S_01f8d828;
 .timescale 0 0;
P_01fc9260 .param/l "i" 0 3 30, +C4<0100>;
L_01f650f8 .functor AND 1, L_01fda5c0, v01fd6188_0, C4<1>, C4<1>;
v01fcef50_0 .net *"_s0", 0 0, L_01fda5c0;  1 drivers
S_01fcd488 .scope module, "test_reg" "Register" 3 32, 7 1 0, S_01fcd3b8;
 .timescale 0 0;
    .port_info 0 /INPUT 32 "IN"
    .port_info 1 /INPUT 1 "Clk"
    .port_info 2 /INPUT 1 "Reset"
    .port_info 3 /INPUT 1 "Load"
    .port_info 4 /OUTPUT 32 "OUT"
L_01f650b0 .functor AND 1, v01fd60d8_0, L_01f650f8, C4<1>, C4<1>;
v01fcece8_0 .net "Clk", 0 0, v01fd60d8_0;  alias, 1 drivers
v01fced40_0 .net "IN", 31 0, v01fda408_0;  alias, 1 drivers
v01fced98_0 .net "Load", 0 0, L_01f650f8;  1 drivers
v01fcedf0_0 .net "OUT", 31 0, v01fceef8_0;  alias, 1 drivers
v01fcee48_0 .net "Reset", 0 0, v01fda250_0;  alias, 1 drivers
v01fceea0_0 .net *"_s3", 0 0, L_01f650b0;  1 drivers
v01fceef8_0 .var "d", 31 0;
E_01fc9288 .event negedge, L_01f650b0;
S_01fcd558 .scope generate, "registers[5]" "registers[5]" 3 30, 3 30 0, S_01f8d828;
 .timescale 0 0;
P_01fc92d8 .param/l "i" 0 3 30, +C4<0101>;
L_01f651d0 .functor AND 1, L_01fda618, v01fd6188_0, C4<1>, C4<1>;
v01fcf210_0 .net *"_s0", 0 0, L_01fda618;  1 drivers
S_01fcd628 .scope module, "test_reg" "Register" 3 32, 7 1 0, S_01fcd558;
 .timescale 0 0;
    .port_info 0 /INPUT 32 "IN"
    .port_info 1 /INPUT 1 "Clk"
    .port_info 2 /INPUT 1 "Reset"
    .port_info 3 /INPUT 1 "Load"
    .port_info 4 /OUTPUT 32 "OUT"
L_01f65188 .functor AND 1, v01fd60d8_0, L_01f651d0, C4<1>, C4<1>;
v01fcefa8_0 .net "Clk", 0 0, v01fd60d8_0;  alias, 1 drivers
v01fcf000_0 .net "IN", 31 0, v01fda408_0;  alias, 1 drivers
v01fcf058_0 .net "Load", 0 0, L_01f651d0;  1 drivers
v01fcf0b0_0 .net "OUT", 31 0, v01fcf1b8_0;  alias, 1 drivers
v01fcf108_0 .net "Reset", 0 0, v01fda250_0;  alias, 1 drivers
v01fcf160_0 .net *"_s3", 0 0, L_01f65188;  1 drivers
v01fcf1b8_0 .var "d", 31 0;
E_01fc9300 .event negedge, L_01f65188;
S_01fcd6f8 .scope generate, "registers[6]" "registers[6]" 3 30, 3 30 0, S_01f8d828;
 .timescale 0 0;
P_01fc9350 .param/l "i" 0 3 30, +C4<0110>;
L_01f652a8 .functor AND 1, L_01fda670, v01fd6188_0, C4<1>, C4<1>;
v01fcf4d0_0 .net *"_s0", 0 0, L_01fda670;  1 drivers
S_01fcd7c8 .scope module, "test_reg" "Register" 3 32, 7 1 0, S_01fcd6f8;
 .timescale 0 0;
    .port_info 0 /INPUT 32 "IN"
    .port_info 1 /INPUT 1 "Clk"
    .port_info 2 /INPUT 1 "Reset"
    .port_info 3 /INPUT 1 "Load"
    .port_info 4 /OUTPUT 32 "OUT"
L_01f65260 .functor AND 1, v01fd60d8_0, L_01f652a8, C4<1>, C4<1>;
v01fcf268_0 .net "Clk", 0 0, v01fd60d8_0;  alias, 1 drivers
v01fcf2c0_0 .net "IN", 31 0, v01fda408_0;  alias, 1 drivers
v01fcf318_0 .net "Load", 0 0, L_01f652a8;  1 drivers
v01fcf370_0 .net "OUT", 31 0, v01fcf478_0;  alias, 1 drivers
v01fcf3c8_0 .net "Reset", 0 0, v01fda250_0;  alias, 1 drivers
v01fcf420_0 .net *"_s3", 0 0, L_01f65260;  1 drivers
v01fcf478_0 .var "d", 31 0;
E_01fc9378 .event negedge, L_01f65260;
S_01fcd898 .scope generate, "registers[7]" "registers[7]" 3 30, 3 30 0, S_01f8d828;
 .timescale 0 0;
P_01fc93c8 .param/l "i" 0 3 30, +C4<0111>;
L_01f65380 .functor AND 1, L_01fda6c8, v01fd6188_0, C4<1>, C4<1>;
v01fd17c0_0 .net *"_s0", 0 0, L_01fda6c8;  1 drivers
S_01fcd968 .scope module, "test_reg" "Register" 3 32, 7 1 0, S_01fcd898;
 .timescale 0 0;
    .port_info 0 /INPUT 32 "IN"
    .port_info 1 /INPUT 1 "Clk"
    .port_info 2 /INPUT 1 "Reset"
    .port_info 3 /INPUT 1 "Load"
    .port_info 4 /OUTPUT 32 "OUT"
L_01f65338 .functor AND 1, v01fd60d8_0, L_01f65380, C4<1>, C4<1>;
v01fcf528_0 .net "Clk", 0 0, v01fd60d8_0;  alias, 1 drivers
v01fcf580_0 .net "IN", 31 0, v01fda408_0;  alias, 1 drivers
v01fcf5d8_0 .net "Load", 0 0, L_01f65380;  1 drivers
v01fcf630_0 .net "OUT", 31 0, v01fd1768_0;  alias, 1 drivers
v01fd16b8_0 .net "Reset", 0 0, v01fda250_0;  alias, 1 drivers
v01fd1710_0 .net *"_s3", 0 0, L_01f65338;  1 drivers
v01fd1768_0 .var "d", 31 0;
E_01fc93f0 .event negedge, L_01f65338;
S_01fcda38 .scope generate, "registers[8]" "registers[8]" 3 30, 3 30 0, S_01f8d828;
 .timescale 0 0;
P_01fc9440 .param/l "i" 0 3 30, +C4<01000>;
L_01f65458 .functor AND 1, L_01fda720, v01fd6188_0, C4<1>, C4<1>;
v01fd1a80_0 .net *"_s0", 0 0, L_01fda720;  1 drivers
S_01fcdb08 .scope module, "test_reg" "Register" 3 32, 7 1 0, S_01fcda38;
 .timescale 0 0;
    .port_info 0 /INPUT 32 "IN"
    .port_info 1 /INPUT 1 "Clk"
    .port_info 2 /INPUT 1 "Reset"
    .port_info 3 /INPUT 1 "Load"
    .port_info 4 /OUTPUT 32 "OUT"
L_01f65410 .functor AND 1, v01fd60d8_0, L_01f65458, C4<1>, C4<1>;
v01fd1818_0 .net "Clk", 0 0, v01fd60d8_0;  alias, 1 drivers
v01fd1870_0 .net "IN", 31 0, v01fda408_0;  alias, 1 drivers
v01fd18c8_0 .net "Load", 0 0, L_01f65458;  1 drivers
v01fd1920_0 .net "OUT", 31 0, v01fd1a28_0;  alias, 1 drivers
v01fd1978_0 .net "Reset", 0 0, v01fda250_0;  alias, 1 drivers
v01fd19d0_0 .net *"_s3", 0 0, L_01f65410;  1 drivers
v01fd1a28_0 .var "d", 31 0;
E_01fc9468 .event negedge, L_01f65410;
S_01fcdbd8 .scope generate, "registers[9]" "registers[9]" 3 30, 3 30 0, S_01f8d828;
 .timescale 0 0;
P_01fd2910 .param/l "i" 0 3 30, +C4<01001>;
L_01f65530 .functor AND 1, L_01fda778, v01fd6188_0, C4<1>, C4<1>;
v01fd1d40_0 .net *"_s0", 0 0, L_01fda778;  1 drivers
S_01fcdca8 .scope module, "test_reg" "Register" 3 32, 7 1 0, S_01fcdbd8;
 .timescale 0 0;
    .port_info 0 /INPUT 32 "IN"
    .port_info 1 /INPUT 1 "Clk"
    .port_info 2 /INPUT 1 "Reset"
    .port_info 3 /INPUT 1 "Load"
    .port_info 4 /OUTPUT 32 "OUT"
L_01f654e8 .functor AND 1, v01fd60d8_0, L_01f65530, C4<1>, C4<1>;
v01fd1ad8_0 .net "Clk", 0 0, v01fd60d8_0;  alias, 1 drivers
v01fd1b30_0 .net "IN", 31 0, v01fda408_0;  alias, 1 drivers
v01fd1b88_0 .net "Load", 0 0, L_01f65530;  1 drivers
v01fd1be0_0 .net "OUT", 31 0, v01fd1ce8_0;  alias, 1 drivers
v01fd1c38_0 .net "Reset", 0 0, v01fda250_0;  alias, 1 drivers
v01fd1c90_0 .net *"_s3", 0 0, L_01f654e8;  1 drivers
v01fd1ce8_0 .var "d", 31 0;
E_01fd2938 .event negedge, L_01f654e8;
S_01fcdd78 .scope generate, "registers[10]" "registers[10]" 3 30, 3 30 0, S_01f8d828;
 .timescale 0 0;
P_01fd2988 .param/l "i" 0 3 30, +C4<01010>;
L_01fdb298 .functor AND 1, L_01fda7d0, v01fd6188_0, C4<1>, C4<1>;
v01fd2000_0 .net *"_s0", 0 0, L_01fda7d0;  1 drivers
S_01fcde48 .scope module, "test_reg" "Register" 3 32, 7 1 0, S_01fcdd78;
 .timescale 0 0;
    .port_info 0 /INPUT 32 "IN"
    .port_info 1 /INPUT 1 "Clk"
    .port_info 2 /INPUT 1 "Reset"
    .port_info 3 /INPUT 1 "Load"
    .port_info 4 /OUTPUT 32 "OUT"
L_01fdb250 .functor AND 1, v01fd60d8_0, L_01fdb298, C4<1>, C4<1>;
v01fd1d98_0 .net "Clk", 0 0, v01fd60d8_0;  alias, 1 drivers
v01fd1df0_0 .net "IN", 31 0, v01fda408_0;  alias, 1 drivers
v01fd1e48_0 .net "Load", 0 0, L_01fdb298;  1 drivers
v01fd1ea0_0 .net "OUT", 31 0, v01fd1fa8_0;  alias, 1 drivers
v01fd1ef8_0 .net "Reset", 0 0, v01fda250_0;  alias, 1 drivers
v01fd1f50_0 .net *"_s3", 0 0, L_01fdb250;  1 drivers
v01fd1fa8_0 .var "d", 31 0;
E_01fd29b0 .event negedge, L_01fdb250;
S_01fcdf18 .scope generate, "registers[11]" "registers[11]" 3 30, 3 30 0, S_01f8d828;
 .timescale 0 0;
P_01fd2a00 .param/l "i" 0 3 30, +C4<01011>;
L_01fdb370 .functor AND 1, L_01fda828, v01fd6188_0, C4<1>, C4<1>;
v01fd22c0_0 .net *"_s0", 0 0, L_01fda828;  1 drivers
S_01fcdfe8 .scope module, "test_reg" "Register" 3 32, 7 1 0, S_01fcdf18;
 .timescale 0 0;
    .port_info 0 /INPUT 32 "IN"
    .port_info 1 /INPUT 1 "Clk"
    .port_info 2 /INPUT 1 "Reset"
    .port_info 3 /INPUT 1 "Load"
    .port_info 4 /OUTPUT 32 "OUT"
L_01fdb328 .functor AND 1, v01fd60d8_0, L_01fdb370, C4<1>, C4<1>;
v01fd2058_0 .net "Clk", 0 0, v01fd60d8_0;  alias, 1 drivers
v01fd20b0_0 .net "IN", 31 0, v01fda408_0;  alias, 1 drivers
v01fd2108_0 .net "Load", 0 0, L_01fdb370;  1 drivers
v01fd2160_0 .net "OUT", 31 0, v01fd2268_0;  alias, 1 drivers
v01fd21b8_0 .net "Reset", 0 0, v01fda250_0;  alias, 1 drivers
v01fd2210_0 .net *"_s3", 0 0, L_01fdb328;  1 drivers
v01fd2268_0 .var "d", 31 0;
E_01fd2a28 .event negedge, L_01fdb328;
S_01fce0b8 .scope generate, "registers[12]" "registers[12]" 3 30, 3 30 0, S_01f8d828;
 .timescale 0 0;
P_01fd2a78 .param/l "i" 0 3 30, +C4<01100>;
L_01fdb448 .functor AND 1, L_01fda880, v01fd6188_0, C4<1>, C4<1>;
v01fd2580_0 .net *"_s0", 0 0, L_01fda880;  1 drivers
S_01fce188 .scope module, "test_reg" "Register" 3 32, 7 1 0, S_01fce0b8;
 .timescale 0 0;
    .port_info 0 /INPUT 32 "IN"
    .port_info 1 /INPUT 1 "Clk"
    .port_info 2 /INPUT 1 "Reset"
    .port_info 3 /INPUT 1 "Load"
    .port_info 4 /OUTPUT 32 "OUT"
L_01fdb400 .functor AND 1, v01fd60d8_0, L_01fdb448, C4<1>, C4<1>;
v01fd2318_0 .net "Clk", 0 0, v01fd60d8_0;  alias, 1 drivers
v01fd2370_0 .net "IN", 31 0, v01fda408_0;  alias, 1 drivers
v01fd23c8_0 .net "Load", 0 0, L_01fdb448;  1 drivers
v01fd2420_0 .net "OUT", 31 0, v01fd2528_0;  alias, 1 drivers
v01fd2478_0 .net "Reset", 0 0, v01fda250_0;  alias, 1 drivers
v01fd24d0_0 .net *"_s3", 0 0, L_01fdb400;  1 drivers
v01fd2528_0 .var "d", 31 0;
E_01fd2aa0 .event negedge, L_01fdb400;
S_01fce258 .scope generate, "registers[13]" "registers[13]" 3 30, 3 30 0, S_01f8d828;
 .timescale 0 0;
P_01fd2af0 .param/l "i" 0 3 30, +C4<01101>;
L_01fdb520 .functor AND 1, L_01fda8d8, v01fd6188_0, C4<1>, C4<1>;
v01fd54d0_0 .net *"_s0", 0 0, L_01fda8d8;  1 drivers
S_01fce328 .scope module, "test_reg" "Register" 3 32, 7 1 0, S_01fce258;
 .timescale 0 0;
    .port_info 0 /INPUT 32 "IN"
    .port_info 1 /INPUT 1 "Clk"
    .port_info 2 /INPUT 1 "Reset"
    .port_info 3 /INPUT 1 "Load"
    .port_info 4 /OUTPUT 32 "OUT"
L_01fdb4d8 .functor AND 1, v01fd60d8_0, L_01fdb520, C4<1>, C4<1>;
v01fd25d8_0 .net "Clk", 0 0, v01fd60d8_0;  alias, 1 drivers
v01fd2630_0 .net "IN", 31 0, v01fda408_0;  alias, 1 drivers
v01fd5318_0 .net "Load", 0 0, L_01fdb520;  1 drivers
v01fd5370_0 .net "OUT", 31 0, v01fd5478_0;  alias, 1 drivers
v01fd53c8_0 .net "Reset", 0 0, v01fda250_0;  alias, 1 drivers
v01fd5420_0 .net *"_s3", 0 0, L_01fdb4d8;  1 drivers
v01fd5478_0 .var "d", 31 0;
E_01fd2b18 .event negedge, L_01fdb4d8;
S_01fce3f8 .scope generate, "registers[14]" "registers[14]" 3 30, 3 30 0, S_01f8d828;
 .timescale 0 0;
P_01fd2b68 .param/l "i" 0 3 30, +C4<01110>;
L_01fdb5f8 .functor AND 1, L_01fda930, v01fd6188_0, C4<1>, C4<1>;
v01fd5790_0 .net *"_s0", 0 0, L_01fda930;  1 drivers
S_01fce4c8 .scope module, "test_reg" "Register" 3 32, 7 1 0, S_01fce3f8;
 .timescale 0 0;
    .port_info 0 /INPUT 32 "IN"
    .port_info 1 /INPUT 1 "Clk"
    .port_info 2 /INPUT 1 "Reset"
    .port_info 3 /INPUT 1 "Load"
    .port_info 4 /OUTPUT 32 "OUT"
L_01fdb5b0 .functor AND 1, v01fd60d8_0, L_01fdb5f8, C4<1>, C4<1>;
v01fd5528_0 .net "Clk", 0 0, v01fd60d8_0;  alias, 1 drivers
v01fd5580_0 .net "IN", 31 0, v01fda408_0;  alias, 1 drivers
v01fd55d8_0 .net "Load", 0 0, L_01fdb5f8;  1 drivers
v01fd5630_0 .net "OUT", 31 0, v01fd5738_0;  alias, 1 drivers
v01fd5688_0 .net "Reset", 0 0, v01fda250_0;  alias, 1 drivers
v01fd56e0_0 .net *"_s3", 0 0, L_01fdb5b0;  1 drivers
v01fd5738_0 .var "d", 31 0;
E_01fd2b90 .event negedge, L_01fdb5b0;
S_01fce598 .scope generate, "registers[15]" "registers[15]" 3 30, 3 30 0, S_01f8d828;
 .timescale 0 0;
P_01fd2be0 .param/l "i" 0 3 30, +C4<01111>;
L_01fdb6d0 .functor AND 1, L_01fda988, v01fd6188_0, C4<1>, C4<1>;
v01fd5a50_0 .net *"_s0", 0 0, L_01fda988;  1 drivers
S_01fd6318 .scope module, "test_reg" "Register" 3 32, 7 1 0, S_01fce598;
 .timescale 0 0;
    .port_info 0 /INPUT 32 "IN"
    .port_info 1 /INPUT 1 "Clk"
    .port_info 2 /INPUT 1 "Reset"
    .port_info 3 /INPUT 1 "Load"
    .port_info 4 /OUTPUT 32 "OUT"
L_01fdb688 .functor AND 1, v01fd60d8_0, L_01fdb6d0, C4<1>, C4<1>;
v01fd57e8_0 .net "Clk", 0 0, v01fd60d8_0;  alias, 1 drivers
v01fd5840_0 .net "IN", 31 0, v01fda408_0;  alias, 1 drivers
v01fd5898_0 .net "Load", 0 0, L_01fdb6d0;  1 drivers
v01fd58f0_0 .net "OUT", 31 0, v01fd59f8_0;  alias, 1 drivers
v01fd5948_0 .net "Reset", 0 0, v01fda250_0;  alias, 1 drivers
v01fd59a0_0 .net *"_s3", 0 0, L_01fdb688;  1 drivers
v01fd59f8_0 .var "d", 31 0;
E_01fd2c08 .event negedge, L_01fdb688;
    .scope S_01fcce08;
T_0 ;
    %wait E_01fc90a8;
    %load/vec4 v01fcc210_0;
    %store/vec4 v01fcc3c8_0, 0, 32;
    %jmp T_0;
    .thread T_0;
    .scope S_01fcce08;
T_1 ;
    %wait E_01fc9080;
    %pushi/vec4 0, 0, 32;
    %store/vec4 v01fcc3c8_0, 0, 32;
    %jmp T_1;
    .thread T_1, $push;
    .scope S_01fccfa8;
T_2 ;
    %wait E_01fc9120;
    %load/vec4 v01fcc4d0_0;
    %store/vec4 v01fce6b8_0, 0, 32;
    %jmp T_2;
    .thread T_2;
    .scope S_01fccfa8;
T_3 ;
    %wait E_01fc9080;
    %pushi/vec4 0, 0, 32;
    %store/vec4 v01fce6b8_0, 0, 32;
    %jmp T_3;
    .thread T_3, $push;
    .scope S_01fcd148;
T_4 ;
    %wait E_01fc9198;
    %load/vec4 v01fce7c0_0;
    %store/vec4 v01fce978_0, 0, 32;
    %jmp T_4;
    .thread T_4;
    .scope S_01fcd148;
T_5 ;
    %wait E_01fc9080;
    %pushi/vec4 0, 0, 32;
    %store/vec4 v01fce978_0, 0, 32;
    %jmp T_5;
    .thread T_5, $push;
    .scope S_01fcd2e8;
T_6 ;
    %wait E_01fc9210;
    %load/vec4 v01fcea80_0;
    %store/vec4 v01fcec38_0, 0, 32;
    %jmp T_6;
    .thread T_6;
    .scope S_01fcd2e8;
T_7 ;
    %wait E_01fc9080;
    %pushi/vec4 0, 0, 32;
    %store/vec4 v01fcec38_0, 0, 32;
    %jmp T_7;
    .thread T_7, $push;
    .scope S_01fcd488;
T_8 ;
    %wait E_01fc9288;
    %load/vec4 v01fced40_0;
    %store/vec4 v01fceef8_0, 0, 32;
    %jmp T_8;
    .thread T_8;
    .scope S_01fcd488;
T_9 ;
    %wait E_01fc9080;
    %pushi/vec4 0, 0, 32;
    %store/vec4 v01fceef8_0, 0, 32;
    %jmp T_9;
    .thread T_9, $push;
    .scope S_01fcd628;
T_10 ;
    %wait E_01fc9300;
    %load/vec4 v01fcf000_0;
    %store/vec4 v01fcf1b8_0, 0, 32;
    %jmp T_10;
    .thread T_10;
    .scope S_01fcd628;
T_11 ;
    %wait E_01fc9080;
    %pushi/vec4 0, 0, 32;
    %store/vec4 v01fcf1b8_0, 0, 32;
    %jmp T_11;
    .thread T_11, $push;
    .scope S_01fcd7c8;
T_12 ;
    %wait E_01fc9378;
    %load/vec4 v01fcf2c0_0;
    %store/vec4 v01fcf478_0, 0, 32;
    %jmp T_12;
    .thread T_12;
    .scope S_01fcd7c8;
T_13 ;
    %wait E_01fc9080;
    %pushi/vec4 0, 0, 32;
    %store/vec4 v01fcf478_0, 0, 32;
    %jmp T_13;
    .thread T_13, $push;
    .scope S_01fcd968;
T_14 ;
    %wait E_01fc93f0;
    %load/vec4 v01fcf580_0;
    %store/vec4 v01fd1768_0, 0, 32;
    %jmp T_14;
    .thread T_14;
    .scope S_01fcd968;
T_15 ;
    %wait E_01fc9080;
    %pushi/vec4 0, 0, 32;
    %store/vec4 v01fd1768_0, 0, 32;
    %jmp T_15;
    .thread T_15, $push;
    .scope S_01fcdb08;
T_16 ;
    %wait E_01fc9468;
    %load/vec4 v01fd1870_0;
    %store/vec4 v01fd1a28_0, 0, 32;
    %jmp T_16;
    .thread T_16;
    .scope S_01fcdb08;
T_17 ;
    %wait E_01fc9080;
    %pushi/vec4 0, 0, 32;
    %store/vec4 v01fd1a28_0, 0, 32;
    %jmp T_17;
    .thread T_17, $push;
    .scope S_01fcdca8;
T_18 ;
    %wait E_01fd2938;
    %load/vec4 v01fd1b30_0;
    %store/vec4 v01fd1ce8_0, 0, 32;
    %jmp T_18;
    .thread T_18;
    .scope S_01fcdca8;
T_19 ;
    %wait E_01fc9080;
    %pushi/vec4 0, 0, 32;
    %store/vec4 v01fd1ce8_0, 0, 32;
    %jmp T_19;
    .thread T_19, $push;
    .scope S_01fcde48;
T_20 ;
    %wait E_01fd29b0;
    %load/vec4 v01fd1df0_0;
    %store/vec4 v01fd1fa8_0, 0, 32;
    %jmp T_20;
    .thread T_20;
    .scope S_01fcde48;
T_21 ;
    %wait E_01fc9080;
    %pushi/vec4 0, 0, 32;
    %store/vec4 v01fd1fa8_0, 0, 32;
    %jmp T_21;
    .thread T_21, $push;
    .scope S_01fcdfe8;
T_22 ;
    %wait E_01fd2a28;
    %load/vec4 v01fd20b0_0;
    %store/vec4 v01fd2268_0, 0, 32;
    %jmp T_22;
    .thread T_22;
    .scope S_01fcdfe8;
T_23 ;
    %wait E_01fc9080;
    %pushi/vec4 0, 0, 32;
    %store/vec4 v01fd2268_0, 0, 32;
    %jmp T_23;
    .thread T_23, $push;
    .scope S_01fce188;
T_24 ;
    %wait E_01fd2aa0;
    %load/vec4 v01fd2370_0;
    %store/vec4 v01fd2528_0, 0, 32;
    %jmp T_24;
    .thread T_24;
    .scope S_01fce188;
T_25 ;
    %wait E_01fc9080;
    %pushi/vec4 0, 0, 32;
    %store/vec4 v01fd2528_0, 0, 32;
    %jmp T_25;
    .thread T_25, $push;
    .scope S_01fce328;
T_26 ;
    %wait E_01fd2b18;
    %load/vec4 v01fd2630_0;
    %store/vec4 v01fd5478_0, 0, 32;
    %jmp T_26;
    .thread T_26;
    .scope S_01fce328;
T_27 ;
    %wait E_01fc9080;
    %pushi/vec4 0, 0, 32;
    %store/vec4 v01fd5478_0, 0, 32;
    %jmp T_27;
    .thread T_27, $push;
    .scope S_01fce4c8;
T_28 ;
    %wait E_01fd2b90;
    %load/vec4 v01fd5580_0;
    %store/vec4 v01fd5738_0, 0, 32;
    %jmp T_28;
    .thread T_28;
    .scope S_01fce4c8;
T_29 ;
    %wait E_01fc9080;
    %pushi/vec4 0, 0, 32;
    %store/vec4 v01fd5738_0, 0, 32;
    %jmp T_29;
    .thread T_29, $push;
    .scope S_01fd6318;
T_30 ;
    %wait E_01fd2c08;
    %load/vec4 v01fd5840_0;
    %store/vec4 v01fd59f8_0, 0, 32;
    %jmp T_30;
    .thread T_30;
    .scope S_01fd6318;
T_31 ;
    %wait E_01fc9080;
    %pushi/vec4 0, 0, 32;
    %store/vec4 v01fd59f8_0, 0, 32;
    %jmp T_31;
    .thread T_31, $push;
    .scope S_0094c308;
T_32 ;
    %pushi/vec4 0, 0, 32;
    %store/vec4 v01f62700_0, 0, 32;
    %end;
    .thread T_32;
    .scope S_0094c308;
T_33 ;
    %wait E_01f86640;
    %pushi/vec4 0, 0, 32;
    %store/vec4 v01f62700_0, 0, 32;
T_33.0 ;
    %load/vec4 v01f62700_0;
    %cmpi/s 15, 0, 32;
    %flag_or 5, 4;
    %jmp/0xz T_33.1, 5;
    %pushi/vec4 0, 0, 1;
    %ix/getv/s 4, v01f62700_0;
    %store/vec4 v01f628b8_0, 4, 1;
    %load/vec4 v01f62700_0;
    %addi 1, 0, 32;
    %store/vec4 v01f62700_0, 0, 32;
    %jmp T_33.0;
T_33.1 ;
    %pushi/vec4 1, 0, 1;
    %ix/getv 4, v01f62a70_0;
    %store/vec4 v01f628b8_0, 4, 1;
    %jmp T_33;
    .thread T_33, $push;
    .scope S_0094b420;
T_34 ;
    %pushi/vec4 0, 0, 32;
    %store/vec4 v01f63150_0, 0, 32;
    %end;
    .thread T_34;
    .scope S_0094b420;
T_35 ;
    %wait E_01f86690;
    %pushi/vec4 0, 0, 32;
    %store/vec4 v01f63150_0, 0, 32;
T_35.0 ;
    %load/vec4 v01f63150_0;
    %cmpi/s 15, 0, 32;
    %flag_or 5, 4;
    %jmp/0xz T_35.1, 5;
    %pushi/vec4 0, 0, 1;
    %ix/getv/s 4, v01f63150_0;
    %store/vec4 v01f63200_0, 4, 1;
    %load/vec4 v01f63150_0;
    %addi 1, 0, 32;
    %store/vec4 v01f63150_0, 0, 32;
    %jmp T_35.0;
T_35.1 ;
    %pushi/vec4 1, 0, 1;
    %ix/getv 4, v01f632b0_0;
    %store/vec4 v01f63200_0, 4, 1;
    %jmp T_35;
    .thread T_35, $push;
    .scope S_0094b350;
T_36 ;
    %pushi/vec4 0, 0, 32;
    %store/vec4 v01f63360_0, 0, 32;
    %end;
    .thread T_36;
    .scope S_0094b350;
T_37 ;
    %wait E_01f86668;
    %pushi/vec4 0, 0, 32;
    %store/vec4 v01f63360_0, 0, 32;
T_37.0 ;
    %load/vec4 v01f63360_0;
    %cmpi/s 15, 0, 32;
    %flag_or 5, 4;
    %jmp/0xz T_37.1, 5;
    %pushi/vec4 0, 0, 1;
    %ix/getv/s 4, v01f63360_0;
    %store/vec4 v01f63410_0, 4, 1;
    %load/vec4 v01f63360_0;
    %addi 1, 0, 32;
    %store/vec4 v01f63360_0, 0, 32;
    %jmp T_37.0;
T_37.1 ;
    %pushi/vec4 1, 0, 1;
    %ix/getv 4, v01f634c0_0;
    %store/vec4 v01f63410_0, 4, 1;
    %jmp T_37;
    .thread T_37, $push;
    .scope S_0094aff8;
T_38 ;
    %pushi/vec4 0, 0, 32;
    %store/vec4 v01f62f40_0, 0, 32;
    %end;
    .thread T_38;
    .scope S_0094aff8;
T_39 ;
    %wait E_01f866b8;
    %pushi/vec4 0, 0, 32;
    %store/vec4 v01f62f40_0, 0, 32;
T_39.0 ;
    %load/vec4 v01f62f40_0;
    %cmpi/s 15, 0, 32;
    %flag_or 5, 4;
    %jmp/0xz T_39.1, 5;
    %pushi/vec4 0, 0, 1;
    %ix/getv/s 4, v01f62f40_0;
    %store/vec4 v01f62ff0_0, 4, 1;
    %load/vec4 v01f62f40_0;
    %addi 1, 0, 32;
    %store/vec4 v01f62f40_0, 0, 32;
    %jmp T_39.0;
T_39.1 ;
    %pushi/vec4 1, 0, 1;
    %ix/getv 4, v01f630a0_0;
    %store/vec4 v01f62ff0_0, 4, 1;
    %jmp T_39;
    .thread T_39, $push;
    .scope S_01f8d758;
T_40 ;
    %fork t_1, S_01f8d758;
    %fork t_2, S_01f8d758;
    %fork t_3, S_01f8d758;
    %fork t_4, S_01f8d758;
    %fork t_5, S_01f8d758;
    %fork t_6, S_01f8d758;
    %fork t_7, S_01f8d758;
    %fork t_8, S_01f8d758;
    %fork t_9, S_01f8d758;
    %fork t_10, S_01f8d758;
    %fork t_11, S_01f8d758;
    %fork t_12, S_01f8d758;
    %fork t_13, S_01f8d758;
    %fork t_14, S_01f8d758;
    %fork t_15, S_01f8d758;
    %fork t_16, S_01f8d758;
    %fork t_17, S_01f8d758;
    %fork t_18, S_01f8d758;
    %fork t_19, S_01f8d758;
    %fork t_20, S_01f8d758;
    %fork t_21, S_01f8d758;
    %fork t_22, S_01f8d758;
    %fork t_23, S_01f8d758;
    %fork t_24, S_01f8d758;
    %fork t_25, S_01f8d758;
    %fork t_26, S_01f8d758;
    %fork t_27, S_01f8d758;
    %fork t_28, S_01f8d758;
    %fork t_29, S_01f8d758;
    %fork t_30, S_01f8d758;
    %fork t_31, S_01f8d758;
    %fork t_32, S_01f8d758;
    %fork t_33, S_01f8d758;
    %fork t_34, S_01f8d758;
    %fork t_35, S_01f8d758;
    %fork t_36, S_01f8d758;
    %fork t_37, S_01f8d758;
    %fork t_38, S_01f8d758;
    %fork t_39, S_01f8d758;
    %fork t_40, S_01f8d758;
    %fork t_41, S_01f8d758;
    %fork t_42, S_01f8d758;
    %fork t_43, S_01f8d758;
    %fork t_44, S_01f8d758;
    %fork t_45, S_01f8d758;
    %fork t_46, S_01f8d758;
    %fork t_47, S_01f8d758;
    %fork t_48, S_01f8d758;
    %fork t_49, S_01f8d758;
    %fork t_50, S_01f8d758;
    %fork t_51, S_01f8d758;
    %fork t_52, S_01f8d758;
    %fork t_53, S_01f8d758;
    %fork t_54, S_01f8d758;
    %fork t_55, S_01f8d758;
    %fork t_56, S_01f8d758;
    %fork t_57, S_01f8d758;
    %fork t_58, S_01f8d758;
    %fork t_59, S_01f8d758;
    %fork t_60, S_01f8d758;
    %fork t_61, S_01f8d758;
    %fork t_62, S_01f8d758;
    %fork t_63, S_01f8d758;
    %fork t_64, S_01f8d758;
    %fork t_65, S_01f8d758;
    %fork t_66, S_01f8d758;
    %fork t_67, S_01f8d758;
    %fork t_68, S_01f8d758;
    %fork t_69, S_01f8d758;
    %fork t_70, S_01f8d758;
    %fork t_71, S_01f8d758;
    %fork t_72, S_01f8d758;
    %fork t_73, S_01f8d758;
    %join;
    %join;
    %join;
    %join;
    %join;
    %join;
    %join;
    %join;
    %join;
    %join;
    %join;
    %join;
    %join;
    %join;
    %join;
    %join;
    %join;
    %join;
    %join;
    %join;
    %join;
    %join;
    %join;
    %join;
    %join;
    %join;
    %join;
    %join;
    %join;
    %join;
    %join;
    %join;
    %join;
    %join;
    %join;
    %join;
    %join;
    %join;
    %join;
    %join;
    %join;
    %join;
    %join;
    %join;
    %join;
    %join;
    %join;
    %join;
    %join;
    %join;
    %join;
    %join;
    %join;
    %join;
    %join;
    %join;
    %join;
    %join;
    %join;
    %join;
    %join;
    %join;
    %join;
    %join;
    %join;
    %join;
    %join;
    %join;
    %join;
    %join;
    %join;
    %join;
    %join;
    %jmp t_0;
t_1 ;
    %pushi/vec4 0, 0, 1;
    %store/vec4 v01fd60d8_0, 0, 1;
    %end;
t_2 ;
    %pushi/vec4 1, 0, 1;
    %store/vec4 v01fda250_0, 0, 1;
    %end;
t_3 ;
    %pushi/vec4 0, 4294967295, 32;
    %store/vec4 v01fd6290_0, 0, 32;
    %end;
t_4 ;
    %pushi/vec4 0, 4294967295, 32;
    %store/vec4 v01fda408_0, 0, 32;
    %end;
t_5 ;
    %pushi/vec4 0, 0, 1;
    %store/vec4 v01fd61e0_0, 0, 1;
    %end;
t_6 ;
    %pushi/vec4 0, 0, 1;
    %store/vec4 v01fd6188_0, 0, 1;
    %end;
t_7 ;
    %pushi/vec4 1, 0, 1;
    %store/vec4 v01fd6130_0, 0, 1;
    %end;
t_8 ;
    %pushi/vec4 0, 0, 4;
    %ix/load 4, 0, 0;
    %flag_set/imm 4, 0;
    %store/vec4 v01fda2a8_0, 4, 4;
    %end;
t_9 ;
    %pushi/vec4 0, 0, 4;
    %ix/load 4, 4, 0;
    %flag_set/imm 4, 0;
    %store/vec4 v01fda2a8_0, 4, 4;
    %end;
t_10 ;
    %pushi/vec4 0, 0, 4;
    %ix/load 4, 8, 0;
    %flag_set/imm 4, 0;
    %store/vec4 v01fda2a8_0, 4, 4;
    %end;
t_11 ;
    %pushi/vec4 0, 0, 4;
    %ix/load 4, 12, 0;
    %flag_set/imm 4, 0;
    %store/vec4 v01fda2a8_0, 4, 4;
    %end;
t_12 ;
    %pushi/vec4 0, 0, 4;
    %ix/load 4, 16, 0;
    %flag_set/imm 4, 0;
    %store/vec4 v01fda2a8_0, 4, 4;
    %end;
t_13 ;
    %delay 1, 0;
    %pushi/vec4 0, 0, 1;
    %store/vec4 v01fda250_0, 0, 1;
    %end;
t_14 ;
    %delay 1, 0;
    %pushi/vec4 0, 4294967295, 32;
    %store/vec4 v01fd6290_0, 0, 32;
    %end;
t_15 ;
    %delay 1, 0;
    %pushi/vec4 1, 0, 32;
    %store/vec4 v01fda408_0, 0, 32;
    %end;
t_16 ;
    %delay 1, 0;
    %pushi/vec4 0, 0, 1;
    %store/vec4 v01fd61e0_0, 0, 1;
    %end;
t_17 ;
    %delay 1, 0;
    %pushi/vec4 1, 0, 1;
    %store/vec4 v01fd6188_0, 0, 1;
    %end;
t_18 ;
    %delay 1, 0;
    %pushi/vec4 1, 0, 1;
    %store/vec4 v01fd6130_0, 0, 1;
    %end;
t_19 ;
    %delay 1, 0;
    %pushi/vec4 0, 0, 4;
    %ix/load 4, 0, 0;
    %flag_set/imm 4, 0;
    %store/vec4 v01fda2a8_0, 4, 4;
    %end;
t_20 ;
    %delay 1, 0;
    %pushi/vec4 0, 0, 4;
    %ix/load 4, 4, 0;
    %flag_set/imm 4, 0;
    %store/vec4 v01fda2a8_0, 4, 4;
    %end;
t_21 ;
    %delay 1, 0;
    %pushi/vec4 0, 0, 4;
    %ix/load 4, 8, 0;
    %flag_set/imm 4, 0;
    %store/vec4 v01fda2a8_0, 4, 4;
    %end;
t_22 ;
    %delay 1, 0;
    %pushi/vec4 0, 0, 4;
    %ix/load 4, 12, 0;
    %flag_set/imm 4, 0;
    %store/vec4 v01fda2a8_0, 4, 4;
    %end;
t_23 ;
    %delay 1, 0;
    %pushi/vec4 0, 0, 4;
    %ix/load 4, 16, 0;
    %flag_set/imm 4, 0;
    %store/vec4 v01fda2a8_0, 4, 4;
    %end;
t_24 ;
    %delay 2, 0;
    %pushi/vec4 0, 4294967295, 32;
    %store/vec4 v01fd6290_0, 0, 32;
    %end;
t_25 ;
    %delay 2, 0;
    %pushi/vec4 1, 0, 32;
    %store/vec4 v01fda408_0, 0, 32;
    %end;
t_26 ;
    %delay 2, 0;
    %pushi/vec4 0, 0, 1;
    %store/vec4 v01fd61e0_0, 0, 1;
    %end;
t_27 ;
    %delay 2, 0;
    %pushi/vec4 1, 0, 1;
    %store/vec4 v01fd6188_0, 0, 1;
    %end;
t_28 ;
    %delay 2, 0;
    %pushi/vec4 1, 0, 1;
    %store/vec4 v01fd6130_0, 0, 1;
    %end;
t_29 ;
    %delay 2, 0;
    %pushi/vec4 0, 0, 4;
    %ix/load 4, 0, 0;
    %flag_set/imm 4, 0;
    %store/vec4 v01fda2a8_0, 4, 4;
    %end;
t_30 ;
    %delay 2, 0;
    %pushi/vec4 0, 0, 4;
    %ix/load 4, 4, 0;
    %flag_set/imm 4, 0;
    %store/vec4 v01fda2a8_0, 4, 4;
    %end;
t_31 ;
    %delay 2, 0;
    %pushi/vec4 0, 0, 4;
    %ix/load 4, 8, 0;
    %flag_set/imm 4, 0;
    %store/vec4 v01fda2a8_0, 4, 4;
    %end;
t_32 ;
    %delay 2, 0;
    %pushi/vec4 0, 0, 4;
    %ix/load 4, 12, 0;
    %flag_set/imm 4, 0;
    %store/vec4 v01fda2a8_0, 4, 4;
    %end;
t_33 ;
    %delay 2, 0;
    %pushi/vec4 0, 0, 4;
    %ix/load 4, 16, 0;
    %flag_set/imm 4, 0;
    %store/vec4 v01fda2a8_0, 4, 4;
    %end;
t_34 ;
    %delay 3, 0;
    %pushi/vec4 0, 4294967295, 32;
    %store/vec4 v01fd6290_0, 0, 32;
    %end;
t_35 ;
    %delay 3, 0;
    %load/vec4 v01fda358_0;
    %store/vec4 v01fda408_0, 0, 32;
    %end;
t_36 ;
    %delay 3, 0;
    %pushi/vec4 0, 0, 1;
    %store/vec4 v01fd61e0_0, 0, 1;
    %end;
t_37 ;
    %delay 3, 0;
    %pushi/vec4 1, 0, 1;
    %store/vec4 v01fd6188_0, 0, 1;
    %end;
t_38 ;
    %delay 3, 0;
    %pushi/vec4 1, 0, 1;
    %store/vec4 v01fd6130_0, 0, 1;
    %end;
t_39 ;
    %delay 3, 0;
    %pushi/vec4 0, 0, 4;
    %ix/load 4, 0, 0;
    %flag_set/imm 4, 0;
    %store/vec4 v01fda2a8_0, 4, 4;
    %end;
t_40 ;
    %delay 3, 0;
    %pushi/vec4 0, 0, 4;
    %ix/load 4, 4, 0;
    %flag_set/imm 4, 0;
    %store/vec4 v01fda2a8_0, 4, 4;
    %end;
t_41 ;
    %delay 3, 0;
    %pushi/vec4 0, 0, 4;
    %ix/load 4, 8, 0;
    %flag_set/imm 4, 0;
    %store/vec4 v01fda2a8_0, 4, 4;
    %end;
t_42 ;
    %delay 3, 0;
    %pushi/vec4 1, 0, 4;
    %ix/load 4, 12, 0;
    %flag_set/imm 4, 0;
    %store/vec4 v01fda2a8_0, 4, 4;
    %end;
t_43 ;
    %delay 3, 0;
    %pushi/vec4 0, 0, 4;
    %ix/load 4, 16, 0;
    %flag_set/imm 4, 0;
    %store/vec4 v01fda2a8_0, 4, 4;
    %end;
t_44 ;
    %delay 4, 0;
    %pushi/vec4 0, 4294967295, 32;
    %store/vec4 v01fd6290_0, 0, 32;
    %end;
t_45 ;
    %delay 4, 0;
    %load/vec4 v01fda358_0;
    %store/vec4 v01fda408_0, 0, 32;
    %end;
t_46 ;
    %delay 4, 0;
    %pushi/vec4 0, 0, 1;
    %store/vec4 v01fd61e0_0, 0, 1;
    %end;
t_47 ;
    %delay 4, 0;
    %pushi/vec4 1, 0, 1;
    %store/vec4 v01fd6188_0, 0, 1;
    %end;
t_48 ;
    %delay 4, 0;
    %pushi/vec4 1, 0, 1;
    %store/vec4 v01fd6130_0, 0, 1;
    %end;
t_49 ;
    %delay 4, 0;
    %pushi/vec4 0, 0, 4;
    %ix/load 4, 0, 0;
    %flag_set/imm 4, 0;
    %store/vec4 v01fda2a8_0, 4, 4;
    %end;
t_50 ;
    %delay 4, 0;
    %pushi/vec4 0, 0, 4;
    %ix/load 4, 4, 0;
    %flag_set/imm 4, 0;
    %store/vec4 v01fda2a8_0, 4, 4;
    %end;
t_51 ;
    %delay 4, 0;
    %pushi/vec4 0, 0, 4;
    %ix/load 4, 8, 0;
    %flag_set/imm 4, 0;
    %store/vec4 v01fda2a8_0, 4, 4;
    %end;
t_52 ;
    %delay 4, 0;
    %pushi/vec4 1, 0, 4;
    %ix/load 4, 12, 0;
    %flag_set/imm 4, 0;
    %store/vec4 v01fda2a8_0, 4, 4;
    %end;
t_53 ;
    %delay 4, 0;
    %pushi/vec4 0, 0, 4;
    %ix/load 4, 16, 0;
    %flag_set/imm 4, 0;
    %store/vec4 v01fda2a8_0, 4, 4;
    %end;
t_54 ;
    %delay 5, 0;
    %pushi/vec4 0, 4294967295, 32;
    %store/vec4 v01fd6290_0, 0, 32;
    %end;
t_55 ;
    %delay 5, 0;
    %load/vec4 v01fda358_0;
    %store/vec4 v01fda408_0, 0, 32;
    %end;
t_56 ;
    %delay 5, 0;
    %pushi/vec4 0, 0, 1;
    %store/vec4 v01fd61e0_0, 0, 1;
    %end;
t_57 ;
    %delay 5, 0;
    %pushi/vec4 1, 0, 1;
    %store/vec4 v01fd6188_0, 0, 1;
    %end;
t_58 ;
    %delay 5, 0;
    %pushi/vec4 1, 0, 1;
    %store/vec4 v01fd6130_0, 0, 1;
    %end;
t_59 ;
    %delay 5, 0;
    %pushi/vec4 0, 0, 4;
    %ix/load 4, 0, 0;
    %flag_set/imm 4, 0;
    %store/vec4 v01fda2a8_0, 4, 4;
    %end;
t_60 ;
    %delay 5, 0;
    %pushi/vec4 0, 0, 4;
    %ix/load 4, 4, 0;
    %flag_set/imm 4, 0;
    %store/vec4 v01fda2a8_0, 4, 4;
    %end;
t_61 ;
    %delay 5, 0;
    %pushi/vec4 0, 0, 4;
    %ix/load 4, 8, 0;
    %flag_set/imm 4, 0;
    %store/vec4 v01fda2a8_0, 4, 4;
    %end;
t_62 ;
    %delay 5, 0;
    %pushi/vec4 2, 0, 4;
    %ix/load 4, 12, 0;
    %flag_set/imm 4, 0;
    %store/vec4 v01fda2a8_0, 4, 4;
    %end;
t_63 ;
    %delay 5, 0;
    %pushi/vec4 0, 0, 4;
    %ix/load 4, 16, 0;
    %flag_set/imm 4, 0;
    %store/vec4 v01fda2a8_0, 4, 4;
    %end;
t_64 ;
    %delay 6, 0;
    %pushi/vec4 0, 4294967295, 32;
    %store/vec4 v01fd6290_0, 0, 32;
    %end;
t_65 ;
    %delay 6, 0;
    %load/vec4 v01fda358_0;
    %store/vec4 v01fda408_0, 0, 32;
    %end;
t_66 ;
    %delay 6, 0;
    %pushi/vec4 0, 0, 1;
    %store/vec4 v01fd61e0_0, 0, 1;
    %end;
t_67 ;
    %delay 6, 0;
    %pushi/vec4 1, 0, 1;
    %store/vec4 v01fd6188_0, 0, 1;
    %end;
t_68 ;
    %delay 6, 0;
    %pushi/vec4 1, 0, 1;
    %store/vec4 v01fd6130_0, 0, 1;
    %end;
t_69 ;
    %delay 6, 0;
    %pushi/vec4 0, 0, 4;
    %ix/load 4, 0, 0;
    %flag_set/imm 4, 0;
    %store/vec4 v01fda2a8_0, 4, 4;
    %end;
t_70 ;
    %delay 6, 0;
    %pushi/vec4 0, 0, 4;
    %ix/load 4, 4, 0;
    %flag_set/imm 4, 0;
    %store/vec4 v01fda2a8_0, 4, 4;
    %end;
t_71 ;
    %delay 6, 0;
    %pushi/vec4 0, 0, 4;
    %ix/load 4, 8, 0;
    %flag_set/imm 4, 0;
    %store/vec4 v01fda2a8_0, 4, 4;
    %end;
t_72 ;
    %delay 6, 0;
    %pushi/vec4 2, 0, 4;
    %ix/load 4, 12, 0;
    %flag_set/imm 4, 0;
    %store/vec4 v01fda2a8_0, 4, 4;
    %end;
t_73 ;
    %delay 6, 0;
    %pushi/vec4 0, 0, 4;
    %ix/load 4, 16, 0;
    %flag_set/imm 4, 0;
    %store/vec4 v01fda2a8_0, 4, 4;
    %end;
    .scope S_01f8d758;
t_0 ;
    %end;
    .thread T_40;
    .scope S_01f8d758;
T_41 ;
    %delay 1, 0;
    %load/vec4 v01fd60d8_0;
    %inv;
    %store/vec4 v01fd60d8_0, 0, 1;
    %jmp T_41;
    .thread T_41;
    .scope S_01f8d758;
T_42 ;
    %delay 1500, 0;
    %vpi_call 2 32 "$finish" {0 0 0};
    %end;
    .thread T_42;
    .scope S_01f8d758;
T_43 ;
    %vpi_call 2 35 "$dumpfile", "RegisterFileTestBench2.vcd" {0 0 0};
    %vpi_call 2 36 "$dumpvars", 32'sb00000000000000000000000000000000, S_01f8d758 {0 0 0};
    %vpi_call 2 37 "$display", " Test Results" {0 0 0};
    %vpi_call 2 38 "$monitor", "time = %3d ,Pcin = %3d , in = %3d , LOADPC = %3d , LOAD = %3d , IR_CU = %3d , RSLCT = %3d , Rn = %3d ,Rm = %3d ,Rs = %3d ,PCout = %3d", $time, v01fd6290_0, v01fda408_0, v01fd61e0_0, v01fd6188_0, v01fd6130_0, v01fda2a8_0, v01fda358_0, v01fda300_0, v01fda3b0_0, v01fd6238_0 {0 0 0};
    %end;
    .thread T_43;
# The file index is used to find the file name in the following table.
:file_names 8;
    "N/A";
    "<interactive>";
    "RegisterFileTestBench2.v";
    "RegisterFile.v";
    "Decoder4x16.v";
    "Buffer32_32.v";
    "Multiplexer2x1_32b.v";
    "Register.v";
