#! c:/iverilog-x86/bin/vvp
:ivl_version "10.0 (stable)" "(v10_0)";
:ivl_delay_selection "TYPICAL";
:vpi_time_precision + 0;
:vpi_module "system";
:vpi_module "vhdl_sys";
:vpi_module "v2005_math";
:vpi_module "va_math";
S_01f4e458 .scope module, "prefab_alu_rf" "prefab_alu_rf" 2 1;
 .timescale 0 0;
P_01f518e8 .param/l "sim_time" 0 2 3, +C4<0000000000000000000000000000000000000000000000000000010111011100>;
v020055c8_0 .var "ALU_OUT", 0 0;
v02005620_0 .var "Clk", 0 0;
v02005678_0 .var "FLAGS", 3 0;
v020056d0_0 .net "FLAGS_OUT", 3 0, L_0200f740;  1 drivers
v02005728_0 .var "IR_CU", 0 0;
v02005780_0 .var "LOAD", 0 0;
v020057d8_0 .var "LOADPC", 0 0;
v02009278_0 .var "OP", 4 0;
o01fc56a4 .functor BUFZ 32, C4<zzzzzzzzzzzzzzzzzzzzzzzzzzzzzzzz>; HiZ drive
v020092d0_0 .net "PCout", 31 0, o01fc56a4;  0 drivers
v02009328_0 .var "Pcin", 31 0;
v02009380_0 .var "RESET", 0 0;
v020093d8_0 .var "RSLCT", 19 0;
RS_01fc3a54 .resolv tri, L_0200b820, L_0200b8d0, L_0200b980, L_0200ba30, L_0200bae0, L_0200bb90, L_0200bc40, L_0200bcf0, L_0200bda0, L_0200be50, L_0200bf00, L_0200bfb0, L_0200c060, L_0200c110, L_0200c1c0, L_0200c270;
v02009430_0 .net8 "Rm", 31 0, RS_01fc3a54;  16 drivers
RS_01fc3154 .resolv tri, L_02009b68, L_02009c18, L_02009cc8, L_02009d78, L_02009e28, L_02009ed8, L_02009f88, L_0200a038, L_0200a0e8, L_0200a198, L_0200b400, L_0200b4b0, L_0200b560, L_0200b610, L_0200b6c0, L_0200b770;
v02009488_0 .net8 "Rn", 31 0, RS_01fc3154;  16 drivers
RS_01fc41ec .resolv tri, L_0200c320, L_0200eae0, L_0200eb90, L_0200ec40, L_0200ecf0, L_0200eda0, L_0200ee50, L_0200ef00, L_0200efb0, L_0200f060, L_0200f110, L_0200f1c0, L_0200f270, L_0200f320, L_0200f3d0, L_0200f480;
v020094e0_0 .net8 "Rs", 31 0, RS_01fc41ec;  16 drivers
v02009538_0 .var "S", 0 0;
v02009590_0 .net "in", 31 0, L_0200f798;  1 drivers
S_01f4e528 .scope module, "RF" "RegisterFile" 2 10, 3 1 0, S_01f4e458;
 .timescale 0 0;
    .port_info 0 /INPUT 32 "in"
    .port_info 1 /INPUT 32 "Pcin"
    .port_info 2 /INPUT 20 "RSLCT"
    .port_info 3 /INPUT 1 "Clk"
    .port_info 4 /INPUT 1 "RESET"
    .port_info 5 /INPUT 1 "LOADPC"
    .port_info 6 /INPUT 1 "LOAD"
    .port_info 7 /INPUT 1 "IR_CU"
    .port_info 8 /OUTPUT 32 "Rn"
    .port_info 9 /OUTPUT 32 "Rm"
    .port_info 10 /OUTPUT 32 "Rs"
    .port_info 11 /OUTPUT 32 "PCout"
v02004bd0_0 .net "Clk", 0 0, v02005620_0;  1 drivers
v02004c28_0 .net "DecoderRd", 15 0, v01f8a0d0_0;  1 drivers
v02004c80_0 .net "DecoderRm", 15 0, v01f89db8_0;  1 drivers
v02004cd8_0 .net "DecoderRn_CU", 15 0, v01f89cb0_0;  1 drivers
v02004d30_0 .net "DecoderRs", 15 0, v01f89998_0;  1 drivers
v02004d88_0 .net "IR_CU", 0 0, v02005728_0;  1 drivers
v02004de0_0 .net "LOAD", 0 0, v02005780_0;  1 drivers
v02004e38_0 .net "LOADPC", 0 0, v020057d8_0;  1 drivers
v02004e90_0 .net "PCout", 31 0, o01fc56a4;  alias, 0 drivers
v02004ee8_0 .net "Pcin", 31 0, v02009328_0;  1 drivers
v02004f40 .array "Q", 0 15;
v02004f40_0 .net v02004f40 0, 31 0, v01fff768_0; 1 drivers
v02004f40_1 .net v02004f40 1, 31 0, v02002110_0; 1 drivers
v02004f40_2 .net v02004f40 2, 31 0, v02002378_0; 1 drivers
v02004f40_3 .net v02004f40 3, 31 0, v020025e0_0; 1 drivers
v02004f40_4 .net v02004f40 4, 31 0, v02002848_0; 1 drivers
v02004f40_5 .net v02004f40 5, 31 0, v02002ab0_0; 1 drivers
v02004f40_6 .net v02004f40 6, 31 0, v02002d18_0; 1 drivers
v02004f40_7 .net v02004f40 7, 31 0, v02002f80_0; 1 drivers
v02004f40_8 .net v02004f40 8, 31 0, v02003218_0; 1 drivers
v02004f40_9 .net v02004f40 9, 31 0, v02003480_0; 1 drivers
v02004f40_10 .net v02004f40 10, 31 0, v020036e8_0; 1 drivers
v02004f40_11 .net v02004f40 11, 31 0, v02003950_0; 1 drivers
v02004f40_12 .net v02004f40 12, 31 0, v02003bb8_0; 1 drivers
v02004f40_13 .net v02004f40 13, 31 0, v02003e20_0; 1 drivers
v02004f40_14 .net v02004f40 14, 31 0, v020048b8_0; 1 drivers
v02004f40_15 .net v02004f40 15, 31 0, v02004b20_0; 1 drivers
v02004f98_0 .net "RESET", 0 0, v02009380_0;  1 drivers
v02004ff0_0 .net "RSLCT", 19 0, v020093d8_0;  1 drivers
v02005048_0 .net8 "Rm", 31 0, RS_01fc3a54;  alias, 16 drivers
v020050a0_0 .net8 "Rn", 31 0, RS_01fc3154;  alias, 16 drivers
v020050f8_0 .net8 "Rs", 31 0, RS_01fc41ec;  alias, 16 drivers
v02005150_0 .net "_RN_CU", 3 0, L_0200f588;  1 drivers
v020051a8_0 .net "in", 31 0, L_0200f798;  alias, 1 drivers
L_020095e8 .part v01f8a0d0_0, 0, 1;
L_02009640 .part v01f8a0d0_0, 1, 1;
L_02009698 .part v01f8a0d0_0, 2, 1;
L_020096f0 .part v01f8a0d0_0, 3, 1;
L_02009748 .part v01f8a0d0_0, 4, 1;
L_020097a0 .part v01f8a0d0_0, 5, 1;
L_020097f8 .part v01f8a0d0_0, 6, 1;
L_02009850 .part v01f8a0d0_0, 7, 1;
L_020098a8 .part v01f8a0d0_0, 8, 1;
L_02009900 .part v01f8a0d0_0, 9, 1;
L_02009958 .part v01f8a0d0_0, 10, 1;
L_020099b0 .part v01f8a0d0_0, 11, 1;
L_02009a08 .part v01f8a0d0_0, 12, 1;
L_02009a60 .part v01f8a0d0_0, 13, 1;
L_02009ab8 .part v01f8a0d0_0, 14, 1;
L_02009b10 .part v01f8a0d0_0, 15, 1;
L_02009bc0 .part v01f89cb0_0, 0, 1;
L_02009c70 .part v01f89cb0_0, 1, 1;
L_02009d20 .part v01f89cb0_0, 2, 1;
L_02009dd0 .part v01f89cb0_0, 3, 1;
L_02009e80 .part v01f89cb0_0, 4, 1;
L_02009f30 .part v01f89cb0_0, 5, 1;
L_02009fe0 .part v01f89cb0_0, 6, 1;
L_0200a090 .part v01f89cb0_0, 7, 1;
L_0200a140 .part v01f89cb0_0, 8, 1;
L_0200a1f0 .part v01f89cb0_0, 9, 1;
L_0200b458 .part v01f89cb0_0, 10, 1;
L_0200b508 .part v01f89cb0_0, 11, 1;
L_0200b5b8 .part v01f89cb0_0, 12, 1;
L_0200b668 .part v01f89cb0_0, 13, 1;
L_0200b718 .part v01f89cb0_0, 14, 1;
L_0200b7c8 .part v01f89cb0_0, 15, 1;
L_0200b878 .part v01f89db8_0, 0, 1;
L_0200b928 .part v01f89db8_0, 1, 1;
L_0200b9d8 .part v01f89db8_0, 2, 1;
L_0200ba88 .part v01f89db8_0, 3, 1;
L_0200bb38 .part v01f89db8_0, 4, 1;
L_0200bbe8 .part v01f89db8_0, 5, 1;
L_0200bc98 .part v01f89db8_0, 6, 1;
L_0200bd48 .part v01f89db8_0, 7, 1;
L_0200bdf8 .part v01f89db8_0, 8, 1;
L_0200bea8 .part v01f89db8_0, 9, 1;
L_0200bf58 .part v01f89db8_0, 10, 1;
L_0200c008 .part v01f89db8_0, 11, 1;
L_0200c0b8 .part v01f89db8_0, 12, 1;
L_0200c168 .part v01f89db8_0, 13, 1;
L_0200c218 .part v01f89db8_0, 14, 1;
L_0200c2c8 .part v01f89db8_0, 15, 1;
L_0200c378 .part v01f89998_0, 0, 1;
L_0200eb38 .part v01f89998_0, 1, 1;
L_0200ebe8 .part v01f89998_0, 2, 1;
L_0200ec98 .part v01f89998_0, 3, 1;
L_0200ed48 .part v01f89998_0, 4, 1;
L_0200edf8 .part v01f89998_0, 5, 1;
L_0200eea8 .part v01f89998_0, 6, 1;
L_0200ef58 .part v01f89998_0, 7, 1;
L_0200f008 .part v01f89998_0, 8, 1;
L_0200f0b8 .part v01f89998_0, 9, 1;
L_0200f168 .part v01f89998_0, 10, 1;
L_0200f218 .part v01f89998_0, 11, 1;
L_0200f2c8 .part v01f89998_0, 12, 1;
L_0200f378 .part v01f89998_0, 13, 1;
L_0200f428 .part v01f89998_0, 14, 1;
L_0200f4d8 .part v01f89998_0, 15, 1;
L_0200f530 .part v020093d8_0, 12, 4;
L_0200f5e0 .part v020093d8_0, 16, 4;
L_0200f638 .part v020093d8_0, 0, 4;
L_0200f690 .part v020093d8_0, 4, 4;
L_0200f6e8 .part v020093d8_0, 8, 4;
S_003af8f8 .scope module, "DRd" "Decoder4x16" 3 8, 4 1 0, S_01f4e528;
 .timescale 0 0;
    .port_info 0 /INPUT 4 "IN"
    .port_info 1 /OUTPUT 16 "OUT"
v01f8a078_0 .net "IN", 3 0, L_0200f530;  1 drivers
v01f8a0d0_0 .var "OUT", 15 0;
v01f89f18_0 .var/i "i", 31 0;
E_01fb2140 .event edge, v01f8a078_0;
S_003af9c8 .scope module, "DRm" "Decoder4x16" 3 21, 4 1 0, S_01f4e528;
 .timescale 0 0;
    .port_info 0 /INPUT 4 "IN"
    .port_info 1 /OUTPUT 16 "OUT"
v01f89f70_0 .net "IN", 3 0, L_0200f690;  1 drivers
v01f89db8_0 .var "OUT", 15 0;
v01f89e10_0 .var/i "i", 31 0;
E_01fb2168 .event edge, v01f89f70_0;
S_003af0c0 .scope module, "DRn_CU" "Decoder4x16" 3 16, 4 1 0, S_01f4e528;
 .timescale 0 0;
    .port_info 0 /INPUT 4 "IN"
    .port_info 1 /OUTPUT 16 "OUT"
v01f89c58_0 .net "IN", 3 0, L_0200f588;  alias, 1 drivers
v01f89cb0_0 .var "OUT", 15 0;
v01f89af8_0 .var/i "i", 31 0;
E_01fb2190 .event edge, v01f89c58_0;
S_003af190 .scope module, "DRs" "Decoder4x16" 3 26, 4 1 0, S_01f4e528;
 .timescale 0 0;
    .port_info 0 /INPUT 4 "IN"
    .port_info 1 /OUTPUT 16 "OUT"
v01f89b50_0 .net "IN", 3 0, L_0200f6e8;  1 drivers
v01f89998_0 .var "OUT", 15 0;
v01f899f0_0 .var/i "i", 31 0;
E_01fb21b8 .event edge, v01f89b50_0;
S_003a4fb0 .scope generate, "buffers[0]" "buffers[0]" 3 38, 3 38 0, S_01f4e528;
 .timescale 0 0;
P_01fb2208 .param/l "i" 0 3 38, +C4<00>;
S_003a5080 .scope module, "bufffer" "Buffer32_32" 3 40, 5 1 0, S_003a4fb0;
 .timescale 0 0;
    .port_info 0 /INPUT 32 "IN"
    .port_info 1 /INPUT 1 "Store"
    .port_info 2 /OUTPUT 32 "OUT"
v01f89890_0 .net "IN", 31 0, v01fff768_0;  alias, 1 drivers
v01f8a7b0_0 .net8 "OUT", 31 0, RS_01fc3154;  alias, 16 drivers
v01f8a700_0 .net "Store", 0 0, L_02009bc0;  1 drivers
o01fc3184 .functor BUFZ 32, C4<zzzzzzzzzzzzzzzzzzzzzzzzzzzzzzzz>; HiZ drive
; Elide local net with no drivers, v01f8a650_0 name=_s0
L_02009b68 .functor MUXZ 32, o01fc3184, v01fff768_0, L_02009bc0, C4<>;
S_01f53980 .scope generate, "buffers[1]" "buffers[1]" 3 38, 3 38 0, S_01f4e528;
 .timescale 0 0;
P_01fb2230 .param/l "i" 0 3 38, +C4<01>;
S_01f53a50 .scope module, "bufffer" "Buffer32_32" 3 40, 5 1 0, S_01f53980;
 .timescale 0 0;
    .port_info 0 /INPUT 32 "IN"
    .port_info 1 /INPUT 1 "Store"
    .port_info 2 /OUTPUT 32 "OUT"
v01f8a5a0_0 .net "IN", 31 0, v02002110_0;  alias, 1 drivers
v01f8a4f0_0 .net8 "OUT", 31 0, RS_01fc3154;  alias, 16 drivers
v01f8a440_0 .net "Store", 0 0, L_02009c70;  1 drivers
o01fc3214 .functor BUFZ 32, C4<zzzzzzzzzzzzzzzzzzzzzzzzzzzzzzzz>; HiZ drive
; Elide local net with no drivers, v01f8a390_0 name=_s0
L_02009c18 .functor MUXZ 32, o01fc3214, v02002110_0, L_02009c70, C4<>;
S_003a3b78 .scope generate, "buffers[2]" "buffers[2]" 3 38, 3 38 0, S_01f4e528;
 .timescale 0 0;
P_01fb2258 .param/l "i" 0 3 38, +C4<010>;
S_003a3c48 .scope module, "bufffer" "Buffer32_32" 3 40, 5 1 0, S_003a3b78;
 .timescale 0 0;
    .port_info 0 /INPUT 32 "IN"
    .port_info 1 /INPUT 1 "Store"
    .port_info 2 /OUTPUT 32 "OUT"
v01f8a2e0_0 .net "IN", 31 0, v02002378_0;  alias, 1 drivers
v01f8a230_0 .net8 "OUT", 31 0, RS_01fc3154;  alias, 16 drivers
v01f8a180_0 .net "Store", 0 0, L_02009d20;  1 drivers
o01fc32a4 .functor BUFZ 32, C4<zzzzzzzzzzzzzzzzzzzzzzzzzzzzzzzz>; HiZ drive
; Elide local net with no drivers, v01fa4bf0_0 name=_s0
L_02009cc8 .functor MUXZ 32, o01fc32a4, v02002378_0, L_02009d20, C4<>;
S_01fb4508 .scope generate, "buffers[3]" "buffers[3]" 3 38, 3 38 0, S_01f4e528;
 .timescale 0 0;
P_01fb2280 .param/l "i" 0 3 38, +C4<011>;
S_01fb45d8 .scope module, "bufffer" "Buffer32_32" 3 40, 5 1 0, S_01fb4508;
 .timescale 0 0;
    .port_info 0 /INPUT 32 "IN"
    .port_info 1 /INPUT 1 "Store"
    .port_info 2 /OUTPUT 32 "OUT"
v01fa4930_0 .net "IN", 31 0, v020025e0_0;  alias, 1 drivers
v01fa4880_0 .net8 "OUT", 31 0, RS_01fc3154;  alias, 16 drivers
v01fa47d0_0 .net "Store", 0 0, L_02009dd0;  1 drivers
o01fc3334 .functor BUFZ 32, C4<zzzzzzzzzzzzzzzzzzzzzzzzzzzzzzzz>; HiZ drive
; Elide local net with no drivers, v01fa4720_0 name=_s0
L_02009d78 .functor MUXZ 32, o01fc3334, v020025e0_0, L_02009dd0, C4<>;
S_01f59758 .scope generate, "buffers[4]" "buffers[4]" 3 38, 3 38 0, S_01f4e528;
 .timescale 0 0;
P_01fb21e0 .param/l "i" 0 3 38, +C4<0100>;
S_01f59828 .scope module, "bufffer" "Buffer32_32" 3 40, 5 1 0, S_01f59758;
 .timescale 0 0;
    .port_info 0 /INPUT 32 "IN"
    .port_info 1 /INPUT 1 "Store"
    .port_info 2 /OUTPUT 32 "OUT"
v01fa4670_0 .net "IN", 31 0, v02002848_0;  alias, 1 drivers
v01fa45c0_0 .net8 "OUT", 31 0, RS_01fc3154;  alias, 16 drivers
v01fa4510_0 .net "Store", 0 0, L_02009e80;  1 drivers
o01fc33c4 .functor BUFZ 32, C4<zzzzzzzzzzzzzzzzzzzzzzzzzzzzzzzz>; HiZ drive
; Elide local net with no drivers, v01fa4460_0 name=_s0
L_02009e28 .functor MUXZ 32, o01fc33c4, v02002848_0, L_02009e80, C4<>;
S_01fbf420 .scope generate, "buffers[5]" "buffers[5]" 3 38, 3 38 0, S_01f4e528;
 .timescale 0 0;
P_01fb22a8 .param/l "i" 0 3 38, +C4<0101>;
S_01ff2f80 .scope module, "bufffer" "Buffer32_32" 3 40, 5 1 0, S_01fbf420;
 .timescale 0 0;
    .port_info 0 /INPUT 32 "IN"
    .port_info 1 /INPUT 1 "Store"
    .port_info 2 /OUTPUT 32 "OUT"
v01fa43b0_0 .net "IN", 31 0, v02002ab0_0;  alias, 1 drivers
v01fa4300_0 .net8 "OUT", 31 0, RS_01fc3154;  alias, 16 drivers
v01fa4250_0 .net "Store", 0 0, L_02009f30;  1 drivers
o01fc3454 .functor BUFZ 32, C4<zzzzzzzzzzzzzzzzzzzzzzzzzzzzzzzz>; HiZ drive
; Elide local net with no drivers, v01fa41a0_0 name=_s0
L_02009ed8 .functor MUXZ 32, o01fc3454, v02002ab0_0, L_02009f30, C4<>;
S_01ff3050 .scope generate, "buffers[6]" "buffers[6]" 3 38, 3 38 0, S_01f4e528;
 .timescale 0 0;
P_01fb22d0 .param/l "i" 0 3 38, +C4<0110>;
S_01ff3120 .scope module, "bufffer" "Buffer32_32" 3 40, 5 1 0, S_01ff3050;
 .timescale 0 0;
    .port_info 0 /INPUT 32 "IN"
    .port_info 1 /INPUT 1 "Store"
    .port_info 2 /OUTPUT 32 "OUT"
v01fa40f0_0 .net "IN", 31 0, v02002d18_0;  alias, 1 drivers
v01fa4040_0 .net8 "OUT", 31 0, RS_01fc3154;  alias, 16 drivers
v01fa3f90_0 .net "Store", 0 0, L_02009fe0;  1 drivers
o01fc34e4 .functor BUFZ 32, C4<zzzzzzzzzzzzzzzzzzzzzzzzzzzzzzzz>; HiZ drive
; Elide local net with no drivers, v01fa4f08_0 name=_s0
L_02009f88 .functor MUXZ 32, o01fc34e4, v02002d18_0, L_02009fe0, C4<>;
S_01ff31f0 .scope generate, "buffers[7]" "buffers[7]" 3 38, 3 38 0, S_01f4e528;
 .timescale 0 0;
P_01fb22f8 .param/l "i" 0 3 38, +C4<0111>;
S_01ff32c0 .scope module, "bufffer" "Buffer32_32" 3 40, 5 1 0, S_01ff31f0;
 .timescale 0 0;
    .port_info 0 /INPUT 32 "IN"
    .port_info 1 /INPUT 1 "Store"
    .port_info 2 /OUTPUT 32 "OUT"
v01f95eb0_0 .net "IN", 31 0, v02002f80_0;  alias, 1 drivers
v01f95e00_0 .net8 "OUT", 31 0, RS_01fc3154;  alias, 16 drivers
v01f95d50_0 .net "Store", 0 0, L_0200a090;  1 drivers
o01fc3574 .functor BUFZ 32, C4<zzzzzzzzzzzzzzzzzzzzzzzzzzzzzzzz>; HiZ drive
; Elide local net with no drivers, v01f95ca0_0 name=_s0
L_0200a038 .functor MUXZ 32, o01fc3574, v02002f80_0, L_0200a090, C4<>;
S_01ff3390 .scope generate, "buffers[8]" "buffers[8]" 3 38, 3 38 0, S_01f4e528;
 .timescale 0 0;
P_01fb2320 .param/l "i" 0 3 38, +C4<01000>;
S_01ff3460 .scope module, "bufffer" "Buffer32_32" 3 40, 5 1 0, S_01ff3390;
 .timescale 0 0;
    .port_info 0 /INPUT 32 "IN"
    .port_info 1 /INPUT 1 "Store"
    .port_info 2 /OUTPUT 32 "OUT"
v01f95bf0_0 .net "IN", 31 0, v02003218_0;  alias, 1 drivers
v01f95b40_0 .net8 "OUT", 31 0, RS_01fc3154;  alias, 16 drivers
v01f95a90_0 .net "Store", 0 0, L_0200a140;  1 drivers
o01fc3604 .functor BUFZ 32, C4<zzzzzzzzzzzzzzzzzzzzzzzzzzzzzzzz>; HiZ drive
; Elide local net with no drivers, v01f959e0_0 name=_s0
L_0200a0e8 .functor MUXZ 32, o01fc3604, v02003218_0, L_0200a140, C4<>;
S_01ff3530 .scope generate, "buffers[9]" "buffers[9]" 3 38, 3 38 0, S_01f4e528;
 .timescale 0 0;
P_01fb2348 .param/l "i" 0 3 38, +C4<01001>;
S_01ff3600 .scope module, "bufffer" "Buffer32_32" 3 40, 5 1 0, S_01ff3530;
 .timescale 0 0;
    .port_info 0 /INPUT 32 "IN"
    .port_info 1 /INPUT 1 "Store"
    .port_info 2 /OUTPUT 32 "OUT"
v01f95930_0 .net "IN", 31 0, v02003480_0;  alias, 1 drivers
v01f95880_0 .net8 "OUT", 31 0, RS_01fc3154;  alias, 16 drivers
v01f957d0_0 .net "Store", 0 0, L_0200a1f0;  1 drivers
o01fc3694 .functor BUFZ 32, C4<zzzzzzzzzzzzzzzzzzzzzzzzzzzzzzzz>; HiZ drive
; Elide local net with no drivers, v01f95720_0 name=_s0
L_0200a198 .functor MUXZ 32, o01fc3694, v02003480_0, L_0200a1f0, C4<>;
S_01ff36d0 .scope generate, "buffers[10]" "buffers[10]" 3 38, 3 38 0, S_01f4e528;
 .timescale 0 0;
P_01fb2370 .param/l "i" 0 3 38, +C4<01010>;
S_01ff37a0 .scope module, "bufffer" "Buffer32_32" 3 40, 5 1 0, S_01ff36d0;
 .timescale 0 0;
    .port_info 0 /INPUT 32 "IN"
    .port_info 1 /INPUT 1 "Store"
    .port_info 2 /OUTPUT 32 "OUT"
v01f95670_0 .net "IN", 31 0, v020036e8_0;  alias, 1 drivers
v01f955c0_0 .net8 "OUT", 31 0, RS_01fc3154;  alias, 16 drivers
v01f95510_0 .net "Store", 0 0, L_0200b458;  1 drivers
o01fc3724 .functor BUFZ 32, C4<zzzzzzzzzzzzzzzzzzzzzzzzzzzzzzzz>; HiZ drive
; Elide local net with no drivers, v01f95460_0 name=_s0
L_0200b400 .functor MUXZ 32, o01fc3724, v020036e8_0, L_0200b458, C4<>;
S_01ff3870 .scope generate, "buffers[11]" "buffers[11]" 3 38, 3 38 0, S_01f4e528;
 .timescale 0 0;
P_01fb2398 .param/l "i" 0 3 38, +C4<01011>;
S_01ff3940 .scope module, "bufffer" "Buffer32_32" 3 40, 5 1 0, S_01ff3870;
 .timescale 0 0;
    .port_info 0 /INPUT 32 "IN"
    .port_info 1 /INPUT 1 "Store"
    .port_info 2 /OUTPUT 32 "OUT"
v01f953b0_0 .net "IN", 31 0, v02003950_0;  alias, 1 drivers
v01f95300_0 .net8 "OUT", 31 0, RS_01fc3154;  alias, 16 drivers
v01f95250_0 .net "Store", 0 0, L_0200b508;  1 drivers
o01fc37b4 .functor BUFZ 32, C4<zzzzzzzzzzzzzzzzzzzzzzzzzzzzzzzz>; HiZ drive
; Elide local net with no drivers, v01f951a0_0 name=_s0
L_0200b4b0 .functor MUXZ 32, o01fc37b4, v02003950_0, L_0200b508, C4<>;
S_01ff3a10 .scope generate, "buffers[12]" "buffers[12]" 3 38, 3 38 0, S_01f4e528;
 .timescale 0 0;
P_01fb23c0 .param/l "i" 0 3 38, +C4<01100>;
S_01ff3ae0 .scope module, "bufffer" "Buffer32_32" 3 40, 5 1 0, S_01ff3a10;
 .timescale 0 0;
    .port_info 0 /INPUT 32 "IN"
    .port_info 1 /INPUT 1 "Store"
    .port_info 2 /OUTPUT 32 "OUT"
v01f950f0_0 .net "IN", 31 0, v02003bb8_0;  alias, 1 drivers
v01f95040_0 .net8 "OUT", 31 0, RS_01fc3154;  alias, 16 drivers
v01f94f90_0 .net "Store", 0 0, L_0200b5b8;  1 drivers
o01fc3844 .functor BUFZ 32, C4<zzzzzzzzzzzzzzzzzzzzzzzzzzzzzzzz>; HiZ drive
; Elide local net with no drivers, v01f4cfd8_0 name=_s0
L_0200b560 .functor MUXZ 32, o01fc3844, v02003bb8_0, L_0200b5b8, C4<>;
S_01ff3bb0 .scope generate, "buffers[13]" "buffers[13]" 3 38, 3 38 0, S_01f4e528;
 .timescale 0 0;
P_01fb23e8 .param/l "i" 0 3 38, +C4<01101>;
S_01ff3c80 .scope module, "bufffer" "Buffer32_32" 3 40, 5 1 0, S_01ff3bb0;
 .timescale 0 0;
    .port_info 0 /INPUT 32 "IN"
    .port_info 1 /INPUT 1 "Store"
    .port_info 2 /OUTPUT 32 "OUT"
v01f4ce78_0 .net "IN", 31 0, v02003e20_0;  alias, 1 drivers
v01f4ced0_0 .net8 "OUT", 31 0, RS_01fc3154;  alias, 16 drivers
v01f4cd18_0 .net "Store", 0 0, L_0200b668;  1 drivers
o01fc38d4 .functor BUFZ 32, C4<zzzzzzzzzzzzzzzzzzzzzzzzzzzzzzzz>; HiZ drive
; Elide local net with no drivers, v01f4cd70_0 name=_s0
L_0200b610 .functor MUXZ 32, o01fc38d4, v02003e20_0, L_0200b668, C4<>;
S_01ff3d50 .scope generate, "buffers[14]" "buffers[14]" 3 38, 3 38 0, S_01f4e528;
 .timescale 0 0;
P_01fb2410 .param/l "i" 0 3 38, +C4<01110>;
S_01ff3e20 .scope module, "bufffer" "Buffer32_32" 3 40, 5 1 0, S_01ff3d50;
 .timescale 0 0;
    .port_info 0 /INPUT 32 "IN"
    .port_info 1 /INPUT 1 "Store"
    .port_info 2 /OUTPUT 32 "OUT"
v01f4cbb8_0 .net "IN", 31 0, v020048b8_0;  alias, 1 drivers
v01f4cc10_0 .net8 "OUT", 31 0, RS_01fc3154;  alias, 16 drivers
v01f4ca58_0 .net "Store", 0 0, L_0200b718;  1 drivers
o01fc3964 .functor BUFZ 32, C4<zzzzzzzzzzzzzzzzzzzzzzzzzzzzzzzz>; HiZ drive
; Elide local net with no drivers, v01f4cab0_0 name=_s0
L_0200b6c0 .functor MUXZ 32, o01fc3964, v020048b8_0, L_0200b718, C4<>;
S_01ff3ef0 .scope generate, "buffers[15]" "buffers[15]" 3 38, 3 38 0, S_01f4e528;
 .timescale 0 0;
P_01fb2438 .param/l "i" 0 3 38, +C4<01111>;
S_01ff3fc0 .scope module, "bufffer" "Buffer32_32" 3 40, 5 1 0, S_01ff3ef0;
 .timescale 0 0;
    .port_info 0 /INPUT 32 "IN"
    .port_info 1 /INPUT 1 "Store"
    .port_info 2 /OUTPUT 32 "OUT"
v01f4c8f8_0 .net "IN", 31 0, v02004b20_0;  alias, 1 drivers
v01f4c950_0 .net8 "OUT", 31 0, RS_01fc3154;  alias, 16 drivers
v01f4c798_0 .net "Store", 0 0, L_0200b7c8;  1 drivers
o01fc39f4 .functor BUFZ 32, C4<zzzzzzzzzzzzzzzzzzzzzzzzzzzzzzzz>; HiZ drive
; Elide local net with no drivers, v01f4c7f0_0 name=_s0
L_0200b770 .functor MUXZ 32, o01fc39f4, v02004b20_0, L_0200b7c8, C4<>;
S_01ff4090 .scope generate, "buffers2[0]" "buffers2[0]" 3 42, 3 42 0, S_01f4e528;
 .timescale 0 0;
P_01fb2460 .param/l "i" 0 3 42, +C4<00>;
S_01ff4160 .scope module, "bufffer2" "Buffer32_32" 3 44, 5 1 0, S_01ff4090;
 .timescale 0 0;
    .port_info 0 /INPUT 32 "IN"
    .port_info 1 /INPUT 1 "Store"
    .port_info 2 /OUTPUT 32 "OUT"
v01f4c638_0 .net "IN", 31 0, v01fff768_0;  alias, 1 drivers
v01f4c690_0 .net8 "OUT", 31 0, RS_01fc3a54;  alias, 16 drivers
v01f4c4d8_0 .net "Store", 0 0, L_0200b878;  1 drivers
o01fc3a84 .functor BUFZ 32, C4<zzzzzzzzzzzzzzzzzzzzzzzzzzzzzzzz>; HiZ drive
; Elide local net with no drivers, v01f4c530_0 name=_s0
L_0200b820 .functor MUXZ 32, o01fc3a84, v01fff768_0, L_0200b878, C4<>;
S_01ff4230 .scope generate, "buffers2[1]" "buffers2[1]" 3 42, 3 42 0, S_01f4e528;
 .timescale 0 0;
P_01ff6f80 .param/l "i" 0 3 42, +C4<01>;
S_01ff4300 .scope module, "bufffer2" "Buffer32_32" 3 44, 5 1 0, S_01ff4230;
 .timescale 0 0;
    .port_info 0 /INPUT 32 "IN"
    .port_info 1 /INPUT 1 "Store"
    .port_info 2 /OUTPUT 32 "OUT"
v01ff7780_0 .net "IN", 31 0, v02002110_0;  alias, 1 drivers
v01ff77d8_0 .net8 "OUT", 31 0, RS_01fc3a54;  alias, 16 drivers
v01ff7830_0 .net "Store", 0 0, L_0200b928;  1 drivers
o01fc3afc .functor BUFZ 32, C4<zzzzzzzzzzzzzzzzzzzzzzzzzzzzzzzz>; HiZ drive
; Elide local net with no drivers, v01ff7888_0 name=_s0
L_0200b8d0 .functor MUXZ 32, o01fc3afc, v02002110_0, L_0200b928, C4<>;
S_01ff43d0 .scope generate, "buffers2[2]" "buffers2[2]" 3 42, 3 42 0, S_01f4e528;
 .timescale 0 0;
P_01ff6fa8 .param/l "i" 0 3 42, +C4<010>;
S_01ff44a0 .scope module, "bufffer2" "Buffer32_32" 3 44, 5 1 0, S_01ff43d0;
 .timescale 0 0;
    .port_info 0 /INPUT 32 "IN"
    .port_info 1 /INPUT 1 "Store"
    .port_info 2 /OUTPUT 32 "OUT"
v01ff78e0_0 .net "IN", 31 0, v02002378_0;  alias, 1 drivers
v01ff7938_0 .net8 "OUT", 31 0, RS_01fc3a54;  alias, 16 drivers
v01ff7990_0 .net "Store", 0 0, L_0200b9d8;  1 drivers
o01fc3b74 .functor BUFZ 32, C4<zzzzzzzzzzzzzzzzzzzzzzzzzzzzzzzz>; HiZ drive
; Elide local net with no drivers, v01ff79e8_0 name=_s0
L_0200b980 .functor MUXZ 32, o01fc3b74, v02002378_0, L_0200b9d8, C4<>;
S_01ff4570 .scope generate, "buffers2[3]" "buffers2[3]" 3 42, 3 42 0, S_01f4e528;
 .timescale 0 0;
P_01ff6fd0 .param/l "i" 0 3 42, +C4<011>;
S_01ff4640 .scope module, "bufffer2" "Buffer32_32" 3 44, 5 1 0, S_01ff4570;
 .timescale 0 0;
    .port_info 0 /INPUT 32 "IN"
    .port_info 1 /INPUT 1 "Store"
    .port_info 2 /OUTPUT 32 "OUT"
v01ff7a40_0 .net "IN", 31 0, v020025e0_0;  alias, 1 drivers
v01ff7a98_0 .net8 "OUT", 31 0, RS_01fc3a54;  alias, 16 drivers
v01ff7af0_0 .net "Store", 0 0, L_0200ba88;  1 drivers
o01fc3bec .functor BUFZ 32, C4<zzzzzzzzzzzzzzzzzzzzzzzzzzzzzzzz>; HiZ drive
; Elide local net with no drivers, v01ff7b48_0 name=_s0
L_0200ba30 .functor MUXZ 32, o01fc3bec, v020025e0_0, L_0200ba88, C4<>;
S_01ff4710 .scope generate, "buffers2[4]" "buffers2[4]" 3 42, 3 42 0, S_01f4e528;
 .timescale 0 0;
P_01ff6ff8 .param/l "i" 0 3 42, +C4<0100>;
S_01ff47e0 .scope module, "bufffer2" "Buffer32_32" 3 44, 5 1 0, S_01ff4710;
 .timescale 0 0;
    .port_info 0 /INPUT 32 "IN"
    .port_info 1 /INPUT 1 "Store"
    .port_info 2 /OUTPUT 32 "OUT"
v01ff7ba0_0 .net "IN", 31 0, v02002848_0;  alias, 1 drivers
v01ff7bf8_0 .net8 "OUT", 31 0, RS_01fc3a54;  alias, 16 drivers
v01ff7c50_0 .net "Store", 0 0, L_0200bb38;  1 drivers
o01fc3c64 .functor BUFZ 32, C4<zzzzzzzzzzzzzzzzzzzzzzzzzzzzzzzz>; HiZ drive
; Elide local net with no drivers, v01ff7ca8_0 name=_s0
L_0200bae0 .functor MUXZ 32, o01fc3c64, v02002848_0, L_0200bb38, C4<>;
S_01ff48b0 .scope generate, "buffers2[5]" "buffers2[5]" 3 42, 3 42 0, S_01f4e528;
 .timescale 0 0;
P_01ff7020 .param/l "i" 0 3 42, +C4<0101>;
S_01ff4980 .scope module, "bufffer2" "Buffer32_32" 3 44, 5 1 0, S_01ff48b0;
 .timescale 0 0;
    .port_info 0 /INPUT 32 "IN"
    .port_info 1 /INPUT 1 "Store"
    .port_info 2 /OUTPUT 32 "OUT"
v01ff7d00_0 .net "IN", 31 0, v02002ab0_0;  alias, 1 drivers
v01ff7d58_0 .net8 "OUT", 31 0, RS_01fc3a54;  alias, 16 drivers
v01ff7db0_0 .net "Store", 0 0, L_0200bbe8;  1 drivers
o01fc3cdc .functor BUFZ 32, C4<zzzzzzzzzzzzzzzzzzzzzzzzzzzzzzzz>; HiZ drive
; Elide local net with no drivers, v01ff7e08_0 name=_s0
L_0200bb90 .functor MUXZ 32, o01fc3cdc, v02002ab0_0, L_0200bbe8, C4<>;
S_01ff4a50 .scope generate, "buffers2[6]" "buffers2[6]" 3 42, 3 42 0, S_01f4e528;
 .timescale 0 0;
P_01ff7048 .param/l "i" 0 3 42, +C4<0110>;
S_01ff4b20 .scope module, "bufffer2" "Buffer32_32" 3 44, 5 1 0, S_01ff4a50;
 .timescale 0 0;
    .port_info 0 /INPUT 32 "IN"
    .port_info 1 /INPUT 1 "Store"
    .port_info 2 /OUTPUT 32 "OUT"
v01ff7e60_0 .net "IN", 31 0, v02002d18_0;  alias, 1 drivers
v01ff7eb8_0 .net8 "OUT", 31 0, RS_01fc3a54;  alias, 16 drivers
v01ff7f10_0 .net "Store", 0 0, L_0200bc98;  1 drivers
o01fc3d54 .functor BUFZ 32, C4<zzzzzzzzzzzzzzzzzzzzzzzzzzzzzzzz>; HiZ drive
; Elide local net with no drivers, v01ff7f68_0 name=_s0
L_0200bc40 .functor MUXZ 32, o01fc3d54, v02002d18_0, L_0200bc98, C4<>;
S_01ff4bf0 .scope generate, "buffers2[7]" "buffers2[7]" 3 42, 3 42 0, S_01f4e528;
 .timescale 0 0;
P_01ff7070 .param/l "i" 0 3 42, +C4<0111>;
S_01ff4cc0 .scope module, "bufffer2" "Buffer32_32" 3 44, 5 1 0, S_01ff4bf0;
 .timescale 0 0;
    .port_info 0 /INPUT 32 "IN"
    .port_info 1 /INPUT 1 "Store"
    .port_info 2 /OUTPUT 32 "OUT"
v01ff7fc0_0 .net "IN", 31 0, v02002f80_0;  alias, 1 drivers
v01ff8018_0 .net8 "OUT", 31 0, RS_01fc3a54;  alias, 16 drivers
v01ff8070_0 .net "Store", 0 0, L_0200bd48;  1 drivers
o01fc3dcc .functor BUFZ 32, C4<zzzzzzzzzzzzzzzzzzzzzzzzzzzzzzzz>; HiZ drive
; Elide local net with no drivers, v01ff80c8_0 name=_s0
L_0200bcf0 .functor MUXZ 32, o01fc3dcc, v02002f80_0, L_0200bd48, C4<>;
S_01ff4d90 .scope generate, "buffers2[8]" "buffers2[8]" 3 42, 3 42 0, S_01f4e528;
 .timescale 0 0;
P_01ff7098 .param/l "i" 0 3 42, +C4<01000>;
S_01ff4e60 .scope module, "bufffer2" "Buffer32_32" 3 44, 5 1 0, S_01ff4d90;
 .timescale 0 0;
    .port_info 0 /INPUT 32 "IN"
    .port_info 1 /INPUT 1 "Store"
    .port_info 2 /OUTPUT 32 "OUT"
v01ff8120_0 .net "IN", 31 0, v02003218_0;  alias, 1 drivers
v01ff8178_0 .net8 "OUT", 31 0, RS_01fc3a54;  alias, 16 drivers
v01ff81d0_0 .net "Store", 0 0, L_0200bdf8;  1 drivers
o01fc3e44 .functor BUFZ 32, C4<zzzzzzzzzzzzzzzzzzzzzzzzzzzzzzzz>; HiZ drive
; Elide local net with no drivers, v01ff8228_0 name=_s0
L_0200bda0 .functor MUXZ 32, o01fc3e44, v02003218_0, L_0200bdf8, C4<>;
S_01ff8848 .scope generate, "buffers2[9]" "buffers2[9]" 3 42, 3 42 0, S_01f4e528;
 .timescale 0 0;
P_01ff70c0 .param/l "i" 0 3 42, +C4<01001>;
S_01ff8918 .scope module, "bufffer2" "Buffer32_32" 3 44, 5 1 0, S_01ff8848;
 .timescale 0 0;
    .port_info 0 /INPUT 32 "IN"
    .port_info 1 /INPUT 1 "Store"
    .port_info 2 /OUTPUT 32 "OUT"
v01ff8280_0 .net "IN", 31 0, v02003480_0;  alias, 1 drivers
v01ff82d8_0 .net8 "OUT", 31 0, RS_01fc3a54;  alias, 16 drivers
v01ff8330_0 .net "Store", 0 0, L_0200bea8;  1 drivers
o01fc3ebc .functor BUFZ 32, C4<zzzzzzzzzzzzzzzzzzzzzzzzzzzzzzzz>; HiZ drive
; Elide local net with no drivers, v01ff8388_0 name=_s0
L_0200be50 .functor MUXZ 32, o01fc3ebc, v02003480_0, L_0200bea8, C4<>;
S_01ff89e8 .scope generate, "buffers2[10]" "buffers2[10]" 3 42, 3 42 0, S_01f4e528;
 .timescale 0 0;
P_01ff70e8 .param/l "i" 0 3 42, +C4<01010>;
S_01ff8ab8 .scope module, "bufffer2" "Buffer32_32" 3 44, 5 1 0, S_01ff89e8;
 .timescale 0 0;
    .port_info 0 /INPUT 32 "IN"
    .port_info 1 /INPUT 1 "Store"
    .port_info 2 /OUTPUT 32 "OUT"
v01ff83e0_0 .net "IN", 31 0, v020036e8_0;  alias, 1 drivers
v01ff8438_0 .net8 "OUT", 31 0, RS_01fc3a54;  alias, 16 drivers
v01ff8490_0 .net "Store", 0 0, L_0200bf58;  1 drivers
o01fc3f34 .functor BUFZ 32, C4<zzzzzzzzzzzzzzzzzzzzzzzzzzzzzzzz>; HiZ drive
; Elide local net with no drivers, v01ff84e8_0 name=_s0
L_0200bf00 .functor MUXZ 32, o01fc3f34, v020036e8_0, L_0200bf58, C4<>;
S_01ff8b88 .scope generate, "buffers2[11]" "buffers2[11]" 3 42, 3 42 0, S_01f4e528;
 .timescale 0 0;
P_01ff7110 .param/l "i" 0 3 42, +C4<01011>;
S_01ff8c58 .scope module, "bufffer2" "Buffer32_32" 3 44, 5 1 0, S_01ff8b88;
 .timescale 0 0;
    .port_info 0 /INPUT 32 "IN"
    .port_info 1 /INPUT 1 "Store"
    .port_info 2 /OUTPUT 32 "OUT"
v01ff8540_0 .net "IN", 31 0, v02003950_0;  alias, 1 drivers
v01ff8598_0 .net8 "OUT", 31 0, RS_01fc3a54;  alias, 16 drivers
v01ff85f0_0 .net "Store", 0 0, L_0200c008;  1 drivers
o01fc3fac .functor BUFZ 32, C4<zzzzzzzzzzzzzzzzzzzzzzzzzzzzzzzz>; HiZ drive
; Elide local net with no drivers, v01ff8648_0 name=_s0
L_0200bfb0 .functor MUXZ 32, o01fc3fac, v02003950_0, L_0200c008, C4<>;
S_01ff8d28 .scope generate, "buffers2[12]" "buffers2[12]" 3 42, 3 42 0, S_01f4e528;
 .timescale 0 0;
P_01ff7138 .param/l "i" 0 3 42, +C4<01100>;
S_01ff8df8 .scope module, "bufffer2" "Buffer32_32" 3 44, 5 1 0, S_01ff8d28;
 .timescale 0 0;
    .port_info 0 /INPUT 32 "IN"
    .port_info 1 /INPUT 1 "Store"
    .port_info 2 /OUTPUT 32 "OUT"
v01ff86a0_0 .net "IN", 31 0, v02003bb8_0;  alias, 1 drivers
v01ff86f8_0 .net8 "OUT", 31 0, RS_01fc3a54;  alias, 16 drivers
v01ffa950_0 .net "Store", 0 0, L_0200c0b8;  1 drivers
o01fc4024 .functor BUFZ 32, C4<zzzzzzzzzzzzzzzzzzzzzzzzzzzzzzzz>; HiZ drive
; Elide local net with no drivers, v01ffa9a8_0 name=_s0
L_0200c060 .functor MUXZ 32, o01fc4024, v02003bb8_0, L_0200c0b8, C4<>;
S_01ff8ec8 .scope generate, "buffers2[13]" "buffers2[13]" 3 42, 3 42 0, S_01f4e528;
 .timescale 0 0;
P_01ff7160 .param/l "i" 0 3 42, +C4<01101>;
S_01ff8f98 .scope module, "bufffer2" "Buffer32_32" 3 44, 5 1 0, S_01ff8ec8;
 .timescale 0 0;
    .port_info 0 /INPUT 32 "IN"
    .port_info 1 /INPUT 1 "Store"
    .port_info 2 /OUTPUT 32 "OUT"
v01ffaa00_0 .net "IN", 31 0, v02003e20_0;  alias, 1 drivers
v01ffaa58_0 .net8 "OUT", 31 0, RS_01fc3a54;  alias, 16 drivers
v01ffaab0_0 .net "Store", 0 0, L_0200c168;  1 drivers
o01fc409c .functor BUFZ 32, C4<zzzzzzzzzzzzzzzzzzzzzzzzzzzzzzzz>; HiZ drive
; Elide local net with no drivers, v01ffab08_0 name=_s0
L_0200c110 .functor MUXZ 32, o01fc409c, v02003e20_0, L_0200c168, C4<>;
S_01ff9068 .scope generate, "buffers2[14]" "buffers2[14]" 3 42, 3 42 0, S_01f4e528;
 .timescale 0 0;
P_01ff7188 .param/l "i" 0 3 42, +C4<01110>;
S_01ff9138 .scope module, "bufffer2" "Buffer32_32" 3 44, 5 1 0, S_01ff9068;
 .timescale 0 0;
    .port_info 0 /INPUT 32 "IN"
    .port_info 1 /INPUT 1 "Store"
    .port_info 2 /OUTPUT 32 "OUT"
v01ffab60_0 .net "IN", 31 0, v020048b8_0;  alias, 1 drivers
v01ffabb8_0 .net8 "OUT", 31 0, RS_01fc3a54;  alias, 16 drivers
v01ffac10_0 .net "Store", 0 0, L_0200c218;  1 drivers
o01fc4114 .functor BUFZ 32, C4<zzzzzzzzzzzzzzzzzzzzzzzzzzzzzzzz>; HiZ drive
; Elide local net with no drivers, v01ffac68_0 name=_s0
L_0200c1c0 .functor MUXZ 32, o01fc4114, v020048b8_0, L_0200c218, C4<>;
S_01ff9208 .scope generate, "buffers2[15]" "buffers2[15]" 3 42, 3 42 0, S_01f4e528;
 .timescale 0 0;
P_01ff71b0 .param/l "i" 0 3 42, +C4<01111>;
S_01ff92d8 .scope module, "bufffer2" "Buffer32_32" 3 44, 5 1 0, S_01ff9208;
 .timescale 0 0;
    .port_info 0 /INPUT 32 "IN"
    .port_info 1 /INPUT 1 "Store"
    .port_info 2 /OUTPUT 32 "OUT"
v01ffacc0_0 .net "IN", 31 0, v02004b20_0;  alias, 1 drivers
v01ffad18_0 .net8 "OUT", 31 0, RS_01fc3a54;  alias, 16 drivers
v01ffad70_0 .net "Store", 0 0, L_0200c2c8;  1 drivers
o01fc418c .functor BUFZ 32, C4<zzzzzzzzzzzzzzzzzzzzzzzzzzzzzzzz>; HiZ drive
; Elide local net with no drivers, v01ffadc8_0 name=_s0
L_0200c270 .functor MUXZ 32, o01fc418c, v02004b20_0, L_0200c2c8, C4<>;
S_01ff93a8 .scope generate, "buffers3[0]" "buffers3[0]" 3 46, 3 46 0, S_01f4e528;
 .timescale 0 0;
P_01ff71d8 .param/l "i" 0 3 46, +C4<00>;
S_01ff9478 .scope module, "bufffer3" "Buffer32_32" 3 48, 5 1 0, S_01ff93a8;
 .timescale 0 0;
    .port_info 0 /INPUT 32 "IN"
    .port_info 1 /INPUT 1 "Store"
    .port_info 2 /OUTPUT 32 "OUT"
v01ffae20_0 .net "IN", 31 0, v01fff768_0;  alias, 1 drivers
v01ffae78_0 .net8 "OUT", 31 0, RS_01fc41ec;  alias, 16 drivers
v01ffaed0_0 .net "Store", 0 0, L_0200c378;  1 drivers
o01fc421c .functor BUFZ 32, C4<zzzzzzzzzzzzzzzzzzzzzzzzzzzzzzzz>; HiZ drive
; Elide local net with no drivers, v01ffaf28_0 name=_s0
L_0200c320 .functor MUXZ 32, o01fc421c, v01fff768_0, L_0200c378, C4<>;
S_01ff9548 .scope generate, "buffers3[1]" "buffers3[1]" 3 46, 3 46 0, S_01f4e528;
 .timescale 0 0;
P_01ff7200 .param/l "i" 0 3 46, +C4<01>;
S_01ff9618 .scope module, "bufffer3" "Buffer32_32" 3 48, 5 1 0, S_01ff9548;
 .timescale 0 0;
    .port_info 0 /INPUT 32 "IN"
    .port_info 1 /INPUT 1 "Store"
    .port_info 2 /OUTPUT 32 "OUT"
v01ffaf80_0 .net "IN", 31 0, v02002110_0;  alias, 1 drivers
v01ffafd8_0 .net8 "OUT", 31 0, RS_01fc41ec;  alias, 16 drivers
v01ffb030_0 .net "Store", 0 0, L_0200eb38;  1 drivers
o01fc4294 .functor BUFZ 32, C4<zzzzzzzzzzzzzzzzzzzzzzzzzzzzzzzz>; HiZ drive
; Elide local net with no drivers, v01ffb088_0 name=_s0
L_0200eae0 .functor MUXZ 32, o01fc4294, v02002110_0, L_0200eb38, C4<>;
S_01ff96e8 .scope generate, "buffers3[2]" "buffers3[2]" 3 46, 3 46 0, S_01f4e528;
 .timescale 0 0;
P_01ff7228 .param/l "i" 0 3 46, +C4<010>;
S_01ff97b8 .scope module, "bufffer3" "Buffer32_32" 3 48, 5 1 0, S_01ff96e8;
 .timescale 0 0;
    .port_info 0 /INPUT 32 "IN"
    .port_info 1 /INPUT 1 "Store"
    .port_info 2 /OUTPUT 32 "OUT"
v01ffb0e0_0 .net "IN", 31 0, v02002378_0;  alias, 1 drivers
v01ffb138_0 .net8 "OUT", 31 0, RS_01fc41ec;  alias, 16 drivers
v01ffb190_0 .net "Store", 0 0, L_0200ebe8;  1 drivers
o01fc430c .functor BUFZ 32, C4<zzzzzzzzzzzzzzzzzzzzzzzzzzzzzzzz>; HiZ drive
; Elide local net with no drivers, v01ffb1e8_0 name=_s0
L_0200eb90 .functor MUXZ 32, o01fc430c, v02002378_0, L_0200ebe8, C4<>;
S_01ff9888 .scope generate, "buffers3[3]" "buffers3[3]" 3 46, 3 46 0, S_01f4e528;
 .timescale 0 0;
P_01ff7250 .param/l "i" 0 3 46, +C4<011>;
S_01ff9958 .scope module, "bufffer3" "Buffer32_32" 3 48, 5 1 0, S_01ff9888;
 .timescale 0 0;
    .port_info 0 /INPUT 32 "IN"
    .port_info 1 /INPUT 1 "Store"
    .port_info 2 /OUTPUT 32 "OUT"
v01ffb240_0 .net "IN", 31 0, v020025e0_0;  alias, 1 drivers
v01ffb298_0 .net8 "OUT", 31 0, RS_01fc41ec;  alias, 16 drivers
v01ffb2f0_0 .net "Store", 0 0, L_0200ec98;  1 drivers
o01fc4384 .functor BUFZ 32, C4<zzzzzzzzzzzzzzzzzzzzzzzzzzzzzzzz>; HiZ drive
; Elide local net with no drivers, v01ffb348_0 name=_s0
L_0200ec40 .functor MUXZ 32, o01fc4384, v020025e0_0, L_0200ec98, C4<>;
S_01ff9a28 .scope generate, "buffers3[4]" "buffers3[4]" 3 46, 3 46 0, S_01f4e528;
 .timescale 0 0;
P_01ff7278 .param/l "i" 0 3 46, +C4<0100>;
S_01ff9af8 .scope module, "bufffer3" "Buffer32_32" 3 48, 5 1 0, S_01ff9a28;
 .timescale 0 0;
    .port_info 0 /INPUT 32 "IN"
    .port_info 1 /INPUT 1 "Store"
    .port_info 2 /OUTPUT 32 "OUT"
v01ffb3a0_0 .net "IN", 31 0, v02002848_0;  alias, 1 drivers
v01ffb3f8_0 .net8 "OUT", 31 0, RS_01fc41ec;  alias, 16 drivers
v01ffb450_0 .net "Store", 0 0, L_0200ed48;  1 drivers
o01fc43fc .functor BUFZ 32, C4<zzzzzzzzzzzzzzzzzzzzzzzzzzzzzzzz>; HiZ drive
; Elide local net with no drivers, v01ffb4a8_0 name=_s0
L_0200ecf0 .functor MUXZ 32, o01fc43fc, v02002848_0, L_0200ed48, C4<>;
S_01ff9bc8 .scope generate, "buffers3[5]" "buffers3[5]" 3 46, 3 46 0, S_01f4e528;
 .timescale 0 0;
P_01ff72a0 .param/l "i" 0 3 46, +C4<0101>;
S_01ff9c98 .scope module, "bufffer3" "Buffer32_32" 3 48, 5 1 0, S_01ff9bc8;
 .timescale 0 0;
    .port_info 0 /INPUT 32 "IN"
    .port_info 1 /INPUT 1 "Store"
    .port_info 2 /OUTPUT 32 "OUT"
v01ffb500_0 .net "IN", 31 0, v02002ab0_0;  alias, 1 drivers
v01ffb558_0 .net8 "OUT", 31 0, RS_01fc41ec;  alias, 16 drivers
v01ffb5b0_0 .net "Store", 0 0, L_0200edf8;  1 drivers
o01fc4474 .functor BUFZ 32, C4<zzzzzzzzzzzzzzzzzzzzzzzzzzzzzzzz>; HiZ drive
; Elide local net with no drivers, v01ffb608_0 name=_s0
L_0200eda0 .functor MUXZ 32, o01fc4474, v02002ab0_0, L_0200edf8, C4<>;
S_01ff9d68 .scope generate, "buffers3[6]" "buffers3[6]" 3 46, 3 46 0, S_01f4e528;
 .timescale 0 0;
P_01ff72c8 .param/l "i" 0 3 46, +C4<0110>;
S_01ff9e38 .scope module, "bufffer3" "Buffer32_32" 3 48, 5 1 0, S_01ff9d68;
 .timescale 0 0;
    .port_info 0 /INPUT 32 "IN"
    .port_info 1 /INPUT 1 "Store"
    .port_info 2 /OUTPUT 32 "OUT"
v01ffb660_0 .net "IN", 31 0, v02002d18_0;  alias, 1 drivers
v01ffb6b8_0 .net8 "OUT", 31 0, RS_01fc41ec;  alias, 16 drivers
v01ffb710_0 .net "Store", 0 0, L_0200eea8;  1 drivers
o01fc44ec .functor BUFZ 32, C4<zzzzzzzzzzzzzzzzzzzzzzzzzzzzzzzz>; HiZ drive
; Elide local net with no drivers, v01ffb768_0 name=_s0
L_0200ee50 .functor MUXZ 32, o01fc44ec, v02002d18_0, L_0200eea8, C4<>;
S_01ff9f08 .scope generate, "buffers3[7]" "buffers3[7]" 3 46, 3 46 0, S_01f4e528;
 .timescale 0 0;
P_01ff72f0 .param/l "i" 0 3 46, +C4<0111>;
S_01ff9fd8 .scope module, "bufffer3" "Buffer32_32" 3 48, 5 1 0, S_01ff9f08;
 .timescale 0 0;
    .port_info 0 /INPUT 32 "IN"
    .port_info 1 /INPUT 1 "Store"
    .port_info 2 /OUTPUT 32 "OUT"
v01ffb7c0_0 .net "IN", 31 0, v02002f80_0;  alias, 1 drivers
v01ffb818_0 .net8 "OUT", 31 0, RS_01fc41ec;  alias, 16 drivers
v01ffb870_0 .net "Store", 0 0, L_0200ef58;  1 drivers
o01fc4564 .functor BUFZ 32, C4<zzzzzzzzzzzzzzzzzzzzzzzzzzzzzzzz>; HiZ drive
; Elide local net with no drivers, v01ffb8c8_0 name=_s0
L_0200ef00 .functor MUXZ 32, o01fc4564, v02002f80_0, L_0200ef58, C4<>;
S_01ffa0a8 .scope generate, "buffers3[8]" "buffers3[8]" 3 46, 3 46 0, S_01f4e528;
 .timescale 0 0;
P_01ff7318 .param/l "i" 0 3 46, +C4<01000>;
S_01ffa178 .scope module, "bufffer3" "Buffer32_32" 3 48, 5 1 0, S_01ffa0a8;
 .timescale 0 0;
    .port_info 0 /INPUT 32 "IN"
    .port_info 1 /INPUT 1 "Store"
    .port_info 2 /OUTPUT 32 "OUT"
v01ffe950_0 .net "IN", 31 0, v02003218_0;  alias, 1 drivers
v01ffe9a8_0 .net8 "OUT", 31 0, RS_01fc41ec;  alias, 16 drivers
v01ffea00_0 .net "Store", 0 0, L_0200f008;  1 drivers
o01fc45dc .functor BUFZ 32, C4<zzzzzzzzzzzzzzzzzzzzzzzzzzzzzzzz>; HiZ drive
; Elide local net with no drivers, v01ffea58_0 name=_s0
L_0200efb0 .functor MUXZ 32, o01fc45dc, v02003218_0, L_0200f008, C4<>;
S_01ffa248 .scope generate, "buffers3[9]" "buffers3[9]" 3 46, 3 46 0, S_01f4e528;
 .timescale 0 0;
P_01ff7340 .param/l "i" 0 3 46, +C4<01001>;
S_01ffa318 .scope module, "bufffer3" "Buffer32_32" 3 48, 5 1 0, S_01ffa248;
 .timescale 0 0;
    .port_info 0 /INPUT 32 "IN"
    .port_info 1 /INPUT 1 "Store"
    .port_info 2 /OUTPUT 32 "OUT"
v01ffeab0_0 .net "IN", 31 0, v02003480_0;  alias, 1 drivers
v01ffeb08_0 .net8 "OUT", 31 0, RS_01fc41ec;  alias, 16 drivers
v01ffeb60_0 .net "Store", 0 0, L_0200f0b8;  1 drivers
o01fc4654 .functor BUFZ 32, C4<zzzzzzzzzzzzzzzzzzzzzzzzzzzzzzzz>; HiZ drive
; Elide local net with no drivers, v01ffebb8_0 name=_s0
L_0200f060 .functor MUXZ 32, o01fc4654, v02003480_0, L_0200f0b8, C4<>;
S_01ffa3e8 .scope generate, "buffers3[10]" "buffers3[10]" 3 46, 3 46 0, S_01f4e528;
 .timescale 0 0;
P_01ff7368 .param/l "i" 0 3 46, +C4<01010>;
S_01ffa4b8 .scope module, "bufffer3" "Buffer32_32" 3 48, 5 1 0, S_01ffa3e8;
 .timescale 0 0;
    .port_info 0 /INPUT 32 "IN"
    .port_info 1 /INPUT 1 "Store"
    .port_info 2 /OUTPUT 32 "OUT"
v01ffec10_0 .net "IN", 31 0, v020036e8_0;  alias, 1 drivers
v01ffec68_0 .net8 "OUT", 31 0, RS_01fc41ec;  alias, 16 drivers
v01ffecc0_0 .net "Store", 0 0, L_0200f168;  1 drivers
o01fc46cc .functor BUFZ 32, C4<zzzzzzzzzzzzzzzzzzzzzzzzzzzzzzzz>; HiZ drive
; Elide local net with no drivers, v01ffed18_0 name=_s0
L_0200f110 .functor MUXZ 32, o01fc46cc, v020036e8_0, L_0200f168, C4<>;
S_01ffa588 .scope generate, "buffers3[11]" "buffers3[11]" 3 46, 3 46 0, S_01f4e528;
 .timescale 0 0;
P_01ff7390 .param/l "i" 0 3 46, +C4<01011>;
S_01ffa658 .scope module, "bufffer3" "Buffer32_32" 3 48, 5 1 0, S_01ffa588;
 .timescale 0 0;
    .port_info 0 /INPUT 32 "IN"
    .port_info 1 /INPUT 1 "Store"
    .port_info 2 /OUTPUT 32 "OUT"
v01ffed70_0 .net "IN", 31 0, v02003950_0;  alias, 1 drivers
v01ffedc8_0 .net8 "OUT", 31 0, RS_01fc41ec;  alias, 16 drivers
v01ffee20_0 .net "Store", 0 0, L_0200f218;  1 drivers
o01fc4744 .functor BUFZ 32, C4<zzzzzzzzzzzzzzzzzzzzzzzzzzzzzzzz>; HiZ drive
; Elide local net with no drivers, v01ffee78_0 name=_s0
L_0200f1c0 .functor MUXZ 32, o01fc4744, v02003950_0, L_0200f218, C4<>;
S_01ffa728 .scope generate, "buffers3[12]" "buffers3[12]" 3 46, 3 46 0, S_01f4e528;
 .timescale 0 0;
P_01ff73b8 .param/l "i" 0 3 46, +C4<01100>;
S_02000060 .scope module, "bufffer3" "Buffer32_32" 3 48, 5 1 0, S_01ffa728;
 .timescale 0 0;
    .port_info 0 /INPUT 32 "IN"
    .port_info 1 /INPUT 1 "Store"
    .port_info 2 /OUTPUT 32 "OUT"
v01ffeed0_0 .net "IN", 31 0, v02003bb8_0;  alias, 1 drivers
v01ffef28_0 .net8 "OUT", 31 0, RS_01fc41ec;  alias, 16 drivers
v01ffef80_0 .net "Store", 0 0, L_0200f2c8;  1 drivers
o01fc47bc .functor BUFZ 32, C4<zzzzzzzzzzzzzzzzzzzzzzzzzzzzzzzz>; HiZ drive
; Elide local net with no drivers, v01ffefd8_0 name=_s0
L_0200f270 .functor MUXZ 32, o01fc47bc, v02003bb8_0, L_0200f2c8, C4<>;
S_02000130 .scope generate, "buffers3[13]" "buffers3[13]" 3 46, 3 46 0, S_01f4e528;
 .timescale 0 0;
P_01ff73e0 .param/l "i" 0 3 46, +C4<01101>;
S_02000200 .scope module, "bufffer3" "Buffer32_32" 3 48, 5 1 0, S_02000130;
 .timescale 0 0;
    .port_info 0 /INPUT 32 "IN"
    .port_info 1 /INPUT 1 "Store"
    .port_info 2 /OUTPUT 32 "OUT"
v01fff030_0 .net "IN", 31 0, v02003e20_0;  alias, 1 drivers
v01fff088_0 .net8 "OUT", 31 0, RS_01fc41ec;  alias, 16 drivers
v01fff0e0_0 .net "Store", 0 0, L_0200f378;  1 drivers
o01fc4834 .functor BUFZ 32, C4<zzzzzzzzzzzzzzzzzzzzzzzzzzzzzzzz>; HiZ drive
; Elide local net with no drivers, v01fff138_0 name=_s0
L_0200f320 .functor MUXZ 32, o01fc4834, v02003e20_0, L_0200f378, C4<>;
S_020002d0 .scope generate, "buffers3[14]" "buffers3[14]" 3 46, 3 46 0, S_01f4e528;
 .timescale 0 0;
P_01ff7408 .param/l "i" 0 3 46, +C4<01110>;
S_020003a0 .scope module, "bufffer3" "Buffer32_32" 3 48, 5 1 0, S_020002d0;
 .timescale 0 0;
    .port_info 0 /INPUT 32 "IN"
    .port_info 1 /INPUT 1 "Store"
    .port_info 2 /OUTPUT 32 "OUT"
v01fff190_0 .net "IN", 31 0, v020048b8_0;  alias, 1 drivers
v01fff1e8_0 .net8 "OUT", 31 0, RS_01fc41ec;  alias, 16 drivers
v01fff240_0 .net "Store", 0 0, L_0200f428;  1 drivers
o01fc48ac .functor BUFZ 32, C4<zzzzzzzzzzzzzzzzzzzzzzzzzzzzzzzz>; HiZ drive
; Elide local net with no drivers, v01fff298_0 name=_s0
L_0200f3d0 .functor MUXZ 32, o01fc48ac, v020048b8_0, L_0200f428, C4<>;
S_02000470 .scope generate, "buffers3[15]" "buffers3[15]" 3 46, 3 46 0, S_01f4e528;
 .timescale 0 0;
P_01ff7430 .param/l "i" 0 3 46, +C4<01111>;
S_02000540 .scope module, "bufffer3" "Buffer32_32" 3 48, 5 1 0, S_02000470;
 .timescale 0 0;
    .port_info 0 /INPUT 32 "IN"
    .port_info 1 /INPUT 1 "Store"
    .port_info 2 /OUTPUT 32 "OUT"
v01fff2f0_0 .net "IN", 31 0, v02004b20_0;  alias, 1 drivers
v01fff348_0 .net8 "OUT", 31 0, RS_01fc41ec;  alias, 16 drivers
v01fff3a0_0 .net "Store", 0 0, L_0200f4d8;  1 drivers
o01fc4924 .functor BUFZ 32, C4<zzzzzzzzzzzzzzzzzzzzzzzzzzzzzzzz>; HiZ drive
; Elide local net with no drivers, v01fff3f8_0 name=_s0
L_0200f480 .functor MUXZ 32, o01fc4924, v02004b20_0, L_0200f4d8, C4<>;
S_02000610 .scope module, "mux" "Multiplexer" 3 13, 6 1 0, S_01f4e528;
 .timescale 0 0;
    .port_info 0 /INPUT 4 "IN1"
    .port_info 1 /INPUT 4 "IN2"
    .port_info 2 /INPUT 1 "IR_CU"
    .port_info 3 /OUTPUT 4 "OUT"
v01fff450_0 .net "IN1", 3 0, L_0200f5e0;  1 drivers
v01fff4a8_0 .net "IN2", 3 0, L_0200f638;  1 drivers
v01fff500_0 .net "IR_CU", 0 0, v02005728_0;  alias, 1 drivers
v01fff558_0 .net "OUT", 3 0, L_0200f588;  alias, 1 drivers
L_0200f588 .functor MUXZ 4, L_0200f5e0, L_0200f638, v02005728_0, C4<>;
S_020006e0 .scope generate, "registers[0]" "registers[0]" 3 30, 3 30 0, S_01f4e528;
 .timescale 0 0;
P_01ff7458 .param/l "i" 0 3 30, +C4<00>;
L_01f6aa58 .functor AND 1, L_020095e8, v02005780_0, C4<1>, C4<1>;
v01fff7c0_0 .net *"_s0", 0 0, L_020095e8;  1 drivers
S_020007b0 .scope module, "test_reg" "Register" 3 32, 7 1 0, S_020006e0;
 .timescale 0 0;
    .port_info 0 /INPUT 32 "IN"
    .port_info 1 /INPUT 1 "Clk"
    .port_info 2 /INPUT 1 "Reset"
    .port_info 3 /INPUT 1 "Load"
    .port_info 4 /OUTPUT 32 "OUT"
v01fff5b0_0 .net "Clk", 0 0, v02005620_0;  alias, 1 drivers
v01fff608_0 .net "IN", 31 0, L_0200f798;  alias, 1 drivers
v01fff660_0 .net "Load", 0 0, L_01f6aa58;  1 drivers
v01fff6b8_0 .net "OUT", 31 0, v01fff768_0;  alias, 1 drivers
v01fff710_0 .net "Reset", 0 0, v02009380_0;  alias, 1 drivers
v01fff768_0 .var "d", 31 0;
E_01ff7480 .event edge, v01fff710_0;
E_01ff74a8 .event negedge, v01fff5b0_0;
S_02000880 .scope generate, "registers[1]" "registers[1]" 3 30, 3 30 0, S_01f4e528;
 .timescale 0 0;
P_01ff74f8 .param/l "i" 0 3 30, +C4<01>;
L_0200a2c0 .functor AND 1, L_02009640, v02005780_0, C4<1>, C4<1>;
v02002168_0 .net *"_s0", 0 0, L_02009640;  1 drivers
S_02000950 .scope module, "test_reg" "Register" 3 32, 7 1 0, S_02000880;
 .timescale 0 0;
    .port_info 0 /INPUT 32 "IN"
    .port_info 1 /INPUT 1 "Clk"
    .port_info 2 /INPUT 1 "Reset"
    .port_info 3 /INPUT 1 "Load"
    .port_info 4 /OUTPUT 32 "OUT"
v01fff818_0 .net "Clk", 0 0, v02005620_0;  alias, 1 drivers
v01fff870_0 .net "IN", 31 0, L_0200f798;  alias, 1 drivers
v01fff8c8_0 .net "Load", 0 0, L_0200a2c0;  1 drivers
v02002060_0 .net "OUT", 31 0, v02002110_0;  alias, 1 drivers
v020020b8_0 .net "Reset", 0 0, v02009380_0;  alias, 1 drivers
v02002110_0 .var "d", 31 0;
S_02000a20 .scope generate, "registers[2]" "registers[2]" 3 30, 3 30 0, S_01f4e528;
 .timescale 0 0;
P_01ff7548 .param/l "i" 0 3 30, +C4<010>;
L_0200a350 .functor AND 1, L_02009698, v02005780_0, C4<1>, C4<1>;
v020023d0_0 .net *"_s0", 0 0, L_02009698;  1 drivers
S_02000af0 .scope module, "test_reg" "Register" 3 32, 7 1 0, S_02000a20;
 .timescale 0 0;
    .port_info 0 /INPUT 32 "IN"
    .port_info 1 /INPUT 1 "Clk"
    .port_info 2 /INPUT 1 "Reset"
    .port_info 3 /INPUT 1 "Load"
    .port_info 4 /OUTPUT 32 "OUT"
v020021c0_0 .net "Clk", 0 0, v02005620_0;  alias, 1 drivers
v02002218_0 .net "IN", 31 0, L_0200f798;  alias, 1 drivers
v02002270_0 .net "Load", 0 0, L_0200a350;  1 drivers
v020022c8_0 .net "OUT", 31 0, v02002378_0;  alias, 1 drivers
v02002320_0 .net "Reset", 0 0, v02009380_0;  alias, 1 drivers
v02002378_0 .var "d", 31 0;
S_02000bc0 .scope generate, "registers[3]" "registers[3]" 3 30, 3 30 0, S_01f4e528;
 .timescale 0 0;
P_01ff7598 .param/l "i" 0 3 30, +C4<011>;
L_0200a3e0 .functor AND 1, L_020096f0, v02005780_0, C4<1>, C4<1>;
v02002638_0 .net *"_s0", 0 0, L_020096f0;  1 drivers
S_02000c90 .scope module, "test_reg" "Register" 3 32, 7 1 0, S_02000bc0;
 .timescale 0 0;
    .port_info 0 /INPUT 32 "IN"
    .port_info 1 /INPUT 1 "Clk"
    .port_info 2 /INPUT 1 "Reset"
    .port_info 3 /INPUT 1 "Load"
    .port_info 4 /OUTPUT 32 "OUT"
v02002428_0 .net "Clk", 0 0, v02005620_0;  alias, 1 drivers
v02002480_0 .net "IN", 31 0, L_0200f798;  alias, 1 drivers
v020024d8_0 .net "Load", 0 0, L_0200a3e0;  1 drivers
v02002530_0 .net "OUT", 31 0, v020025e0_0;  alias, 1 drivers
v02002588_0 .net "Reset", 0 0, v02009380_0;  alias, 1 drivers
v020025e0_0 .var "d", 31 0;
S_02000d60 .scope generate, "registers[4]" "registers[4]" 3 30, 3 30 0, S_01f4e528;
 .timescale 0 0;
P_01ff75e8 .param/l "i" 0 3 30, +C4<0100>;
L_0200a470 .functor AND 1, L_02009748, v02005780_0, C4<1>, C4<1>;
v020028a0_0 .net *"_s0", 0 0, L_02009748;  1 drivers
S_02000e30 .scope module, "test_reg" "Register" 3 32, 7 1 0, S_02000d60;
 .timescale 0 0;
    .port_info 0 /INPUT 32 "IN"
    .port_info 1 /INPUT 1 "Clk"
    .port_info 2 /INPUT 1 "Reset"
    .port_info 3 /INPUT 1 "Load"
    .port_info 4 /OUTPUT 32 "OUT"
v02002690_0 .net "Clk", 0 0, v02005620_0;  alias, 1 drivers
v020026e8_0 .net "IN", 31 0, L_0200f798;  alias, 1 drivers
v02002740_0 .net "Load", 0 0, L_0200a470;  1 drivers
v02002798_0 .net "OUT", 31 0, v02002848_0;  alias, 1 drivers
v020027f0_0 .net "Reset", 0 0, v02009380_0;  alias, 1 drivers
v02002848_0 .var "d", 31 0;
S_02000f00 .scope generate, "registers[5]" "registers[5]" 3 30, 3 30 0, S_01f4e528;
 .timescale 0 0;
P_01ff7638 .param/l "i" 0 3 30, +C4<0101>;
L_0200a500 .functor AND 1, L_020097a0, v02005780_0, C4<1>, C4<1>;
v02002b08_0 .net *"_s0", 0 0, L_020097a0;  1 drivers
S_02000fd0 .scope module, "test_reg" "Register" 3 32, 7 1 0, S_02000f00;
 .timescale 0 0;
    .port_info 0 /INPUT 32 "IN"
    .port_info 1 /INPUT 1 "Clk"
    .port_info 2 /INPUT 1 "Reset"
    .port_info 3 /INPUT 1 "Load"
    .port_info 4 /OUTPUT 32 "OUT"
v020028f8_0 .net "Clk", 0 0, v02005620_0;  alias, 1 drivers
v02002950_0 .net "IN", 31 0, L_0200f798;  alias, 1 drivers
v020029a8_0 .net "Load", 0 0, L_0200a500;  1 drivers
v02002a00_0 .net "OUT", 31 0, v02002ab0_0;  alias, 1 drivers
v02002a58_0 .net "Reset", 0 0, v02009380_0;  alias, 1 drivers
v02002ab0_0 .var "d", 31 0;
S_020010a0 .scope generate, "registers[6]" "registers[6]" 3 30, 3 30 0, S_01f4e528;
 .timescale 0 0;
P_01ff7688 .param/l "i" 0 3 30, +C4<0110>;
L_0200a590 .functor AND 1, L_020097f8, v02005780_0, C4<1>, C4<1>;
v02002d70_0 .net *"_s0", 0 0, L_020097f8;  1 drivers
S_02001170 .scope module, "test_reg" "Register" 3 32, 7 1 0, S_020010a0;
 .timescale 0 0;
    .port_info 0 /INPUT 32 "IN"
    .port_info 1 /INPUT 1 "Clk"
    .port_info 2 /INPUT 1 "Reset"
    .port_info 3 /INPUT 1 "Load"
    .port_info 4 /OUTPUT 32 "OUT"
v02002b60_0 .net "Clk", 0 0, v02005620_0;  alias, 1 drivers
v02002bb8_0 .net "IN", 31 0, L_0200f798;  alias, 1 drivers
v02002c10_0 .net "Load", 0 0, L_0200a590;  1 drivers
v02002c68_0 .net "OUT", 31 0, v02002d18_0;  alias, 1 drivers
v02002cc0_0 .net "Reset", 0 0, v02009380_0;  alias, 1 drivers
v02002d18_0 .var "d", 31 0;
S_02001240 .scope generate, "registers[7]" "registers[7]" 3 30, 3 30 0, S_01f4e528;
 .timescale 0 0;
P_01ff76d8 .param/l "i" 0 3 30, +C4<0111>;
L_0200a620 .functor AND 1, L_02009850, v02005780_0, C4<1>, C4<1>;
v02002fd8_0 .net *"_s0", 0 0, L_02009850;  1 drivers
S_02001310 .scope module, "test_reg" "Register" 3 32, 7 1 0, S_02001240;
 .timescale 0 0;
    .port_info 0 /INPUT 32 "IN"
    .port_info 1 /INPUT 1 "Clk"
    .port_info 2 /INPUT 1 "Reset"
    .port_info 3 /INPUT 1 "Load"
    .port_info 4 /OUTPUT 32 "OUT"
v02002dc8_0 .net "Clk", 0 0, v02005620_0;  alias, 1 drivers
v02002e20_0 .net "IN", 31 0, L_0200f798;  alias, 1 drivers
v02002e78_0 .net "Load", 0 0, L_0200a620;  1 drivers
v02002ed0_0 .net "OUT", 31 0, v02002f80_0;  alias, 1 drivers
v02002f28_0 .net "Reset", 0 0, v02009380_0;  alias, 1 drivers
v02002f80_0 .var "d", 31 0;
S_020013e0 .scope generate, "registers[8]" "registers[8]" 3 30, 3 30 0, S_01f4e528;
 .timescale 0 0;
P_01ff7728 .param/l "i" 0 3 30, +C4<01000>;
L_0200a6b0 .functor AND 1, L_020098a8, v02005780_0, C4<1>, C4<1>;
v02003270_0 .net *"_s0", 0 0, L_020098a8;  1 drivers
S_020014b0 .scope module, "test_reg" "Register" 3 32, 7 1 0, S_020013e0;
 .timescale 0 0;
    .port_info 0 /INPUT 32 "IN"
    .port_info 1 /INPUT 1 "Clk"
    .port_info 2 /INPUT 1 "Reset"
    .port_info 3 /INPUT 1 "Load"
    .port_info 4 /OUTPUT 32 "OUT"
v02003060_0 .net "Clk", 0 0, v02005620_0;  alias, 1 drivers
v020030b8_0 .net "IN", 31 0, L_0200f798;  alias, 1 drivers
v02003110_0 .net "Load", 0 0, L_0200a6b0;  1 drivers
v02003168_0 .net "OUT", 31 0, v02003218_0;  alias, 1 drivers
v020031c0_0 .net "Reset", 0 0, v02009380_0;  alias, 1 drivers
v02003218_0 .var "d", 31 0;
S_02001580 .scope generate, "registers[9]" "registers[9]" 3 30, 3 30 0, S_01f4e528;
 .timescale 0 0;
P_02004088 .param/l "i" 0 3 30, +C4<01001>;
L_0200a740 .functor AND 1, L_02009900, v02005780_0, C4<1>, C4<1>;
v020034d8_0 .net *"_s0", 0 0, L_02009900;  1 drivers
S_02001650 .scope module, "test_reg" "Register" 3 32, 7 1 0, S_02001580;
 .timescale 0 0;
    .port_info 0 /INPUT 32 "IN"
    .port_info 1 /INPUT 1 "Clk"
    .port_info 2 /INPUT 1 "Reset"
    .port_info 3 /INPUT 1 "Load"
    .port_info 4 /OUTPUT 32 "OUT"
v020032c8_0 .net "Clk", 0 0, v02005620_0;  alias, 1 drivers
v02003320_0 .net "IN", 31 0, L_0200f798;  alias, 1 drivers
v02003378_0 .net "Load", 0 0, L_0200a740;  1 drivers
v020033d0_0 .net "OUT", 31 0, v02003480_0;  alias, 1 drivers
v02003428_0 .net "Reset", 0 0, v02009380_0;  alias, 1 drivers
v02003480_0 .var "d", 31 0;
S_02001720 .scope generate, "registers[10]" "registers[10]" 3 30, 3 30 0, S_01f4e528;
 .timescale 0 0;
P_020040d8 .param/l "i" 0 3 30, +C4<01010>;
L_0200a7d0 .functor AND 1, L_02009958, v02005780_0, C4<1>, C4<1>;
v02003740_0 .net *"_s0", 0 0, L_02009958;  1 drivers
S_020017f0 .scope module, "test_reg" "Register" 3 32, 7 1 0, S_02001720;
 .timescale 0 0;
    .port_info 0 /INPUT 32 "IN"
    .port_info 1 /INPUT 1 "Clk"
    .port_info 2 /INPUT 1 "Reset"
    .port_info 3 /INPUT 1 "Load"
    .port_info 4 /OUTPUT 32 "OUT"
v02003530_0 .net "Clk", 0 0, v02005620_0;  alias, 1 drivers
v02003588_0 .net "IN", 31 0, L_0200f798;  alias, 1 drivers
v020035e0_0 .net "Load", 0 0, L_0200a7d0;  1 drivers
v02003638_0 .net "OUT", 31 0, v020036e8_0;  alias, 1 drivers
v02003690_0 .net "Reset", 0 0, v02009380_0;  alias, 1 drivers
v020036e8_0 .var "d", 31 0;
S_020018c0 .scope generate, "registers[11]" "registers[11]" 3 30, 3 30 0, S_01f4e528;
 .timescale 0 0;
P_02004128 .param/l "i" 0 3 30, +C4<01011>;
L_0200a860 .functor AND 1, L_020099b0, v02005780_0, C4<1>, C4<1>;
v020039a8_0 .net *"_s0", 0 0, L_020099b0;  1 drivers
S_02001990 .scope module, "test_reg" "Register" 3 32, 7 1 0, S_020018c0;
 .timescale 0 0;
    .port_info 0 /INPUT 32 "IN"
    .port_info 1 /INPUT 1 "Clk"
    .port_info 2 /INPUT 1 "Reset"
    .port_info 3 /INPUT 1 "Load"
    .port_info 4 /OUTPUT 32 "OUT"
v02003798_0 .net "Clk", 0 0, v02005620_0;  alias, 1 drivers
v020037f0_0 .net "IN", 31 0, L_0200f798;  alias, 1 drivers
v02003848_0 .net "Load", 0 0, L_0200a860;  1 drivers
v020038a0_0 .net "OUT", 31 0, v02003950_0;  alias, 1 drivers
v020038f8_0 .net "Reset", 0 0, v02009380_0;  alias, 1 drivers
v02003950_0 .var "d", 31 0;
S_02001a60 .scope generate, "registers[12]" "registers[12]" 3 30, 3 30 0, S_01f4e528;
 .timescale 0 0;
P_02004178 .param/l "i" 0 3 30, +C4<01100>;
L_0200a8f0 .functor AND 1, L_02009a08, v02005780_0, C4<1>, C4<1>;
v02003c10_0 .net *"_s0", 0 0, L_02009a08;  1 drivers
S_02001b30 .scope module, "test_reg" "Register" 3 32, 7 1 0, S_02001a60;
 .timescale 0 0;
    .port_info 0 /INPUT 32 "IN"
    .port_info 1 /INPUT 1 "Clk"
    .port_info 2 /INPUT 1 "Reset"
    .port_info 3 /INPUT 1 "Load"
    .port_info 4 /OUTPUT 32 "OUT"
v02003a00_0 .net "Clk", 0 0, v02005620_0;  alias, 1 drivers
v02003a58_0 .net "IN", 31 0, L_0200f798;  alias, 1 drivers
v02003ab0_0 .net "Load", 0 0, L_0200a8f0;  1 drivers
v02003b08_0 .net "OUT", 31 0, v02003bb8_0;  alias, 1 drivers
v02003b60_0 .net "Reset", 0 0, v02009380_0;  alias, 1 drivers
v02003bb8_0 .var "d", 31 0;
S_02001c00 .scope generate, "registers[13]" "registers[13]" 3 30, 3 30 0, S_01f4e528;
 .timescale 0 0;
P_020041c8 .param/l "i" 0 3 30, +C4<01101>;
L_0200a980 .functor AND 1, L_02009a60, v02005780_0, C4<1>, C4<1>;
v02003e78_0 .net *"_s0", 0 0, L_02009a60;  1 drivers
S_02001cd0 .scope module, "test_reg" "Register" 3 32, 7 1 0, S_02001c00;
 .timescale 0 0;
    .port_info 0 /INPUT 32 "IN"
    .port_info 1 /INPUT 1 "Clk"
    .port_info 2 /INPUT 1 "Reset"
    .port_info 3 /INPUT 1 "Load"
    .port_info 4 /OUTPUT 32 "OUT"
v02003c68_0 .net "Clk", 0 0, v02005620_0;  alias, 1 drivers
v02003cc0_0 .net "IN", 31 0, L_0200f798;  alias, 1 drivers
v02003d18_0 .net "Load", 0 0, L_0200a980;  1 drivers
v02003d70_0 .net "OUT", 31 0, v02003e20_0;  alias, 1 drivers
v02003dc8_0 .net "Reset", 0 0, v02009380_0;  alias, 1 drivers
v02003e20_0 .var "d", 31 0;
S_02001da0 .scope generate, "registers[14]" "registers[14]" 3 30, 3 30 0, S_01f4e528;
 .timescale 0 0;
P_02004218 .param/l "i" 0 3 30, +C4<01110>;
L_0200aa10 .functor AND 1, L_02009ab8, v02005780_0, C4<1>, C4<1>;
v02004910_0 .net *"_s0", 0 0, L_02009ab8;  1 drivers
S_02001e70 .scope module, "test_reg" "Register" 3 32, 7 1 0, S_02001da0;
 .timescale 0 0;
    .port_info 0 /INPUT 32 "IN"
    .port_info 1 /INPUT 1 "Clk"
    .port_info 2 /INPUT 1 "Reset"
    .port_info 3 /INPUT 1 "Load"
    .port_info 4 /OUTPUT 32 "OUT"
v02003ed0_0 .net "Clk", 0 0, v02005620_0;  alias, 1 drivers
v02003f28_0 .net "IN", 31 0, L_0200f798;  alias, 1 drivers
v02003f80_0 .net "Load", 0 0, L_0200aa10;  1 drivers
v02003fd8_0 .net "OUT", 31 0, v020048b8_0;  alias, 1 drivers
v02004860_0 .net "Reset", 0 0, v02009380_0;  alias, 1 drivers
v020048b8_0 .var "d", 31 0;
S_02001f40 .scope generate, "registers[15]" "registers[15]" 3 30, 3 30 0, S_01f4e528;
 .timescale 0 0;
P_02004268 .param/l "i" 0 3 30, +C4<01111>;
L_0200aaa0 .functor AND 1, L_02009b10, v02005780_0, C4<1>, C4<1>;
v02004b78_0 .net *"_s0", 0 0, L_02009b10;  1 drivers
S_02005860 .scope module, "test_reg" "Register" 3 32, 7 1 0, S_02001f40;
 .timescale 0 0;
    .port_info 0 /INPUT 32 "IN"
    .port_info 1 /INPUT 1 "Clk"
    .port_info 2 /INPUT 1 "Reset"
    .port_info 3 /INPUT 1 "Load"
    .port_info 4 /OUTPUT 32 "OUT"
v02004968_0 .net "Clk", 0 0, v02005620_0;  alias, 1 drivers
v020049c0_0 .net "IN", 31 0, L_0200f798;  alias, 1 drivers
v02004a18_0 .net "Load", 0 0, L_0200aaa0;  1 drivers
v02004a70_0 .net "OUT", 31 0, v02004b20_0;  alias, 1 drivers
v02004ac8_0 .net "Reset", 0 0, v02009380_0;  alias, 1 drivers
v02004b20_0 .var "d", 31 0;
S_02005930 .scope module, "alu" "ARM_ALU" 2 20, 8 1 0, S_01f4e458;
 .timescale 0 0;
    .port_info 0 /INPUT 32 "A"
    .port_info 1 /INPUT 32 "B"
    .port_info 2 /INPUT 5 "OP"
    .port_info 3 /INPUT 4 "FLAGS"
    .port_info 4 /OUTPUT 32 "Out"
    .port_info 5 /OUTPUT 4 "FLAGS_OUT"
    .port_info 6 /INPUT 1 "S"
    .port_info 7 /INPUT 1 "ALU_OUT"
P_020042b8 .param/l "HIGHZ" 0 8 3, C4<zzzzzzzzzzzzzzzzzzzzzzzzzzzzzzzz>;
v02005200_0 .net8 "A", 31 0, RS_01fc3154;  alias, 16 drivers
v02005258_0 .net "ALU_OUT", 0 0, v020055c8_0;  1 drivers
v020052b0_0 .net8 "B", 31 0, RS_01fc3a54;  alias, 16 drivers
v02005308_0 .net "FLAGS", 3 0, v02005678_0;  1 drivers
v02005360_0 .net "FLAGS_OUT", 3 0, L_0200f740;  alias, 1 drivers
v020053b8_0 .var "FLAGS_buff", 3 0;
v02005410_0 .net "OP", 4 0, v02009278_0;  1 drivers
v02005468_0 .net "Out", 31 0, L_0200f798;  alias, 1 drivers
v020054c0_0 .net "S", 0 0, v02009538_0;  1 drivers
o01fc589c .functor BUFZ 32, C4<zzzzzzzzzzzzzzzzzzzzzzzzzzzzzzzz>; HiZ drive
; Elide local net with no drivers, v02005518_0 name=_s2
v02005570_0 .var "buffer", 31 0;
E_02004330 .event edge, v02005410_0, v01f4c690_0, v01f8a7b0_0, v02005570_0;
E_02004358 .event edge, v02005410_0, v01f4c690_0, v01f8a7b0_0;
L_0200f740 .functor MUXZ 4, v02005678_0, v020053b8_0, v02009538_0, C4<>;
L_0200f798 .functor MUXZ 32, o01fc589c, v02005570_0, v020055c8_0, C4<>;
    .scope S_020007b0;
T_0 ;
    %wait E_01ff74a8;
    %load/vec4 v01fff660_0;
    %flag_set/vec4 8;
    %jmp/0xz  T_0.0, 8;
    %load/vec4 v01fff608_0;
    %store/vec4 v01fff768_0, 0, 32;
T_0.0 ;
    %jmp T_0;
    .thread T_0;
    .scope S_020007b0;
T_1 ;
    %wait E_01ff7480;
    %pushi/vec4 0, 0, 32;
    %store/vec4 v01fff768_0, 0, 32;
    %jmp T_1;
    .thread T_1, $push;
    .scope S_02000950;
T_2 ;
    %wait E_01ff74a8;
    %load/vec4 v01fff8c8_0;
    %flag_set/vec4 8;
    %jmp/0xz  T_2.0, 8;
    %load/vec4 v01fff870_0;
    %store/vec4 v02002110_0, 0, 32;
T_2.0 ;
    %jmp T_2;
    .thread T_2;
    .scope S_02000950;
T_3 ;
    %wait E_01ff7480;
    %pushi/vec4 0, 0, 32;
    %store/vec4 v02002110_0, 0, 32;
    %jmp T_3;
    .thread T_3, $push;
    .scope S_02000af0;
T_4 ;
    %wait E_01ff74a8;
    %load/vec4 v02002270_0;
    %flag_set/vec4 8;
    %jmp/0xz  T_4.0, 8;
    %load/vec4 v02002218_0;
    %store/vec4 v02002378_0, 0, 32;
T_4.0 ;
    %jmp T_4;
    .thread T_4;
    .scope S_02000af0;
T_5 ;
    %wait E_01ff7480;
    %pushi/vec4 0, 0, 32;
    %store/vec4 v02002378_0, 0, 32;
    %jmp T_5;
    .thread T_5, $push;
    .scope S_02000c90;
T_6 ;
    %wait E_01ff74a8;
    %load/vec4 v020024d8_0;
    %flag_set/vec4 8;
    %jmp/0xz  T_6.0, 8;
    %load/vec4 v02002480_0;
    %store/vec4 v020025e0_0, 0, 32;
T_6.0 ;
    %jmp T_6;
    .thread T_6;
    .scope S_02000c90;
T_7 ;
    %wait E_01ff7480;
    %pushi/vec4 0, 0, 32;
    %store/vec4 v020025e0_0, 0, 32;
    %jmp T_7;
    .thread T_7, $push;
    .scope S_02000e30;
T_8 ;
    %wait E_01ff74a8;
    %load/vec4 v02002740_0;
    %flag_set/vec4 8;
    %jmp/0xz  T_8.0, 8;
    %load/vec4 v020026e8_0;
    %store/vec4 v02002848_0, 0, 32;
T_8.0 ;
    %jmp T_8;
    .thread T_8;
    .scope S_02000e30;
T_9 ;
    %wait E_01ff7480;
    %pushi/vec4 0, 0, 32;
    %store/vec4 v02002848_0, 0, 32;
    %jmp T_9;
    .thread T_9, $push;
    .scope S_02000fd0;
T_10 ;
    %wait E_01ff74a8;
    %load/vec4 v020029a8_0;
    %flag_set/vec4 8;
    %jmp/0xz  T_10.0, 8;
    %load/vec4 v02002950_0;
    %store/vec4 v02002ab0_0, 0, 32;
T_10.0 ;
    %jmp T_10;
    .thread T_10;
    .scope S_02000fd0;
T_11 ;
    %wait E_01ff7480;
    %pushi/vec4 0, 0, 32;
    %store/vec4 v02002ab0_0, 0, 32;
    %jmp T_11;
    .thread T_11, $push;
    .scope S_02001170;
T_12 ;
    %wait E_01ff74a8;
    %load/vec4 v02002c10_0;
    %flag_set/vec4 8;
    %jmp/0xz  T_12.0, 8;
    %load/vec4 v02002bb8_0;
    %store/vec4 v02002d18_0, 0, 32;
T_12.0 ;
    %jmp T_12;
    .thread T_12;
    .scope S_02001170;
T_13 ;
    %wait E_01ff7480;
    %pushi/vec4 0, 0, 32;
    %store/vec4 v02002d18_0, 0, 32;
    %jmp T_13;
    .thread T_13, $push;
    .scope S_02001310;
T_14 ;
    %wait E_01ff74a8;
    %load/vec4 v02002e78_0;
    %flag_set/vec4 8;
    %jmp/0xz  T_14.0, 8;
    %load/vec4 v02002e20_0;
    %store/vec4 v02002f80_0, 0, 32;
T_14.0 ;
    %jmp T_14;
    .thread T_14;
    .scope S_02001310;
T_15 ;
    %wait E_01ff7480;
    %pushi/vec4 0, 0, 32;
    %store/vec4 v02002f80_0, 0, 32;
    %jmp T_15;
    .thread T_15, $push;
    .scope S_020014b0;
T_16 ;
    %wait E_01ff74a8;
    %load/vec4 v02003110_0;
    %flag_set/vec4 8;
    %jmp/0xz  T_16.0, 8;
    %load/vec4 v020030b8_0;
    %store/vec4 v02003218_0, 0, 32;
T_16.0 ;
    %jmp T_16;
    .thread T_16;
    .scope S_020014b0;
T_17 ;
    %wait E_01ff7480;
    %pushi/vec4 0, 0, 32;
    %store/vec4 v02003218_0, 0, 32;
    %jmp T_17;
    .thread T_17, $push;
    .scope S_02001650;
T_18 ;
    %wait E_01ff74a8;
    %load/vec4 v02003378_0;
    %flag_set/vec4 8;
    %jmp/0xz  T_18.0, 8;
    %load/vec4 v02003320_0;
    %store/vec4 v02003480_0, 0, 32;
T_18.0 ;
    %jmp T_18;
    .thread T_18;
    .scope S_02001650;
T_19 ;
    %wait E_01ff7480;
    %pushi/vec4 0, 0, 32;
    %store/vec4 v02003480_0, 0, 32;
    %jmp T_19;
    .thread T_19, $push;
    .scope S_020017f0;
T_20 ;
    %wait E_01ff74a8;
    %load/vec4 v020035e0_0;
    %flag_set/vec4 8;
    %jmp/0xz  T_20.0, 8;
    %load/vec4 v02003588_0;
    %store/vec4 v020036e8_0, 0, 32;
T_20.0 ;
    %jmp T_20;
    .thread T_20;
    .scope S_020017f0;
T_21 ;
    %wait E_01ff7480;
    %pushi/vec4 0, 0, 32;
    %store/vec4 v020036e8_0, 0, 32;
    %jmp T_21;
    .thread T_21, $push;
    .scope S_02001990;
T_22 ;
    %wait E_01ff74a8;
    %load/vec4 v02003848_0;
    %flag_set/vec4 8;
    %jmp/0xz  T_22.0, 8;
    %load/vec4 v020037f0_0;
    %store/vec4 v02003950_0, 0, 32;
T_22.0 ;
    %jmp T_22;
    .thread T_22;
    .scope S_02001990;
T_23 ;
    %wait E_01ff7480;
    %pushi/vec4 0, 0, 32;
    %store/vec4 v02003950_0, 0, 32;
    %jmp T_23;
    .thread T_23, $push;
    .scope S_02001b30;
T_24 ;
    %wait E_01ff74a8;
    %load/vec4 v02003ab0_0;
    %flag_set/vec4 8;
    %jmp/0xz  T_24.0, 8;
    %load/vec4 v02003a58_0;
    %store/vec4 v02003bb8_0, 0, 32;
T_24.0 ;
    %jmp T_24;
    .thread T_24;
    .scope S_02001b30;
T_25 ;
    %wait E_01ff7480;
    %pushi/vec4 0, 0, 32;
    %store/vec4 v02003bb8_0, 0, 32;
    %jmp T_25;
    .thread T_25, $push;
    .scope S_02001cd0;
T_26 ;
    %wait E_01ff74a8;
    %load/vec4 v02003d18_0;
    %flag_set/vec4 8;
    %jmp/0xz  T_26.0, 8;
    %load/vec4 v02003cc0_0;
    %store/vec4 v02003e20_0, 0, 32;
T_26.0 ;
    %jmp T_26;
    .thread T_26;
    .scope S_02001cd0;
T_27 ;
    %wait E_01ff7480;
    %pushi/vec4 0, 0, 32;
    %store/vec4 v02003e20_0, 0, 32;
    %jmp T_27;
    .thread T_27, $push;
    .scope S_02001e70;
T_28 ;
    %wait E_01ff74a8;
    %load/vec4 v02003f80_0;
    %flag_set/vec4 8;
    %jmp/0xz  T_28.0, 8;
    %load/vec4 v02003f28_0;
    %store/vec4 v020048b8_0, 0, 32;
T_28.0 ;
    %jmp T_28;
    .thread T_28;
    .scope S_02001e70;
T_29 ;
    %wait E_01ff7480;
    %pushi/vec4 0, 0, 32;
    %store/vec4 v020048b8_0, 0, 32;
    %jmp T_29;
    .thread T_29, $push;
    .scope S_02005860;
T_30 ;
    %wait E_01ff74a8;
    %load/vec4 v02004a18_0;
    %flag_set/vec4 8;
    %jmp/0xz  T_30.0, 8;
    %load/vec4 v020049c0_0;
    %store/vec4 v02004b20_0, 0, 32;
T_30.0 ;
    %jmp T_30;
    .thread T_30;
    .scope S_02005860;
T_31 ;
    %wait E_01ff7480;
    %pushi/vec4 0, 0, 32;
    %store/vec4 v02004b20_0, 0, 32;
    %jmp T_31;
    .thread T_31, $push;
    .scope S_003af8f8;
T_32 ;
    %pushi/vec4 0, 0, 32;
    %store/vec4 v01f89f18_0, 0, 32;
    %end;
    .thread T_32;
    .scope S_003af8f8;
T_33 ;
    %wait E_01fb2140;
    %pushi/vec4 0, 0, 32;
    %store/vec4 v01f89f18_0, 0, 32;
T_33.0 ;
    %load/vec4 v01f89f18_0;
    %cmpi/s 15, 0, 32;
    %flag_or 5, 4;
    %jmp/0xz T_33.1, 5;
    %pushi/vec4 0, 0, 1;
    %ix/getv/s 4, v01f89f18_0;
    %store/vec4 v01f8a0d0_0, 4, 1;
    %load/vec4 v01f89f18_0;
    %addi 1, 0, 32;
    %store/vec4 v01f89f18_0, 0, 32;
    %jmp T_33.0;
T_33.1 ;
    %pushi/vec4 1, 0, 1;
    %ix/getv 4, v01f8a078_0;
    %store/vec4 v01f8a0d0_0, 4, 1;
    %jmp T_33;
    .thread T_33, $push;
    .scope S_003af0c0;
T_34 ;
    %pushi/vec4 0, 0, 32;
    %store/vec4 v01f89af8_0, 0, 32;
    %end;
    .thread T_34;
    .scope S_003af0c0;
T_35 ;
    %wait E_01fb2190;
    %pushi/vec4 0, 0, 32;
    %store/vec4 v01f89af8_0, 0, 32;
T_35.0 ;
    %load/vec4 v01f89af8_0;
    %cmpi/s 15, 0, 32;
    %flag_or 5, 4;
    %jmp/0xz T_35.1, 5;
    %pushi/vec4 0, 0, 1;
    %ix/getv/s 4, v01f89af8_0;
    %store/vec4 v01f89cb0_0, 4, 1;
    %load/vec4 v01f89af8_0;
    %addi 1, 0, 32;
    %store/vec4 v01f89af8_0, 0, 32;
    %jmp T_35.0;
T_35.1 ;
    %pushi/vec4 1, 0, 1;
    %ix/getv 4, v01f89c58_0;
    %store/vec4 v01f89cb0_0, 4, 1;
    %jmp T_35;
    .thread T_35, $push;
    .scope S_003af9c8;
T_36 ;
    %pushi/vec4 0, 0, 32;
    %store/vec4 v01f89e10_0, 0, 32;
    %end;
    .thread T_36;
    .scope S_003af9c8;
T_37 ;
    %wait E_01fb2168;
    %pushi/vec4 0, 0, 32;
    %store/vec4 v01f89e10_0, 0, 32;
T_37.0 ;
    %load/vec4 v01f89e10_0;
    %cmpi/s 15, 0, 32;
    %flag_or 5, 4;
    %jmp/0xz T_37.1, 5;
    %pushi/vec4 0, 0, 1;
    %ix/getv/s 4, v01f89e10_0;
    %store/vec4 v01f89db8_0, 4, 1;
    %load/vec4 v01f89e10_0;
    %addi 1, 0, 32;
    %store/vec4 v01f89e10_0, 0, 32;
    %jmp T_37.0;
T_37.1 ;
    %pushi/vec4 1, 0, 1;
    %ix/getv 4, v01f89f70_0;
    %store/vec4 v01f89db8_0, 4, 1;
    %jmp T_37;
    .thread T_37, $push;
    .scope S_003af190;
T_38 ;
    %pushi/vec4 0, 0, 32;
    %store/vec4 v01f899f0_0, 0, 32;
    %end;
    .thread T_38;
    .scope S_003af190;
T_39 ;
    %wait E_01fb21b8;
    %pushi/vec4 0, 0, 32;
    %store/vec4 v01f899f0_0, 0, 32;
T_39.0 ;
    %load/vec4 v01f899f0_0;
    %cmpi/s 15, 0, 32;
    %flag_or 5, 4;
    %jmp/0xz T_39.1, 5;
    %pushi/vec4 0, 0, 1;
    %ix/getv/s 4, v01f899f0_0;
    %store/vec4 v01f89998_0, 4, 1;
    %load/vec4 v01f899f0_0;
    %addi 1, 0, 32;
    %store/vec4 v01f899f0_0, 0, 32;
    %jmp T_39.0;
T_39.1 ;
    %pushi/vec4 1, 0, 1;
    %ix/getv 4, v01f89b50_0;
    %store/vec4 v01f89998_0, 4, 1;
    %jmp T_39;
    .thread T_39, $push;
    .scope S_02005930;
T_40 ;
    %wait E_02004358;
    %pushi/vec4 0, 0, 4;
    %store/vec4 v020053b8_0, 0, 4;
    %load/vec4 v02005410_0;
    %dup/vec4;
    %pushi/vec4 0, 0, 5;
    %cmp/z;
    %jmp/1 T_40.0, 4;
    %dup/vec4;
    %pushi/vec4 8, 0, 5;
    %cmp/z;
    %jmp/1 T_40.1, 4;
    %dup/vec4;
    %pushi/vec4 1, 0, 5;
    %cmp/z;
    %jmp/1 T_40.2, 4;
    %dup/vec4;
    %pushi/vec4 9, 0, 5;
    %cmp/z;
    %jmp/1 T_40.3, 4;
    %dup/vec4;
    %pushi/vec4 2, 0, 5;
    %cmp/z;
    %jmp/1 T_40.4, 4;
    %dup/vec4;
    %pushi/vec4 10, 0, 5;
    %cmp/z;
    %jmp/1 T_40.5, 4;
    %dup/vec4;
    %pushi/vec4 3, 0, 5;
    %cmp/z;
    %jmp/1 T_40.6, 4;
    %dup/vec4;
    %pushi/vec4 4, 0, 5;
    %cmp/z;
    %jmp/1 T_40.7, 4;
    %dup/vec4;
    %pushi/vec4 11, 0, 5;
    %cmp/z;
    %jmp/1 T_40.8, 4;
    %dup/vec4;
    %pushi/vec4 5, 0, 5;
    %cmp/z;
    %jmp/1 T_40.9, 4;
    %dup/vec4;
    %pushi/vec4 6, 0, 5;
    %cmp/z;
    %jmp/1 T_40.10, 4;
    %dup/vec4;
    %pushi/vec4 7, 0, 5;
    %cmp/z;
    %jmp/1 T_40.11, 4;
    %dup/vec4;
    %pushi/vec4 12, 0, 5;
    %cmp/z;
    %jmp/1 T_40.12, 4;
    %dup/vec4;
    %pushi/vec4 14, 0, 5;
    %cmp/z;
    %jmp/1 T_40.13, 4;
    %dup/vec4;
    %pushi/vec4 15, 0, 5;
    %cmp/z;
    %jmp/1 T_40.14, 4;
    %dup/vec4;
    %pushi/vec4 16, 0, 5;
    %cmp/z;
    %jmp/1 T_40.15, 4;
    %dup/vec4;
    %pushi/vec4 17, 0, 5;
    %cmp/z;
    %jmp/1 T_40.16, 4;
    %jmp T_40.17;
T_40.0 ;
    %load/vec4 v02005200_0;
    %load/vec4 v020052b0_0;
    %and;
    %assign/vec4 v02005570_0, 0;
    %jmp T_40.17;
T_40.1 ;
    %load/vec4 v02005200_0;
    %load/vec4 v020052b0_0;
    %and;
    %assign/vec4 v02005570_0, 0;
    %jmp T_40.17;
T_40.2 ;
    %load/vec4 v02005200_0;
    %load/vec4 v020052b0_0;
    %xor;
    %assign/vec4 v02005570_0, 0;
    %jmp T_40.17;
T_40.3 ;
    %load/vec4 v02005200_0;
    %load/vec4 v020052b0_0;
    %xor;
    %assign/vec4 v02005570_0, 0;
    %jmp T_40.17;
T_40.4 ;
    %load/vec4 v02005200_0;
    %pad/u 33;
    %load/vec4 v020052b0_0;
    %pad/u 33;
    %sub;
    %split/vec4 32;
    %assign/vec4 v02005570_0, 0;
    %ix/load 4, 1, 0;
    %ix/load 5, 0, 0;
    %flag_set/imm 4, 0;
    %assign/vec4/off/d v020053b8_0, 4, 5;
    %jmp T_40.17;
T_40.5 ;
    %load/vec4 v02005200_0;
    %pad/u 33;
    %load/vec4 v020052b0_0;
    %pad/u 33;
    %sub;
    %split/vec4 32;
    %assign/vec4 v02005570_0, 0;
    %ix/load 4, 1, 0;
    %ix/load 5, 0, 0;
    %flag_set/imm 4, 0;
    %assign/vec4/off/d v020053b8_0, 4, 5;
    %jmp T_40.17;
T_40.6 ;
    %load/vec4 v020052b0_0;
    %pad/u 33;
    %load/vec4 v02005200_0;
    %pad/u 33;
    %sub;
    %split/vec4 32;
    %assign/vec4 v02005570_0, 0;
    %ix/load 4, 1, 0;
    %ix/load 5, 0, 0;
    %flag_set/imm 4, 0;
    %assign/vec4/off/d v020053b8_0, 4, 5;
    %jmp T_40.17;
T_40.7 ;
    %load/vec4 v02005200_0;
    %pad/u 33;
    %load/vec4 v020052b0_0;
    %pad/u 33;
    %add;
    %split/vec4 32;
    %assign/vec4 v02005570_0, 0;
    %ix/load 4, 1, 0;
    %ix/load 5, 0, 0;
    %flag_set/imm 4, 0;
    %assign/vec4/off/d v020053b8_0, 4, 5;
    %jmp T_40.17;
T_40.8 ;
    %load/vec4 v02005200_0;
    %pad/u 33;
    %load/vec4 v020052b0_0;
    %pad/u 33;
    %add;
    %split/vec4 32;
    %assign/vec4 v02005570_0, 0;
    %ix/load 4, 1, 0;
    %ix/load 5, 0, 0;
    %flag_set/imm 4, 0;
    %assign/vec4/off/d v020053b8_0, 4, 5;
    %jmp T_40.17;
T_40.9 ;
    %load/vec4 v02005200_0;
    %pad/u 33;
    %load/vec4 v020052b0_0;
    %pad/u 33;
    %add;
    %load/vec4 v02005308_0;
    %parti/s 1, 1, 2;
    %pad/u 33;
    %add;
    %split/vec4 32;
    %assign/vec4 v02005570_0, 0;
    %ix/load 4, 1, 0;
    %ix/load 5, 0, 0;
    %flag_set/imm 4, 0;
    %assign/vec4/off/d v020053b8_0, 4, 5;
    %jmp T_40.17;
T_40.10 ;
    %load/vec4 v02005200_0;
    %pad/u 33;
    %load/vec4 v020052b0_0;
    %pad/u 33;
    %sub;
    %load/vec4 v02005308_0;
    %parti/s 1, 1, 2;
    %nor/r;
    %pad/u 33;
    %sub;
    %split/vec4 32;
    %assign/vec4 v02005570_0, 0;
    %ix/load 4, 1, 0;
    %ix/load 5, 0, 0;
    %flag_set/imm 4, 0;
    %assign/vec4/off/d v020053b8_0, 4, 5;
    %jmp T_40.17;
T_40.11 ;
    %load/vec4 v020052b0_0;
    %pad/u 33;
    %load/vec4 v02005200_0;
    %pad/u 33;
    %sub;
    %load/vec4 v02005308_0;
    %parti/s 1, 1, 2;
    %nor/r;
    %pad/u 33;
    %sub;
    %split/vec4 32;
    %assign/vec4 v02005570_0, 0;
    %ix/load 4, 1, 0;
    %ix/load 5, 0, 0;
    %flag_set/imm 4, 0;
    %assign/vec4/off/d v020053b8_0, 4, 5;
    %jmp T_40.17;
T_40.12 ;
    %load/vec4 v02005200_0;
    %load/vec4 v020052b0_0;
    %or;
    %assign/vec4 v02005570_0, 0;
    %jmp T_40.17;
T_40.13 ;
    %load/vec4 v02005200_0;
    %load/vec4 v020052b0_0;
    %inv;
    %and;
    %assign/vec4 v02005570_0, 0;
    %jmp T_40.17;
T_40.14 ;
    %load/vec4 v020052b0_0;
    %inv;
    %assign/vec4 v02005570_0, 0;
    %jmp T_40.17;
T_40.15 ;
    %load/vec4 v020052b0_0;
    %assign/vec4 v02005570_0, 0;
    %jmp T_40.17;
T_40.16 ;
    %load/vec4 v02005200_0;
    %addi 1, 0, 32;
    %assign/vec4 v02005570_0, 0;
    %jmp T_40.17;
T_40.17 ;
    %pop/vec4 1;
    %jmp T_40;
    .thread T_40, $push;
    .scope S_02005930;
T_41 ;
    %wait E_02004330;
    %load/vec4 v02005570_0;
    %parti/s 1, 31, 6;
    %ix/load 4, 3, 0;
    %flag_set/imm 4, 0;
    %store/vec4 v020053b8_0, 4, 1;
    %load/vec4 v02005570_0;
    %pushi/vec4 0, 0, 32;
    %cmp/e;
    %flag_get/vec4 4;
    %ix/load 4, 2, 0;
    %flag_set/imm 4, 0;
    %store/vec4 v020053b8_0, 4, 1;
    %load/vec4 v02005200_0;
    %parti/s 1, 31, 6;
    %load/vec4 v020052b0_0;
    %parti/s 1, 31, 6;
    %cmp/e;
    %flag_get/vec4 4;
    %load/vec4 v02005200_0;
    %parti/s 1, 31, 6;
    %load/vec4 v02005570_0;
    %parti/s 1, 31, 6;
    %cmp/e;
    %flag_get/vec4 4;
    %inv;
    %and;
    %ix/load 4, 0, 0;
    %flag_set/imm 4, 0;
    %store/vec4 v020053b8_0, 4, 1;
    %jmp T_41;
    .thread T_41, $push;
    .scope S_01f4e458;
T_42 ;
    %fork t_1, S_01f4e458;
    %fork t_2, S_01f4e458;
    %fork t_3, S_01f4e458;
    %fork t_4, S_01f4e458;
    %fork t_5, S_01f4e458;
    %fork t_6, S_01f4e458;
    %fork t_7, S_01f4e458;
    %fork t_8, S_01f4e458;
    %fork t_9, S_01f4e458;
    %fork t_10, S_01f4e458;
    %fork t_11, S_01f4e458;
    %fork t_12, S_01f4e458;
    %fork t_13, S_01f4e458;
    %fork t_14, S_01f4e458;
    %fork t_15, S_01f4e458;
    %fork t_16, S_01f4e458;
    %fork t_17, S_01f4e458;
    %fork t_18, S_01f4e458;
    %fork t_19, S_01f4e458;
    %fork t_20, S_01f4e458;
    %fork t_21, S_01f4e458;
    %fork t_22, S_01f4e458;
    %fork t_23, S_01f4e458;
    %fork t_24, S_01f4e458;
    %fork t_25, S_01f4e458;
    %fork t_26, S_01f4e458;
    %fork t_27, S_01f4e458;
    %fork t_28, S_01f4e458;
    %fork t_29, S_01f4e458;
    %fork t_30, S_01f4e458;
    %fork t_31, S_01f4e458;
    %fork t_32, S_01f4e458;
    %fork t_33, S_01f4e458;
    %fork t_34, S_01f4e458;
    %fork t_35, S_01f4e458;
    %fork t_36, S_01f4e458;
    %fork t_37, S_01f4e458;
    %fork t_38, S_01f4e458;
    %fork t_39, S_01f4e458;
    %fork t_40, S_01f4e458;
    %fork t_41, S_01f4e458;
    %fork t_42, S_01f4e458;
    %fork t_43, S_01f4e458;
    %fork t_44, S_01f4e458;
    %fork t_45, S_01f4e458;
    %fork t_46, S_01f4e458;
    %fork t_47, S_01f4e458;
    %fork t_48, S_01f4e458;
    %fork t_49, S_01f4e458;
    %fork t_50, S_01f4e458;
    %fork t_51, S_01f4e458;
    %fork t_52, S_01f4e458;
    %fork t_53, S_01f4e458;
    %fork t_54, S_01f4e458;
    %fork t_55, S_01f4e458;
    %fork t_56, S_01f4e458;
    %fork t_57, S_01f4e458;
    %fork t_58, S_01f4e458;
    %fork t_59, S_01f4e458;
    %fork t_60, S_01f4e458;
    %fork t_61, S_01f4e458;
    %fork t_62, S_01f4e458;
    %fork t_63, S_01f4e458;
    %fork t_64, S_01f4e458;
    %fork t_65, S_01f4e458;
    %fork t_66, S_01f4e458;
    %fork t_67, S_01f4e458;
    %fork t_68, S_01f4e458;
    %fork t_69, S_01f4e458;
    %fork t_70, S_01f4e458;
    %fork t_71, S_01f4e458;
    %fork t_72, S_01f4e458;
    %fork t_73, S_01f4e458;
    %fork t_74, S_01f4e458;
    %fork t_75, S_01f4e458;
    %fork t_76, S_01f4e458;
    %fork t_77, S_01f4e458;
    %fork t_78, S_01f4e458;
    %fork t_79, S_01f4e458;
    %fork t_80, S_01f4e458;
    %fork t_81, S_01f4e458;
    %fork t_82, S_01f4e458;
    %fork t_83, S_01f4e458;
    %fork t_84, S_01f4e458;
    %fork t_85, S_01f4e458;
    %fork t_86, S_01f4e458;
    %fork t_87, S_01f4e458;
    %fork t_88, S_01f4e458;
    %fork t_89, S_01f4e458;
    %fork t_90, S_01f4e458;
    %fork t_91, S_01f4e458;
    %fork t_92, S_01f4e458;
    %fork t_93, S_01f4e458;
    %fork t_94, S_01f4e458;
    %join;
    %join;
    %join;
    %join;
    %join;
    %join;
    %join;
    %join;
    %join;
    %join;
    %join;
    %join;
    %join;
    %join;
    %join;
    %join;
    %join;
    %join;
    %join;
    %join;
    %join;
    %join;
    %join;
    %join;
    %join;
    %join;
    %join;
    %join;
    %join;
    %join;
    %join;
    %join;
    %join;
    %join;
    %join;
    %join;
    %join;
    %join;
    %join;
    %join;
    %join;
    %join;
    %join;
    %join;
    %join;
    %join;
    %join;
    %join;
    %join;
    %join;
    %join;
    %join;
    %join;
    %join;
    %join;
    %join;
    %join;
    %join;
    %join;
    %join;
    %join;
    %join;
    %join;
    %join;
    %join;
    %join;
    %join;
    %join;
    %join;
    %join;
    %join;
    %join;
    %join;
    %join;
    %join;
    %join;
    %join;
    %join;
    %join;
    %join;
    %join;
    %join;
    %join;
    %join;
    %join;
    %join;
    %join;
    %join;
    %join;
    %join;
    %join;
    %join;
    %join;
    %join;
    %jmp t_0;
t_1 ;
    %pushi/vec4 0, 0, 1;
    %store/vec4 v02005620_0, 0, 1;
    %end;
t_2 ;
    %pushi/vec4 1, 0, 1;
    %store/vec4 v02009380_0, 0, 1;
    %end;
t_3 ;
    %pushi/vec4 0, 4294967295, 32;
    %store/vec4 v02009328_0, 0, 32;
    %end;
t_4 ;
    %pushi/vec4 0, 0, 1;
    %store/vec4 v020057d8_0, 0, 1;
    %end;
t_5 ;
    %pushi/vec4 0, 0, 1;
    %store/vec4 v02005780_0, 0, 1;
    %end;
t_6 ;
    %pushi/vec4 1, 0, 1;
    %store/vec4 v02005728_0, 0, 1;
    %end;
t_7 ;
    %pushi/vec4 0, 0, 4;
    %ix/load 4, 0, 0;
    %flag_set/imm 4, 0;
    %store/vec4 v020093d8_0, 4, 4;
    %end;
t_8 ;
    %pushi/vec4 0, 0, 4;
    %ix/load 4, 4, 0;
    %flag_set/imm 4, 0;
    %store/vec4 v020093d8_0, 4, 4;
    %end;
t_9 ;
    %pushi/vec4 0, 0, 4;
    %ix/load 4, 8, 0;
    %flag_set/imm 4, 0;
    %store/vec4 v020093d8_0, 4, 4;
    %end;
t_10 ;
    %pushi/vec4 0, 0, 4;
    %ix/load 4, 12, 0;
    %flag_set/imm 4, 0;
    %store/vec4 v020093d8_0, 4, 4;
    %end;
t_11 ;
    %pushi/vec4 0, 0, 4;
    %ix/load 4, 16, 0;
    %flag_set/imm 4, 0;
    %store/vec4 v020093d8_0, 4, 4;
    %end;
t_12 ;
    %pushi/vec4 17, 0, 5;
    %store/vec4 v02009278_0, 0, 5;
    %end;
t_13 ;
    %pushi/vec4 0, 0, 4;
    %store/vec4 v02005678_0, 0, 4;
    %end;
t_14 ;
    %pushi/vec4 1, 0, 1;
    %store/vec4 v02009538_0, 0, 1;
    %end;
t_15 ;
    %pushi/vec4 1, 0, 1;
    %store/vec4 v020055c8_0, 0, 1;
    %end;
t_16 ;
    %delay 1, 0;
    %pushi/vec4 0, 0, 1;
    %store/vec4 v02009380_0, 0, 1;
    %end;
t_17 ;
    %delay 1, 0;
    %pushi/vec4 0, 4294967295, 32;
    %store/vec4 v02009328_0, 0, 32;
    %end;
t_18 ;
    %delay 1, 0;
    %pushi/vec4 0, 0, 1;
    %store/vec4 v020057d8_0, 0, 1;
    %end;
t_19 ;
    %delay 1, 0;
    %pushi/vec4 1, 0, 1;
    %store/vec4 v02005780_0, 0, 1;
    %end;
t_20 ;
    %delay 1, 0;
    %pushi/vec4 1, 0, 1;
    %store/vec4 v02005728_0, 0, 1;
    %end;
t_21 ;
    %delay 1, 0;
    %pushi/vec4 0, 0, 4;
    %ix/load 4, 0, 0;
    %flag_set/imm 4, 0;
    %store/vec4 v020093d8_0, 4, 4;
    %end;
t_22 ;
    %delay 1, 0;
    %pushi/vec4 0, 0, 4;
    %ix/load 4, 4, 0;
    %flag_set/imm 4, 0;
    %store/vec4 v020093d8_0, 4, 4;
    %end;
t_23 ;
    %delay 1, 0;
    %pushi/vec4 0, 0, 4;
    %ix/load 4, 8, 0;
    %flag_set/imm 4, 0;
    %store/vec4 v020093d8_0, 4, 4;
    %end;
t_24 ;
    %delay 1, 0;
    %pushi/vec4 0, 0, 4;
    %ix/load 4, 12, 0;
    %flag_set/imm 4, 0;
    %store/vec4 v020093d8_0, 4, 4;
    %end;
t_25 ;
    %delay 1, 0;
    %pushi/vec4 0, 0, 4;
    %ix/load 4, 16, 0;
    %flag_set/imm 4, 0;
    %store/vec4 v020093d8_0, 4, 4;
    %end;
t_26 ;
    %delay 1, 0;
    %pushi/vec4 17, 0, 5;
    %store/vec4 v02009278_0, 0, 5;
    %end;
t_27 ;
    %delay 1, 0;
    %pushi/vec4 0, 0, 4;
    %store/vec4 v02005678_0, 0, 4;
    %end;
t_28 ;
    %delay 1, 0;
    %pushi/vec4 1, 0, 1;
    %store/vec4 v02009538_0, 0, 1;
    %end;
t_29 ;
    %delay 1, 0;
    %pushi/vec4 1, 0, 1;
    %store/vec4 v020055c8_0, 0, 1;
    %end;
t_30 ;
    %delay 2, 0;
    %pushi/vec4 0, 4294967295, 32;
    %store/vec4 v02009328_0, 0, 32;
    %end;
t_31 ;
    %delay 2, 0;
    %pushi/vec4 0, 0, 1;
    %store/vec4 v020057d8_0, 0, 1;
    %end;
t_32 ;
    %delay 2, 0;
    %pushi/vec4 1, 0, 1;
    %store/vec4 v02005780_0, 0, 1;
    %end;
t_33 ;
    %delay 2, 0;
    %pushi/vec4 1, 0, 1;
    %store/vec4 v02005728_0, 0, 1;
    %end;
t_34 ;
    %delay 2, 0;
    %pushi/vec4 0, 0, 4;
    %ix/load 4, 0, 0;
    %flag_set/imm 4, 0;
    %store/vec4 v020093d8_0, 4, 4;
    %end;
t_35 ;
    %delay 2, 0;
    %pushi/vec4 0, 0, 4;
    %ix/load 4, 4, 0;
    %flag_set/imm 4, 0;
    %store/vec4 v020093d8_0, 4, 4;
    %end;
t_36 ;
    %delay 2, 0;
    %pushi/vec4 0, 0, 4;
    %ix/load 4, 8, 0;
    %flag_set/imm 4, 0;
    %store/vec4 v020093d8_0, 4, 4;
    %end;
t_37 ;
    %delay 2, 0;
    %pushi/vec4 0, 0, 4;
    %ix/load 4, 12, 0;
    %flag_set/imm 4, 0;
    %store/vec4 v020093d8_0, 4, 4;
    %end;
t_38 ;
    %delay 2, 0;
    %pushi/vec4 0, 0, 4;
    %ix/load 4, 16, 0;
    %flag_set/imm 4, 0;
    %store/vec4 v020093d8_0, 4, 4;
    %end;
t_39 ;
    %delay 2, 0;
    %pushi/vec4 17, 0, 5;
    %store/vec4 v02009278_0, 0, 5;
    %end;
t_40 ;
    %delay 2, 0;
    %pushi/vec4 0, 0, 4;
    %store/vec4 v02005678_0, 0, 4;
    %end;
t_41 ;
    %delay 2, 0;
    %pushi/vec4 1, 0, 1;
    %store/vec4 v02009538_0, 0, 1;
    %end;
t_42 ;
    %delay 2, 0;
    %pushi/vec4 1, 0, 1;
    %store/vec4 v020055c8_0, 0, 1;
    %end;
t_43 ;
    %delay 3, 0;
    %pushi/vec4 0, 4294967295, 32;
    %store/vec4 v02009328_0, 0, 32;
    %end;
t_44 ;
    %delay 3, 0;
    %pushi/vec4 0, 0, 1;
    %store/vec4 v020057d8_0, 0, 1;
    %end;
t_45 ;
    %delay 3, 0;
    %pushi/vec4 1, 0, 1;
    %store/vec4 v02005780_0, 0, 1;
    %end;
t_46 ;
    %delay 3, 0;
    %pushi/vec4 1, 0, 1;
    %store/vec4 v02005728_0, 0, 1;
    %end;
t_47 ;
    %delay 3, 0;
    %pushi/vec4 0, 0, 4;
    %ix/load 4, 0, 0;
    %flag_set/imm 4, 0;
    %store/vec4 v020093d8_0, 4, 4;
    %end;
t_48 ;
    %delay 3, 0;
    %pushi/vec4 0, 0, 4;
    %ix/load 4, 4, 0;
    %flag_set/imm 4, 0;
    %store/vec4 v020093d8_0, 4, 4;
    %end;
t_49 ;
    %delay 3, 0;
    %pushi/vec4 0, 0, 4;
    %ix/load 4, 8, 0;
    %flag_set/imm 4, 0;
    %store/vec4 v020093d8_0, 4, 4;
    %end;
t_50 ;
    %delay 3, 0;
    %pushi/vec4 1, 0, 4;
    %ix/load 4, 12, 0;
    %flag_set/imm 4, 0;
    %store/vec4 v020093d8_0, 4, 4;
    %end;
t_51 ;
    %delay 3, 0;
    %pushi/vec4 0, 0, 4;
    %ix/load 4, 16, 0;
    %flag_set/imm 4, 0;
    %store/vec4 v020093d8_0, 4, 4;
    %end;
t_52 ;
    %delay 3, 0;
    %pushi/vec4 17, 0, 5;
    %store/vec4 v02009278_0, 0, 5;
    %end;
t_53 ;
    %delay 3, 0;
    %pushi/vec4 0, 0, 4;
    %store/vec4 v02005678_0, 0, 4;
    %end;
t_54 ;
    %delay 3, 0;
    %pushi/vec4 1, 0, 1;
    %store/vec4 v02009538_0, 0, 1;
    %end;
t_55 ;
    %delay 3, 0;
    %pushi/vec4 1, 0, 1;
    %store/vec4 v020055c8_0, 0, 1;
    %end;
t_56 ;
    %delay 4, 0;
    %pushi/vec4 0, 4294967295, 32;
    %store/vec4 v02009328_0, 0, 32;
    %end;
t_57 ;
    %delay 4, 0;
    %pushi/vec4 0, 0, 1;
    %store/vec4 v020057d8_0, 0, 1;
    %end;
t_58 ;
    %delay 4, 0;
    %pushi/vec4 1, 0, 1;
    %store/vec4 v02005780_0, 0, 1;
    %end;
t_59 ;
    %delay 4, 0;
    %pushi/vec4 1, 0, 1;
    %store/vec4 v02005728_0, 0, 1;
    %end;
t_60 ;
    %delay 4, 0;
    %pushi/vec4 0, 0, 4;
    %ix/load 4, 0, 0;
    %flag_set/imm 4, 0;
    %store/vec4 v020093d8_0, 4, 4;
    %end;
t_61 ;
    %delay 4, 0;
    %pushi/vec4 0, 0, 4;
    %ix/load 4, 4, 0;
    %flag_set/imm 4, 0;
    %store/vec4 v020093d8_0, 4, 4;
    %end;
t_62 ;
    %delay 4, 0;
    %pushi/vec4 0, 0, 4;
    %ix/load 4, 8, 0;
    %flag_set/imm 4, 0;
    %store/vec4 v020093d8_0, 4, 4;
    %end;
t_63 ;
    %delay 4, 0;
    %pushi/vec4 1, 0, 4;
    %ix/load 4, 12, 0;
    %flag_set/imm 4, 0;
    %store/vec4 v020093d8_0, 4, 4;
    %end;
t_64 ;
    %delay 4, 0;
    %pushi/vec4 0, 0, 4;
    %ix/load 4, 16, 0;
    %flag_set/imm 4, 0;
    %store/vec4 v020093d8_0, 4, 4;
    %end;
t_65 ;
    %delay 4, 0;
    %pushi/vec4 4, 0, 5;
    %store/vec4 v02009278_0, 0, 5;
    %end;
t_66 ;
    %delay 4, 0;
    %pushi/vec4 0, 0, 4;
    %store/vec4 v02005678_0, 0, 4;
    %end;
t_67 ;
    %delay 4, 0;
    %pushi/vec4 1, 0, 1;
    %store/vec4 v02009538_0, 0, 1;
    %end;
t_68 ;
    %delay 4, 0;
    %pushi/vec4 1, 0, 1;
    %store/vec4 v020055c8_0, 0, 1;
    %end;
t_69 ;
    %delay 5, 0;
    %pushi/vec4 0, 4294967295, 32;
    %store/vec4 v02009328_0, 0, 32;
    %end;
t_70 ;
    %delay 5, 0;
    %pushi/vec4 0, 0, 1;
    %store/vec4 v020057d8_0, 0, 1;
    %end;
t_71 ;
    %delay 5, 0;
    %pushi/vec4 1, 0, 1;
    %store/vec4 v02005780_0, 0, 1;
    %end;
t_72 ;
    %delay 5, 0;
    %pushi/vec4 1, 0, 1;
    %store/vec4 v02005728_0, 0, 1;
    %end;
t_73 ;
    %delay 5, 0;
    %pushi/vec4 0, 0, 4;
    %ix/load 4, 0, 0;
    %flag_set/imm 4, 0;
    %store/vec4 v020093d8_0, 4, 4;
    %end;
t_74 ;
    %delay 5, 0;
    %pushi/vec4 0, 0, 4;
    %ix/load 4, 4, 0;
    %flag_set/imm 4, 0;
    %store/vec4 v020093d8_0, 4, 4;
    %end;
t_75 ;
    %delay 5, 0;
    %pushi/vec4 0, 0, 4;
    %ix/load 4, 8, 0;
    %flag_set/imm 4, 0;
    %store/vec4 v020093d8_0, 4, 4;
    %end;
t_76 ;
    %delay 5, 0;
    %pushi/vec4 2, 0, 4;
    %ix/load 4, 12, 0;
    %flag_set/imm 4, 0;
    %store/vec4 v020093d8_0, 4, 4;
    %end;
t_77 ;
    %delay 5, 0;
    %pushi/vec4 0, 0, 4;
    %ix/load 4, 16, 0;
    %flag_set/imm 4, 0;
    %store/vec4 v020093d8_0, 4, 4;
    %end;
t_78 ;
    %delay 5, 0;
    %pushi/vec4 4, 0, 5;
    %store/vec4 v02009278_0, 0, 5;
    %end;
t_79 ;
    %delay 5, 0;
    %pushi/vec4 0, 0, 4;
    %store/vec4 v02005678_0, 0, 4;
    %end;
t_80 ;
    %delay 5, 0;
    %pushi/vec4 1, 0, 1;
    %store/vec4 v02009538_0, 0, 1;
    %end;
t_81 ;
    %delay 5, 0;
    %pushi/vec4 1, 0, 1;
    %store/vec4 v020055c8_0, 0, 1;
    %end;
t_82 ;
    %delay 6, 0;
    %pushi/vec4 0, 4294967295, 32;
    %store/vec4 v02009328_0, 0, 32;
    %end;
t_83 ;
    %delay 6, 0;
    %pushi/vec4 0, 0, 1;
    %store/vec4 v020057d8_0, 0, 1;
    %end;
t_84 ;
    %delay 6, 0;
    %pushi/vec4 1, 0, 1;
    %store/vec4 v02005780_0, 0, 1;
    %end;
t_85 ;
    %delay 6, 0;
    %pushi/vec4 1, 0, 1;
    %store/vec4 v02005728_0, 0, 1;
    %end;
t_86 ;
    %delay 6, 0;
    %pushi/vec4 1, 0, 4;
    %ix/load 4, 0, 0;
    %flag_set/imm 4, 0;
    %store/vec4 v020093d8_0, 4, 4;
    %end;
t_87 ;
    %delay 6, 0;
    %pushi/vec4 0, 0, 4;
    %ix/load 4, 4, 0;
    %flag_set/imm 4, 0;
    %store/vec4 v020093d8_0, 4, 4;
    %end;
t_88 ;
    %delay 6, 0;
    %pushi/vec4 0, 0, 4;
    %ix/load 4, 8, 0;
    %flag_set/imm 4, 0;
    %store/vec4 v020093d8_0, 4, 4;
    %end;
t_89 ;
    %delay 6, 0;
    %pushi/vec4 2, 0, 4;
    %ix/load 4, 12, 0;
    %flag_set/imm 4, 0;
    %store/vec4 v020093d8_0, 4, 4;
    %end;
t_90 ;
    %delay 6, 0;
    %pushi/vec4 0, 0, 4;
    %ix/load 4, 16, 0;
    %flag_set/imm 4, 0;
    %store/vec4 v020093d8_0, 4, 4;
    %end;
t_91 ;
    %delay 6, 0;
    %pushi/vec4 4, 0, 5;
    %store/vec4 v02009278_0, 0, 5;
    %end;
t_92 ;
    %delay 6, 0;
    %pushi/vec4 0, 0, 4;
    %store/vec4 v02005678_0, 0, 4;
    %end;
t_93 ;
    %delay 6, 0;
    %pushi/vec4 1, 0, 1;
    %store/vec4 v02009538_0, 0, 1;
    %end;
t_94 ;
    %delay 6, 0;
    %pushi/vec4 1, 0, 1;
    %store/vec4 v020055c8_0, 0, 1;
    %end;
    .scope S_01f4e458;
t_0 ;
    %end;
    .thread T_42;
    .scope S_01f4e458;
T_43 ;
    %delay 1, 0;
    %load/vec4 v02005620_0;
    %inv;
    %store/vec4 v02005620_0, 0, 1;
    %jmp T_43;
    .thread T_43;
    .scope S_01f4e458;
T_44 ;
    %delay 1500, 0;
    %vpi_call 2 42 "$finish" {0 0 0};
    %end;
    .thread T_44;
    .scope S_01f4e458;
T_45 ;
    %vpi_call 2 45 "$dumpfile", "prefab_alu_rf.vcd" {0 0 0};
    %vpi_call 2 46 "$dumpvars", 32'sb00000000000000000000000000000000, S_01f4e458 {0 0 0};
    %vpi_call 2 47 "$display", " Test Results" {0 0 0};
    %vpi_call 2 48 "$monitor", "time = %3d ,Pcin = %3d , in = %3d , LOADPC = %3d , LOAD = %3d , IR_CU = %3d , RSLCT = %3h, Rn = %3d ,Rm = %3d ,Rs = %3d ,PCout = %3d,OP=%3d;FLAGS=0; S=%1b;ALU_OUT=%1b;", $time, v02009328_0, v02009590_0, v020057d8_0, v02005780_0, v02005728_0, v020093d8_0, v02009488_0, v02009430_0, v020094e0_0, v020092d0_0, v02009278_0, v02005678_0, v02009538_0, v020055c8_0 {0 0 0};
    %end;
    .thread T_45;
# The file index is used to find the file name in the following table.
:file_names 9;
    "N/A";
    "<interactive>";
    "prefab_alu_rf.v";
    "RegisterFile.v";
    "Decoder4x16.v";
    "Buffer32_32.v";
    "Multiplexer2x1_32b.v";
    "Register.v";
    "ARM_ALU.v";
