#! c:/iverilog-x86/bin/vvp
:ivl_version "10.0 (stable)" "(v10_0)";
:ivl_delay_selection "TYPICAL";
:vpi_time_precision + 0;
:vpi_module "system";
:vpi_module "vhdl_sys";
:vpi_module "v2005_math";
:vpi_module "va_math";
S_00666620 .scope module, "BarrelShifterTestBench" "BarrelShifterTestBench" 2 1;
 .timescale 0 0;
P_00661c08 .param/l "sim_time" 0 2 3, +C4<0000000000000000000000000000000000000000000000000000010111011100>;
v006ab238_0 .var "IR", 31 0;
v006ab290_0 .net "Out", 31 0, L_0067ba48;  1 drivers
v006ab2e8_0 .var "Rm", 31 0;
v006ab340_0 .var "Rs", 31 0;
v006ab398_0 .var "SR29_IN", 0 0;
v006ab3f0_0 .net "SR29_OUT", 0 0, L_0067ba90;  1 drivers
S_006666f0 .scope module, "bs" "BarrelShifter" 2 9, 3 1 0, S_00666620;
 .timescale 0 0;
    .port_info 0 /INPUT 32 "Rs"
    .port_info 1 /INPUT 32 "Rm"
    .port_info 2 /INPUT 32 "IR"
    .port_info 3 /INPUT 1 "SR29_IN"
    .port_info 4 /OUTPUT 1 "SR29_OUT"
    .port_info 5 /OUTPUT 32 "Out"
L_0067ba48 .functor BUFZ 32, v003b3bd0_0, C4<00000000000000000000000000000000>, C4<00000000000000000000000000000000>, C4<00000000000000000000000000000000>;
L_0067ba90 .functor BUFZ 1, v006aafd0_0, C4<0>, C4<0>, C4<0>;
v00678850_0 .net "IR", 31 0, v006ab238_0;  1 drivers
v006788a8_0 .net "Out", 31 0, L_0067ba48;  alias, 1 drivers
v00678900_0 .net "Rm", 31 0, v006ab2e8_0;  1 drivers
v00678958_0 .net "Rs", 31 0, v006ab340_0;  1 drivers
v006789b0_0 .net "SR29_IN", 0 0, v006ab398_0;  1 drivers
v003b3b78_0 .net "SR29_OUT", 0 0, L_0067ba90;  alias, 1 drivers
v003b3bd0_0 .var "_Out", 31 0;
v006aafd0_0 .var "_SR29_OUT", 0 0;
v006ab028_0 .var/i "i", 31 0;
v006ab080_0 .var "shiftAmount", 31 0;
v006ab0d8_0 .var "shiftType", 1 0;
v006ab130_0 .var "shiftVal", 31 0;
v006ab188_0 .var "temp", 32 0;
v006ab1e0_0 .var "temp2", 32 0;
E_00661b90/0 .event edge, v006ab0d8_0, v006ab080_0, v006789b0_0, v006ab130_0;
E_00661b90/1 .event edge, v006ab028_0, v006ab188_0, v006ab1e0_0;
E_00661b90 .event/or E_00661b90/0, E_00661b90/1;
E_00667898 .event edge, v006789b0_0, v00678958_0, v00678900_0, v00678850_0;
    .scope S_006666f0;
T_0 ;
    %wait E_00667898;
    %load/vec4 v00678850_0;
    %parti/s 3, 25, 6;
    %dup/vec4;
    %pushi/vec4 0, 0, 3;
    %cmp/u;
    %jmp/1 T_0.0, 6;
    %dup/vec4;
    %pushi/vec4 1, 0, 3;
    %cmp/u;
    %jmp/1 T_0.1, 6;
    %dup/vec4;
    %pushi/vec4 5, 0, 3;
    %cmp/u;
    %jmp/1 T_0.2, 6;
    %jmp T_0.3;
T_0.0 ;
    %load/vec4 v00678850_0;
    %parti/s 1, 4, 4;
    %nor/r;
    %flag_set/vec4 8;
    %jmp/0xz  T_0.4, 8;
    %vpi_call 3 19 "$display", "Immediate Rm" {0 0 0};
    %load/vec4 v00678900_0;
    %store/vec4 v006ab130_0, 0, 32;
    %load/vec4 v00678850_0;
    %parti/s 5, 7, 4;
    %pad/u 32;
    %store/vec4 v006ab080_0, 0, 32;
    %load/vec4 v00678850_0;
    %parti/s 2, 5, 4;
    %store/vec4 v006ab0d8_0, 0, 2;
    %jmp T_0.5;
T_0.4 ;
    %vpi_call 3 26 "$display", "Registe rm" {0 0 0};
    %load/vec4 v00678900_0;
    %store/vec4 v006ab130_0, 0, 32;
    %load/vec4 v00678958_0;
    %parti/s 6, 0, 2;
    %pad/u 32;
    %store/vec4 v006ab080_0, 0, 32;
    %load/vec4 v00678850_0;
    %parti/s 2, 5, 4;
    %store/vec4 v006ab0d8_0, 0, 2;
T_0.5 ;
    %jmp T_0.3;
T_0.1 ;
    %vpi_call 3 34 "$display", "Imediate IR[7:0]" {0 0 0};
    %load/vec4 v00678850_0;
    %parti/s 8, 0, 2;
    %pad/u 32;
    %store/vec4 v006ab130_0, 0, 32;
    %load/vec4 v00678850_0;
    %parti/s 4, 8, 5;
    %pad/u 32;
    %muli 2, 0, 32;
    %store/vec4 v006ab080_0, 0, 32;
    %pushi/vec4 3, 0, 2;
    %store/vec4 v006ab0d8_0, 0, 2;
    %jmp T_0.3;
T_0.2 ;
    %vpi_call 3 41 "$display", "Branch" {0 0 0};
    %jmp T_0.3;
T_0.3 ;
    %pop/vec4 1;
    %jmp T_0;
    .thread T_0, $push;
    .scope S_006666f0;
T_1 ;
    %pushi/vec4 0, 0, 32;
    %store/vec4 v006ab028_0, 0, 32;
    %end;
    .thread T_1;
    .scope S_006666f0;
T_2 ;
    %wait E_00661b90;
    %load/vec4 v006ab0d8_0;
    %dup/vec4;
    %pushi/vec4 0, 0, 2;
    %cmp/u;
    %jmp/1 T_2.0, 6;
    %dup/vec4;
    %pushi/vec4 1, 0, 2;
    %cmp/u;
    %jmp/1 T_2.1, 6;
    %dup/vec4;
    %pushi/vec4 2, 0, 2;
    %cmp/u;
    %jmp/1 T_2.2, 6;
    %dup/vec4;
    %pushi/vec4 3, 0, 2;
    %cmp/u;
    %jmp/1 T_2.3, 6;
    %jmp T_2.4;
T_2.0 ;
    %vpi_call 3 59 "$display", "LSL" {0 0 0};
    %load/vec4 v006ab080_0;
    %cmpi/e 32, 0, 32;
    %jmp/0xz  T_2.5, 4;
    %pushi/vec4 0, 0, 32;
    %store/vec4 v003b3bd0_0, 0, 32;
    %jmp T_2.6;
T_2.5 ;
    %pushi/vec4 33, 0, 32;
    %load/vec4 v006ab080_0;
    %cmp/u;
    %flag_or 5, 4;
    %jmp/0xz  T_2.7, 5;
    %pushi/vec4 0, 0, 33;
    %split/vec4 32;
    %store/vec4 v003b3bd0_0, 0, 32;
    %store/vec4 v006aafd0_0, 0, 1;
    %jmp T_2.8;
T_2.7 ;
    %load/vec4 v006789b0_0;
    %load/vec4 v006ab130_0;
    %concat/vec4; draw_concat_vec4
    %store/vec4 v006ab188_0, 0, 33;
    %pushi/vec4 0, 0, 33;
    %store/vec4 v006ab1e0_0, 0, 33;
    %pushi/vec4 0, 0, 32;
    %store/vec4 v006ab028_0, 0, 32;
T_2.9 ;
    %load/vec4 v006ab028_0;
    %pushi/vec4 32, 0, 32;
    %load/vec4 v006ab080_0;
    %parti/s 5, 0, 2;
    %pad/u 32;
    %sub;
    %cmp/u;
    %flag_or 5, 4;
    %jmp/0xz T_2.10, 5;
    %load/vec4 v006ab188_0;
    %pushi/vec4 32, 0, 32;
    %load/vec4 v006ab028_0;
    %sub;
    %load/vec4 v006ab080_0;
    %parti/s 5, 0, 2;
    %pad/u 32;
    %sub;
    %part/u 1;
    %pushi/vec4 32, 0, 32;
    %load/vec4 v006ab028_0;
    %sub;
    %ix/vec4/s 4;
    %store/vec4 v006ab1e0_0, 4, 1;
    %load/vec4 v006ab028_0;
    %addi 1, 0, 32;
    %store/vec4 v006ab028_0, 0, 32;
    %jmp T_2.9;
T_2.10 ;
    %load/vec4 v006ab1e0_0;
    %split/vec4 32;
    %store/vec4 v003b3bd0_0, 0, 32;
    %store/vec4 v006aafd0_0, 0, 1;
T_2.8 ;
T_2.6 ;
    %jmp T_2.4;
T_2.1 ;
    %vpi_call 3 75 "$display", "LSR" {0 0 0};
    %load/vec4 v006ab080_0;
    %cmpi/e 32, 0, 32;
    %jmp/0xz  T_2.11, 4;
    %pushi/vec4 0, 0, 32;
    %store/vec4 v003b3bd0_0, 0, 32;
    %jmp T_2.12;
T_2.11 ;
    %pushi/vec4 33, 0, 32;
    %load/vec4 v006ab080_0;
    %cmp/u;
    %flag_or 5, 4;
    %jmp/0xz  T_2.13, 5;
    %pushi/vec4 0, 0, 33;
    %split/vec4 32;
    %store/vec4 v003b3bd0_0, 0, 32;
    %store/vec4 v006aafd0_0, 0, 1;
    %jmp T_2.14;
T_2.13 ;
    %load/vec4 v006789b0_0;
    %load/vec4 v006ab130_0;
    %concat/vec4; draw_concat_vec4
    %store/vec4 v006ab188_0, 0, 33;
    %pushi/vec4 0, 0, 33;
    %store/vec4 v006ab1e0_0, 0, 33;
    %pushi/vec4 0, 0, 32;
    %store/vec4 v006ab028_0, 0, 32;
T_2.15 ;
    %load/vec4 v006ab028_0;
    %pushi/vec4 32, 0, 32;
    %load/vec4 v006ab080_0;
    %parti/s 5, 0, 2;
    %pad/u 32;
    %sub;
    %cmp/u;
    %flag_or 5, 4;
    %jmp/0xz T_2.16, 5;
    %load/vec4 v006ab188_0;
    %load/vec4 v006ab028_0;
    %load/vec4 v006ab080_0;
    %parti/s 5, 0, 2;
    %pad/u 32;
    %add;
    %part/u 1;
    %ix/getv/s 4, v006ab028_0;
    %store/vec4 v006ab1e0_0, 4, 1;
    %load/vec4 v006ab028_0;
    %addi 1, 0, 32;
    %store/vec4 v006ab028_0, 0, 32;
    %jmp T_2.15;
T_2.16 ;
    %load/vec4 v006ab1e0_0;
    %split/vec4 1;
    %store/vec4 v006aafd0_0, 0, 1;
    %store/vec4 v003b3bd0_0, 0, 32;
T_2.14 ;
T_2.12 ;
    %jmp T_2.4;
T_2.2 ;
    %vpi_call 3 91 "$display", "ASR" {0 0 0};
    %load/vec4 v006ab080_0;
    %cmpi/e 32, 0, 32;
    %jmp/0xz  T_2.17, 4;
    %load/vec4 v006789b0_0;
    %load/vec4 v006789b0_0;
    %concat/vec4; draw_concat_vec4
    %load/vec4 v006789b0_0;
    %concat/vec4; draw_concat_vec4
    %load/vec4 v006789b0_0;
    %concat/vec4; draw_concat_vec4
    %load/vec4 v006789b0_0;
    %concat/vec4; draw_concat_vec4
    %load/vec4 v006789b0_0;
    %concat/vec4; draw_concat_vec4
    %load/vec4 v006789b0_0;
    %concat/vec4; draw_concat_vec4
    %load/vec4 v006789b0_0;
    %concat/vec4; draw_concat_vec4
    %load/vec4 v006789b0_0;
    %concat/vec4; draw_concat_vec4
    %load/vec4 v006789b0_0;
    %concat/vec4; draw_concat_vec4
    %load/vec4 v006789b0_0;
    %concat/vec4; draw_concat_vec4
    %load/vec4 v006789b0_0;
    %concat/vec4; draw_concat_vec4
    %load/vec4 v006789b0_0;
    %concat/vec4; draw_concat_vec4
    %load/vec4 v006789b0_0;
    %concat/vec4; draw_concat_vec4
    %load/vec4 v006789b0_0;
    %concat/vec4; draw_concat_vec4
    %load/vec4 v006789b0_0;
    %concat/vec4; draw_concat_vec4
    %load/vec4 v006789b0_0;
    %concat/vec4; draw_concat_vec4
    %load/vec4 v006789b0_0;
    %concat/vec4; draw_concat_vec4
    %load/vec4 v006789b0_0;
    %concat/vec4; draw_concat_vec4
    %load/vec4 v006789b0_0;
    %concat/vec4; draw_concat_vec4
    %load/vec4 v006789b0_0;
    %concat/vec4; draw_concat_vec4
    %load/vec4 v006789b0_0;
    %concat/vec4; draw_concat_vec4
    %load/vec4 v006789b0_0;
    %concat/vec4; draw_concat_vec4
    %load/vec4 v006789b0_0;
    %concat/vec4; draw_concat_vec4
    %load/vec4 v006789b0_0;
    %concat/vec4; draw_concat_vec4
    %load/vec4 v006789b0_0;
    %concat/vec4; draw_concat_vec4
    %load/vec4 v006789b0_0;
    %concat/vec4; draw_concat_vec4
    %load/vec4 v006789b0_0;
    %concat/vec4; draw_concat_vec4
    %load/vec4 v006789b0_0;
    %concat/vec4; draw_concat_vec4
    %load/vec4 v006789b0_0;
    %concat/vec4; draw_concat_vec4
    %load/vec4 v006789b0_0;
    %concat/vec4; draw_concat_vec4
    %pad/u 32;
    %store/vec4 v003b3bd0_0, 0, 32;
    %jmp T_2.18;
T_2.17 ;
    %pushi/vec4 33, 0, 32;
    %load/vec4 v006ab080_0;
    %cmp/u;
    %flag_or 5, 4;
    %jmp/0xz  T_2.19, 5;
    %load/vec4 v006789b0_0;
    %load/vec4 v006789b0_0;
    %concat/vec4; draw_concat_vec4
    %load/vec4 v006789b0_0;
    %concat/vec4; draw_concat_vec4
    %load/vec4 v006789b0_0;
    %concat/vec4; draw_concat_vec4
    %load/vec4 v006789b0_0;
    %concat/vec4; draw_concat_vec4
    %load/vec4 v006789b0_0;
    %concat/vec4; draw_concat_vec4
    %load/vec4 v006789b0_0;
    %concat/vec4; draw_concat_vec4
    %load/vec4 v006789b0_0;
    %concat/vec4; draw_concat_vec4
    %load/vec4 v006789b0_0;
    %concat/vec4; draw_concat_vec4
    %load/vec4 v006789b0_0;
    %concat/vec4; draw_concat_vec4
    %load/vec4 v006789b0_0;
    %concat/vec4; draw_concat_vec4
    %load/vec4 v006789b0_0;
    %concat/vec4; draw_concat_vec4
    %load/vec4 v006789b0_0;
    %concat/vec4; draw_concat_vec4
    %load/vec4 v006789b0_0;
    %concat/vec4; draw_concat_vec4
    %load/vec4 v006789b0_0;
    %concat/vec4; draw_concat_vec4
    %load/vec4 v006789b0_0;
    %concat/vec4; draw_concat_vec4
    %load/vec4 v006789b0_0;
    %concat/vec4; draw_concat_vec4
    %load/vec4 v006789b0_0;
    %concat/vec4; draw_concat_vec4
    %load/vec4 v006789b0_0;
    %concat/vec4; draw_concat_vec4
    %load/vec4 v006789b0_0;
    %concat/vec4; draw_concat_vec4
    %load/vec4 v006789b0_0;
    %concat/vec4; draw_concat_vec4
    %load/vec4 v006789b0_0;
    %concat/vec4; draw_concat_vec4
    %load/vec4 v006789b0_0;
    %concat/vec4; draw_concat_vec4
    %load/vec4 v006789b0_0;
    %concat/vec4; draw_concat_vec4
    %load/vec4 v006789b0_0;
    %concat/vec4; draw_concat_vec4
    %load/vec4 v006789b0_0;
    %concat/vec4; draw_concat_vec4
    %load/vec4 v006789b0_0;
    %concat/vec4; draw_concat_vec4
    %load/vec4 v006789b0_0;
    %concat/vec4; draw_concat_vec4
    %load/vec4 v006789b0_0;
    %concat/vec4; draw_concat_vec4
    %load/vec4 v006789b0_0;
    %concat/vec4; draw_concat_vec4
    %load/vec4 v006789b0_0;
    %concat/vec4; draw_concat_vec4
    %load/vec4 v006789b0_0;
    %concat/vec4; draw_concat_vec4
    %pad/u 33;
    %split/vec4 32;
    %store/vec4 v003b3bd0_0, 0, 32;
    %store/vec4 v006aafd0_0, 0, 1;
    %jmp T_2.20;
T_2.19 ;
    %load/vec4 v006789b0_0;
    %load/vec4 v006ab130_0;
    %concat/vec4; draw_concat_vec4
    %store/vec4 v006ab188_0, 0, 33;
    %load/vec4 v006789b0_0;
    %load/vec4 v006789b0_0;
    %concat/vec4; draw_concat_vec4
    %load/vec4 v006789b0_0;
    %concat/vec4; draw_concat_vec4
    %load/vec4 v006789b0_0;
    %concat/vec4; draw_concat_vec4
    %load/vec4 v006789b0_0;
    %concat/vec4; draw_concat_vec4
    %load/vec4 v006789b0_0;
    %concat/vec4; draw_concat_vec4
    %load/vec4 v006789b0_0;
    %concat/vec4; draw_concat_vec4
    %load/vec4 v006789b0_0;
    %concat/vec4; draw_concat_vec4
    %load/vec4 v006789b0_0;
    %concat/vec4; draw_concat_vec4
    %load/vec4 v006789b0_0;
    %concat/vec4; draw_concat_vec4
    %load/vec4 v006789b0_0;
    %concat/vec4; draw_concat_vec4
    %load/vec4 v006789b0_0;
    %concat/vec4; draw_concat_vec4
    %load/vec4 v006789b0_0;
    %concat/vec4; draw_concat_vec4
    %load/vec4 v006789b0_0;
    %concat/vec4; draw_concat_vec4
    %load/vec4 v006789b0_0;
    %concat/vec4; draw_concat_vec4
    %load/vec4 v006789b0_0;
    %concat/vec4; draw_concat_vec4
    %load/vec4 v006789b0_0;
    %concat/vec4; draw_concat_vec4
    %load/vec4 v006789b0_0;
    %concat/vec4; draw_concat_vec4
    %load/vec4 v006789b0_0;
    %concat/vec4; draw_concat_vec4
    %load/vec4 v006789b0_0;
    %concat/vec4; draw_concat_vec4
    %load/vec4 v006789b0_0;
    %concat/vec4; draw_concat_vec4
    %load/vec4 v006789b0_0;
    %concat/vec4; draw_concat_vec4
    %load/vec4 v006789b0_0;
    %concat/vec4; draw_concat_vec4
    %load/vec4 v006789b0_0;
    %concat/vec4; draw_concat_vec4
    %load/vec4 v006789b0_0;
    %concat/vec4; draw_concat_vec4
    %load/vec4 v006789b0_0;
    %concat/vec4; draw_concat_vec4
    %load/vec4 v006789b0_0;
    %concat/vec4; draw_concat_vec4
    %load/vec4 v006789b0_0;
    %concat/vec4; draw_concat_vec4
    %load/vec4 v006789b0_0;
    %concat/vec4; draw_concat_vec4
    %load/vec4 v006789b0_0;
    %concat/vec4; draw_concat_vec4
    %load/vec4 v006789b0_0;
    %concat/vec4; draw_concat_vec4
    %load/vec4 v006789b0_0;
    %concat/vec4; draw_concat_vec4
    %pad/u 33;
    %store/vec4 v006ab1e0_0, 0, 33;
    %pushi/vec4 0, 0, 32;
    %store/vec4 v006ab028_0, 0, 32;
T_2.21 ;
    %load/vec4 v006ab028_0;
    %pushi/vec4 32, 0, 32;
    %load/vec4 v006ab080_0;
    %parti/s 5, 0, 2;
    %pad/u 32;
    %sub;
    %cmp/u;
    %flag_or 5, 4;
    %jmp/0xz T_2.22, 5;
    %load/vec4 v006ab188_0;
    %load/vec4 v006ab028_0;
    %load/vec4 v006ab080_0;
    %parti/s 5, 0, 2;
    %pad/u 32;
    %add;
    %part/u 1;
    %ix/getv/s 4, v006ab028_0;
    %store/vec4 v006ab1e0_0, 4, 1;
    %load/vec4 v006ab028_0;
    %addi 1, 0, 32;
    %store/vec4 v006ab028_0, 0, 32;
    %jmp T_2.21;
T_2.22 ;
    %load/vec4 v006ab1e0_0;
    %split/vec4 1;
    %store/vec4 v006aafd0_0, 0, 1;
    %store/vec4 v003b3bd0_0, 0, 32;
T_2.20 ;
T_2.18 ;
    %jmp T_2.4;
T_2.3 ;
    %vpi_call 3 126 "$display", "ROR" {0 0 0};
    %load/vec4 v006789b0_0;
    %load/vec4 v006ab130_0;
    %concat/vec4; draw_concat_vec4
    %store/vec4 v006ab188_0, 0, 33;
    %load/vec4 v006ab188_0;
    %store/vec4 v006ab1e0_0, 0, 33;
    %pushi/vec4 0, 0, 32;
    %store/vec4 v006ab028_0, 0, 32;
T_2.23 ;
    %load/vec4 v006ab028_0;
    %cmpi/s 32, 0, 32;
    %flag_or 5, 4;
    %jmp/0xz T_2.24, 5;
    %load/vec4 v006ab188_0;
    %load/vec4 v006ab028_0;
    %load/vec4 v006ab080_0;
    %parti/s 5, 0, 2;
    %pad/u 32;
    %add;
    %pushi/vec4 32, 0, 32;
    %mod;
    %part/u 1;
    %ix/getv/s 4, v006ab028_0;
    %store/vec4 v006ab1e0_0, 4, 1;
    %load/vec4 v006ab028_0;
    %addi 1, 0, 32;
    %store/vec4 v006ab028_0, 0, 32;
    %jmp T_2.23;
T_2.24 ;
    %load/vec4 v006ab1e0_0;
    %split/vec4 1;
    %store/vec4 v006aafd0_0, 0, 1;
    %store/vec4 v003b3bd0_0, 0, 32;
    %jmp T_2.4;
T_2.4 ;
    %pop/vec4 1;
    %jmp T_2;
    .thread T_2, $push;
    .scope S_00666620;
T_3 ;
    %fork t_1, S_00666620;
    %fork t_2, S_00666620;
    %fork t_3, S_00666620;
    %fork t_4, S_00666620;
    %fork t_5, S_00666620;
    %fork t_6, S_00666620;
    %fork t_7, S_00666620;
    %fork t_8, S_00666620;
    %fork t_9, S_00666620;
    %fork t_10, S_00666620;
    %fork t_11, S_00666620;
    %fork t_12, S_00666620;
    %fork t_13, S_00666620;
    %fork t_14, S_00666620;
    %fork t_15, S_00666620;
    %fork t_16, S_00666620;
    %fork t_17, S_00666620;
    %fork t_18, S_00666620;
    %fork t_19, S_00666620;
    %fork t_20, S_00666620;
    %fork t_21, S_00666620;
    %fork t_22, S_00666620;
    %fork t_23, S_00666620;
    %fork t_24, S_00666620;
    %fork t_25, S_00666620;
    %fork t_26, S_00666620;
    %fork t_27, S_00666620;
    %fork t_28, S_00666620;
    %fork t_29, S_00666620;
    %join;
    %join;
    %join;
    %join;
    %join;
    %join;
    %join;
    %join;
    %join;
    %join;
    %join;
    %join;
    %join;
    %join;
    %join;
    %join;
    %join;
    %join;
    %join;
    %join;
    %join;
    %join;
    %join;
    %join;
    %join;
    %join;
    %join;
    %join;
    %join;
    %jmp t_0;
t_1 ;
    %pushi/vec4 0, 0, 32;
    %store/vec4 v006ab340_0, 0, 32;
    %end;
t_2 ;
    %pushi/vec4 0, 0, 32;
    %store/vec4 v006ab2e8_0, 0, 32;
    %end;
t_3 ;
    %pushi/vec4 0, 0, 32;
    %store/vec4 v006ab238_0, 0, 32;
    %end;
t_4 ;
    %pushi/vec4 0, 0, 1;
    %store/vec4 v006ab398_0, 0, 1;
    %end;
t_5 ;
    %delay 1, 0;
    %pushi/vec4 1, 0, 32;
    %store/vec4 v006ab340_0, 0, 32;
    %end;
t_6 ;
    %delay 1, 0;
    %pushi/vec4 2, 0, 32;
    %store/vec4 v006ab2e8_0, 0, 32;
    %end;
t_7 ;
    %delay 1, 0;
    %pushi/vec4 1, 0, 1;
    %ix/load 4, 4, 0;
    %flag_set/imm 4, 0;
    %store/vec4 v006ab238_0, 4, 1;
    %end;
t_8 ;
    %delay 1, 0;
    %pushi/vec4 0, 0, 1;
    %store/vec4 v006ab398_0, 0, 1;
    %end;
t_9 ;
    %delay 2, 0;
    %pushi/vec4 1, 0, 32;
    %store/vec4 v006ab340_0, 0, 32;
    %end;
t_10 ;
    %delay 2, 0;
    %pushi/vec4 2, 0, 32;
    %store/vec4 v006ab2e8_0, 0, 32;
    %end;
t_11 ;
    %delay 2, 0;
    %pushi/vec4 1, 0, 2;
    %ix/load 4, 5, 0;
    %flag_set/imm 4, 0;
    %store/vec4 v006ab238_0, 4, 2;
    %end;
t_12 ;
    %delay 2, 0;
    %pushi/vec4 0, 0, 1;
    %store/vec4 v006ab398_0, 0, 1;
    %end;
t_13 ;
    %delay 3, 0;
    %pushi/vec4 1, 0, 32;
    %store/vec4 v006ab340_0, 0, 32;
    %end;
t_14 ;
    %delay 3, 0;
    %pushi/vec4 2, 0, 32;
    %store/vec4 v006ab2e8_0, 0, 32;
    %end;
t_15 ;
    %delay 3, 0;
    %pushi/vec4 2, 0, 2;
    %ix/load 4, 5, 0;
    %flag_set/imm 4, 0;
    %store/vec4 v006ab238_0, 4, 2;
    %end;
t_16 ;
    %delay 3, 0;
    %pushi/vec4 0, 0, 1;
    %store/vec4 v006ab398_0, 0, 1;
    %end;
t_17 ;
    %delay 4, 0;
    %pushi/vec4 1, 0, 32;
    %store/vec4 v006ab340_0, 0, 32;
    %end;
t_18 ;
    %delay 4, 0;
    %pushi/vec4 2, 0, 32;
    %store/vec4 v006ab2e8_0, 0, 32;
    %end;
t_19 ;
    %delay 4, 0;
    %pushi/vec4 3, 0, 2;
    %ix/load 4, 5, 0;
    %flag_set/imm 4, 0;
    %store/vec4 v006ab238_0, 4, 2;
    %end;
t_20 ;
    %delay 4, 0;
    %pushi/vec4 0, 0, 1;
    %store/vec4 v006ab398_0, 0, 1;
    %end;
t_21 ;
    %delay 5, 0;
    %pushi/vec4 0, 0, 32;
    %store/vec4 v006ab340_0, 0, 32;
    %end;
t_22 ;
    %delay 5, 0;
    %pushi/vec4 0, 0, 32;
    %store/vec4 v006ab2e8_0, 0, 32;
    %end;
t_23 ;
    %delay 5, 0;
    %pushi/vec4 1, 0, 3;
    %ix/load 4, 25, 0;
    %flag_set/imm 4, 0;
    %store/vec4 v006ab238_0, 4, 3;
    %end;
t_24 ;
    %delay 5, 0;
    %pushi/vec4 0, 0, 1;
    %ix/load 4, 4, 0;
    %flag_set/imm 4, 0;
    %store/vec4 v006ab238_0, 4, 1;
    %end;
t_25 ;
    %delay 5, 0;
    %pushi/vec4 0, 0, 1;
    %store/vec4 v006ab398_0, 0, 1;
    %end;
t_26 ;
    %delay 6, 0;
    %pushi/vec4 0, 0, 32;
    %store/vec4 v006ab340_0, 0, 32;
    %end;
t_27 ;
    %delay 6, 0;
    %pushi/vec4 0, 0, 32;
    %store/vec4 v006ab2e8_0, 0, 32;
    %end;
t_28 ;
    %delay 6, 0;
    %pushi/vec4 5, 0, 3;
    %ix/load 4, 25, 0;
    %flag_set/imm 4, 0;
    %store/vec4 v006ab238_0, 4, 3;
    %end;
t_29 ;
    %delay 6, 0;
    %pushi/vec4 0, 0, 1;
    %store/vec4 v006ab398_0, 0, 1;
    %end;
    .scope S_00666620;
t_0 ;
    %end;
    .thread T_3;
    .scope S_00666620;
T_4 ;
    %delay 1500, 0;
    %vpi_call 2 22 "$finish" {0 0 0};
    %end;
    .thread T_4;
    .scope S_00666620;
T_5 ;
    %vpi_call 2 25 "$dumpfile", "BarrelShifterTestBench.vcd" {0 0 0};
    %vpi_call 2 26 "$dumpvars", 32'sb00000000000000000000000000000000, S_00666620 {0 0 0};
    %vpi_call 2 27 "$display", " Test Results" {0 0 0};
    %vpi_call 2 28 "$monitor", "Rs=%8h,Rm=%8h,IR=%8h,Out=%8h,SR29_IN=%1b,SR29_OUT=%1b", v006ab340_0, v006ab2e8_0, v006ab238_0, v006ab290_0, v006ab398_0, v006ab3f0_0 {0 0 0};
    %end;
    .thread T_5;
# The file index is used to find the file name in the following table.
:file_names 4;
    "N/A";
    "<interactive>";
    "BarrelShifterTestBench.v";
    "BarrelShifter.v";
