#! c:/iverilog-x86/bin/vvp
:ivl_version "10.0 (stable)" "(v10_0)";
:ivl_delay_selection "TYPICAL";
:vpi_time_precision + 0;
:vpi_module "system";
:vpi_module "vhdl_sys";
:vpi_module "v2005_math";
:vpi_module "va_math";
S_020e0e68 .scope module, "BarrelShifterTestBench" "BarrelShifterTestBench" 2 1;
 .timescale 0 0;
P_02112998 .param/l "sim_time" 0 2 3, +C4<0000000000000000000000000000000000000000000000000000010111011100>;
v021452c8_0 .var "IR", 31 0;
v02145320_0 .net "Out", 31 0, L_02108370;  1 drivers
v02145378_0 .var "Rm", 31 0;
v021453d0_0 .var "Rs", 31 0;
v02145428_0 .var "SR29_IN", 0 0;
v02145480_0 .net "SR29_OUT", 0 0, L_021083b8;  1 drivers
S_020ed8e8 .scope module, "bs" "BarrelShifter" 2 9, 3 1 0, S_020e0e68;
 .timescale 0 0;
    .port_info 0 /INPUT 32 "Rs"
    .port_info 1 /INPUT 32 "Rm"
    .port_info 2 /INPUT 32 "IR"
    .port_info 3 /INPUT 1 "SR29_IN"
    .port_info 4 /OUTPUT 1 "SR29_OUT"
    .port_info 5 /OUTPUT 32 "Out"
L_02108370 .functor BUFZ 32, v020fdba8_0, C4<00000000000000000000000000000000>, C4<00000000000000000000000000000000>, C4<00000000000000000000000000000000>;
L_021083b8 .functor BUFZ 1, v02145060_0, C4<0>, C4<0>, C4<0>;
v020eda08_0 .net "IR", 31 0, v021452c8_0;  1 drivers
v003e3760_0 .net "Out", 31 0, L_02108370;  alias, 1 drivers
v003e37b8_0 .net "Rm", 31 0, v02145378_0;  1 drivers
v003e3810_0 .net "Rs", 31 0, v021453d0_0;  1 drivers
v003e3868_0 .net "SR29_IN", 0 0, v02145428_0;  1 drivers
v003e38c0_0 .net "SR29_OUT", 0 0, L_021083b8;  alias, 1 drivers
v020fdba8_0 .var "_Out", 31 0;
v02145060_0 .var "_SR29_OUT", 0 0;
v021450b8_0 .var/i "i", 31 0;
v02145110_0 .var "shiftAmount", 31 0;
v02145168_0 .var "shiftType", 1 0;
v021451c0_0 .var "shiftVal", 31 0;
v02145218_0 .var "temp", 32 0;
v02145270_0 .var "temp2", 32 0;
E_02112ba0/0 .event edge, v02145168_0, v02145110_0, v003e3868_0, v021451c0_0;
E_02112ba0/1 .event edge, v021450b8_0, v02145218_0, v02145270_0;
E_02112ba0 .event/or E_02112ba0/0, E_02112ba0/1;
E_02112d08 .event edge, v003e3868_0, v003e3810_0, v003e37b8_0, v020eda08_0;
    .scope S_020ed8e8;
T_0 ;
    %wait E_02112d08;
    %load/vec4 v020eda08_0;
    %parti/s 3, 25, 6;
    %dup/vec4;
    %pushi/vec4 0, 0, 3;
    %cmp/u;
    %jmp/1 T_0.0, 6;
    %dup/vec4;
    %pushi/vec4 1, 0, 3;
    %cmp/u;
    %jmp/1 T_0.1, 6;
    %dup/vec4;
    %pushi/vec4 2, 0, 3;
    %cmp/u;
    %jmp/1 T_0.2, 6;
    %dup/vec4;
    %pushi/vec4 3, 0, 3;
    %cmp/u;
    %jmp/1 T_0.3, 6;
    %dup/vec4;
    %pushi/vec4 5, 0, 3;
    %cmp/u;
    %jmp/1 T_0.4, 6;
    %jmp T_0.5;
T_0.0 ;
    %load/vec4 v020eda08_0;
    %parti/s 1, 4, 4;
    %nor/r;
    %flag_set/vec4 8;
    %jmp/0xz  T_0.6, 8;
    %vpi_call 3 19 "$display", "Immediate Rm" {0 0 0};
    %load/vec4 v003e37b8_0;
    %store/vec4 v021451c0_0, 0, 32;
    %load/vec4 v020eda08_0;
    %parti/s 5, 7, 4;
    %pad/u 32;
    %store/vec4 v02145110_0, 0, 32;
    %load/vec4 v020eda08_0;
    %parti/s 2, 5, 4;
    %store/vec4 v02145168_0, 0, 2;
    %jmp T_0.7;
T_0.6 ;
    %vpi_call 3 26 "$display", "Registe rm" {0 0 0};
    %load/vec4 v003e37b8_0;
    %store/vec4 v021451c0_0, 0, 32;
    %load/vec4 v003e3810_0;
    %parti/s 6, 0, 2;
    %pad/u 32;
    %store/vec4 v02145110_0, 0, 32;
    %load/vec4 v020eda08_0;
    %parti/s 2, 5, 4;
    %store/vec4 v02145168_0, 0, 2;
T_0.7 ;
    %jmp T_0.5;
T_0.1 ;
    %vpi_call 3 34 "$display", "Imediate IR[7:0]" {0 0 0};
    %load/vec4 v020eda08_0;
    %parti/s 8, 0, 2;
    %pad/u 32;
    %store/vec4 v021451c0_0, 0, 32;
    %load/vec4 v020eda08_0;
    %parti/s 4, 8, 5;
    %pad/u 32;
    %muli 2, 0, 32;
    %store/vec4 v02145110_0, 0, 32;
    %pushi/vec4 3, 0, 2;
    %store/vec4 v02145168_0, 0, 2;
    %jmp T_0.5;
T_0.2 ;
    %vpi_call 3 41 "$display", "Load/Store-Immediate Rm" {0 0 0};
    %load/vec4 v020eda08_0;
    %parti/s 1, 11, 5;
    %load/vec4 v020eda08_0;
    %parti/s 1, 11, 5;
    %concat/vec4; draw_concat_vec4
    %load/vec4 v020eda08_0;
    %parti/s 1, 11, 5;
    %concat/vec4; draw_concat_vec4
    %load/vec4 v020eda08_0;
    %parti/s 1, 11, 5;
    %concat/vec4; draw_concat_vec4
    %load/vec4 v020eda08_0;
    %parti/s 1, 11, 5;
    %concat/vec4; draw_concat_vec4
    %load/vec4 v020eda08_0;
    %parti/s 1, 11, 5;
    %concat/vec4; draw_concat_vec4
    %load/vec4 v020eda08_0;
    %parti/s 1, 11, 5;
    %concat/vec4; draw_concat_vec4
    %load/vec4 v020eda08_0;
    %parti/s 1, 11, 5;
    %concat/vec4; draw_concat_vec4
    %load/vec4 v020eda08_0;
    %parti/s 1, 11, 5;
    %concat/vec4; draw_concat_vec4
    %load/vec4 v020eda08_0;
    %parti/s 1, 11, 5;
    %concat/vec4; draw_concat_vec4
    %load/vec4 v020eda08_0;
    %parti/s 1, 11, 5;
    %concat/vec4; draw_concat_vec4
    %load/vec4 v020eda08_0;
    %parti/s 1, 11, 5;
    %concat/vec4; draw_concat_vec4
    %load/vec4 v020eda08_0;
    %parti/s 1, 11, 5;
    %concat/vec4; draw_concat_vec4
    %load/vec4 v020eda08_0;
    %parti/s 1, 11, 5;
    %concat/vec4; draw_concat_vec4
    %load/vec4 v020eda08_0;
    %parti/s 1, 11, 5;
    %concat/vec4; draw_concat_vec4
    %load/vec4 v020eda08_0;
    %parti/s 1, 11, 5;
    %concat/vec4; draw_concat_vec4
    %load/vec4 v020eda08_0;
    %parti/s 1, 11, 5;
    %concat/vec4; draw_concat_vec4
    %load/vec4 v020eda08_0;
    %parti/s 1, 11, 5;
    %concat/vec4; draw_concat_vec4
    %load/vec4 v020eda08_0;
    %parti/s 1, 11, 5;
    %concat/vec4; draw_concat_vec4
    %load/vec4 v020eda08_0;
    %parti/s 1, 11, 5;
    %concat/vec4; draw_concat_vec4
    %load/vec4 v020eda08_0;
    %parti/s 12, 0, 2;
    %concat/vec4; draw_concat_vec4
    %store/vec4 v020fdba8_0, 0, 32;
    %jmp T_0.5;
T_0.3 ;
    %vpi_call 3 50 "$display", "Load/Store-offsett/index Rm" {0 0 0};
    %load/vec4 v003e37b8_0;
    %store/vec4 v021451c0_0, 0, 32;
    %load/vec4 v020eda08_0;
    %parti/s 5, 7, 4;
    %pad/u 32;
    %store/vec4 v02145110_0, 0, 32;
    %load/vec4 v020eda08_0;
    %parti/s 2, 5, 4;
    %store/vec4 v02145168_0, 0, 2;
    %jmp T_0.5;
T_0.4 ;
    %vpi_call 3 57 "$display", "Branch" {0 0 0};
    %load/vec4 v020eda08_0;
    %parti/s 1, 23, 6;
    %load/vec4 v020eda08_0;
    %parti/s 1, 23, 6;
    %concat/vec4; draw_concat_vec4
    %load/vec4 v020eda08_0;
    %parti/s 1, 23, 6;
    %concat/vec4; draw_concat_vec4
    %load/vec4 v020eda08_0;
    %parti/s 1, 23, 6;
    %concat/vec4; draw_concat_vec4
    %load/vec4 v020eda08_0;
    %parti/s 1, 23, 6;
    %concat/vec4; draw_concat_vec4
    %load/vec4 v020eda08_0;
    %parti/s 1, 23, 6;
    %concat/vec4; draw_concat_vec4
    %load/vec4 v020eda08_0;
    %parti/s 1, 23, 6;
    %concat/vec4; draw_concat_vec4
    %load/vec4 v020eda08_0;
    %parti/s 1, 23, 6;
    %concat/vec4; draw_concat_vec4
    %load/vec4 v020eda08_0;
    %parti/s 1, 23, 6;
    %concat/vec4; draw_concat_vec4
    %load/vec4 v020eda08_0;
    %parti/s 24, 0, 2;
    %concat/vec4; draw_concat_vec4
    %muli 4, 0, 33;
    %pad/u 32;
    %store/vec4 v020fdba8_0, 0, 32;
    %jmp T_0.5;
T_0.5 ;
    %pop/vec4 1;
    %jmp T_0;
    .thread T_0, $push;
    .scope S_020ed8e8;
T_1 ;
    %pushi/vec4 0, 0, 32;
    %store/vec4 v021450b8_0, 0, 32;
    %end;
    .thread T_1;
    .scope S_020ed8e8;
T_2 ;
    %wait E_02112ba0;
    %load/vec4 v02145168_0;
    %dup/vec4;
    %pushi/vec4 0, 0, 2;
    %cmp/u;
    %jmp/1 T_2.0, 6;
    %dup/vec4;
    %pushi/vec4 1, 0, 2;
    %cmp/u;
    %jmp/1 T_2.1, 6;
    %dup/vec4;
    %pushi/vec4 2, 0, 2;
    %cmp/u;
    %jmp/1 T_2.2, 6;
    %dup/vec4;
    %pushi/vec4 3, 0, 2;
    %cmp/u;
    %jmp/1 T_2.3, 6;
    %jmp T_2.4;
T_2.0 ;
    %vpi_call 3 76 "$display", "LSL" {0 0 0};
    %load/vec4 v02145110_0;
    %cmpi/e 32, 0, 32;
    %jmp/0xz  T_2.5, 4;
    %pushi/vec4 0, 0, 32;
    %store/vec4 v020fdba8_0, 0, 32;
    %jmp T_2.6;
T_2.5 ;
    %pushi/vec4 33, 0, 32;
    %load/vec4 v02145110_0;
    %cmp/u;
    %flag_or 5, 4;
    %jmp/0xz  T_2.7, 5;
    %pushi/vec4 0, 0, 33;
    %split/vec4 32;
    %store/vec4 v020fdba8_0, 0, 32;
    %store/vec4 v02145060_0, 0, 1;
    %jmp T_2.8;
T_2.7 ;
    %load/vec4 v003e3868_0;
    %load/vec4 v021451c0_0;
    %concat/vec4; draw_concat_vec4
    %store/vec4 v02145218_0, 0, 33;
    %pushi/vec4 0, 0, 33;
    %store/vec4 v02145270_0, 0, 33;
    %pushi/vec4 0, 0, 32;
    %store/vec4 v021450b8_0, 0, 32;
T_2.9 ;
    %load/vec4 v021450b8_0;
    %pushi/vec4 32, 0, 32;
    %load/vec4 v02145110_0;
    %parti/s 5, 0, 2;
    %pad/u 32;
    %sub;
    %cmp/u;
    %flag_or 5, 4;
    %jmp/0xz T_2.10, 5;
    %load/vec4 v02145218_0;
    %pushi/vec4 32, 0, 32;
    %load/vec4 v021450b8_0;
    %sub;
    %load/vec4 v02145110_0;
    %parti/s 5, 0, 2;
    %pad/u 32;
    %sub;
    %part/u 1;
    %pushi/vec4 32, 0, 32;
    %load/vec4 v021450b8_0;
    %sub;
    %ix/vec4/s 4;
    %store/vec4 v02145270_0, 4, 1;
    %load/vec4 v021450b8_0;
    %addi 1, 0, 32;
    %store/vec4 v021450b8_0, 0, 32;
    %jmp T_2.9;
T_2.10 ;
    %load/vec4 v02145270_0;
    %split/vec4 32;
    %store/vec4 v020fdba8_0, 0, 32;
    %store/vec4 v02145060_0, 0, 1;
T_2.8 ;
T_2.6 ;
    %jmp T_2.4;
T_2.1 ;
    %vpi_call 3 92 "$display", "LSR" {0 0 0};
    %load/vec4 v02145110_0;
    %cmpi/e 32, 0, 32;
    %jmp/0xz  T_2.11, 4;
    %pushi/vec4 0, 0, 32;
    %store/vec4 v020fdba8_0, 0, 32;
    %jmp T_2.12;
T_2.11 ;
    %pushi/vec4 33, 0, 32;
    %load/vec4 v02145110_0;
    %cmp/u;
    %flag_or 5, 4;
    %jmp/0xz  T_2.13, 5;
    %pushi/vec4 0, 0, 33;
    %split/vec4 32;
    %store/vec4 v020fdba8_0, 0, 32;
    %store/vec4 v02145060_0, 0, 1;
    %jmp T_2.14;
T_2.13 ;
    %load/vec4 v021451c0_0;
    %load/vec4 v003e3868_0;
    %concat/vec4; draw_concat_vec4
    %store/vec4 v02145218_0, 0, 33;
    %pushi/vec4 0, 0, 33;
    %store/vec4 v02145270_0, 0, 33;
    %pushi/vec4 0, 0, 32;
    %store/vec4 v021450b8_0, 0, 32;
T_2.15 ;
    %load/vec4 v021450b8_0;
    %pushi/vec4 32, 0, 32;
    %load/vec4 v02145110_0;
    %parti/s 5, 0, 2;
    %pad/u 32;
    %sub;
    %cmp/u;
    %flag_or 5, 4;
    %jmp/0xz T_2.16, 5;
    %load/vec4 v02145218_0;
    %load/vec4 v021450b8_0;
    %load/vec4 v02145110_0;
    %parti/s 5, 0, 2;
    %pad/u 32;
    %add;
    %part/u 1;
    %ix/getv/s 4, v021450b8_0;
    %store/vec4 v02145270_0, 4, 1;
    %load/vec4 v021450b8_0;
    %addi 1, 0, 32;
    %store/vec4 v021450b8_0, 0, 32;
    %jmp T_2.15;
T_2.16 ;
    %load/vec4 v02145270_0;
    %split/vec4 1;
    %store/vec4 v02145060_0, 0, 1;
    %store/vec4 v020fdba8_0, 0, 32;
T_2.14 ;
T_2.12 ;
    %jmp T_2.4;
T_2.2 ;
    %vpi_call 3 108 "$display", "ASR" {0 0 0};
    %load/vec4 v02145110_0;
    %cmpi/e 32, 0, 32;
    %jmp/0xz  T_2.17, 4;
    %load/vec4 v021451c0_0;
    %parti/s 1, 31, 6;
    %load/vec4 v021451c0_0;
    %parti/s 1, 31, 6;
    %concat/vec4; draw_concat_vec4
    %load/vec4 v021451c0_0;
    %parti/s 1, 31, 6;
    %concat/vec4; draw_concat_vec4
    %load/vec4 v021451c0_0;
    %parti/s 1, 31, 6;
    %concat/vec4; draw_concat_vec4
    %load/vec4 v021451c0_0;
    %parti/s 1, 31, 6;
    %concat/vec4; draw_concat_vec4
    %load/vec4 v021451c0_0;
    %parti/s 1, 31, 6;
    %concat/vec4; draw_concat_vec4
    %load/vec4 v021451c0_0;
    %parti/s 1, 31, 6;
    %concat/vec4; draw_concat_vec4
    %load/vec4 v021451c0_0;
    %parti/s 1, 31, 6;
    %concat/vec4; draw_concat_vec4
    %load/vec4 v021451c0_0;
    %parti/s 1, 31, 6;
    %concat/vec4; draw_concat_vec4
    %load/vec4 v021451c0_0;
    %parti/s 1, 31, 6;
    %concat/vec4; draw_concat_vec4
    %load/vec4 v021451c0_0;
    %parti/s 1, 31, 6;
    %concat/vec4; draw_concat_vec4
    %load/vec4 v021451c0_0;
    %parti/s 1, 31, 6;
    %concat/vec4; draw_concat_vec4
    %load/vec4 v021451c0_0;
    %parti/s 1, 31, 6;
    %concat/vec4; draw_concat_vec4
    %load/vec4 v021451c0_0;
    %parti/s 1, 31, 6;
    %concat/vec4; draw_concat_vec4
    %load/vec4 v021451c0_0;
    %parti/s 1, 31, 6;
    %concat/vec4; draw_concat_vec4
    %load/vec4 v021451c0_0;
    %parti/s 1, 31, 6;
    %concat/vec4; draw_concat_vec4
    %load/vec4 v021451c0_0;
    %parti/s 1, 31, 6;
    %concat/vec4; draw_concat_vec4
    %load/vec4 v021451c0_0;
    %parti/s 1, 31, 6;
    %concat/vec4; draw_concat_vec4
    %load/vec4 v021451c0_0;
    %parti/s 1, 31, 6;
    %concat/vec4; draw_concat_vec4
    %load/vec4 v021451c0_0;
    %parti/s 1, 31, 6;
    %concat/vec4; draw_concat_vec4
    %load/vec4 v021451c0_0;
    %parti/s 1, 31, 6;
    %concat/vec4; draw_concat_vec4
    %load/vec4 v021451c0_0;
    %parti/s 1, 31, 6;
    %concat/vec4; draw_concat_vec4
    %load/vec4 v021451c0_0;
    %parti/s 1, 31, 6;
    %concat/vec4; draw_concat_vec4
    %load/vec4 v021451c0_0;
    %parti/s 1, 31, 6;
    %concat/vec4; draw_concat_vec4
    %load/vec4 v021451c0_0;
    %parti/s 1, 31, 6;
    %concat/vec4; draw_concat_vec4
    %load/vec4 v021451c0_0;
    %parti/s 1, 31, 6;
    %concat/vec4; draw_concat_vec4
    %load/vec4 v021451c0_0;
    %parti/s 1, 31, 6;
    %concat/vec4; draw_concat_vec4
    %load/vec4 v021451c0_0;
    %parti/s 1, 31, 6;
    %concat/vec4; draw_concat_vec4
    %load/vec4 v021451c0_0;
    %parti/s 1, 31, 6;
    %concat/vec4; draw_concat_vec4
    %load/vec4 v021451c0_0;
    %parti/s 1, 31, 6;
    %concat/vec4; draw_concat_vec4
    %load/vec4 v021451c0_0;
    %parti/s 1, 31, 6;
    %concat/vec4; draw_concat_vec4
    %pad/u 32;
    %store/vec4 v020fdba8_0, 0, 32;
    %jmp T_2.18;
T_2.17 ;
    %pushi/vec4 33, 0, 32;
    %load/vec4 v02145110_0;
    %cmp/u;
    %flag_or 5, 4;
    %jmp/0xz  T_2.19, 5;
    %load/vec4 v021451c0_0;
    %parti/s 1, 31, 6;
    %load/vec4 v021451c0_0;
    %parti/s 1, 31, 6;
    %concat/vec4; draw_concat_vec4
    %load/vec4 v021451c0_0;
    %parti/s 1, 31, 6;
    %concat/vec4; draw_concat_vec4
    %load/vec4 v021451c0_0;
    %parti/s 1, 31, 6;
    %concat/vec4; draw_concat_vec4
    %load/vec4 v021451c0_0;
    %parti/s 1, 31, 6;
    %concat/vec4; draw_concat_vec4
    %load/vec4 v021451c0_0;
    %parti/s 1, 31, 6;
    %concat/vec4; draw_concat_vec4
    %load/vec4 v021451c0_0;
    %parti/s 1, 31, 6;
    %concat/vec4; draw_concat_vec4
    %load/vec4 v021451c0_0;
    %parti/s 1, 31, 6;
    %concat/vec4; draw_concat_vec4
    %load/vec4 v021451c0_0;
    %parti/s 1, 31, 6;
    %concat/vec4; draw_concat_vec4
    %load/vec4 v021451c0_0;
    %parti/s 1, 31, 6;
    %concat/vec4; draw_concat_vec4
    %load/vec4 v021451c0_0;
    %parti/s 1, 31, 6;
    %concat/vec4; draw_concat_vec4
    %load/vec4 v021451c0_0;
    %parti/s 1, 31, 6;
    %concat/vec4; draw_concat_vec4
    %load/vec4 v021451c0_0;
    %parti/s 1, 31, 6;
    %concat/vec4; draw_concat_vec4
    %load/vec4 v021451c0_0;
    %parti/s 1, 31, 6;
    %concat/vec4; draw_concat_vec4
    %load/vec4 v021451c0_0;
    %parti/s 1, 31, 6;
    %concat/vec4; draw_concat_vec4
    %load/vec4 v021451c0_0;
    %parti/s 1, 31, 6;
    %concat/vec4; draw_concat_vec4
    %load/vec4 v021451c0_0;
    %parti/s 1, 31, 6;
    %concat/vec4; draw_concat_vec4
    %load/vec4 v021451c0_0;
    %parti/s 1, 31, 6;
    %concat/vec4; draw_concat_vec4
    %load/vec4 v021451c0_0;
    %parti/s 1, 31, 6;
    %concat/vec4; draw_concat_vec4
    %load/vec4 v021451c0_0;
    %parti/s 1, 31, 6;
    %concat/vec4; draw_concat_vec4
    %load/vec4 v021451c0_0;
    %parti/s 1, 31, 6;
    %concat/vec4; draw_concat_vec4
    %load/vec4 v021451c0_0;
    %parti/s 1, 31, 6;
    %concat/vec4; draw_concat_vec4
    %load/vec4 v021451c0_0;
    %parti/s 1, 31, 6;
    %concat/vec4; draw_concat_vec4
    %load/vec4 v021451c0_0;
    %parti/s 1, 31, 6;
    %concat/vec4; draw_concat_vec4
    %load/vec4 v021451c0_0;
    %parti/s 1, 31, 6;
    %concat/vec4; draw_concat_vec4
    %load/vec4 v021451c0_0;
    %parti/s 1, 31, 6;
    %concat/vec4; draw_concat_vec4
    %load/vec4 v021451c0_0;
    %parti/s 1, 31, 6;
    %concat/vec4; draw_concat_vec4
    %load/vec4 v021451c0_0;
    %parti/s 1, 31, 6;
    %concat/vec4; draw_concat_vec4
    %load/vec4 v021451c0_0;
    %parti/s 1, 31, 6;
    %concat/vec4; draw_concat_vec4
    %load/vec4 v021451c0_0;
    %parti/s 1, 31, 6;
    %concat/vec4; draw_concat_vec4
    %load/vec4 v021451c0_0;
    %parti/s 1, 31, 6;
    %concat/vec4; draw_concat_vec4
    %load/vec4 v021451c0_0;
    %parti/s 1, 31, 6;
    %concat/vec4; draw_concat_vec4
    %pad/u 33;
    %split/vec4 32;
    %store/vec4 v020fdba8_0, 0, 32;
    %store/vec4 v02145060_0, 0, 1;
    %jmp T_2.20;
T_2.19 ;
    %load/vec4 v021451c0_0;
    %load/vec4 v003e3868_0;
    %concat/vec4; draw_concat_vec4
    %store/vec4 v02145218_0, 0, 33;
    %load/vec4 v021451c0_0;
    %parti/s 1, 31, 6;
    %load/vec4 v021451c0_0;
    %parti/s 1, 31, 6;
    %concat/vec4; draw_concat_vec4
    %load/vec4 v021451c0_0;
    %parti/s 1, 31, 6;
    %concat/vec4; draw_concat_vec4
    %load/vec4 v021451c0_0;
    %parti/s 1, 31, 6;
    %concat/vec4; draw_concat_vec4
    %load/vec4 v021451c0_0;
    %parti/s 1, 31, 6;
    %concat/vec4; draw_concat_vec4
    %load/vec4 v021451c0_0;
    %parti/s 1, 31, 6;
    %concat/vec4; draw_concat_vec4
    %load/vec4 v021451c0_0;
    %parti/s 1, 31, 6;
    %concat/vec4; draw_concat_vec4
    %load/vec4 v021451c0_0;
    %parti/s 1, 31, 6;
    %concat/vec4; draw_concat_vec4
    %load/vec4 v021451c0_0;
    %parti/s 1, 31, 6;
    %concat/vec4; draw_concat_vec4
    %load/vec4 v021451c0_0;
    %parti/s 1, 31, 6;
    %concat/vec4; draw_concat_vec4
    %load/vec4 v021451c0_0;
    %parti/s 1, 31, 6;
    %concat/vec4; draw_concat_vec4
    %load/vec4 v021451c0_0;
    %parti/s 1, 31, 6;
    %concat/vec4; draw_concat_vec4
    %load/vec4 v021451c0_0;
    %parti/s 1, 31, 6;
    %concat/vec4; draw_concat_vec4
    %load/vec4 v021451c0_0;
    %parti/s 1, 31, 6;
    %concat/vec4; draw_concat_vec4
    %load/vec4 v021451c0_0;
    %parti/s 1, 31, 6;
    %concat/vec4; draw_concat_vec4
    %load/vec4 v021451c0_0;
    %parti/s 1, 31, 6;
    %concat/vec4; draw_concat_vec4
    %load/vec4 v021451c0_0;
    %parti/s 1, 31, 6;
    %concat/vec4; draw_concat_vec4
    %load/vec4 v021451c0_0;
    %parti/s 1, 31, 6;
    %concat/vec4; draw_concat_vec4
    %load/vec4 v021451c0_0;
    %parti/s 1, 31, 6;
    %concat/vec4; draw_concat_vec4
    %load/vec4 v021451c0_0;
    %parti/s 1, 31, 6;
    %concat/vec4; draw_concat_vec4
    %load/vec4 v021451c0_0;
    %parti/s 1, 31, 6;
    %concat/vec4; draw_concat_vec4
    %load/vec4 v021451c0_0;
    %parti/s 1, 31, 6;
    %concat/vec4; draw_concat_vec4
    %load/vec4 v021451c0_0;
    %parti/s 1, 31, 6;
    %concat/vec4; draw_concat_vec4
    %load/vec4 v021451c0_0;
    %parti/s 1, 31, 6;
    %concat/vec4; draw_concat_vec4
    %load/vec4 v021451c0_0;
    %parti/s 1, 31, 6;
    %concat/vec4; draw_concat_vec4
    %load/vec4 v021451c0_0;
    %parti/s 1, 31, 6;
    %concat/vec4; draw_concat_vec4
    %load/vec4 v021451c0_0;
    %parti/s 1, 31, 6;
    %concat/vec4; draw_concat_vec4
    %load/vec4 v021451c0_0;
    %parti/s 1, 31, 6;
    %concat/vec4; draw_concat_vec4
    %load/vec4 v021451c0_0;
    %parti/s 1, 31, 6;
    %concat/vec4; draw_concat_vec4
    %load/vec4 v021451c0_0;
    %parti/s 1, 31, 6;
    %concat/vec4; draw_concat_vec4
    %load/vec4 v021451c0_0;
    %parti/s 1, 31, 6;
    %concat/vec4; draw_concat_vec4
    %load/vec4 v021451c0_0;
    %parti/s 1, 31, 6;
    %concat/vec4; draw_concat_vec4
    %pad/u 33;
    %store/vec4 v02145270_0, 0, 33;
    %pushi/vec4 0, 0, 32;
    %store/vec4 v021450b8_0, 0, 32;
T_2.21 ;
    %load/vec4 v021450b8_0;
    %pushi/vec4 32, 0, 32;
    %load/vec4 v02145110_0;
    %parti/s 5, 0, 2;
    %pad/u 32;
    %sub;
    %cmp/u;
    %flag_or 5, 4;
    %jmp/0xz T_2.22, 5;
    %load/vec4 v02145218_0;
    %load/vec4 v021450b8_0;
    %load/vec4 v02145110_0;
    %parti/s 5, 0, 2;
    %pad/u 32;
    %add;
    %part/u 1;
    %ix/getv/s 4, v021450b8_0;
    %store/vec4 v02145270_0, 4, 1;
    %load/vec4 v021450b8_0;
    %addi 1, 0, 32;
    %store/vec4 v021450b8_0, 0, 32;
    %jmp T_2.21;
T_2.22 ;
    %load/vec4 v02145270_0;
    %split/vec4 1;
    %store/vec4 v02145060_0, 0, 1;
    %store/vec4 v020fdba8_0, 0, 32;
T_2.20 ;
T_2.18 ;
    %jmp T_2.4;
T_2.3 ;
    %vpi_call 3 147 "$display", "ROR" {0 0 0};
    %load/vec4 v021451c0_0;
    %load/vec4 v003e3868_0;
    %concat/vec4; draw_concat_vec4
    %store/vec4 v02145218_0, 0, 33;
    %load/vec4 v02145218_0;
    %store/vec4 v02145270_0, 0, 33;
    %pushi/vec4 0, 0, 32;
    %store/vec4 v021450b8_0, 0, 32;
T_2.23 ;
    %load/vec4 v021450b8_0;
    %cmpi/s 32, 0, 32;
    %flag_or 5, 4;
    %jmp/0xz T_2.24, 5;
    %load/vec4 v02145218_0;
    %load/vec4 v021450b8_0;
    %load/vec4 v02145110_0;
    %parti/s 5, 0, 2;
    %pad/u 32;
    %add;
    %pushi/vec4 33, 0, 32;
    %mod;
    %part/u 1;
    %ix/getv/s 4, v021450b8_0;
    %store/vec4 v02145270_0, 4, 1;
    %load/vec4 v021450b8_0;
    %load/vec4 v02145110_0;
    %parti/s 5, 0, 2;
    %pad/u 32;
    %add;
    %pushi/vec4 33, 0, 32;
    %mod;
    %vpi_call 3 152 "$display", "[%3d]=[%3d]", v021450b8_0, S<0,vec4,u32> {1 0 0};
    %load/vec4 v021450b8_0;
    %addi 1, 0, 32;
    %store/vec4 v021450b8_0, 0, 32;
    %jmp T_2.23;
T_2.24 ;
    %load/vec4 v02145270_0;
    %split/vec4 1;
    %store/vec4 v02145060_0, 0, 1;
    %store/vec4 v020fdba8_0, 0, 32;
    %jmp T_2.4;
T_2.4 ;
    %pop/vec4 1;
    %jmp T_2;
    .thread T_2, $push;
    .scope S_020e0e68;
T_3 ;
    %fork t_1, S_020e0e68;
    %fork t_2, S_020e0e68;
    %fork t_3, S_020e0e68;
    %fork t_4, S_020e0e68;
    %fork t_5, S_020e0e68;
    %fork t_6, S_020e0e68;
    %fork t_7, S_020e0e68;
    %fork t_8, S_020e0e68;
    %fork t_9, S_020e0e68;
    %fork t_10, S_020e0e68;
    %fork t_11, S_020e0e68;
    %fork t_12, S_020e0e68;
    %fork t_13, S_020e0e68;
    %fork t_14, S_020e0e68;
    %fork t_15, S_020e0e68;
    %fork t_16, S_020e0e68;
    %fork t_17, S_020e0e68;
    %fork t_18, S_020e0e68;
    %fork t_19, S_020e0e68;
    %fork t_20, S_020e0e68;
    %fork t_21, S_020e0e68;
    %fork t_22, S_020e0e68;
    %fork t_23, S_020e0e68;
    %fork t_24, S_020e0e68;
    %fork t_25, S_020e0e68;
    %fork t_26, S_020e0e68;
    %fork t_27, S_020e0e68;
    %fork t_28, S_020e0e68;
    %fork t_29, S_020e0e68;
    %fork t_30, S_020e0e68;
    %fork t_31, S_020e0e68;
    %fork t_32, S_020e0e68;
    %fork t_33, S_020e0e68;
    %fork t_34, S_020e0e68;
    %fork t_35, S_020e0e68;
    %fork t_36, S_020e0e68;
    %fork t_37, S_020e0e68;
    %fork t_38, S_020e0e68;
    %fork t_39, S_020e0e68;
    %fork t_40, S_020e0e68;
    %fork t_41, S_020e0e68;
    %fork t_42, S_020e0e68;
    %fork t_43, S_020e0e68;
    %fork t_44, S_020e0e68;
    %fork t_45, S_020e0e68;
    %fork t_46, S_020e0e68;
    %fork t_47, S_020e0e68;
    %fork t_48, S_020e0e68;
    %fork t_49, S_020e0e68;
    %fork t_50, S_020e0e68;
    %fork t_51, S_020e0e68;
    %fork t_52, S_020e0e68;
    %fork t_53, S_020e0e68;
    %fork t_54, S_020e0e68;
    %fork t_55, S_020e0e68;
    %fork t_56, S_020e0e68;
    %fork t_57, S_020e0e68;
    %fork t_58, S_020e0e68;
    %fork t_59, S_020e0e68;
    %fork t_60, S_020e0e68;
    %fork t_61, S_020e0e68;
    %fork t_62, S_020e0e68;
    %fork t_63, S_020e0e68;
    %fork t_64, S_020e0e68;
    %fork t_65, S_020e0e68;
    %fork t_66, S_020e0e68;
    %fork t_67, S_020e0e68;
    %fork t_68, S_020e0e68;
    %fork t_69, S_020e0e68;
    %fork t_70, S_020e0e68;
    %fork t_71, S_020e0e68;
    %fork t_72, S_020e0e68;
    %fork t_73, S_020e0e68;
    %fork t_74, S_020e0e68;
    %join;
    %join;
    %join;
    %join;
    %join;
    %join;
    %join;
    %join;
    %join;
    %join;
    %join;
    %join;
    %join;
    %join;
    %join;
    %join;
    %join;
    %join;
    %join;
    %join;
    %join;
    %join;
    %join;
    %join;
    %join;
    %join;
    %join;
    %join;
    %join;
    %join;
    %join;
    %join;
    %join;
    %join;
    %join;
    %join;
    %join;
    %join;
    %join;
    %join;
    %join;
    %join;
    %join;
    %join;
    %join;
    %join;
    %join;
    %join;
    %join;
    %join;
    %join;
    %join;
    %join;
    %join;
    %join;
    %join;
    %join;
    %join;
    %join;
    %join;
    %join;
    %join;
    %join;
    %join;
    %join;
    %join;
    %join;
    %join;
    %join;
    %join;
    %join;
    %join;
    %join;
    %join;
    %jmp t_0;
t_1 ;
    %pushi/vec4 0, 0, 32;
    %store/vec4 v021453d0_0, 0, 32;
    %end;
t_2 ;
    %pushi/vec4 0, 0, 32;
    %store/vec4 v02145378_0, 0, 32;
    %end;
t_3 ;
    %pushi/vec4 0, 0, 32;
    %store/vec4 v021452c8_0, 0, 32;
    %end;
t_4 ;
    %pushi/vec4 0, 0, 1;
    %store/vec4 v02145428_0, 0, 1;
    %end;
t_5 ;
    %delay 1, 0;
    %pushi/vec4 1, 0, 32;
    %store/vec4 v021453d0_0, 0, 32;
    %end;
t_6 ;
    %delay 1, 0;
    %pushi/vec4 2, 0, 32;
    %store/vec4 v02145378_0, 0, 32;
    %end;
t_7 ;
    %delay 1, 0;
    %pushi/vec4 1, 0, 1;
    %ix/load 4, 4, 0;
    %flag_set/imm 4, 0;
    %store/vec4 v021452c8_0, 4, 1;
    %end;
t_8 ;
    %delay 1, 0;
    %pushi/vec4 0, 0, 1;
    %store/vec4 v02145428_0, 0, 1;
    %end;
t_9 ;
    %delay 2, 0;
    %pushi/vec4 1, 0, 32;
    %store/vec4 v021453d0_0, 0, 32;
    %end;
t_10 ;
    %delay 2, 0;
    %pushi/vec4 4, 0, 32;
    %store/vec4 v02145378_0, 0, 32;
    %end;
t_11 ;
    %delay 2, 0;
    %pushi/vec4 0, 0, 1;
    %store/vec4 v02145428_0, 0, 1;
    %end;
t_12 ;
    %delay 3, 0;
    %pushi/vec4 1, 0, 32;
    %store/vec4 v021453d0_0, 0, 32;
    %end;
t_13 ;
    %delay 3, 0;
    %pushi/vec4 8, 0, 32;
    %store/vec4 v02145378_0, 0, 32;
    %end;
t_14 ;
    %delay 3, 0;
    %pushi/vec4 0, 0, 1;
    %store/vec4 v02145428_0, 0, 1;
    %end;
t_15 ;
    %delay 4, 0;
    %pushi/vec4 8, 0, 32;
    %store/vec4 v021453d0_0, 0, 32;
    %end;
t_16 ;
    %delay 4, 0;
    %pushi/vec4 1, 0, 32;
    %store/vec4 v02145378_0, 0, 32;
    %end;
t_17 ;
    %delay 4, 0;
    %pushi/vec4 0, 0, 1;
    %store/vec4 v02145428_0, 0, 1;
    %end;
t_18 ;
    %delay 10, 0;
    %pushi/vec4 1, 0, 32;
    %store/vec4 v021453d0_0, 0, 32;
    %end;
t_19 ;
    %delay 10, 0;
    %pushi/vec4 2, 0, 32;
    %store/vec4 v02145378_0, 0, 32;
    %end;
t_20 ;
    %delay 10, 0;
    %pushi/vec4 1, 0, 2;
    %ix/load 4, 5, 0;
    %flag_set/imm 4, 0;
    %store/vec4 v021452c8_0, 4, 2;
    %end;
t_21 ;
    %delay 10, 0;
    %pushi/vec4 0, 0, 1;
    %store/vec4 v02145428_0, 0, 1;
    %end;
t_22 ;
    %delay 11, 0;
    %pushi/vec4 1, 0, 32;
    %store/vec4 v021453d0_0, 0, 32;
    %end;
t_23 ;
    %delay 11, 0;
    %pushi/vec4 4, 0, 32;
    %store/vec4 v02145378_0, 0, 32;
    %end;
t_24 ;
    %delay 11, 0;
    %pushi/vec4 0, 0, 1;
    %store/vec4 v02145428_0, 0, 1;
    %end;
t_25 ;
    %delay 12, 0;
    %pushi/vec4 1, 0, 32;
    %store/vec4 v021453d0_0, 0, 32;
    %end;
t_26 ;
    %delay 12, 0;
    %pushi/vec4 8, 0, 32;
    %store/vec4 v02145378_0, 0, 32;
    %end;
t_27 ;
    %delay 12, 0;
    %pushi/vec4 0, 0, 1;
    %store/vec4 v02145428_0, 0, 1;
    %end;
t_28 ;
    %delay 13, 0;
    %pushi/vec4 8, 0, 32;
    %store/vec4 v021453d0_0, 0, 32;
    %end;
t_29 ;
    %delay 13, 0;
    %pushi/vec4 1, 0, 32;
    %store/vec4 v02145378_0, 0, 32;
    %end;
t_30 ;
    %delay 13, 0;
    %pushi/vec4 0, 0, 1;
    %store/vec4 v02145428_0, 0, 1;
    %end;
t_31 ;
    %delay 20, 0;
    %pushi/vec4 1, 0, 32;
    %store/vec4 v021453d0_0, 0, 32;
    %end;
t_32 ;
    %delay 20, 0;
    %pushi/vec4 2, 0, 32;
    %store/vec4 v02145378_0, 0, 32;
    %end;
t_33 ;
    %delay 20, 0;
    %pushi/vec4 2, 0, 2;
    %ix/load 4, 5, 0;
    %flag_set/imm 4, 0;
    %store/vec4 v021452c8_0, 4, 2;
    %end;
t_34 ;
    %delay 20, 0;
    %pushi/vec4 0, 0, 1;
    %store/vec4 v02145428_0, 0, 1;
    %end;
t_35 ;
    %delay 21, 0;
    %pushi/vec4 1, 0, 32;
    %store/vec4 v021453d0_0, 0, 32;
    %end;
t_36 ;
    %delay 21, 0;
    %pushi/vec4 4, 0, 32;
    %store/vec4 v02145378_0, 0, 32;
    %end;
t_37 ;
    %delay 21, 0;
    %pushi/vec4 0, 0, 1;
    %store/vec4 v02145428_0, 0, 1;
    %end;
t_38 ;
    %delay 22, 0;
    %pushi/vec4 1, 0, 32;
    %store/vec4 v021453d0_0, 0, 32;
    %end;
t_39 ;
    %delay 22, 0;
    %pushi/vec4 8, 0, 32;
    %store/vec4 v02145378_0, 0, 32;
    %end;
t_40 ;
    %delay 22, 0;
    %pushi/vec4 0, 0, 1;
    %store/vec4 v02145428_0, 0, 1;
    %end;
t_41 ;
    %delay 23, 0;
    %pushi/vec4 8, 0, 32;
    %store/vec4 v021453d0_0, 0, 32;
    %end;
t_42 ;
    %delay 23, 0;
    %pushi/vec4 1, 0, 32;
    %store/vec4 v02145378_0, 0, 32;
    %end;
t_43 ;
    %delay 23, 0;
    %pushi/vec4 0, 0, 1;
    %store/vec4 v02145428_0, 0, 1;
    %end;
t_44 ;
    %delay 24, 0;
    %pushi/vec4 8, 0, 32;
    %store/vec4 v021453d0_0, 0, 32;
    %end;
t_45 ;
    %delay 24, 0;
    %pushi/vec4 4026531841, 0, 32;
    %store/vec4 v02145378_0, 0, 32;
    %end;
t_46 ;
    %delay 24, 0;
    %pushi/vec4 0, 0, 1;
    %store/vec4 v02145428_0, 0, 1;
    %end;
t_47 ;
    %delay 30, 0;
    %pushi/vec4 1, 0, 32;
    %store/vec4 v021453d0_0, 0, 32;
    %end;
t_48 ;
    %delay 30, 0;
    %pushi/vec4 2, 0, 32;
    %store/vec4 v02145378_0, 0, 32;
    %end;
t_49 ;
    %delay 30, 0;
    %pushi/vec4 3, 0, 2;
    %ix/load 4, 5, 0;
    %flag_set/imm 4, 0;
    %store/vec4 v021452c8_0, 4, 2;
    %end;
t_50 ;
    %delay 30, 0;
    %pushi/vec4 0, 0, 1;
    %store/vec4 v02145428_0, 0, 1;
    %end;
t_51 ;
    %delay 31, 0;
    %pushi/vec4 1, 0, 32;
    %store/vec4 v021453d0_0, 0, 32;
    %end;
t_52 ;
    %delay 31, 0;
    %pushi/vec4 4, 0, 32;
    %store/vec4 v02145378_0, 0, 32;
    %end;
t_53 ;
    %delay 31, 0;
    %pushi/vec4 0, 0, 1;
    %store/vec4 v02145428_0, 0, 1;
    %end;
t_54 ;
    %delay 32, 0;
    %pushi/vec4 1, 0, 32;
    %store/vec4 v021453d0_0, 0, 32;
    %end;
t_55 ;
    %delay 32, 0;
    %pushi/vec4 8, 0, 32;
    %store/vec4 v02145378_0, 0, 32;
    %end;
t_56 ;
    %delay 32, 0;
    %pushi/vec4 0, 0, 1;
    %store/vec4 v02145428_0, 0, 1;
    %end;
t_57 ;
    %delay 33, 0;
    %pushi/vec4 8, 0, 32;
    %store/vec4 v021453d0_0, 0, 32;
    %end;
t_58 ;
    %delay 33, 0;
    %pushi/vec4 1, 0, 32;
    %store/vec4 v02145378_0, 0, 32;
    %end;
t_59 ;
    %delay 33, 0;
    %pushi/vec4 0, 0, 1;
    %store/vec4 v02145428_0, 0, 1;
    %end;
t_60 ;
    %delay 34, 0;
    %pushi/vec4 8, 0, 32;
    %store/vec4 v021453d0_0, 0, 32;
    %end;
t_61 ;
    %delay 34, 0;
    %pushi/vec4 4026531841, 0, 32;
    %store/vec4 v02145378_0, 0, 32;
    %end;
t_62 ;
    %delay 34, 0;
    %pushi/vec4 0, 0, 1;
    %store/vec4 v02145428_0, 0, 1;
    %end;
t_63 ;
    %delay 40, 0;
    %pushi/vec4 0, 0, 4;
    %ix/load 4, 8, 0;
    %flag_set/imm 4, 0;
    %store/vec4 v021452c8_0, 4, 4;
    %end;
t_64 ;
    %delay 40, 0;
    %pushi/vec4 0, 0, 8;
    %ix/load 4, 0, 0;
    %flag_set/imm 4, 0;
    %store/vec4 v021452c8_0, 4, 8;
    %end;
t_65 ;
    %delay 40, 0;
    %pushi/vec4 1, 0, 3;
    %ix/load 4, 25, 0;
    %flag_set/imm 4, 0;
    %store/vec4 v021452c8_0, 4, 3;
    %end;
t_66 ;
    %delay 40, 0;
    %pushi/vec4 0, 0, 1;
    %ix/load 4, 4, 0;
    %flag_set/imm 4, 0;
    %store/vec4 v021452c8_0, 4, 1;
    %end;
t_67 ;
    %delay 40, 0;
    %pushi/vec4 0, 0, 1;
    %store/vec4 v02145428_0, 0, 1;
    %end;
t_68 ;
    %delay 41, 0;
    %pushi/vec4 8, 0, 4;
    %ix/load 4, 8, 0;
    %flag_set/imm 4, 0;
    %store/vec4 v021452c8_0, 4, 4;
    %end;
t_69 ;
    %delay 41, 0;
    %pushi/vec4 1, 0, 8;
    %ix/load 4, 0, 0;
    %flag_set/imm 4, 0;
    %store/vec4 v021452c8_0, 4, 8;
    %end;
t_70 ;
    %delay 41, 0;
    %pushi/vec4 0, 0, 1;
    %store/vec4 v02145428_0, 0, 1;
    %end;
t_71 ;
    %delay 50, 0;
    %pushi/vec4 0, 0, 32;
    %store/vec4 v021453d0_0, 0, 32;
    %end;
t_72 ;
    %delay 50, 0;
    %pushi/vec4 0, 0, 32;
    %store/vec4 v02145378_0, 0, 32;
    %end;
t_73 ;
    %delay 50, 0;
    %pushi/vec4 5, 0, 3;
    %ix/load 4, 25, 0;
    %flag_set/imm 4, 0;
    %store/vec4 v021452c8_0, 4, 3;
    %end;
t_74 ;
    %delay 50, 0;
    %pushi/vec4 0, 0, 1;
    %store/vec4 v02145428_0, 0, 1;
    %end;
    .scope S_020e0e68;
t_0 ;
    %end;
    .thread T_3;
    .scope S_020e0e68;
T_4 ;
    %delay 1500, 0;
    %vpi_call 2 37 "$finish" {0 0 0};
    %end;
    .thread T_4;
    .scope S_020e0e68;
T_5 ;
    %vpi_call 2 40 "$dumpfile", "BarrelShifterTestBench.vcd" {0 0 0};
    %vpi_call 2 41 "$dumpvars", 32'sb00000000000000000000000000000000, S_020e0e68 {0 0 0};
    %vpi_call 2 42 "$display", " Test Results" {0 0 0};
    %vpi_call 2 43 "$monitor", "Rs=%8h,Rm=%8h,IR=%8h,Out=%8h,SR29_IN=%1b,SR29_OUT=%1b", v021453d0_0, v02145378_0, v021452c8_0, v02145320_0, v02145428_0, v02145480_0 {0 0 0};
    %end;
    .thread T_5;
# The file index is used to find the file name in the following table.
:file_names 4;
    "N/A";
    "<interactive>";
    "BarrelShifterTestBench.v";
    "BarrelShifter.v";
