#! c:/iverilog-x86/bin/vvp
:ivl_version "10.0 (stable)" "(v10_0)";
:ivl_delay_selection "TYPICAL";
:vpi_time_precision + 0;
:vpi_module "system";
:vpi_module "vhdl_sys";
:vpi_module "v2005_math";
:vpi_module "va_math";
S_01f61fa0 .scope module, "ARM_CU_ALU_TestBench" "ARM_CU_ALU_TestBench" 2 1;
 .timescale 0 0;
P_003f46a8 .param/l "sim_time" 0 2 3, +C4<0000000000000000000000000000000000000000000000000000010111011100>;
v02010e88_0 .var "A", 31 0;
v02011a60_0 .net "ALUSTORE", 0 0, v02010f38_0;  1 drivers
v02011ab8_0 .var "B", 31 0;
v02011b10_0 .net "CU", 3 0, v02010f90_0;  1 drivers
v02011b68_0 .var "Clk", 0 0;
v02011bc0_0 .var "FLAGS", 3 0;
v02011c18_0 .net "FLAGS_OUT", 3 0, L_020124b0;  1 drivers
v02011c70_0 .var "IR", 31 0;
v02011cc8_0 .net "IRLOAD", 0 0, v02011098_0;  1 drivers
v02011d20_0 .net "IR_CU", 0 0, v020110f0_0;  1 drivers
v02011d78_0 .net "MARLOAD", 0 0, v02011148_0;  1 drivers
v02011dd0_0 .net "MBRLOAD", 0 0, v020111a0_0;  1 drivers
v02011e28_0 .net "MBRSTORE", 0 0, v020111f8_0;  1 drivers
v02011e80_0 .net "MFA", 0 0, v02011250_0;  1 drivers
v02011ed8_0 .var "MFC", 0 0;
v02011f30_0 .net "Out", 31 0, L_02012508;  1 drivers
v02011f88_0 .net "PCLOAD", 0 0, v02011358_0;  1 drivers
o01fca4fc .functor BUFZ 32, C4<zzzzzzzzzzzzzzzzzzzzzzzzzzzzzzzz>; HiZ drive
v02011fe0_0 .net "PCout", 31 0, o01fca4fc;  0 drivers
v02012038_0 .net "READ_WRITE", 0 0, v020113b0_0;  1 drivers
v02012090_0 .net "RFLOAD", 0 0, v02011408_0;  1 drivers
v020120e8_0 .var "RSLCT", 19 0;
v02012140_0 .var "Reset", 0 0;
RS_01fc878c .resolv tri, L_020146d8, L_02014788, L_02014838, L_020148e8, L_02014998, L_02015090, L_02015140, L_020151f0, L_020152a0, L_02015350, L_02015400, L_020154b0, L_02015560, L_02015610, L_020156c0, L_02015770;
v02012198_0 .net8 "Rm", 31 0, RS_01fc878c;  16 drivers
RS_01fc7e8c .resolv tri, L_02013bd8, L_02013c88, L_02013d38, L_02013de8, L_02013e98, L_02013f48, L_02013ff8, L_020140a8, L_02014158, L_02014208, L_020142b8, L_02014368, L_02014418, L_020144c8, L_02014578, L_02014628;
v020121f0_0 .net8 "Rn", 31 0, RS_01fc7e8c;  16 drivers
RS_01fc8f24 .resolv tri, L_02015820, L_020158d0, L_02015980, L_02015a30, L_02015ae0, L_02015b90, L_02015c40, L_02015cf0, L_02015da0, L_02015e50, L_02015f00, L_02015fb0, L_02019560, L_02019610, L_020196c0, L_02019770;
v02012248_0 .net8 "Rs", 31 0, RS_01fc8f24;  16 drivers
v020122a0_0 .var "S", 0 0;
v020122f8_0 .var "SR", 3 0;
v02012350_0 .net "SRENABLED", 0 0, v02011510_0;  1 drivers
v020123a8_0 .net "SRLOAD", 0 0, v02011568_0;  1 drivers
v02012400_0 .net "WORD_BYTE", 0 0, v02011958_0;  1 drivers
v02012458_0 .net "opcode", 4 0, v020119b0_0;  1 drivers
S_01f62070 .scope module, "RF" "RegisterFile" 2 25, 3 1 0, S_01f61fa0;
 .timescale 0 0;
    .port_info 0 /INPUT 32 "in"
    .port_info 1 /INPUT 32 "Pcin"
    .port_info 2 /INPUT 20 "RSLCT"
    .port_info 3 /INPUT 1 "Clk"
    .port_info 4 /INPUT 1 "RESET"
    .port_info 5 /INPUT 1 "LOADPC"
    .port_info 6 /INPUT 1 "LOAD"
    .port_info 7 /INPUT 1 "IR_CU"
    .port_info 8 /OUTPUT 32 "Rn"
    .port_info 9 /OUTPUT 32 "Rm"
    .port_info 10 /OUTPUT 32 "Rs"
    .port_info 11 /OUTPUT 32 "PCout"
L_02013060 .functor AND 1, L_02019a88, v02011408_0, C4<1>, C4<1>;
L_020130a8 .functor AND 1, v02011358_0, L_02019ae0, C4<1>, C4<1>;
L_020130f0 .functor AND 1, L_02019b90, v02011408_0, C4<1>, C4<1>;
v0200ec10_0 .net "Clk", 0 0, v02011b68_0;  1 drivers
v0200ec68_0 .net "DecoderRd", 15 0, v01f6d570_0;  1 drivers
v0200ecc0_0 .net "DecoderRm", 15 0, v01f6de60_0;  1 drivers
v0200ed18_0 .net "DecoderRn_CU", 15 0, v01f6db48_0;  1 drivers
v0200ed70_0 .net "DecoderRs", 15 0, v01fc2f30_0;  1 drivers
v0200edc8_0 .net "IR_CU", 0 0, v020110f0_0;  alias, 1 drivers
v0200ee20_0 .net "LOAD", 0 0, v02011408_0;  alias, 1 drivers
v0200ee78_0 .net "LOADPC", 0 0, v02011358_0;  alias, 1 drivers
v0200eed0_0 .net "PCout", 31 0, o01fca4fc;  alias, 0 drivers
v0200ef28_0 .net "Pcin", 31 0, L_02012508;  alias, 1 drivers
v0200ef80 .array "Q", 0 15;
v0200ef80_0 .net v0200ef80 0, 31 0, v02007690_0; 1 drivers
v0200ef80_1 .net v0200ef80 1, 31 0, v020078f8_0; 1 drivers
v0200ef80_2 .net v0200ef80 2, 31 0, v02007b60_0; 1 drivers
v0200ef80_3 .net v0200ef80 3, 31 0, v02007dc8_0; 1 drivers
v0200ef80_4 .net v0200ef80 4, 31 0, v02008060_0; 1 drivers
v0200ef80_5 .net v0200ef80 5, 31 0, v020082c8_0; 1 drivers
v0200ef80_6 .net v0200ef80 6, 31 0, v02008530_0; 1 drivers
v0200ef80_7 .net v0200ef80 7, 31 0, v02008798_0; 1 drivers
v0200ef80_8 .net v0200ef80 8, 31 0, v02008a00_0; 1 drivers
v0200ef80_9 .net v0200ef80 9, 31 0, v02008c68_0; 1 drivers
v0200ef80_10 .net v0200ef80 10, 31 0, v02008ed0_0; 1 drivers
v0200ef80_11 .net v0200ef80 11, 31 0, v0200e168_0; 1 drivers
v0200ef80_12 .net v0200ef80 12, 31 0, v0200e3d0_0; 1 drivers
v0200ef80_13 .net v0200ef80 13, 31 0, v0200e638_0; 1 drivers
v0200ef80_14 .net v0200ef80 14, 31 0, v0200e8a0_0; 1 drivers
v0200ef80_15 .net v0200ef80 15, 31 0, v0200eb08_0; 1 drivers
v0200efd8_0 .net "RESET", 0 0, v02012140_0;  1 drivers
v02010648_0 .net "RSLCT", 19 0, v020120e8_0;  1 drivers
v020106a0_0 .net8 "Rm", 31 0, RS_01fc878c;  alias, 16 drivers
v020106f8_0 .net8 "Rn", 31 0, RS_01fc7e8c;  alias, 16 drivers
v02010750_0 .net8 "Rs", 31 0, RS_01fc8f24;  alias, 16 drivers
v020107a8_0 .net "_RN_CU", 3 0, L_02019878;  1 drivers
RS_01fc977c .resolv tri, L_02019a30, L_02019b38;
v02010800_0 .net8 "_pcin", 31 0, RS_01fc977c;  2 drivers
v02010858_0 .net *"_s75", 0 0, L_02019a88;  1 drivers
v020108b0_0 .net *"_s76", 0 0, L_02013060;  1 drivers
v02010908_0 .net *"_s79", 0 0, L_02019ae0;  1 drivers
v02010960_0 .net *"_s83", 0 0, L_02019b90;  1 drivers
v020109b8_0 .net "in", 31 0, L_02012508;  alias, 1 drivers
L_02012560 .part v01f6d570_0, 0, 1;
L_020125b8 .part v01f6d570_0, 1, 1;
L_02012610 .part v01f6d570_0, 2, 1;
L_02012668 .part v01f6d570_0, 3, 1;
L_020126c0 .part v01f6d570_0, 4, 1;
L_02012718 .part v01f6d570_0, 5, 1;
L_02012770 .part v01f6d570_0, 6, 1;
L_020127c8 .part v01f6d570_0, 7, 1;
L_02012820 .part v01f6d570_0, 8, 1;
L_02012878 .part v01f6d570_0, 9, 1;
L_020128d0 .part v01f6d570_0, 10, 1;
L_02013a20 .part v01f6d570_0, 11, 1;
L_02013a78 .part v01f6d570_0, 12, 1;
L_02013ad0 .part v01f6d570_0, 13, 1;
L_02013b28 .part v01f6d570_0, 14, 1;
L_02013b80 .part v01f6d570_0, 15, 1;
L_02013c30 .part v01f6db48_0, 0, 1;
L_02013ce0 .part v01f6db48_0, 1, 1;
L_02013d90 .part v01f6db48_0, 2, 1;
L_02013e40 .part v01f6db48_0, 3, 1;
L_02013ef0 .part v01f6db48_0, 4, 1;
L_02013fa0 .part v01f6db48_0, 5, 1;
L_02014050 .part v01f6db48_0, 6, 1;
L_02014100 .part v01f6db48_0, 7, 1;
L_020141b0 .part v01f6db48_0, 8, 1;
L_02014260 .part v01f6db48_0, 9, 1;
L_02014310 .part v01f6db48_0, 10, 1;
L_020143c0 .part v01f6db48_0, 11, 1;
L_02014470 .part v01f6db48_0, 12, 1;
L_02014520 .part v01f6db48_0, 13, 1;
L_020145d0 .part v01f6db48_0, 14, 1;
L_02014680 .part v01f6db48_0, 15, 1;
L_02014730 .part v01f6de60_0, 0, 1;
L_020147e0 .part v01f6de60_0, 1, 1;
L_02014890 .part v01f6de60_0, 2, 1;
L_02014940 .part v01f6de60_0, 3, 1;
L_02015038 .part v01f6de60_0, 4, 1;
L_020150e8 .part v01f6de60_0, 5, 1;
L_02015198 .part v01f6de60_0, 6, 1;
L_02015248 .part v01f6de60_0, 7, 1;
L_020152f8 .part v01f6de60_0, 8, 1;
L_020153a8 .part v01f6de60_0, 9, 1;
L_02015458 .part v01f6de60_0, 10, 1;
L_02015508 .part v01f6de60_0, 11, 1;
L_020155b8 .part v01f6de60_0, 12, 1;
L_02015668 .part v01f6de60_0, 13, 1;
L_02015718 .part v01f6de60_0, 14, 1;
L_020157c8 .part v01f6de60_0, 15, 1;
L_02015878 .part v01fc2f30_0, 0, 1;
L_02015928 .part v01fc2f30_0, 1, 1;
L_020159d8 .part v01fc2f30_0, 2, 1;
L_02015a88 .part v01fc2f30_0, 3, 1;
L_02015b38 .part v01fc2f30_0, 4, 1;
L_02015be8 .part v01fc2f30_0, 5, 1;
L_02015c98 .part v01fc2f30_0, 6, 1;
L_02015d48 .part v01fc2f30_0, 7, 1;
L_02015df8 .part v01fc2f30_0, 8, 1;
L_02015ea8 .part v01fc2f30_0, 9, 1;
L_02015f58 .part v01fc2f30_0, 10, 1;
L_02019508 .part v01fc2f30_0, 11, 1;
L_020195b8 .part v01fc2f30_0, 12, 1;
L_02019668 .part v01fc2f30_0, 13, 1;
L_02019718 .part v01fc2f30_0, 14, 1;
L_020197c8 .part v01fc2f30_0, 15, 1;
L_02019820 .part v020120e8_0, 12, 4;
L_020198d0 .part v020120e8_0, 16, 4;
L_02019928 .part v020120e8_0, 0, 4;
L_02019980 .part v020120e8_0, 4, 4;
L_020199d8 .part v020120e8_0, 8, 4;
L_02019a88 .part v01f6d570_0, 15, 1;
L_02019ae0 .reduce/nor L_02013060;
L_02019b90 .part v01f6d570_0, 15, 1;
S_01f60958 .scope module, "DRd" "Decoder4x16" 3 8, 4 1 0, S_01f62070;
 .timescale 0 0;
    .port_info 0 /INPUT 4 "IN"
    .port_info 1 /OUTPUT 16 "OUT"
v01f6d518_0 .net "IN", 3 0, L_02019820;  1 drivers
v01f6d570_0 .var "OUT", 15 0;
v01f6df68_0 .var/i "i", 31 0;
E_01fa2b48 .event edge, v01f6d518_0;
S_01f60a28 .scope module, "DRm" "Decoder4x16" 3 21, 4 1 0, S_01f62070;
 .timescale 0 0;
    .port_info 0 /INPUT 4 "IN"
    .port_info 1 /OUTPUT 16 "OUT"
v01f6de08_0 .net "IN", 3 0, L_02019980;  1 drivers
v01f6de60_0 .var "OUT", 15 0;
v01f6dca8_0 .var/i "i", 31 0;
E_01fa2b70 .event edge, v01f6de08_0;
S_01fc7240 .scope module, "DRn_CU" "Decoder4x16" 3 16, 4 1 0, S_01f62070;
 .timescale 0 0;
    .port_info 0 /INPUT 4 "IN"
    .port_info 1 /OUTPUT 16 "OUT"
v01f6dd00_0 .net "IN", 3 0, L_02019878;  alias, 1 drivers
v01f6db48_0 .var "OUT", 15 0;
v01f6dba0_0 .var/i "i", 31 0;
E_01fa2b98 .event edge, v01f6dd00_0;
S_01f5fb10 .scope module, "DRs" "Decoder4x16" 3 26, 4 1 0, S_01f62070;
 .timescale 0 0;
    .port_info 0 /INPUT 4 "IN"
    .port_info 1 /OUTPUT 16 "OUT"
v01f6d678_0 .net "IN", 3 0, L_020199d8;  1 drivers
v01fc2f30_0 .var "OUT", 15 0;
v01fc2d78_0 .var/i "i", 31 0;
E_01fa2bc0 .event edge, v01f6d678_0;
S_01f5fbe0 .scope generate, "buffers[0]" "buffers[0]" 3 53, 3 53 0, S_01f62070;
 .timescale 0 0;
P_01fa2c10 .param/l "i" 0 3 53, +C4<00>;
S_01f5efd0 .scope module, "bufffer" "Buffer32_32" 3 55, 5 1 0, S_01f5fbe0;
 .timescale 0 0;
    .port_info 0 /INPUT 32 "IN"
    .port_info 1 /INPUT 1 "Store"
    .port_info 2 /OUTPUT 32 "OUT"
v01fc2b10_0 .net "IN", 31 0, v02007690_0;  alias, 1 drivers
v01fc2a60_0 .net8 "OUT", 31 0, RS_01fc7e8c;  alias, 16 drivers
v01fc3038_0 .net "Store", 0 0, L_02013c30;  1 drivers
o01fc7ebc .functor BUFZ 32, C4<zzzzzzzzzzzzzzzzzzzzzzzzzzzzzzzz>; HiZ drive
; Elide local net with no drivers, v01fc3090_0 name=_s0
L_02013bd8 .functor MUXZ 32, o01fc7ebc, v02007690_0, L_02013c30, C4<>;
S_01f5f0a0 .scope generate, "buffers[1]" "buffers[1]" 3 53, 3 53 0, S_01f62070;
 .timescale 0 0;
P_01fa2c38 .param/l "i" 0 3 53, +C4<01>;
S_01f52c20 .scope module, "bufffer" "Buffer32_32" 3 55, 5 1 0, S_01f5f0a0;
 .timescale 0 0;
    .port_info 0 /INPUT 32 "IN"
    .port_info 1 /INPUT 1 "Store"
    .port_info 2 /OUTPUT 32 "OUT"
v01fc30e8_0 .net "IN", 31 0, v020078f8_0;  alias, 1 drivers
v01fc3140_0 .net8 "OUT", 31 0, RS_01fc7e8c;  alias, 16 drivers
v01fc3198_0 .net "Store", 0 0, L_02013ce0;  1 drivers
o01fc7f4c .functor BUFZ 32, C4<zzzzzzzzzzzzzzzzzzzzzzzzzzzzzzzz>; HiZ drive
; Elide local net with no drivers, v01fc31f0_0 name=_s0
L_02013c88 .functor MUXZ 32, o01fc7f4c, v020078f8_0, L_02013ce0, C4<>;
S_01f52cf0 .scope generate, "buffers[2]" "buffers[2]" 3 53, 3 53 0, S_01f62070;
 .timescale 0 0;
P_01fa2c60 .param/l "i" 0 3 53, +C4<010>;
S_01f5e500 .scope module, "bufffer" "Buffer32_32" 3 55, 5 1 0, S_01f52cf0;
 .timescale 0 0;
    .port_info 0 /INPUT 32 "IN"
    .port_info 1 /INPUT 1 "Store"
    .port_info 2 /OUTPUT 32 "OUT"
v01fc3248_0 .net "IN", 31 0, v02007b60_0;  alias, 1 drivers
v01fc32a0_0 .net8 "OUT", 31 0, RS_01fc7e8c;  alias, 16 drivers
v01fc32f8_0 .net "Store", 0 0, L_02013d90;  1 drivers
o01fc7fdc .functor BUFZ 32, C4<zzzzzzzzzzzzzzzzzzzzzzzzzzzzzzzz>; HiZ drive
; Elide local net with no drivers, v01fc3350_0 name=_s0
L_02013d38 .functor MUXZ 32, o01fc7fdc, v02007b60_0, L_02013d90, C4<>;
S_01f5e5d0 .scope generate, "buffers[3]" "buffers[3]" 3 53, 3 53 0, S_01f62070;
 .timescale 0 0;
P_01fa2c88 .param/l "i" 0 3 53, +C4<011>;
S_003f3760 .scope module, "bufffer" "Buffer32_32" 3 55, 5 1 0, S_01f5e5d0;
 .timescale 0 0;
    .port_info 0 /INPUT 32 "IN"
    .port_info 1 /INPUT 1 "Store"
    .port_info 2 /OUTPUT 32 "OUT"
v01fc33a8_0 .net "IN", 31 0, v02007dc8_0;  alias, 1 drivers
v01fc3400_0 .net8 "OUT", 31 0, RS_01fc7e8c;  alias, 16 drivers
v01fc3458_0 .net "Store", 0 0, L_02013e40;  1 drivers
o01fc806c .functor BUFZ 32, C4<zzzzzzzzzzzzzzzzzzzzzzzzzzzzzzzz>; HiZ drive
; Elide local net with no drivers, v01fc34b0_0 name=_s0
L_02013de8 .functor MUXZ 32, o01fc806c, v02007dc8_0, L_02013e40, C4<>;
S_003f3830 .scope generate, "buffers[4]" "buffers[4]" 3 53, 3 53 0, S_01f62070;
 .timescale 0 0;
P_01fa2be8 .param/l "i" 0 3 53, +C4<0100>;
S_01f67ba8 .scope module, "bufffer" "Buffer32_32" 3 55, 5 1 0, S_003f3830;
 .timescale 0 0;
    .port_info 0 /INPUT 32 "IN"
    .port_info 1 /INPUT 1 "Store"
    .port_info 2 /OUTPUT 32 "OUT"
v01fc3508_0 .net "IN", 31 0, v02008060_0;  alias, 1 drivers
v01fc3560_0 .net8 "OUT", 31 0, RS_01fc7e8c;  alias, 16 drivers
v01fc35b8_0 .net "Store", 0 0, L_02013ef0;  1 drivers
o01fc80fc .functor BUFZ 32, C4<zzzzzzzzzzzzzzzzzzzzzzzzzzzzzzzz>; HiZ drive
; Elide local net with no drivers, v01fc3610_0 name=_s0
L_02013e98 .functor MUXZ 32, o01fc80fc, v02008060_0, L_02013ef0, C4<>;
S_01f67ce0 .scope generate, "buffers[5]" "buffers[5]" 3 53, 3 53 0, S_01f62070;
 .timescale 0 0;
P_01fa2cb0 .param/l "i" 0 3 53, +C4<0101>;
S_01ffa8b8 .scope module, "bufffer" "Buffer32_32" 3 55, 5 1 0, S_01f67ce0;
 .timescale 0 0;
    .port_info 0 /INPUT 32 "IN"
    .port_info 1 /INPUT 1 "Store"
    .port_info 2 /OUTPUT 32 "OUT"
v01fc3668_0 .net "IN", 31 0, v020082c8_0;  alias, 1 drivers
v01fc36c0_0 .net8 "OUT", 31 0, RS_01fc7e8c;  alias, 16 drivers
v01fc3718_0 .net "Store", 0 0, L_02013fa0;  1 drivers
o01fc818c .functor BUFZ 32, C4<zzzzzzzzzzzzzzzzzzzzzzzzzzzzzzzz>; HiZ drive
; Elide local net with no drivers, v01fc3770_0 name=_s0
L_02013f48 .functor MUXZ 32, o01fc818c, v020082c8_0, L_02013fa0, C4<>;
S_01ffa988 .scope generate, "buffers[6]" "buffers[6]" 3 53, 3 53 0, S_01f62070;
 .timescale 0 0;
P_01fa2cd8 .param/l "i" 0 3 53, +C4<0110>;
S_01ffaa58 .scope module, "bufffer" "Buffer32_32" 3 55, 5 1 0, S_01ffa988;
 .timescale 0 0;
    .port_info 0 /INPUT 32 "IN"
    .port_info 1 /INPUT 1 "Store"
    .port_info 2 /OUTPUT 32 "OUT"
v01fc37c8_0 .net "IN", 31 0, v02008530_0;  alias, 1 drivers
v01fc3820_0 .net8 "OUT", 31 0, RS_01fc7e8c;  alias, 16 drivers
v01fc3878_0 .net "Store", 0 0, L_02014050;  1 drivers
o01fc821c .functor BUFZ 32, C4<zzzzzzzzzzzzzzzzzzzzzzzzzzzzzzzz>; HiZ drive
; Elide local net with no drivers, v01fc38d0_0 name=_s0
L_02013ff8 .functor MUXZ 32, o01fc821c, v02008530_0, L_02014050, C4<>;
S_01ffab28 .scope generate, "buffers[7]" "buffers[7]" 3 53, 3 53 0, S_01f62070;
 .timescale 0 0;
P_01fa2d00 .param/l "i" 0 3 53, +C4<0111>;
S_01ffabf8 .scope module, "bufffer" "Buffer32_32" 3 55, 5 1 0, S_01ffab28;
 .timescale 0 0;
    .port_info 0 /INPUT 32 "IN"
    .port_info 1 /INPUT 1 "Store"
    .port_info 2 /OUTPUT 32 "OUT"
v01fc3928_0 .net "IN", 31 0, v02008798_0;  alias, 1 drivers
v01fc3980_0 .net8 "OUT", 31 0, RS_01fc7e8c;  alias, 16 drivers
v01fa4d80_0 .net "Store", 0 0, L_02014100;  1 drivers
o01fc82ac .functor BUFZ 32, C4<zzzzzzzzzzzzzzzzzzzzzzzzzzzzzzzz>; HiZ drive
; Elide local net with no drivers, v01fa4cd0_0 name=_s0
L_020140a8 .functor MUXZ 32, o01fc82ac, v02008798_0, L_02014100, C4<>;
S_01ffacc8 .scope generate, "buffers[8]" "buffers[8]" 3 53, 3 53 0, S_01f62070;
 .timescale 0 0;
P_01fa2d28 .param/l "i" 0 3 53, +C4<01000>;
S_01ffad98 .scope module, "bufffer" "Buffer32_32" 3 55, 5 1 0, S_01ffacc8;
 .timescale 0 0;
    .port_info 0 /INPUT 32 "IN"
    .port_info 1 /INPUT 1 "Store"
    .port_info 2 /OUTPUT 32 "OUT"
v01fa4c20_0 .net "IN", 31 0, v02008a00_0;  alias, 1 drivers
v01fa4b70_0 .net8 "OUT", 31 0, RS_01fc7e8c;  alias, 16 drivers
v01fa4ac0_0 .net "Store", 0 0, L_020141b0;  1 drivers
o01fc833c .functor BUFZ 32, C4<zzzzzzzzzzzzzzzzzzzzzzzzzzzzzzzz>; HiZ drive
; Elide local net with no drivers, v01fa4a10_0 name=_s0
L_02014158 .functor MUXZ 32, o01fc833c, v02008a00_0, L_020141b0, C4<>;
S_01ffae68 .scope generate, "buffers[9]" "buffers[9]" 3 53, 3 53 0, S_01f62070;
 .timescale 0 0;
P_01fa2d50 .param/l "i" 0 3 53, +C4<01001>;
S_01ffaf38 .scope module, "bufffer" "Buffer32_32" 3 55, 5 1 0, S_01ffae68;
 .timescale 0 0;
    .port_info 0 /INPUT 32 "IN"
    .port_info 1 /INPUT 1 "Store"
    .port_info 2 /OUTPUT 32 "OUT"
v01fa4960_0 .net "IN", 31 0, v02008c68_0;  alias, 1 drivers
v01fa48b0_0 .net8 "OUT", 31 0, RS_01fc7e8c;  alias, 16 drivers
v01fa4800_0 .net "Store", 0 0, L_02014260;  1 drivers
o01fc83cc .functor BUFZ 32, C4<zzzzzzzzzzzzzzzzzzzzzzzzzzzzzzzz>; HiZ drive
; Elide local net with no drivers, v01fa4750_0 name=_s0
L_02014208 .functor MUXZ 32, o01fc83cc, v02008c68_0, L_02014260, C4<>;
S_01ffb008 .scope generate, "buffers[10]" "buffers[10]" 3 53, 3 53 0, S_01f62070;
 .timescale 0 0;
P_01ffc8b8 .param/l "i" 0 3 53, +C4<01010>;
S_01ffb0d8 .scope module, "bufffer" "Buffer32_32" 3 55, 5 1 0, S_01ffb008;
 .timescale 0 0;
    .port_info 0 /INPUT 32 "IN"
    .port_info 1 /INPUT 1 "Store"
    .port_info 2 /OUTPUT 32 "OUT"
v01fa46a0_0 .net "IN", 31 0, v02008ed0_0;  alias, 1 drivers
v01fa45f0_0 .net8 "OUT", 31 0, RS_01fc7e8c;  alias, 16 drivers
v01fa4540_0 .net "Store", 0 0, L_02014310;  1 drivers
o01fc845c .functor BUFZ 32, C4<zzzzzzzzzzzzzzzzzzzzzzzzzzzzzzzz>; HiZ drive
; Elide local net with no drivers, v01fa4490_0 name=_s0
L_020142b8 .functor MUXZ 32, o01fc845c, v02008ed0_0, L_02014310, C4<>;
S_01ffb1a8 .scope generate, "buffers[11]" "buffers[11]" 3 53, 3 53 0, S_01f62070;
 .timescale 0 0;
P_01ffc8e0 .param/l "i" 0 3 53, +C4<01011>;
S_01ffb278 .scope module, "bufffer" "Buffer32_32" 3 55, 5 1 0, S_01ffb1a8;
 .timescale 0 0;
    .port_info 0 /INPUT 32 "IN"
    .port_info 1 /INPUT 1 "Store"
    .port_info 2 /OUTPUT 32 "OUT"
v01fa43e0_0 .net "IN", 31 0, v0200e168_0;  alias, 1 drivers
v01fa4330_0 .net8 "OUT", 31 0, RS_01fc7e8c;  alias, 16 drivers
v01fa4280_0 .net "Store", 0 0, L_020143c0;  1 drivers
o01fc84ec .functor BUFZ 32, C4<zzzzzzzzzzzzzzzzzzzzzzzzzzzzzzzz>; HiZ drive
; Elide local net with no drivers, v01fa41d0_0 name=_s0
L_02014368 .functor MUXZ 32, o01fc84ec, v0200e168_0, L_020143c0, C4<>;
S_01ffb348 .scope generate, "buffers[12]" "buffers[12]" 3 53, 3 53 0, S_01f62070;
 .timescale 0 0;
P_01ffc908 .param/l "i" 0 3 53, +C4<01100>;
S_01ffb418 .scope module, "bufffer" "Buffer32_32" 3 55, 5 1 0, S_01ffb348;
 .timescale 0 0;
    .port_info 0 /INPUT 32 "IN"
    .port_info 1 /INPUT 1 "Store"
    .port_info 2 /OUTPUT 32 "OUT"
v01fa4120_0 .net "IN", 31 0, v0200e3d0_0;  alias, 1 drivers
v01fa4070_0 .net8 "OUT", 31 0, RS_01fc7e8c;  alias, 16 drivers
v01fa3fc0_0 .net "Store", 0 0, L_02014470;  1 drivers
o01fc857c .functor BUFZ 32, C4<zzzzzzzzzzzzzzzzzzzzzzzzzzzzzzzz>; HiZ drive
; Elide local net with no drivers, v01fa3f10_0 name=_s0
L_02014418 .functor MUXZ 32, o01fc857c, v0200e3d0_0, L_02014470, C4<>;
S_01ffb4e8 .scope generate, "buffers[13]" "buffers[13]" 3 53, 3 53 0, S_01f62070;
 .timescale 0 0;
P_01ffc930 .param/l "i" 0 3 53, +C4<01101>;
S_01ffb5b8 .scope module, "bufffer" "Buffer32_32" 3 55, 5 1 0, S_01ffb4e8;
 .timescale 0 0;
    .port_info 0 /INPUT 32 "IN"
    .port_info 1 /INPUT 1 "Store"
    .port_info 2 /OUTPUT 32 "OUT"
v01fa3e60_0 .net "IN", 31 0, v0200e638_0;  alias, 1 drivers
v01fb3980_0 .net8 "OUT", 31 0, RS_01fc7e8c;  alias, 16 drivers
v01fb38d0_0 .net "Store", 0 0, L_02014520;  1 drivers
o01fc860c .functor BUFZ 32, C4<zzzzzzzzzzzzzzzzzzzzzzzzzzzzzzzz>; HiZ drive
; Elide local net with no drivers, v01fb3820_0 name=_s0
L_020144c8 .functor MUXZ 32, o01fc860c, v0200e638_0, L_02014520, C4<>;
S_01ffb688 .scope generate, "buffers[14]" "buffers[14]" 3 53, 3 53 0, S_01f62070;
 .timescale 0 0;
P_01ffc958 .param/l "i" 0 3 53, +C4<01110>;
S_01ffb758 .scope module, "bufffer" "Buffer32_32" 3 55, 5 1 0, S_01ffb688;
 .timescale 0 0;
    .port_info 0 /INPUT 32 "IN"
    .port_info 1 /INPUT 1 "Store"
    .port_info 2 /OUTPUT 32 "OUT"
v01fb3770_0 .net "IN", 31 0, v0200e8a0_0;  alias, 1 drivers
v01fb36c0_0 .net8 "OUT", 31 0, RS_01fc7e8c;  alias, 16 drivers
v01fb3610_0 .net "Store", 0 0, L_020145d0;  1 drivers
o01fc869c .functor BUFZ 32, C4<zzzzzzzzzzzzzzzzzzzzzzzzzzzzzzzz>; HiZ drive
; Elide local net with no drivers, v01fb3560_0 name=_s0
L_02014578 .functor MUXZ 32, o01fc869c, v0200e8a0_0, L_020145d0, C4<>;
S_01ffb828 .scope generate, "buffers[15]" "buffers[15]" 3 53, 3 53 0, S_01f62070;
 .timescale 0 0;
P_01ffc980 .param/l "i" 0 3 53, +C4<01111>;
S_01ffb8f8 .scope module, "bufffer" "Buffer32_32" 3 55, 5 1 0, S_01ffb828;
 .timescale 0 0;
    .port_info 0 /INPUT 32 "IN"
    .port_info 1 /INPUT 1 "Store"
    .port_info 2 /OUTPUT 32 "OUT"
v01fb34b0_0 .net "IN", 31 0, v0200eb08_0;  alias, 1 drivers
v01fb3400_0 .net8 "OUT", 31 0, RS_01fc7e8c;  alias, 16 drivers
v01fb3350_0 .net "Store", 0 0, L_02014680;  1 drivers
o01fc872c .functor BUFZ 32, C4<zzzzzzzzzzzzzzzzzzzzzzzzzzzzzzzz>; HiZ drive
; Elide local net with no drivers, v01fb32a0_0 name=_s0
L_02014628 .functor MUXZ 32, o01fc872c, v0200eb08_0, L_02014680, C4<>;
S_01ffb9c8 .scope generate, "buffers2[0]" "buffers2[0]" 3 57, 3 57 0, S_01f62070;
 .timescale 0 0;
P_01ffc9a8 .param/l "i" 0 3 57, +C4<00>;
S_01ffba98 .scope module, "bufffer2" "Buffer32_32" 3 59, 5 1 0, S_01ffb9c8;
 .timescale 0 0;
    .port_info 0 /INPUT 32 "IN"
    .port_info 1 /INPUT 1 "Store"
    .port_info 2 /OUTPUT 32 "OUT"
v01fb31f0_0 .net "IN", 31 0, v02007690_0;  alias, 1 drivers
v01fb3140_0 .net8 "OUT", 31 0, RS_01fc878c;  alias, 16 drivers
v01fb3090_0 .net "Store", 0 0, L_02014730;  1 drivers
o01fc87bc .functor BUFZ 32, C4<zzzzzzzzzzzzzzzzzzzzzzzzzzzzzzzz>; HiZ drive
; Elide local net with no drivers, v01fb2fe0_0 name=_s0
L_020146d8 .functor MUXZ 32, o01fc87bc, v02007690_0, L_02014730, C4<>;
S_01ffbb68 .scope generate, "buffers2[1]" "buffers2[1]" 3 57, 3 57 0, S_01f62070;
 .timescale 0 0;
P_01ffc9d0 .param/l "i" 0 3 57, +C4<01>;
S_01ffbc38 .scope module, "bufffer2" "Buffer32_32" 3 59, 5 1 0, S_01ffbb68;
 .timescale 0 0;
    .port_info 0 /INPUT 32 "IN"
    .port_info 1 /INPUT 1 "Store"
    .port_info 2 /OUTPUT 32 "OUT"
v01fb2f30_0 .net "IN", 31 0, v020078f8_0;  alias, 1 drivers
v01fb2e80_0 .net8 "OUT", 31 0, RS_01fc878c;  alias, 16 drivers
v01fb2dd0_0 .net "Store", 0 0, L_020147e0;  1 drivers
o01fc8834 .functor BUFZ 32, C4<zzzzzzzzzzzzzzzzzzzzzzzzzzzzzzzz>; HiZ drive
; Elide local net with no drivers, v01fb2d20_0 name=_s0
L_02014788 .functor MUXZ 32, o01fc8834, v020078f8_0, L_020147e0, C4<>;
S_01ffbd08 .scope generate, "buffers2[2]" "buffers2[2]" 3 57, 3 57 0, S_01f62070;
 .timescale 0 0;
P_01ffc9f8 .param/l "i" 0 3 57, +C4<010>;
S_01ffbdd8 .scope module, "bufffer2" "Buffer32_32" 3 59, 5 1 0, S_01ffbd08;
 .timescale 0 0;
    .port_info 0 /INPUT 32 "IN"
    .port_info 1 /INPUT 1 "Store"
    .port_info 2 /OUTPUT 32 "OUT"
v01fb2c70_0 .net "IN", 31 0, v02007b60_0;  alias, 1 drivers
v01fb2bc0_0 .net8 "OUT", 31 0, RS_01fc878c;  alias, 16 drivers
v01fb2b10_0 .net "Store", 0 0, L_02014890;  1 drivers
o01fc88ac .functor BUFZ 32, C4<zzzzzzzzzzzzzzzzzzzzzzzzzzzzzzzz>; HiZ drive
; Elide local net with no drivers, v01fb2a60_0 name=_s0
L_02014838 .functor MUXZ 32, o01fc88ac, v02007b60_0, L_02014890, C4<>;
S_01ffbea8 .scope generate, "buffers2[3]" "buffers2[3]" 3 57, 3 57 0, S_01f62070;
 .timescale 0 0;
P_01ffca20 .param/l "i" 0 3 57, +C4<011>;
S_01ffbf78 .scope module, "bufffer2" "Buffer32_32" 3 59, 5 1 0, S_01ffbea8;
 .timescale 0 0;
    .port_info 0 /INPUT 32 "IN"
    .port_info 1 /INPUT 1 "Store"
    .port_info 2 /OUTPUT 32 "OUT"
v01f990b0_0 .net "IN", 31 0, v02007dc8_0;  alias, 1 drivers
v01f99108_0 .net8 "OUT", 31 0, RS_01fc878c;  alias, 16 drivers
v01f98f50_0 .net "Store", 0 0, L_02014940;  1 drivers
o01fc8924 .functor BUFZ 32, C4<zzzzzzzzzzzzzzzzzzzzzzzzzzzzzzzz>; HiZ drive
; Elide local net with no drivers, v01f98fa8_0 name=_s0
L_020148e8 .functor MUXZ 32, o01fc8924, v02007dc8_0, L_02014940, C4<>;
S_01ffc048 .scope generate, "buffers2[4]" "buffers2[4]" 3 57, 3 57 0, S_01f62070;
 .timescale 0 0;
P_01ffca48 .param/l "i" 0 3 57, +C4<0100>;
S_01ffc118 .scope module, "bufffer2" "Buffer32_32" 3 59, 5 1 0, S_01ffc048;
 .timescale 0 0;
    .port_info 0 /INPUT 32 "IN"
    .port_info 1 /INPUT 1 "Store"
    .port_info 2 /OUTPUT 32 "OUT"
v01f98df0_0 .net "IN", 31 0, v02008060_0;  alias, 1 drivers
v01f98e48_0 .net8 "OUT", 31 0, RS_01fc878c;  alias, 16 drivers
v01f98c90_0 .net "Store", 0 0, L_02015038;  1 drivers
o01fc899c .functor BUFZ 32, C4<zzzzzzzzzzzzzzzzzzzzzzzzzzzzzzzz>; HiZ drive
; Elide local net with no drivers, v01f98ce8_0 name=_s0
L_02014998 .functor MUXZ 32, o01fc899c, v02008060_0, L_02015038, C4<>;
S_01ffc1e8 .scope generate, "buffers2[5]" "buffers2[5]" 3 57, 3 57 0, S_01f62070;
 .timescale 0 0;
P_01ffca70 .param/l "i" 0 3 57, +C4<0101>;
S_01ffc2b8 .scope module, "bufffer2" "Buffer32_32" 3 59, 5 1 0, S_01ffc1e8;
 .timescale 0 0;
    .port_info 0 /INPUT 32 "IN"
    .port_info 1 /INPUT 1 "Store"
    .port_info 2 /OUTPUT 32 "OUT"
v01f98b30_0 .net "IN", 31 0, v020082c8_0;  alias, 1 drivers
v01f98b88_0 .net8 "OUT", 31 0, RS_01fc878c;  alias, 16 drivers
v01f989d0_0 .net "Store", 0 0, L_020150e8;  1 drivers
o01fc8a14 .functor BUFZ 32, C4<zzzzzzzzzzzzzzzzzzzzzzzzzzzzzzzz>; HiZ drive
; Elide local net with no drivers, v01f98a28_0 name=_s0
L_02015090 .functor MUXZ 32, o01fc8a14, v020082c8_0, L_020150e8, C4<>;
S_01ffc388 .scope generate, "buffers2[6]" "buffers2[6]" 3 57, 3 57 0, S_01f62070;
 .timescale 0 0;
P_01ffca98 .param/l "i" 0 3 57, +C4<0110>;
S_01ffc458 .scope module, "bufffer2" "Buffer32_32" 3 59, 5 1 0, S_01ffc388;
 .timescale 0 0;
    .port_info 0 /INPUT 32 "IN"
    .port_info 1 /INPUT 1 "Store"
    .port_info 2 /OUTPUT 32 "OUT"
v01f98870_0 .net "IN", 31 0, v02008530_0;  alias, 1 drivers
v01f988c8_0 .net8 "OUT", 31 0, RS_01fc878c;  alias, 16 drivers
v01f98710_0 .net "Store", 0 0, L_02015198;  1 drivers
o01fc8a8c .functor BUFZ 32, C4<zzzzzzzzzzzzzzzzzzzzzzzzzzzzzzzz>; HiZ drive
; Elide local net with no drivers, v01f98768_0 name=_s0
L_02015140 .functor MUXZ 32, o01fc8a8c, v02008530_0, L_02015198, C4<>;
S_01ffc528 .scope generate, "buffers2[7]" "buffers2[7]" 3 57, 3 57 0, S_01f62070;
 .timescale 0 0;
P_01ffcac0 .param/l "i" 0 3 57, +C4<0111>;
S_01ffc5f8 .scope module, "bufffer2" "Buffer32_32" 3 59, 5 1 0, S_01ffc528;
 .timescale 0 0;
    .port_info 0 /INPUT 32 "IN"
    .port_info 1 /INPUT 1 "Store"
    .port_info 2 /OUTPUT 32 "OUT"
v01f985b0_0 .net "IN", 31 0, v02008798_0;  alias, 1 drivers
v01f98608_0 .net8 "OUT", 31 0, RS_01fc878c;  alias, 16 drivers
v01f98450_0 .net "Store", 0 0, L_02015248;  1 drivers
o01fc8b04 .functor BUFZ 32, C4<zzzzzzzzzzzzzzzzzzzzzzzzzzzzzzzz>; HiZ drive
; Elide local net with no drivers, v01f984a8_0 name=_s0
L_020151f0 .functor MUXZ 32, o01fc8b04, v02008798_0, L_02015248, C4<>;
S_01ffc6c8 .scope generate, "buffers2[8]" "buffers2[8]" 3 57, 3 57 0, S_01f62070;
 .timescale 0 0;
P_01ffcae8 .param/l "i" 0 3 57, +C4<01000>;
S_01ffc798 .scope module, "bufffer2" "Buffer32_32" 3 59, 5 1 0, S_01ffc6c8;
 .timescale 0 0;
    .port_info 0 /INPUT 32 "IN"
    .port_info 1 /INPUT 1 "Store"
    .port_info 2 /OUTPUT 32 "OUT"
v01f982f0_0 .net "IN", 31 0, v02008a00_0;  alias, 1 drivers
v01f98348_0 .net8 "OUT", 31 0, RS_01fc878c;  alias, 16 drivers
v01f981e8_0 .net "Store", 0 0, L_020152f8;  1 drivers
o01fc8b7c .functor BUFZ 32, C4<zzzzzzzzzzzzzzzzzzzzzzzzzzzzzzzz>; HiZ drive
; Elide local net with no drivers, v01ffd0b8_0 name=_s0
L_020152a0 .functor MUXZ 32, o01fc8b7c, v02008a00_0, L_020152f8, C4<>;
S_02000060 .scope generate, "buffers2[9]" "buffers2[9]" 3 57, 3 57 0, S_01f62070;
 .timescale 0 0;
P_01ffcb10 .param/l "i" 0 3 57, +C4<01001>;
S_02000130 .scope module, "bufffer2" "Buffer32_32" 3 59, 5 1 0, S_02000060;
 .timescale 0 0;
    .port_info 0 /INPUT 32 "IN"
    .port_info 1 /INPUT 1 "Store"
    .port_info 2 /OUTPUT 32 "OUT"
v01ffd110_0 .net "IN", 31 0, v02008c68_0;  alias, 1 drivers
v01ffd168_0 .net8 "OUT", 31 0, RS_01fc878c;  alias, 16 drivers
v01ffd1c0_0 .net "Store", 0 0, L_020153a8;  1 drivers
o01fc8bf4 .functor BUFZ 32, C4<zzzzzzzzzzzzzzzzzzzzzzzzzzzzzzzz>; HiZ drive
; Elide local net with no drivers, v01ffd218_0 name=_s0
L_02015350 .functor MUXZ 32, o01fc8bf4, v02008c68_0, L_020153a8, C4<>;
S_02000200 .scope generate, "buffers2[10]" "buffers2[10]" 3 57, 3 57 0, S_01f62070;
 .timescale 0 0;
P_01ffcb38 .param/l "i" 0 3 57, +C4<01010>;
S_020002d0 .scope module, "bufffer2" "Buffer32_32" 3 59, 5 1 0, S_02000200;
 .timescale 0 0;
    .port_info 0 /INPUT 32 "IN"
    .port_info 1 /INPUT 1 "Store"
    .port_info 2 /OUTPUT 32 "OUT"
v01ffd270_0 .net "IN", 31 0, v02008ed0_0;  alias, 1 drivers
v01ffd2c8_0 .net8 "OUT", 31 0, RS_01fc878c;  alias, 16 drivers
v01ffd320_0 .net "Store", 0 0, L_02015458;  1 drivers
o01fc8c6c .functor BUFZ 32, C4<zzzzzzzzzzzzzzzzzzzzzzzzzzzzzzzz>; HiZ drive
; Elide local net with no drivers, v01ffd378_0 name=_s0
L_02015400 .functor MUXZ 32, o01fc8c6c, v02008ed0_0, L_02015458, C4<>;
S_020003a0 .scope generate, "buffers2[11]" "buffers2[11]" 3 57, 3 57 0, S_01f62070;
 .timescale 0 0;
P_01ffcb60 .param/l "i" 0 3 57, +C4<01011>;
S_02000470 .scope module, "bufffer2" "Buffer32_32" 3 59, 5 1 0, S_020003a0;
 .timescale 0 0;
    .port_info 0 /INPUT 32 "IN"
    .port_info 1 /INPUT 1 "Store"
    .port_info 2 /OUTPUT 32 "OUT"
v01ffd3d0_0 .net "IN", 31 0, v0200e168_0;  alias, 1 drivers
v01ffd428_0 .net8 "OUT", 31 0, RS_01fc878c;  alias, 16 drivers
v01ffd480_0 .net "Store", 0 0, L_02015508;  1 drivers
o01fc8ce4 .functor BUFZ 32, C4<zzzzzzzzzzzzzzzzzzzzzzzzzzzzzzzz>; HiZ drive
; Elide local net with no drivers, v01ffd4d8_0 name=_s0
L_020154b0 .functor MUXZ 32, o01fc8ce4, v0200e168_0, L_02015508, C4<>;
S_02000540 .scope generate, "buffers2[12]" "buffers2[12]" 3 57, 3 57 0, S_01f62070;
 .timescale 0 0;
P_01ffcb88 .param/l "i" 0 3 57, +C4<01100>;
S_02000610 .scope module, "bufffer2" "Buffer32_32" 3 59, 5 1 0, S_02000540;
 .timescale 0 0;
    .port_info 0 /INPUT 32 "IN"
    .port_info 1 /INPUT 1 "Store"
    .port_info 2 /OUTPUT 32 "OUT"
v01ffd530_0 .net "IN", 31 0, v0200e3d0_0;  alias, 1 drivers
v01ffd588_0 .net8 "OUT", 31 0, RS_01fc878c;  alias, 16 drivers
v01ffd5e0_0 .net "Store", 0 0, L_020155b8;  1 drivers
o01fc8d5c .functor BUFZ 32, C4<zzzzzzzzzzzzzzzzzzzzzzzzzzzzzzzz>; HiZ drive
; Elide local net with no drivers, v01ffd638_0 name=_s0
L_02015560 .functor MUXZ 32, o01fc8d5c, v0200e3d0_0, L_020155b8, C4<>;
S_020006e0 .scope generate, "buffers2[13]" "buffers2[13]" 3 57, 3 57 0, S_01f62070;
 .timescale 0 0;
P_01ffcbb0 .param/l "i" 0 3 57, +C4<01101>;
S_020007b0 .scope module, "bufffer2" "Buffer32_32" 3 59, 5 1 0, S_020006e0;
 .timescale 0 0;
    .port_info 0 /INPUT 32 "IN"
    .port_info 1 /INPUT 1 "Store"
    .port_info 2 /OUTPUT 32 "OUT"
v01ffd690_0 .net "IN", 31 0, v0200e638_0;  alias, 1 drivers
v01ffd6e8_0 .net8 "OUT", 31 0, RS_01fc878c;  alias, 16 drivers
v01ffd740_0 .net "Store", 0 0, L_02015668;  1 drivers
o01fc8dd4 .functor BUFZ 32, C4<zzzzzzzzzzzzzzzzzzzzzzzzzzzzzzzz>; HiZ drive
; Elide local net with no drivers, v01ffd798_0 name=_s0
L_02015610 .functor MUXZ 32, o01fc8dd4, v0200e638_0, L_02015668, C4<>;
S_02000880 .scope generate, "buffers2[14]" "buffers2[14]" 3 57, 3 57 0, S_01f62070;
 .timescale 0 0;
P_01ffcbd8 .param/l "i" 0 3 57, +C4<01110>;
S_02000950 .scope module, "bufffer2" "Buffer32_32" 3 59, 5 1 0, S_02000880;
 .timescale 0 0;
    .port_info 0 /INPUT 32 "IN"
    .port_info 1 /INPUT 1 "Store"
    .port_info 2 /OUTPUT 32 "OUT"
v01ffd7f0_0 .net "IN", 31 0, v0200e8a0_0;  alias, 1 drivers
v01ffd848_0 .net8 "OUT", 31 0, RS_01fc878c;  alias, 16 drivers
v01ffd8a0_0 .net "Store", 0 0, L_02015718;  1 drivers
o01fc8e4c .functor BUFZ 32, C4<zzzzzzzzzzzzzzzzzzzzzzzzzzzzzzzz>; HiZ drive
; Elide local net with no drivers, v01ffd8f8_0 name=_s0
L_020156c0 .functor MUXZ 32, o01fc8e4c, v0200e8a0_0, L_02015718, C4<>;
S_02000a20 .scope generate, "buffers2[15]" "buffers2[15]" 3 57, 3 57 0, S_01f62070;
 .timescale 0 0;
P_01ffcc00 .param/l "i" 0 3 57, +C4<01111>;
S_02000af0 .scope module, "bufffer2" "Buffer32_32" 3 59, 5 1 0, S_02000a20;
 .timescale 0 0;
    .port_info 0 /INPUT 32 "IN"
    .port_info 1 /INPUT 1 "Store"
    .port_info 2 /OUTPUT 32 "OUT"
v01ffd950_0 .net "IN", 31 0, v0200eb08_0;  alias, 1 drivers
v01ffd9a8_0 .net8 "OUT", 31 0, RS_01fc878c;  alias, 16 drivers
v01ffda00_0 .net "Store", 0 0, L_020157c8;  1 drivers
o01fc8ec4 .functor BUFZ 32, C4<zzzzzzzzzzzzzzzzzzzzzzzzzzzzzzzz>; HiZ drive
; Elide local net with no drivers, v01ffda58_0 name=_s0
L_02015770 .functor MUXZ 32, o01fc8ec4, v0200eb08_0, L_020157c8, C4<>;
S_02000bc0 .scope generate, "buffers3[0]" "buffers3[0]" 3 61, 3 61 0, S_01f62070;
 .timescale 0 0;
P_01ffcc28 .param/l "i" 0 3 61, +C4<00>;
S_02000c90 .scope module, "bufffer3" "Buffer32_32" 3 63, 5 1 0, S_02000bc0;
 .timescale 0 0;
    .port_info 0 /INPUT 32 "IN"
    .port_info 1 /INPUT 1 "Store"
    .port_info 2 /OUTPUT 32 "OUT"
v01ffdab0_0 .net "IN", 31 0, v02007690_0;  alias, 1 drivers
v01ffdb08_0 .net8 "OUT", 31 0, RS_01fc8f24;  alias, 16 drivers
v01ffdb60_0 .net "Store", 0 0, L_02015878;  1 drivers
o01fc8f54 .functor BUFZ 32, C4<zzzzzzzzzzzzzzzzzzzzzzzzzzzzzzzz>; HiZ drive
; Elide local net with no drivers, v01ffdbb8_0 name=_s0
L_02015820 .functor MUXZ 32, o01fc8f54, v02007690_0, L_02015878, C4<>;
S_02000d60 .scope generate, "buffers3[1]" "buffers3[1]" 3 61, 3 61 0, S_01f62070;
 .timescale 0 0;
P_01ffcc50 .param/l "i" 0 3 61, +C4<01>;
S_02000e30 .scope module, "bufffer3" "Buffer32_32" 3 63, 5 1 0, S_02000d60;
 .timescale 0 0;
    .port_info 0 /INPUT 32 "IN"
    .port_info 1 /INPUT 1 "Store"
    .port_info 2 /OUTPUT 32 "OUT"
v01ffdc10_0 .net "IN", 31 0, v020078f8_0;  alias, 1 drivers
v01ffdc68_0 .net8 "OUT", 31 0, RS_01fc8f24;  alias, 16 drivers
v01ffdcc0_0 .net "Store", 0 0, L_02015928;  1 drivers
o01fc8fcc .functor BUFZ 32, C4<zzzzzzzzzzzzzzzzzzzzzzzzzzzzzzzz>; HiZ drive
; Elide local net with no drivers, v01ffdd18_0 name=_s0
L_020158d0 .functor MUXZ 32, o01fc8fcc, v020078f8_0, L_02015928, C4<>;
S_02000f00 .scope generate, "buffers3[2]" "buffers3[2]" 3 61, 3 61 0, S_01f62070;
 .timescale 0 0;
P_01ffcc78 .param/l "i" 0 3 61, +C4<010>;
S_02000fd0 .scope module, "bufffer3" "Buffer32_32" 3 63, 5 1 0, S_02000f00;
 .timescale 0 0;
    .port_info 0 /INPUT 32 "IN"
    .port_info 1 /INPUT 1 "Store"
    .port_info 2 /OUTPUT 32 "OUT"
v01ffdd70_0 .net "IN", 31 0, v02007b60_0;  alias, 1 drivers
v01ffddc8_0 .net8 "OUT", 31 0, RS_01fc8f24;  alias, 16 drivers
v01ffde20_0 .net "Store", 0 0, L_020159d8;  1 drivers
o01fc9044 .functor BUFZ 32, C4<zzzzzzzzzzzzzzzzzzzzzzzzzzzzzzzz>; HiZ drive
; Elide local net with no drivers, v01ffde78_0 name=_s0
L_02015980 .functor MUXZ 32, o01fc9044, v02007b60_0, L_020159d8, C4<>;
S_020010a0 .scope generate, "buffers3[3]" "buffers3[3]" 3 61, 3 61 0, S_01f62070;
 .timescale 0 0;
P_01ffcca0 .param/l "i" 0 3 61, +C4<011>;
S_02001170 .scope module, "bufffer3" "Buffer32_32" 3 63, 5 1 0, S_020010a0;
 .timescale 0 0;
    .port_info 0 /INPUT 32 "IN"
    .port_info 1 /INPUT 1 "Store"
    .port_info 2 /OUTPUT 32 "OUT"
v01ffded0_0 .net "IN", 31 0, v02007dc8_0;  alias, 1 drivers
v01ffdf28_0 .net8 "OUT", 31 0, RS_01fc8f24;  alias, 16 drivers
v01ffdf80_0 .net "Store", 0 0, L_02015a88;  1 drivers
o01fc90bc .functor BUFZ 32, C4<zzzzzzzzzzzzzzzzzzzzzzzzzzzzzzzz>; HiZ drive
; Elide local net with no drivers, v01ffdfd8_0 name=_s0
L_02015a30 .functor MUXZ 32, o01fc90bc, v02007dc8_0, L_02015a88, C4<>;
S_02001240 .scope generate, "buffers3[4]" "buffers3[4]" 3 61, 3 61 0, S_01f62070;
 .timescale 0 0;
P_01ffccc8 .param/l "i" 0 3 61, +C4<0100>;
S_02001310 .scope module, "bufffer3" "Buffer32_32" 3 63, 5 1 0, S_02001240;
 .timescale 0 0;
    .port_info 0 /INPUT 32 "IN"
    .port_info 1 /INPUT 1 "Store"
    .port_info 2 /OUTPUT 32 "OUT"
v01ffe030_0 .net "IN", 31 0, v02008060_0;  alias, 1 drivers
v01ffe0b8_0 .net8 "OUT", 31 0, RS_01fc8f24;  alias, 16 drivers
v01ffe110_0 .net "Store", 0 0, L_02015b38;  1 drivers
o01fc9134 .functor BUFZ 32, C4<zzzzzzzzzzzzzzzzzzzzzzzzzzzzzzzz>; HiZ drive
; Elide local net with no drivers, v01ffe168_0 name=_s0
L_02015ae0 .functor MUXZ 32, o01fc9134, v02008060_0, L_02015b38, C4<>;
S_020013e0 .scope generate, "buffers3[5]" "buffers3[5]" 3 61, 3 61 0, S_01f62070;
 .timescale 0 0;
P_01ffccf0 .param/l "i" 0 3 61, +C4<0101>;
S_020014b0 .scope module, "bufffer3" "Buffer32_32" 3 63, 5 1 0, S_020013e0;
 .timescale 0 0;
    .port_info 0 /INPUT 32 "IN"
    .port_info 1 /INPUT 1 "Store"
    .port_info 2 /OUTPUT 32 "OUT"
v01ffe1c0_0 .net "IN", 31 0, v020082c8_0;  alias, 1 drivers
v01ffe218_0 .net8 "OUT", 31 0, RS_01fc8f24;  alias, 16 drivers
v01ffe270_0 .net "Store", 0 0, L_02015be8;  1 drivers
o01fc91ac .functor BUFZ 32, C4<zzzzzzzzzzzzzzzzzzzzzzzzzzzzzzzz>; HiZ drive
; Elide local net with no drivers, v01ffe2c8_0 name=_s0
L_02015b90 .functor MUXZ 32, o01fc91ac, v020082c8_0, L_02015be8, C4<>;
S_02001580 .scope generate, "buffers3[6]" "buffers3[6]" 3 61, 3 61 0, S_01f62070;
 .timescale 0 0;
P_01ffcd18 .param/l "i" 0 3 61, +C4<0110>;
S_02001650 .scope module, "bufffer3" "Buffer32_32" 3 63, 5 1 0, S_02001580;
 .timescale 0 0;
    .port_info 0 /INPUT 32 "IN"
    .port_info 1 /INPUT 1 "Store"
    .port_info 2 /OUTPUT 32 "OUT"
v01ffe320_0 .net "IN", 31 0, v02008530_0;  alias, 1 drivers
v01ffe378_0 .net8 "OUT", 31 0, RS_01fc8f24;  alias, 16 drivers
v01ffe3d0_0 .net "Store", 0 0, L_02015c98;  1 drivers
o01fc9224 .functor BUFZ 32, C4<zzzzzzzzzzzzzzzzzzzzzzzzzzzzzzzz>; HiZ drive
; Elide local net with no drivers, v01ffe428_0 name=_s0
L_02015c40 .functor MUXZ 32, o01fc9224, v02008530_0, L_02015c98, C4<>;
S_02001720 .scope generate, "buffers3[7]" "buffers3[7]" 3 61, 3 61 0, S_01f62070;
 .timescale 0 0;
P_01ffcd40 .param/l "i" 0 3 61, +C4<0111>;
S_020017f0 .scope module, "bufffer3" "Buffer32_32" 3 63, 5 1 0, S_02001720;
 .timescale 0 0;
    .port_info 0 /INPUT 32 "IN"
    .port_info 1 /INPUT 1 "Store"
    .port_info 2 /OUTPUT 32 "OUT"
v01ffe480_0 .net "IN", 31 0, v02008798_0;  alias, 1 drivers
v01ffe4d8_0 .net8 "OUT", 31 0, RS_01fc8f24;  alias, 16 drivers
v01ffe530_0 .net "Store", 0 0, L_02015d48;  1 drivers
o01fc929c .functor BUFZ 32, C4<zzzzzzzzzzzzzzzzzzzzzzzzzzzzzzzz>; HiZ drive
; Elide local net with no drivers, v01ffe588_0 name=_s0
L_02015cf0 .functor MUXZ 32, o01fc929c, v02008798_0, L_02015d48, C4<>;
S_020018c0 .scope generate, "buffers3[8]" "buffers3[8]" 3 61, 3 61 0, S_01f62070;
 .timescale 0 0;
P_01ffcd68 .param/l "i" 0 3 61, +C4<01000>;
S_02001990 .scope module, "bufffer3" "Buffer32_32" 3 63, 5 1 0, S_020018c0;
 .timescale 0 0;
    .port_info 0 /INPUT 32 "IN"
    .port_info 1 /INPUT 1 "Store"
    .port_info 2 /OUTPUT 32 "OUT"
v01ffe5e0_0 .net "IN", 31 0, v02008a00_0;  alias, 1 drivers
v01ffe638_0 .net8 "OUT", 31 0, RS_01fc8f24;  alias, 16 drivers
v01ffe690_0 .net "Store", 0 0, L_02015df8;  1 drivers
o01fc9314 .functor BUFZ 32, C4<zzzzzzzzzzzzzzzzzzzzzzzzzzzzzzzz>; HiZ drive
; Elide local net with no drivers, v01ffe6e8_0 name=_s0
L_02015da0 .functor MUXZ 32, o01fc9314, v02008a00_0, L_02015df8, C4<>;
S_02001a60 .scope generate, "buffers3[9]" "buffers3[9]" 3 61, 3 61 0, S_01f62070;
 .timescale 0 0;
P_01ffcd90 .param/l "i" 0 3 61, +C4<01001>;
S_02001b30 .scope module, "bufffer3" "Buffer32_32" 3 63, 5 1 0, S_02001a60;
 .timescale 0 0;
    .port_info 0 /INPUT 32 "IN"
    .port_info 1 /INPUT 1 "Store"
    .port_info 2 /OUTPUT 32 "OUT"
v01ffe740_0 .net "IN", 31 0, v02008c68_0;  alias, 1 drivers
v01ffe798_0 .net8 "OUT", 31 0, RS_01fc8f24;  alias, 16 drivers
v01ffe7f0_0 .net "Store", 0 0, L_02015ea8;  1 drivers
o01fc938c .functor BUFZ 32, C4<zzzzzzzzzzzzzzzzzzzzzzzzzzzzzzzz>; HiZ drive
; Elide local net with no drivers, v01ffe848_0 name=_s0
L_02015e50 .functor MUXZ 32, o01fc938c, v02008c68_0, L_02015ea8, C4<>;
S_02001c00 .scope generate, "buffers3[10]" "buffers3[10]" 3 61, 3 61 0, S_01f62070;
 .timescale 0 0;
P_01ffcdb8 .param/l "i" 0 3 61, +C4<01010>;
S_02001cd0 .scope module, "bufffer3" "Buffer32_32" 3 63, 5 1 0, S_02001c00;
 .timescale 0 0;
    .port_info 0 /INPUT 32 "IN"
    .port_info 1 /INPUT 1 "Store"
    .port_info 2 /OUTPUT 32 "OUT"
v01ffe8a0_0 .net "IN", 31 0, v02008ed0_0;  alias, 1 drivers
v01ffe8f8_0 .net8 "OUT", 31 0, RS_01fc8f24;  alias, 16 drivers
v01ffe950_0 .net "Store", 0 0, L_02015f58;  1 drivers
o01fc9404 .functor BUFZ 32, C4<zzzzzzzzzzzzzzzzzzzzzzzzzzzzzzzz>; HiZ drive
; Elide local net with no drivers, v01ffe9a8_0 name=_s0
L_02015f00 .functor MUXZ 32, o01fc9404, v02008ed0_0, L_02015f58, C4<>;
S_02001da0 .scope generate, "buffers3[11]" "buffers3[11]" 3 61, 3 61 0, S_01f62070;
 .timescale 0 0;
P_01ffcde0 .param/l "i" 0 3 61, +C4<01011>;
S_02001e70 .scope module, "bufffer3" "Buffer32_32" 3 63, 5 1 0, S_02001da0;
 .timescale 0 0;
    .port_info 0 /INPUT 32 "IN"
    .port_info 1 /INPUT 1 "Store"
    .port_info 2 /OUTPUT 32 "OUT"
v01ffea00_0 .net "IN", 31 0, v0200e168_0;  alias, 1 drivers
v01ffea58_0 .net8 "OUT", 31 0, RS_01fc8f24;  alias, 16 drivers
v01ffeab0_0 .net "Store", 0 0, L_02019508;  1 drivers
o01fc947c .functor BUFZ 32, C4<zzzzzzzzzzzzzzzzzzzzzzzzzzzzzzzz>; HiZ drive
; Elide local net with no drivers, v01ffeb08_0 name=_s0
L_02015fb0 .functor MUXZ 32, o01fc947c, v0200e168_0, L_02019508, C4<>;
S_02001f40 .scope generate, "buffers3[12]" "buffers3[12]" 3 61, 3 61 0, S_01f62070;
 .timescale 0 0;
P_01ffce08 .param/l "i" 0 3 61, +C4<01100>;
S_02005060 .scope module, "bufffer3" "Buffer32_32" 3 63, 5 1 0, S_02001f40;
 .timescale 0 0;
    .port_info 0 /INPUT 32 "IN"
    .port_info 1 /INPUT 1 "Store"
    .port_info 2 /OUTPUT 32 "OUT"
v01ffeb60_0 .net "IN", 31 0, v0200e3d0_0;  alias, 1 drivers
v01ffebb8_0 .net8 "OUT", 31 0, RS_01fc8f24;  alias, 16 drivers
v01ffec10_0 .net "Store", 0 0, L_020195b8;  1 drivers
o01fc94f4 .functor BUFZ 32, C4<zzzzzzzzzzzzzzzzzzzzzzzzzzzzzzzz>; HiZ drive
; Elide local net with no drivers, v01ffec68_0 name=_s0
L_02019560 .functor MUXZ 32, o01fc94f4, v0200e3d0_0, L_020195b8, C4<>;
S_02005130 .scope generate, "buffers3[13]" "buffers3[13]" 3 61, 3 61 0, S_01f62070;
 .timescale 0 0;
P_01ffce30 .param/l "i" 0 3 61, +C4<01101>;
S_02005200 .scope module, "bufffer3" "Buffer32_32" 3 63, 5 1 0, S_02005130;
 .timescale 0 0;
    .port_info 0 /INPUT 32 "IN"
    .port_info 1 /INPUT 1 "Store"
    .port_info 2 /OUTPUT 32 "OUT"
v01ffecc0_0 .net "IN", 31 0, v0200e638_0;  alias, 1 drivers
v01ffed18_0 .net8 "OUT", 31 0, RS_01fc8f24;  alias, 16 drivers
v01ffed70_0 .net "Store", 0 0, L_02019668;  1 drivers
o01fc956c .functor BUFZ 32, C4<zzzzzzzzzzzzzzzzzzzzzzzzzzzzzzzz>; HiZ drive
; Elide local net with no drivers, v01ffedc8_0 name=_s0
L_02019610 .functor MUXZ 32, o01fc956c, v0200e638_0, L_02019668, C4<>;
S_020052d0 .scope generate, "buffers3[14]" "buffers3[14]" 3 61, 3 61 0, S_01f62070;
 .timescale 0 0;
P_01ffce58 .param/l "i" 0 3 61, +C4<01110>;
S_020053a0 .scope module, "bufffer3" "Buffer32_32" 3 63, 5 1 0, S_020052d0;
 .timescale 0 0;
    .port_info 0 /INPUT 32 "IN"
    .port_info 1 /INPUT 1 "Store"
    .port_info 2 /OUTPUT 32 "OUT"
v01ffee20_0 .net "IN", 31 0, v0200e8a0_0;  alias, 1 drivers
v01ffee78_0 .net8 "OUT", 31 0, RS_01fc8f24;  alias, 16 drivers
v01ffeed0_0 .net "Store", 0 0, L_02019718;  1 drivers
o01fc95e4 .functor BUFZ 32, C4<zzzzzzzzzzzzzzzzzzzzzzzzzzzzzzzz>; HiZ drive
; Elide local net with no drivers, v01ffef28_0 name=_s0
L_020196c0 .functor MUXZ 32, o01fc95e4, v0200e8a0_0, L_02019718, C4<>;
S_02005470 .scope generate, "buffers3[15]" "buffers3[15]" 3 61, 3 61 0, S_01f62070;
 .timescale 0 0;
P_01ffce80 .param/l "i" 0 3 61, +C4<01111>;
S_02005540 .scope module, "bufffer3" "Buffer32_32" 3 63, 5 1 0, S_02005470;
 .timescale 0 0;
    .port_info 0 /INPUT 32 "IN"
    .port_info 1 /INPUT 1 "Store"
    .port_info 2 /OUTPUT 32 "OUT"
v01ffef80_0 .net "IN", 31 0, v0200eb08_0;  alias, 1 drivers
v01ffefd8_0 .net8 "OUT", 31 0, RS_01fc8f24;  alias, 16 drivers
v01fff030_0 .net "Store", 0 0, L_020197c8;  1 drivers
o01fc965c .functor BUFZ 32, C4<zzzzzzzzzzzzzzzzzzzzzzzzzzzzzzzz>; HiZ drive
; Elide local net with no drivers, v02007060_0 name=_s0
L_02019770 .functor MUXZ 32, o01fc965c, v0200eb08_0, L_020197c8, C4<>;
S_02005610 .scope module, "mux" "Multiplexer" 3 13, 6 1 0, S_01f62070;
 .timescale 0 0;
    .port_info 0 /INPUT 4 "IN1"
    .port_info 1 /INPUT 4 "IN2"
    .port_info 2 /INPUT 1 "IR_CU"
    .port_info 3 /OUTPUT 4 "OUT"
v020070b8_0 .net "IN1", 3 0, L_020198d0;  1 drivers
v02007110_0 .net "IN2", 3 0, L_02019928;  1 drivers
v02007168_0 .net "IR_CU", 0 0, v020110f0_0;  alias, 1 drivers
v020071c0_0 .net "OUT", 3 0, L_02019878;  alias, 1 drivers
L_02019878 .functor MUXZ 4, L_020198d0, L_02019928, v020110f0_0, C4<>;
S_020056e0 .scope module, "pcbufffer1" "Buffer32_32" 3 29, 5 1 0, S_01f62070;
 .timescale 0 0;
    .port_info 0 /INPUT 32 "IN"
    .port_info 1 /INPUT 1 "Store"
    .port_info 2 /OUTPUT 32 "OUT"
v02007218_0 .net "IN", 31 0, L_02012508;  alias, 1 drivers
v02007270_0 .net8 "OUT", 31 0, RS_01fc977c;  alias, 2 drivers
v020072c8_0 .net "Store", 0 0, L_020130a8;  1 drivers
o01fc97ac .functor BUFZ 32, C4<zzzzzzzzzzzzzzzzzzzzzzzzzzzzzzzz>; HiZ drive
; Elide local net with no drivers, v02007320_0 name=_s0
L_02019a30 .functor MUXZ 32, o01fc97ac, L_02012508, L_020130a8, C4<>;
S_020057b0 .scope module, "pcbufffer2" "Buffer32_32" 3 30, 5 1 0, S_01f62070;
 .timescale 0 0;
    .port_info 0 /INPUT 32 "IN"
    .port_info 1 /INPUT 1 "Store"
    .port_info 2 /OUTPUT 32 "OUT"
v02007378_0 .net "IN", 31 0, L_02012508;  alias, 1 drivers
v020073d0_0 .net8 "OUT", 31 0, RS_01fc977c;  alias, 2 drivers
v02007428_0 .net "Store", 0 0, L_020130f0;  1 drivers
o01fc9824 .functor BUFZ 32, C4<zzzzzzzzzzzzzzzzzzzzzzzzzzzzzzzz>; HiZ drive
; Elide local net with no drivers, v02007480_0 name=_s0
L_02019b38 .functor MUXZ 32, o01fc9824, L_02012508, L_020130f0, C4<>;
S_02005880 .scope generate, "registers[0]" "registers[0]" 3 35, 3 35 0, S_01f62070;
 .timescale 0 0;
P_01ffcea8 .param/l "i" 0 3 35, +C4<00>;
S_02005950 .scope generate, "genblk2" "genblk2" 3 36, 3 36 0, S_02005880;
 .timescale 0 0;
L_01f9a7b0 .functor AND 1, L_02012560, v02011408_0, C4<1>, C4<1>;
v020076e8_0 .net *"_s0", 0 0, L_02012560;  1 drivers
S_02005a20 .scope module, "test_reg" "Register" 3 38, 7 1 0, S_02005950;
 .timescale 0 0;
    .port_info 0 /INPUT 32 "IN"
    .port_info 1 /INPUT 1 "Clk"
    .port_info 2 /INPUT 1 "Reset"
    .port_info 3 /INPUT 1 "Load"
    .port_info 4 /OUTPUT 32 "OUT"
v020074d8_0 .net "Clk", 0 0, v02011b68_0;  alias, 1 drivers
v02007530_0 .net "IN", 31 0, L_02012508;  alias, 1 drivers
v02007588_0 .net "Load", 0 0, L_01f9a7b0;  1 drivers
v020075e0_0 .net "OUT", 31 0, v02007690_0;  alias, 1 drivers
v02007638_0 .net "Reset", 0 0, v02012140_0;  alias, 1 drivers
v02007690_0 .var "d", 31 0;
E_01ffced0 .event edge, v02007638_0;
E_01ffcef8 .event negedge, v020074d8_0;
S_02005af0 .scope generate, "registers[1]" "registers[1]" 3 35, 3 35 0, S_01f62070;
 .timescale 0 0;
P_01ffcf48 .param/l "i" 0 3 35, +C4<01>;
S_02005bc0 .scope generate, "genblk2" "genblk2" 3 36, 3 36 0, S_02005af0;
 .timescale 0 0;
L_01f9a840 .functor AND 1, L_020125b8, v02011408_0, C4<1>, C4<1>;
v02007950_0 .net *"_s0", 0 0, L_020125b8;  1 drivers
S_02005c90 .scope module, "test_reg" "Register" 3 38, 7 1 0, S_02005bc0;
 .timescale 0 0;
    .port_info 0 /INPUT 32 "IN"
    .port_info 1 /INPUT 1 "Clk"
    .port_info 2 /INPUT 1 "Reset"
    .port_info 3 /INPUT 1 "Load"
    .port_info 4 /OUTPUT 32 "OUT"
v02007740_0 .net "Clk", 0 0, v02011b68_0;  alias, 1 drivers
v02007798_0 .net "IN", 31 0, L_02012508;  alias, 1 drivers
v020077f0_0 .net "Load", 0 0, L_01f9a840;  1 drivers
v02007848_0 .net "OUT", 31 0, v020078f8_0;  alias, 1 drivers
v020078a0_0 .net "Reset", 0 0, v02012140_0;  alias, 1 drivers
v020078f8_0 .var "d", 31 0;
S_02005d60 .scope generate, "registers[2]" "registers[2]" 3 35, 3 35 0, S_01f62070;
 .timescale 0 0;
P_01ffcf98 .param/l "i" 0 3 35, +C4<010>;
S_02005e30 .scope generate, "genblk2" "genblk2" 3 36, 3 36 0, S_02005d60;
 .timescale 0 0;
L_01f9a8d0 .functor AND 1, L_02012610, v02011408_0, C4<1>, C4<1>;
v02007bb8_0 .net *"_s0", 0 0, L_02012610;  1 drivers
S_02005f00 .scope module, "test_reg" "Register" 3 38, 7 1 0, S_02005e30;
 .timescale 0 0;
    .port_info 0 /INPUT 32 "IN"
    .port_info 1 /INPUT 1 "Clk"
    .port_info 2 /INPUT 1 "Reset"
    .port_info 3 /INPUT 1 "Load"
    .port_info 4 /OUTPUT 32 "OUT"
v020079a8_0 .net "Clk", 0 0, v02011b68_0;  alias, 1 drivers
v02007a00_0 .net "IN", 31 0, L_02012508;  alias, 1 drivers
v02007a58_0 .net "Load", 0 0, L_01f9a8d0;  1 drivers
v02007ab0_0 .net "OUT", 31 0, v02007b60_0;  alias, 1 drivers
v02007b08_0 .net "Reset", 0 0, v02012140_0;  alias, 1 drivers
v02007b60_0 .var "d", 31 0;
S_02005fd0 .scope generate, "registers[3]" "registers[3]" 3 35, 3 35 0, S_01f62070;
 .timescale 0 0;
P_01ffcfe8 .param/l "i" 0 3 35, +C4<011>;
S_020060a0 .scope generate, "genblk2" "genblk2" 3 36, 3 36 0, S_02005fd0;
 .timescale 0 0;
L_01f9a960 .functor AND 1, L_02012668, v02011408_0, C4<1>, C4<1>;
v02007e20_0 .net *"_s0", 0 0, L_02012668;  1 drivers
S_02006170 .scope module, "test_reg" "Register" 3 38, 7 1 0, S_020060a0;
 .timescale 0 0;
    .port_info 0 /INPUT 32 "IN"
    .port_info 1 /INPUT 1 "Clk"
    .port_info 2 /INPUT 1 "Reset"
    .port_info 3 /INPUT 1 "Load"
    .port_info 4 /OUTPUT 32 "OUT"
v02007c10_0 .net "Clk", 0 0, v02011b68_0;  alias, 1 drivers
v02007c68_0 .net "IN", 31 0, L_02012508;  alias, 1 drivers
v02007cc0_0 .net "Load", 0 0, L_01f9a960;  1 drivers
v02007d18_0 .net "OUT", 31 0, v02007dc8_0;  alias, 1 drivers
v02007d70_0 .net "Reset", 0 0, v02012140_0;  alias, 1 drivers
v02007dc8_0 .var "d", 31 0;
S_02006240 .scope generate, "registers[4]" "registers[4]" 3 35, 3 35 0, S_01f62070;
 .timescale 0 0;
P_01ffd038 .param/l "i" 0 3 35, +C4<0100>;
S_02006310 .scope generate, "genblk2" "genblk2" 3 36, 3 36 0, S_02006240;
 .timescale 0 0;
L_020129a0 .functor AND 1, L_020126c0, v02011408_0, C4<1>, C4<1>;
v020080b8_0 .net *"_s0", 0 0, L_020126c0;  1 drivers
S_020063e0 .scope module, "test_reg" "Register" 3 38, 7 1 0, S_02006310;
 .timescale 0 0;
    .port_info 0 /INPUT 32 "IN"
    .port_info 1 /INPUT 1 "Clk"
    .port_info 2 /INPUT 1 "Reset"
    .port_info 3 /INPUT 1 "Load"
    .port_info 4 /OUTPUT 32 "OUT"
v02007e78_0 .net "Clk", 0 0, v02011b68_0;  alias, 1 drivers
v02007ed0_0 .net "IN", 31 0, L_02012508;  alias, 1 drivers
v02007f28_0 .net "Load", 0 0, L_020129a0;  1 drivers
v02007f80_0 .net "OUT", 31 0, v02008060_0;  alias, 1 drivers
v02007fd8_0 .net "Reset", 0 0, v02012140_0;  alias, 1 drivers
v02008060_0 .var "d", 31 0;
S_020064b0 .scope generate, "registers[5]" "registers[5]" 3 35, 3 35 0, S_01f62070;
 .timescale 0 0;
P_01fff1e8 .param/l "i" 0 3 35, +C4<0101>;
S_02006580 .scope generate, "genblk2" "genblk2" 3 36, 3 36 0, S_020064b0;
 .timescale 0 0;
L_02012a30 .functor AND 1, L_02012718, v02011408_0, C4<1>, C4<1>;
v02008320_0 .net *"_s0", 0 0, L_02012718;  1 drivers
S_02006650 .scope module, "test_reg" "Register" 3 38, 7 1 0, S_02006580;
 .timescale 0 0;
    .port_info 0 /INPUT 32 "IN"
    .port_info 1 /INPUT 1 "Clk"
    .port_info 2 /INPUT 1 "Reset"
    .port_info 3 /INPUT 1 "Load"
    .port_info 4 /OUTPUT 32 "OUT"
v02008110_0 .net "Clk", 0 0, v02011b68_0;  alias, 1 drivers
v02008168_0 .net "IN", 31 0, L_02012508;  alias, 1 drivers
v020081c0_0 .net "Load", 0 0, L_02012a30;  1 drivers
v02008218_0 .net "OUT", 31 0, v020082c8_0;  alias, 1 drivers
v02008270_0 .net "Reset", 0 0, v02012140_0;  alias, 1 drivers
v020082c8_0 .var "d", 31 0;
S_02006720 .scope generate, "registers[6]" "registers[6]" 3 35, 3 35 0, S_01f62070;
 .timescale 0 0;
P_01fff238 .param/l "i" 0 3 35, +C4<0110>;
S_020067f0 .scope generate, "genblk2" "genblk2" 3 36, 3 36 0, S_02006720;
 .timescale 0 0;
L_02012ac0 .functor AND 1, L_02012770, v02011408_0, C4<1>, C4<1>;
v02008588_0 .net *"_s0", 0 0, L_02012770;  1 drivers
S_020068c0 .scope module, "test_reg" "Register" 3 38, 7 1 0, S_020067f0;
 .timescale 0 0;
    .port_info 0 /INPUT 32 "IN"
    .port_info 1 /INPUT 1 "Clk"
    .port_info 2 /INPUT 1 "Reset"
    .port_info 3 /INPUT 1 "Load"
    .port_info 4 /OUTPUT 32 "OUT"
v02008378_0 .net "Clk", 0 0, v02011b68_0;  alias, 1 drivers
v020083d0_0 .net "IN", 31 0, L_02012508;  alias, 1 drivers
v02008428_0 .net "Load", 0 0, L_02012ac0;  1 drivers
v02008480_0 .net "OUT", 31 0, v02008530_0;  alias, 1 drivers
v020084d8_0 .net "Reset", 0 0, v02012140_0;  alias, 1 drivers
v02008530_0 .var "d", 31 0;
S_02006990 .scope generate, "registers[7]" "registers[7]" 3 35, 3 35 0, S_01f62070;
 .timescale 0 0;
P_01fff288 .param/l "i" 0 3 35, +C4<0111>;
S_02006a60 .scope generate, "genblk2" "genblk2" 3 36, 3 36 0, S_02006990;
 .timescale 0 0;
L_02012b50 .functor AND 1, L_020127c8, v02011408_0, C4<1>, C4<1>;
v020087f0_0 .net *"_s0", 0 0, L_020127c8;  1 drivers
S_02006b30 .scope module, "test_reg" "Register" 3 38, 7 1 0, S_02006a60;
 .timescale 0 0;
    .port_info 0 /INPUT 32 "IN"
    .port_info 1 /INPUT 1 "Clk"
    .port_info 2 /INPUT 1 "Reset"
    .port_info 3 /INPUT 1 "Load"
    .port_info 4 /OUTPUT 32 "OUT"
v020085e0_0 .net "Clk", 0 0, v02011b68_0;  alias, 1 drivers
v02008638_0 .net "IN", 31 0, L_02012508;  alias, 1 drivers
v02008690_0 .net "Load", 0 0, L_02012b50;  1 drivers
v020086e8_0 .net "OUT", 31 0, v02008798_0;  alias, 1 drivers
v02008740_0 .net "Reset", 0 0, v02012140_0;  alias, 1 drivers
v02008798_0 .var "d", 31 0;
S_02006c00 .scope generate, "registers[8]" "registers[8]" 3 35, 3 35 0, S_01f62070;
 .timescale 0 0;
P_01fff2d8 .param/l "i" 0 3 35, +C4<01000>;
S_02006cd0 .scope generate, "genblk2" "genblk2" 3 36, 3 36 0, S_02006c00;
 .timescale 0 0;
L_02012be0 .functor AND 1, L_02012820, v02011408_0, C4<1>, C4<1>;
v02008a58_0 .net *"_s0", 0 0, L_02012820;  1 drivers
S_02006da0 .scope module, "test_reg" "Register" 3 38, 7 1 0, S_02006cd0;
 .timescale 0 0;
    .port_info 0 /INPUT 32 "IN"
    .port_info 1 /INPUT 1 "Clk"
    .port_info 2 /INPUT 1 "Reset"
    .port_info 3 /INPUT 1 "Load"
    .port_info 4 /OUTPUT 32 "OUT"
v02008848_0 .net "Clk", 0 0, v02011b68_0;  alias, 1 drivers
v020088a0_0 .net "IN", 31 0, L_02012508;  alias, 1 drivers
v020088f8_0 .net "Load", 0 0, L_02012be0;  1 drivers
v02008950_0 .net "OUT", 31 0, v02008a00_0;  alias, 1 drivers
v020089a8_0 .net "Reset", 0 0, v02012140_0;  alias, 1 drivers
v02008a00_0 .var "d", 31 0;
S_02006e70 .scope generate, "registers[9]" "registers[9]" 3 35, 3 35 0, S_01f62070;
 .timescale 0 0;
P_01fff328 .param/l "i" 0 3 35, +C4<01001>;
S_02006f40 .scope generate, "genblk2" "genblk2" 3 36, 3 36 0, S_02006e70;
 .timescale 0 0;
L_02012c70 .functor AND 1, L_02012878, v02011408_0, C4<1>, C4<1>;
v02008cc0_0 .net *"_s0", 0 0, L_02012878;  1 drivers
S_0200b060 .scope module, "test_reg" "Register" 3 38, 7 1 0, S_02006f40;
 .timescale 0 0;
    .port_info 0 /INPUT 32 "IN"
    .port_info 1 /INPUT 1 "Clk"
    .port_info 2 /INPUT 1 "Reset"
    .port_info 3 /INPUT 1 "Load"
    .port_info 4 /OUTPUT 32 "OUT"
v02008ab0_0 .net "Clk", 0 0, v02011b68_0;  alias, 1 drivers
v02008b08_0 .net "IN", 31 0, L_02012508;  alias, 1 drivers
v02008b60_0 .net "Load", 0 0, L_02012c70;  1 drivers
v02008bb8_0 .net "OUT", 31 0, v02008c68_0;  alias, 1 drivers
v02008c10_0 .net "Reset", 0 0, v02012140_0;  alias, 1 drivers
v02008c68_0 .var "d", 31 0;
S_0200b130 .scope generate, "registers[10]" "registers[10]" 3 35, 3 35 0, S_01f62070;
 .timescale 0 0;
P_01fff378 .param/l "i" 0 3 35, +C4<01010>;
S_0200b200 .scope generate, "genblk2" "genblk2" 3 36, 3 36 0, S_0200b130;
 .timescale 0 0;
L_02012d00 .functor AND 1, L_020128d0, v02011408_0, C4<1>, C4<1>;
v02008f28_0 .net *"_s0", 0 0, L_020128d0;  1 drivers
S_0200b2d0 .scope module, "test_reg" "Register" 3 38, 7 1 0, S_0200b200;
 .timescale 0 0;
    .port_info 0 /INPUT 32 "IN"
    .port_info 1 /INPUT 1 "Clk"
    .port_info 2 /INPUT 1 "Reset"
    .port_info 3 /INPUT 1 "Load"
    .port_info 4 /OUTPUT 32 "OUT"
v02008d18_0 .net "Clk", 0 0, v02011b68_0;  alias, 1 drivers
v02008d70_0 .net "IN", 31 0, L_02012508;  alias, 1 drivers
v02008dc8_0 .net "Load", 0 0, L_02012d00;  1 drivers
v02008e20_0 .net "OUT", 31 0, v02008ed0_0;  alias, 1 drivers
v02008e78_0 .net "Reset", 0 0, v02012140_0;  alias, 1 drivers
v02008ed0_0 .var "d", 31 0;
S_0200b3a0 .scope generate, "registers[11]" "registers[11]" 3 35, 3 35 0, S_01f62070;
 .timescale 0 0;
P_01fff3c8 .param/l "i" 0 3 35, +C4<01011>;
S_0200b470 .scope generate, "genblk2" "genblk2" 3 36, 3 36 0, S_0200b3a0;
 .timescale 0 0;
L_02012d90 .functor AND 1, L_02013a20, v02011408_0, C4<1>, C4<1>;
v0200e1c0_0 .net *"_s0", 0 0, L_02013a20;  1 drivers
S_0200b540 .scope module, "test_reg" "Register" 3 38, 7 1 0, S_0200b470;
 .timescale 0 0;
    .port_info 0 /INPUT 32 "IN"
    .port_info 1 /INPUT 1 "Clk"
    .port_info 2 /INPUT 1 "Reset"
    .port_info 3 /INPUT 1 "Load"
    .port_info 4 /OUTPUT 32 "OUT"
v02008f80_0 .net "Clk", 0 0, v02011b68_0;  alias, 1 drivers
v02008fd8_0 .net "IN", 31 0, L_02012508;  alias, 1 drivers
v0200e060_0 .net "Load", 0 0, L_02012d90;  1 drivers
v0200e0b8_0 .net "OUT", 31 0, v0200e168_0;  alias, 1 drivers
v0200e110_0 .net "Reset", 0 0, v02012140_0;  alias, 1 drivers
v0200e168_0 .var "d", 31 0;
S_0200b610 .scope generate, "registers[12]" "registers[12]" 3 35, 3 35 0, S_01f62070;
 .timescale 0 0;
P_01fff418 .param/l "i" 0 3 35, +C4<01100>;
S_0200b6e0 .scope generate, "genblk2" "genblk2" 3 36, 3 36 0, S_0200b610;
 .timescale 0 0;
L_02012e20 .functor AND 1, L_02013a78, v02011408_0, C4<1>, C4<1>;
v0200e428_0 .net *"_s0", 0 0, L_02013a78;  1 drivers
S_0200b7b0 .scope module, "test_reg" "Register" 3 38, 7 1 0, S_0200b6e0;
 .timescale 0 0;
    .port_info 0 /INPUT 32 "IN"
    .port_info 1 /INPUT 1 "Clk"
    .port_info 2 /INPUT 1 "Reset"
    .port_info 3 /INPUT 1 "Load"
    .port_info 4 /OUTPUT 32 "OUT"
v0200e218_0 .net "Clk", 0 0, v02011b68_0;  alias, 1 drivers
v0200e270_0 .net "IN", 31 0, L_02012508;  alias, 1 drivers
v0200e2c8_0 .net "Load", 0 0, L_02012e20;  1 drivers
v0200e320_0 .net "OUT", 31 0, v0200e3d0_0;  alias, 1 drivers
v0200e378_0 .net "Reset", 0 0, v02012140_0;  alias, 1 drivers
v0200e3d0_0 .var "d", 31 0;
S_0200b880 .scope generate, "registers[13]" "registers[13]" 3 35, 3 35 0, S_01f62070;
 .timescale 0 0;
P_01fff468 .param/l "i" 0 3 35, +C4<01101>;
S_0200b950 .scope generate, "genblk2" "genblk2" 3 36, 3 36 0, S_0200b880;
 .timescale 0 0;
L_02012eb0 .functor AND 1, L_02013ad0, v02011408_0, C4<1>, C4<1>;
v0200e690_0 .net *"_s0", 0 0, L_02013ad0;  1 drivers
S_0200ba20 .scope module, "test_reg" "Register" 3 38, 7 1 0, S_0200b950;
 .timescale 0 0;
    .port_info 0 /INPUT 32 "IN"
    .port_info 1 /INPUT 1 "Clk"
    .port_info 2 /INPUT 1 "Reset"
    .port_info 3 /INPUT 1 "Load"
    .port_info 4 /OUTPUT 32 "OUT"
v0200e480_0 .net "Clk", 0 0, v02011b68_0;  alias, 1 drivers
v0200e4d8_0 .net "IN", 31 0, L_02012508;  alias, 1 drivers
v0200e530_0 .net "Load", 0 0, L_02012eb0;  1 drivers
v0200e588_0 .net "OUT", 31 0, v0200e638_0;  alias, 1 drivers
v0200e5e0_0 .net "Reset", 0 0, v02012140_0;  alias, 1 drivers
v0200e638_0 .var "d", 31 0;
S_0200baf0 .scope generate, "registers[14]" "registers[14]" 3 35, 3 35 0, S_01f62070;
 .timescale 0 0;
P_01fff4b8 .param/l "i" 0 3 35, +C4<01110>;
S_0200bbc0 .scope generate, "genblk2" "genblk2" 3 36, 3 36 0, S_0200baf0;
 .timescale 0 0;
L_02012f40 .functor AND 1, L_02013b28, v02011408_0, C4<1>, C4<1>;
v0200e8f8_0 .net *"_s0", 0 0, L_02013b28;  1 drivers
S_0200bc90 .scope module, "test_reg" "Register" 3 38, 7 1 0, S_0200bbc0;
 .timescale 0 0;
    .port_info 0 /INPUT 32 "IN"
    .port_info 1 /INPUT 1 "Clk"
    .port_info 2 /INPUT 1 "Reset"
    .port_info 3 /INPUT 1 "Load"
    .port_info 4 /OUTPUT 32 "OUT"
v0200e6e8_0 .net "Clk", 0 0, v02011b68_0;  alias, 1 drivers
v0200e740_0 .net "IN", 31 0, L_02012508;  alias, 1 drivers
v0200e798_0 .net "Load", 0 0, L_02012f40;  1 drivers
v0200e7f0_0 .net "OUT", 31 0, v0200e8a0_0;  alias, 1 drivers
v0200e848_0 .net "Reset", 0 0, v02012140_0;  alias, 1 drivers
v0200e8a0_0 .var "d", 31 0;
S_0200bd60 .scope generate, "registers[15]" "registers[15]" 3 35, 3 35 0, S_01f62070;
 .timescale 0 0;
P_01fff508 .param/l "i" 0 3 35, +C4<01111>;
S_0200be30 .scope generate, "genblk3" "genblk3" 3 36, 3 36 0, S_0200bd60;
 .timescale 0 0;
L_02012fd0 .functor AND 1, L_02013b80, v02011408_0, C4<1>, C4<1>;
L_02013018 .functor OR 1, L_02012fd0, v02011358_0, C4<0>, C4<0>;
v0200eb60_0 .net *"_s0", 0 0, L_02013b80;  1 drivers
v0200ebb8_0 .net *"_s1", 0 0, L_02012fd0;  1 drivers
S_0200bf00 .scope module, "test_reg" "Register" 3 46, 7 1 0, S_0200be30;
 .timescale 0 0;
    .port_info 0 /INPUT 32 "IN"
    .port_info 1 /INPUT 1 "Clk"
    .port_info 2 /INPUT 1 "Reset"
    .port_info 3 /INPUT 1 "Load"
    .port_info 4 /OUTPUT 32 "OUT"
v0200e950_0 .net "Clk", 0 0, v02011b68_0;  alias, 1 drivers
v0200e9a8_0 .net8 "IN", 31 0, RS_01fc977c;  alias, 2 drivers
v0200ea00_0 .net "Load", 0 0, L_02013018;  1 drivers
v0200ea58_0 .net "OUT", 31 0, v0200eb08_0;  alias, 1 drivers
v0200eab0_0 .net "Reset", 0 0, v02012140_0;  alias, 1 drivers
v0200eb08_0 .var "d", 31 0;
S_0200bfd0 .scope module, "alu" "ARM_ALU" 2 20, 8 1 0, S_01f61fa0;
 .timescale 0 0;
    .port_info 0 /INPUT 32 "A"
    .port_info 1 /INPUT 32 "B"
    .port_info 2 /INPUT 5 "OP"
    .port_info 3 /INPUT 4 "FLAGS"
    .port_info 4 /OUTPUT 32 "Out"
    .port_info 5 /OUTPUT 4 "FLAGS_OUT"
    .port_info 6 /INPUT 1 "S"
    .port_info 7 /INPUT 1 "ALU_OUT"
P_01fff558 .param/l "HIGHZ" 0 8 3, C4<zzzzzzzzzzzzzzzzzzzzzzzzzzzzzzzz>;
v02010a10_0 .net "A", 31 0, v02010e88_0;  1 drivers
v02010a68_0 .net "ALU_OUT", 0 0, v02010f38_0;  alias, 1 drivers
v02010ac0_0 .net "B", 31 0, v02011ab8_0;  1 drivers
v02010b18_0 .net "FLAGS", 3 0, v02011bc0_0;  1 drivers
v02010b70_0 .net "FLAGS_OUT", 3 0, L_020124b0;  alias, 1 drivers
v02010bc8_0 .var "FLAGS_buff", 3 0;
v02010c20_0 .net "OP", 4 0, v020119b0_0;  alias, 1 drivers
v02010c78_0 .net "Out", 31 0, L_02012508;  alias, 1 drivers
v02010cd0_0 .net "S", 0 0, v020122a0_0;  1 drivers
v02010d28_0 .var "_A", 31 0;
v02010d80_0 .var "_B", 31 0;
o01fca79c .functor BUFZ 32, C4<zzzzzzzzzzzzzzzzzzzzzzzzzzzzzzzz>; HiZ drive
; Elide local net with no drivers, v02010dd8_0 name=_s2
v02010e30_0 .var "buffer", 31 0;
E_01fff5d0 .event edge, v02010c20_0, v02010d80_0, v02010d28_0, v02010e30_0;
E_01fff5f8 .event edge, v02010c20_0, v02010ac0_0, v02010a10_0;
L_020124b0 .functor MUXZ 4, v02011bc0_0, v02010bc8_0, v020122a0_0, C4<>;
L_02012508 .functor MUXZ 32, o01fca79c, v02010e30_0, v02010f38_0, C4<>;
S_0200c0a0 .scope module, "cu" "ControlUnit" 2 12, 9 1 0, S_01f61fa0;
 .timescale 0 0;
    .port_info 0 /OUTPUT 1 "IR_CU"
    .port_info 1 /OUTPUT 1 "RFLOAD"
    .port_info 2 /OUTPUT 1 "PCLOAD"
    .port_info 3 /OUTPUT 1 "SRLOAD"
    .port_info 4 /OUTPUT 1 "SRENABLED"
    .port_info 5 /OUTPUT 1 "ALUSTORE"
    .port_info 6 /OUTPUT 1 "MFA"
    .port_info 7 /OUTPUT 1 "WORD_BYTE"
    .port_info 8 /OUTPUT 1 "READ_WRITE"
    .port_info 9 /OUTPUT 1 "IRLOAD"
    .port_info 10 /OUTPUT 1 "MBRLOAD"
    .port_info 11 /OUTPUT 1 "MBRSTORE"
    .port_info 12 /OUTPUT 1 "MARLOAD"
    .port_info 13 /OUTPUT 5 "opcode"
    .port_info 14 /OUTPUT 4 "CU"
    .port_info 15 /INPUT 1 "MFC"
    .port_info 16 /INPUT 1 "Reset"
    .port_info 17 /INPUT 1 "Clk"
    .port_info 18 /INPUT 32 "IR"
    .port_info 19 /INPUT 4 "SR"
v02010f38_0 .var "ALUSTORE", 0 0;
v02010f90_0 .var "CU", 3 0;
v02010fe8_0 .net "Clk", 0 0, v02011b68_0;  alias, 1 drivers
v02011040_0 .net "IR", 31 0, v02011c70_0;  1 drivers
v02011098_0 .var "IRLOAD", 0 0;
v020110f0_0 .var "IR_CU", 0 0;
v02011148_0 .var "MARLOAD", 0 0;
v020111a0_0 .var "MBRLOAD", 0 0;
v020111f8_0 .var "MBRSTORE", 0 0;
v02011250_0 .var "MFA", 0 0;
v020112a8_0 .net "MFC", 0 0, v02011ed8_0;  1 drivers
v02011300_0 .var "NextState", 4 0;
v02011358_0 .var "PCLOAD", 0 0;
v020113b0_0 .var "READ_WRITE", 0 0;
v02011408_0 .var "RFLOAD", 0 0;
v02011460_0 .net "Reset", 0 0, v02012140_0;  alias, 1 drivers
v020114b8_0 .net "SR", 3 0, v020122f8_0;  1 drivers
v02011510_0 .var "SRENABLED", 0 0;
v02011568_0 .var "SRLOAD", 0 0;
v020115c0_0 .var "State", 4 0;
v02011958_0 .var "WORD_BYTE", 0 0;
v020119b0_0 .var "opcode", 4 0;
E_01fff5a8 .event edge, v020112a8_0, v020115c0_0;
E_01fff648/0 .event negedge, v020074d8_0;
E_01fff648/1 .event posedge, v02007638_0;
E_01fff648 .event/or E_01fff648/0, E_01fff648/1;
S_0200c170 .scope task, "registerTask" "registerTask" 9 5, 9 5 0, S_0200c0a0;
 .timescale 0 0;
v02010ee0_0 .var "signals", 17 0;
TD_ARM_CU_ALU_TestBench.cu.registerTask ;
    %fork t_1, S_0200c170;
    %fork t_2, S_0200c170;
    %fork t_3, S_0200c170;
    %join;
    %join;
    %join;
    %jmp t_0;
t_1 ;
    %delay 2, 0;
    %load/vec4 v02010ee0_0;
    %parti/s 1, 17, 6;
    %concati/vec4 0, 0, 1;
    %load/vec4 v02010ee0_0;
    %parti/s 1, 15, 5;
    %concat/vec4; draw_concat_vec4
    %concati/vec4 0, 0, 1;
    %load/vec4 v02010ee0_0;
    %parti/s 1, 13, 5;
    %concat/vec4; draw_concat_vec4
    %concati/vec4 0, 0, 1;
    %load/vec4 v02010ee0_0;
    %parti/s 3, 9, 5;
    %concat/vec4; draw_concat_vec4
    %concati/vec4 0, 0, 1;
    %concati/vec4 0, 0, 1;
    %concati/vec4 0, 0, 1;
    %load/vec4 v02010ee0_0;
    %parti/s 6, 0, 2;
    %concat/vec4; draw_concat_vec4
    %pad/u 22;
    %split/vec4 1;
    %store/vec4 v02011958_0, 0, 1;
    %split/vec4 1;
    %store/vec4 v020113b0_0, 0, 1;
    %split/vec4 1;
    %store/vec4 v02011250_0, 0, 1;
    %split/vec4 1;
    %store/vec4 v02011098_0, 0, 1;
    %split/vec4 1;
    %store/vec4 v020111a0_0, 0, 1;
    %split/vec4 1;
    %store/vec4 v020111f8_0, 0, 1;
    %split/vec4 1;
    %store/vec4 v02011148_0, 0, 1;
    %split/vec4 1;
    %store/vec4 v02010f38_0, 0, 1;
    %split/vec4 1;
    %store/vec4 v02011510_0, 0, 1;
    %split/vec4 5;
    %store/vec4 v020119b0_0, 0, 5;
    %split/vec4 1;
    %store/vec4 v02011568_0, 0, 1;
    %split/vec4 1;
    %store/vec4 v02011358_0, 0, 1;
    %split/vec4 1;
    %store/vec4 v02011408_0, 0, 1;
    %split/vec4 1;
    %store/vec4 v020110f0_0, 0, 1;
    %store/vec4 v02010f90_0, 0, 4;
    %end;
t_2 ;
    %delay 4, 0;
    %load/vec4 v02010ee0_0;
    %pad/u 22;
    %split/vec4 1;
    %store/vec4 v02011958_0, 0, 1;
    %split/vec4 1;
    %store/vec4 v020113b0_0, 0, 1;
    %split/vec4 1;
    %store/vec4 v02011250_0, 0, 1;
    %split/vec4 1;
    %store/vec4 v02011098_0, 0, 1;
    %split/vec4 1;
    %store/vec4 v020111a0_0, 0, 1;
    %split/vec4 1;
    %store/vec4 v020111f8_0, 0, 1;
    %split/vec4 1;
    %store/vec4 v02011148_0, 0, 1;
    %split/vec4 1;
    %store/vec4 v02010f38_0, 0, 1;
    %split/vec4 1;
    %store/vec4 v02011510_0, 0, 1;
    %split/vec4 5;
    %store/vec4 v020119b0_0, 0, 5;
    %split/vec4 1;
    %store/vec4 v02011568_0, 0, 1;
    %split/vec4 1;
    %store/vec4 v02011358_0, 0, 1;
    %split/vec4 1;
    %store/vec4 v02011408_0, 0, 1;
    %split/vec4 1;
    %store/vec4 v020110f0_0, 0, 1;
    %store/vec4 v02010f90_0, 0, 4;
    %end;
t_3 ;
    %delay 6, 0;
    %load/vec4 v02010ee0_0;
    %pad/u 22;
    %split/vec4 1;
    %store/vec4 v02011958_0, 0, 1;
    %split/vec4 1;
    %store/vec4 v020113b0_0, 0, 1;
    %split/vec4 1;
    %store/vec4 v02011250_0, 0, 1;
    %split/vec4 1;
    %store/vec4 v02011098_0, 0, 1;
    %split/vec4 1;
    %store/vec4 v020111a0_0, 0, 1;
    %split/vec4 1;
    %store/vec4 v020111f8_0, 0, 1;
    %split/vec4 1;
    %store/vec4 v02011148_0, 0, 1;
    %split/vec4 1;
    %store/vec4 v02010f38_0, 0, 1;
    %split/vec4 1;
    %store/vec4 v02011510_0, 0, 1;
    %split/vec4 5;
    %store/vec4 v020119b0_0, 0, 5;
    %split/vec4 1;
    %store/vec4 v02011568_0, 0, 1;
    %split/vec4 1;
    %store/vec4 v02011358_0, 0, 1;
    %split/vec4 1;
    %store/vec4 v02011408_0, 0, 1;
    %split/vec4 1;
    %store/vec4 v020110f0_0, 0, 1;
    %store/vec4 v02010f90_0, 0, 4;
    %end;
    .scope S_0200c170;
t_0 ;
    %end;
    .scope S_0200c0a0;
T_1 ;
    %wait E_01fff648;
    %load/vec4 v02011460_0;
    %flag_set/vec4 8;
    %jmp/0xz  T_1.0, 8;
    %pushi/vec4 0, 0, 5;
    %assign/vec4 v020115c0_0, 0;
    %jmp T_1.1;
T_1.0 ;
    %load/vec4 v02011300_0;
    %assign/vec4 v020115c0_0, 0;
T_1.1 ;
    %jmp T_1;
    .thread T_1;
    .scope S_0200c0a0;
T_2 ;
    %wait E_01fff5a8;
    %load/vec4 v020115c0_0;
    %dup/vec4;
    %pushi/vec4 0, 0, 5;
    %cmp/u;
    %jmp/1 T_2.0, 6;
    %dup/vec4;
    %pushi/vec4 1, 0, 5;
    %cmp/u;
    %jmp/1 T_2.1, 6;
    %dup/vec4;
    %pushi/vec4 2, 0, 5;
    %cmp/u;
    %jmp/1 T_2.2, 6;
    %dup/vec4;
    %pushi/vec4 3, 0, 5;
    %cmp/u;
    %jmp/1 T_2.3, 6;
    %dup/vec4;
    %pushi/vec4 4, 0, 5;
    %cmp/u;
    %jmp/1 T_2.4, 6;
    %dup/vec4;
    %pushi/vec4 5, 0, 5;
    %cmp/u;
    %jmp/1 T_2.5, 6;
    %dup/vec4;
    %pushi/vec4 6, 0, 5;
    %cmp/u;
    %jmp/1 T_2.6, 6;
    %dup/vec4;
    %pushi/vec4 7, 0, 5;
    %cmp/u;
    %jmp/1 T_2.7, 6;
    %dup/vec4;
    %pushi/vec4 8, 0, 5;
    %cmp/u;
    %jmp/1 T_2.8, 6;
    %dup/vec4;
    %pushi/vec4 9, 0, 5;
    %cmp/u;
    %jmp/1 T_2.9, 6;
    %dup/vec4;
    %pushi/vec4 10, 0, 5;
    %cmp/u;
    %jmp/1 T_2.10, 6;
    %dup/vec4;
    %pushi/vec4 11, 0, 5;
    %cmp/u;
    %jmp/1 T_2.11, 6;
    %dup/vec4;
    %pushi/vec4 12, 0, 5;
    %cmp/u;
    %jmp/1 T_2.12, 6;
    %dup/vec4;
    %pushi/vec4 13, 0, 5;
    %cmp/u;
    %jmp/1 T_2.13, 6;
    %dup/vec4;
    %pushi/vec4 14, 0, 5;
    %cmp/u;
    %jmp/1 T_2.14, 6;
    %dup/vec4;
    %pushi/vec4 15, 0, 5;
    %cmp/u;
    %jmp/1 T_2.15, 6;
    %dup/vec4;
    %pushi/vec4 16, 0, 5;
    %cmp/u;
    %jmp/1 T_2.16, 6;
    %dup/vec4;
    %pushi/vec4 17, 0, 5;
    %cmp/u;
    %jmp/1 T_2.17, 6;
    %jmp T_2.18;
T_2.0 ;
    %load/vec4 v02011460_0;
    %flag_set/vec4 8;
    %jmp/0xz  T_2.19, 8;
    %pushi/vec4 0, 0, 5;
    %store/vec4 v02011300_0, 0, 5;
    %jmp T_2.20;
T_2.19 ;
    %pushi/vec4 1, 0, 5;
    %store/vec4 v02011300_0, 0, 5;
T_2.20 ;
    %jmp T_2.18;
T_2.1 ;
    %pushi/vec4 2, 0, 5;
    %store/vec4 v02011300_0, 0, 5;
    %jmp T_2.18;
T_2.2 ;
    %pushi/vec4 3, 0, 5;
    %store/vec4 v02011300_0, 0, 5;
    %jmp T_2.18;
T_2.3 ;
    %pushi/vec4 4, 0, 5;
    %store/vec4 v02011300_0, 0, 5;
    %jmp T_2.18;
T_2.4 ;
    %pushi/vec4 5, 0, 5;
    %store/vec4 v02011300_0, 0, 5;
    %jmp T_2.18;
T_2.5 ;
    %pushi/vec4 6, 0, 5;
    %store/vec4 v02011300_0, 0, 5;
    %jmp T_2.18;
T_2.6 ;
    %pushi/vec4 7, 0, 5;
    %store/vec4 v02011300_0, 0, 5;
    %jmp T_2.18;
T_2.7 ;
    %pushi/vec4 8, 0, 5;
    %store/vec4 v02011300_0, 0, 5;
    %jmp T_2.18;
T_2.8 ;
    %pushi/vec4 9, 0, 5;
    %store/vec4 v02011300_0, 0, 5;
    %jmp T_2.18;
T_2.9 ;
    %pushi/vec4 10, 0, 5;
    %store/vec4 v02011300_0, 0, 5;
    %jmp T_2.18;
T_2.10 ;
    %pushi/vec4 11, 0, 5;
    %store/vec4 v02011300_0, 0, 5;
    %jmp T_2.18;
T_2.11 ;
    %pushi/vec4 12, 0, 5;
    %store/vec4 v02011300_0, 0, 5;
    %jmp T_2.18;
T_2.12 ;
    %pushi/vec4 13, 0, 5;
    %store/vec4 v02011300_0, 0, 5;
    %jmp T_2.18;
T_2.13 ;
    %pushi/vec4 14, 0, 5;
    %store/vec4 v02011300_0, 0, 5;
    %jmp T_2.18;
T_2.14 ;
    %pushi/vec4 15, 0, 5;
    %store/vec4 v02011300_0, 0, 5;
    %jmp T_2.18;
T_2.15 ;
    %pushi/vec4 16, 0, 5;
    %store/vec4 v02011300_0, 0, 5;
    %jmp T_2.18;
T_2.16 ;
    %pushi/vec4 17, 0, 5;
    %store/vec4 v02011300_0, 0, 5;
    %jmp T_2.18;
T_2.17 ;
    %pushi/vec4 0, 0, 5;
    %store/vec4 v02011300_0, 0, 5;
    %jmp T_2.18;
T_2.18 ;
    %pop/vec4 1;
    %jmp T_2;
    .thread T_2, $push;
    .scope S_0200c0a0;
T_3 ;
    %wait E_01fff5a8;
    %load/vec4 v020115c0_0;
    %dup/vec4;
    %pushi/vec4 0, 0, 5;
    %cmp/u;
    %jmp/1 T_3.0, 6;
    %dup/vec4;
    %pushi/vec4 1, 0, 5;
    %cmp/u;
    %jmp/1 T_3.1, 6;
    %dup/vec4;
    %pushi/vec4 2, 0, 5;
    %cmp/u;
    %jmp/1 T_3.2, 6;
    %dup/vec4;
    %pushi/vec4 3, 0, 5;
    %cmp/u;
    %jmp/1 T_3.3, 6;
    %dup/vec4;
    %pushi/vec4 4, 0, 5;
    %cmp/u;
    %jmp/1 T_3.4, 6;
    %dup/vec4;
    %pushi/vec4 5, 0, 5;
    %cmp/u;
    %jmp/1 T_3.5, 6;
    %dup/vec4;
    %pushi/vec4 6, 0, 5;
    %cmp/u;
    %jmp/1 T_3.6, 6;
    %dup/vec4;
    %pushi/vec4 7, 0, 5;
    %cmp/u;
    %jmp/1 T_3.7, 6;
    %dup/vec4;
    %pushi/vec4 8, 0, 5;
    %cmp/u;
    %jmp/1 T_3.8, 6;
    %dup/vec4;
    %pushi/vec4 9, 0, 5;
    %cmp/u;
    %jmp/1 T_3.9, 6;
    %dup/vec4;
    %pushi/vec4 10, 0, 5;
    %cmp/u;
    %jmp/1 T_3.10, 6;
    %dup/vec4;
    %pushi/vec4 11, 0, 5;
    %cmp/u;
    %jmp/1 T_3.11, 6;
    %dup/vec4;
    %pushi/vec4 12, 0, 5;
    %cmp/u;
    %jmp/1 T_3.12, 6;
    %dup/vec4;
    %pushi/vec4 13, 0, 5;
    %cmp/u;
    %jmp/1 T_3.13, 6;
    %dup/vec4;
    %pushi/vec4 14, 0, 5;
    %cmp/u;
    %jmp/1 T_3.14, 6;
    %dup/vec4;
    %pushi/vec4 15, 0, 5;
    %cmp/u;
    %jmp/1 T_3.15, 6;
    %dup/vec4;
    %pushi/vec4 16, 0, 5;
    %cmp/u;
    %jmp/1 T_3.16, 6;
    %dup/vec4;
    %pushi/vec4 17, 0, 5;
    %cmp/u;
    %jmp/1 T_3.17, 6;
    %jmp T_3.19;
T_3.0 ;
    %pushi/vec4 0, 0, 5;
    %store/vec4 v020119b0_0, 0, 5;
    %pushi/vec4 1, 0, 1;
    %store/vec4 v02010f38_0, 0, 1;
    %jmp T_3.19;
T_3.1 ;
    %pushi/vec4 1, 0, 5;
    %store/vec4 v020119b0_0, 0, 5;
    %pushi/vec4 1, 0, 1;
    %store/vec4 v02010f38_0, 0, 1;
    %jmp T_3.19;
T_3.2 ;
    %pushi/vec4 2, 0, 5;
    %store/vec4 v020119b0_0, 0, 5;
    %pushi/vec4 1, 0, 1;
    %store/vec4 v02010f38_0, 0, 1;
    %jmp T_3.19;
T_3.3 ;
    %pushi/vec4 3, 0, 5;
    %store/vec4 v020119b0_0, 0, 5;
    %pushi/vec4 1, 0, 1;
    %store/vec4 v02010f38_0, 0, 1;
    %jmp T_3.19;
T_3.4 ;
    %pushi/vec4 4, 0, 5;
    %store/vec4 v020119b0_0, 0, 5;
    %pushi/vec4 1, 0, 1;
    %store/vec4 v02010f38_0, 0, 1;
    %jmp T_3.19;
T_3.5 ;
    %pushi/vec4 5, 0, 5;
    %store/vec4 v020119b0_0, 0, 5;
    %pushi/vec4 1, 0, 1;
    %store/vec4 v02010f38_0, 0, 1;
    %jmp T_3.19;
T_3.6 ;
    %pushi/vec4 6, 0, 5;
    %store/vec4 v020119b0_0, 0, 5;
    %pushi/vec4 1, 0, 1;
    %store/vec4 v02010f38_0, 0, 1;
    %jmp T_3.19;
T_3.7 ;
    %pushi/vec4 7, 0, 5;
    %store/vec4 v020119b0_0, 0, 5;
    %pushi/vec4 1, 0, 1;
    %store/vec4 v02010f38_0, 0, 1;
    %jmp T_3.19;
T_3.8 ;
    %pushi/vec4 8, 0, 5;
    %store/vec4 v020119b0_0, 0, 5;
    %pushi/vec4 1, 0, 1;
    %store/vec4 v02010f38_0, 0, 1;
    %jmp T_3.19;
T_3.9 ;
    %pushi/vec4 9, 0, 5;
    %store/vec4 v020119b0_0, 0, 5;
    %pushi/vec4 1, 0, 1;
    %store/vec4 v02010f38_0, 0, 1;
    %jmp T_3.19;
T_3.10 ;
    %pushi/vec4 10, 0, 5;
    %store/vec4 v020119b0_0, 0, 5;
    %pushi/vec4 1, 0, 1;
    %store/vec4 v02010f38_0, 0, 1;
    %jmp T_3.19;
T_3.11 ;
    %pushi/vec4 11, 0, 5;
    %store/vec4 v020119b0_0, 0, 5;
    %pushi/vec4 1, 0, 1;
    %store/vec4 v02010f38_0, 0, 1;
    %jmp T_3.19;
T_3.12 ;
    %pushi/vec4 12, 0, 5;
    %store/vec4 v020119b0_0, 0, 5;
    %pushi/vec4 1, 0, 1;
    %store/vec4 v02010f38_0, 0, 1;
    %jmp T_3.19;
T_3.13 ;
    %pushi/vec4 13, 0, 5;
    %store/vec4 v020119b0_0, 0, 5;
    %pushi/vec4 1, 0, 1;
    %store/vec4 v02010f38_0, 0, 1;
    %jmp T_3.19;
T_3.14 ;
    %pushi/vec4 14, 0, 5;
    %store/vec4 v020119b0_0, 0, 5;
    %pushi/vec4 1, 0, 1;
    %store/vec4 v02010f38_0, 0, 1;
    %jmp T_3.19;
T_3.15 ;
    %pushi/vec4 15, 0, 5;
    %store/vec4 v020119b0_0, 0, 5;
    %pushi/vec4 1, 0, 1;
    %store/vec4 v02010f38_0, 0, 1;
    %jmp T_3.19;
T_3.16 ;
    %pushi/vec4 16, 0, 5;
    %store/vec4 v020119b0_0, 0, 5;
    %pushi/vec4 1, 0, 1;
    %store/vec4 v02010f38_0, 0, 1;
    %jmp T_3.19;
T_3.17 ;
    %pushi/vec4 17, 0, 5;
    %store/vec4 v020119b0_0, 0, 5;
    %pushi/vec4 1, 0, 1;
    %store/vec4 v02010f38_0, 0, 1;
    %jmp T_3.19;
T_3.19 ;
    %pop/vec4 1;
    %jmp T_3;
    .thread T_3, $push;
    .scope S_0200bfd0;
T_4 ;
    %wait E_01fff5f8;
    %pushi/vec4 0, 0, 4;
    %store/vec4 v02010bc8_0, 0, 4;
    %load/vec4 v02010a10_0;
    %store/vec4 v02010d28_0, 0, 32;
    %load/vec4 v02010ac0_0;
    %store/vec4 v02010d80_0, 0, 32;
    %load/vec4 v02010c20_0;
    %dup/vec4;
    %pushi/vec4 0, 0, 5;
    %cmp/z;
    %jmp/1 T_4.0, 4;
    %dup/vec4;
    %pushi/vec4 8, 0, 5;
    %cmp/z;
    %jmp/1 T_4.1, 4;
    %dup/vec4;
    %pushi/vec4 1, 0, 5;
    %cmp/z;
    %jmp/1 T_4.2, 4;
    %dup/vec4;
    %pushi/vec4 9, 0, 5;
    %cmp/z;
    %jmp/1 T_4.3, 4;
    %dup/vec4;
    %pushi/vec4 2, 0, 5;
    %cmp/z;
    %jmp/1 T_4.4, 4;
    %dup/vec4;
    %pushi/vec4 10, 0, 5;
    %cmp/z;
    %jmp/1 T_4.5, 4;
    %dup/vec4;
    %pushi/vec4 3, 0, 5;
    %cmp/z;
    %jmp/1 T_4.6, 4;
    %dup/vec4;
    %pushi/vec4 4, 0, 5;
    %cmp/z;
    %jmp/1 T_4.7, 4;
    %dup/vec4;
    %pushi/vec4 11, 0, 5;
    %cmp/z;
    %jmp/1 T_4.8, 4;
    %dup/vec4;
    %pushi/vec4 5, 0, 5;
    %cmp/z;
    %jmp/1 T_4.9, 4;
    %dup/vec4;
    %pushi/vec4 6, 0, 5;
    %cmp/z;
    %jmp/1 T_4.10, 4;
    %dup/vec4;
    %pushi/vec4 7, 0, 5;
    %cmp/z;
    %jmp/1 T_4.11, 4;
    %dup/vec4;
    %pushi/vec4 12, 0, 5;
    %cmp/z;
    %jmp/1 T_4.12, 4;
    %dup/vec4;
    %pushi/vec4 14, 0, 5;
    %cmp/z;
    %jmp/1 T_4.13, 4;
    %dup/vec4;
    %pushi/vec4 15, 0, 5;
    %cmp/z;
    %jmp/1 T_4.14, 4;
    %dup/vec4;
    %pushi/vec4 16, 0, 5;
    %cmp/z;
    %jmp/1 T_4.15, 4;
    %dup/vec4;
    %pushi/vec4 17, 0, 5;
    %cmp/z;
    %jmp/1 T_4.16, 4;
    %jmp T_4.17;
T_4.0 ;
    %load/vec4 v02010a10_0;
    %load/vec4 v02010ac0_0;
    %and;
    %assign/vec4 v02010e30_0, 0;
    %jmp T_4.17;
T_4.1 ;
    %load/vec4 v02010a10_0;
    %load/vec4 v02010ac0_0;
    %and;
    %assign/vec4 v02010e30_0, 0;
    %jmp T_4.17;
T_4.2 ;
    %load/vec4 v02010a10_0;
    %load/vec4 v02010ac0_0;
    %xor;
    %assign/vec4 v02010e30_0, 0;
    %jmp T_4.17;
T_4.3 ;
    %load/vec4 v02010a10_0;
    %load/vec4 v02010ac0_0;
    %xor;
    %assign/vec4 v02010e30_0, 0;
    %jmp T_4.17;
T_4.4 ;
    %load/vec4 v02010ac0_0;
    %inv;
    %addi 1, 0, 32;
    %store/vec4 v02010d80_0, 0, 32;
    %load/vec4 v02010d28_0;
    %pad/u 33;
    %load/vec4 v02010d80_0;
    %pad/u 33;
    %add;
    %split/vec4 32;
    %assign/vec4 v02010e30_0, 0;
    %ix/load 4, 1, 0;
    %ix/load 5, 0, 0;
    %flag_set/imm 4, 0;
    %assign/vec4/off/d v02010bc8_0, 4, 5;
    %jmp T_4.17;
T_4.5 ;
    %load/vec4 v02010ac0_0;
    %inv;
    %addi 1, 0, 32;
    %store/vec4 v02010d80_0, 0, 32;
    %load/vec4 v02010d28_0;
    %pad/u 33;
    %load/vec4 v02010d80_0;
    %pad/u 33;
    %add;
    %split/vec4 32;
    %assign/vec4 v02010e30_0, 0;
    %ix/load 4, 1, 0;
    %ix/load 5, 0, 0;
    %flag_set/imm 4, 0;
    %assign/vec4/off/d v02010bc8_0, 4, 5;
    %jmp T_4.17;
T_4.6 ;
    %load/vec4 v02010a10_0;
    %inv;
    %addi 1, 0, 32;
    %store/vec4 v02010d28_0, 0, 32;
    %load/vec4 v02010d80_0;
    %pad/u 33;
    %load/vec4 v02010d28_0;
    %pad/u 33;
    %add;
    %split/vec4 32;
    %assign/vec4 v02010e30_0, 0;
    %ix/load 4, 1, 0;
    %ix/load 5, 0, 0;
    %flag_set/imm 4, 0;
    %assign/vec4/off/d v02010bc8_0, 4, 5;
    %jmp T_4.17;
T_4.7 ;
    %load/vec4 v02010a10_0;
    %pad/u 33;
    %load/vec4 v02010ac0_0;
    %pad/u 33;
    %add;
    %split/vec4 32;
    %assign/vec4 v02010e30_0, 0;
    %ix/load 4, 1, 0;
    %ix/load 5, 0, 0;
    %flag_set/imm 4, 0;
    %assign/vec4/off/d v02010bc8_0, 4, 5;
    %jmp T_4.17;
T_4.8 ;
    %load/vec4 v02010a10_0;
    %pad/u 33;
    %load/vec4 v02010ac0_0;
    %pad/u 33;
    %add;
    %split/vec4 32;
    %assign/vec4 v02010e30_0, 0;
    %ix/load 4, 1, 0;
    %ix/load 5, 0, 0;
    %flag_set/imm 4, 0;
    %assign/vec4/off/d v02010bc8_0, 4, 5;
    %jmp T_4.17;
T_4.9 ;
    %load/vec4 v02010a10_0;
    %pad/u 33;
    %load/vec4 v02010ac0_0;
    %pad/u 33;
    %add;
    %load/vec4 v02010b18_0;
    %parti/s 1, 1, 2;
    %pad/u 33;
    %add;
    %split/vec4 32;
    %assign/vec4 v02010e30_0, 0;
    %ix/load 4, 1, 0;
    %ix/load 5, 0, 0;
    %flag_set/imm 4, 0;
    %assign/vec4/off/d v02010bc8_0, 4, 5;
    %jmp T_4.17;
T_4.10 ;
    %load/vec4 v02010ac0_0;
    %inv;
    %addi 1, 0, 32;
    %store/vec4 v02010d80_0, 0, 32;
    %load/vec4 v02010d28_0;
    %pad/u 33;
    %load/vec4 v02010d80_0;
    %pad/u 33;
    %add;
    %load/vec4 v02010b18_0;
    %parti/s 1, 1, 2;
    %nor/r;
    %pad/u 33;
    %sub;
    %split/vec4 32;
    %assign/vec4 v02010e30_0, 0;
    %ix/load 4, 1, 0;
    %ix/load 5, 0, 0;
    %flag_set/imm 4, 0;
    %assign/vec4/off/d v02010bc8_0, 4, 5;
    %jmp T_4.17;
T_4.11 ;
    %load/vec4 v02010a10_0;
    %inv;
    %addi 1, 0, 32;
    %store/vec4 v02010d28_0, 0, 32;
    %load/vec4 v02010ac0_0;
    %pad/u 33;
    %load/vec4 v02010d28_0;
    %pad/u 33;
    %add;
    %load/vec4 v02010b18_0;
    %parti/s 1, 1, 2;
    %nor/r;
    %pad/u 33;
    %sub;
    %split/vec4 32;
    %assign/vec4 v02010e30_0, 0;
    %ix/load 4, 1, 0;
    %ix/load 5, 0, 0;
    %flag_set/imm 4, 0;
    %assign/vec4/off/d v02010bc8_0, 4, 5;
    %jmp T_4.17;
T_4.12 ;
    %load/vec4 v02010a10_0;
    %load/vec4 v02010ac0_0;
    %or;
    %assign/vec4 v02010e30_0, 0;
    %jmp T_4.17;
T_4.13 ;
    %load/vec4 v02010a10_0;
    %load/vec4 v02010ac0_0;
    %inv;
    %and;
    %assign/vec4 v02010e30_0, 0;
    %jmp T_4.17;
T_4.14 ;
    %load/vec4 v02010ac0_0;
    %inv;
    %assign/vec4 v02010e30_0, 0;
    %jmp T_4.17;
T_4.15 ;
    %load/vec4 v02010ac0_0;
    %assign/vec4 v02010e30_0, 0;
    %jmp T_4.17;
T_4.16 ;
    %load/vec4 v02010a10_0;
    %addi 1, 0, 32;
    %assign/vec4 v02010e30_0, 0;
    %jmp T_4.17;
T_4.17 ;
    %pop/vec4 1;
    %jmp T_4;
    .thread T_4, $push;
    .scope S_0200bfd0;
T_5 ;
    %wait E_01fff5d0;
    %load/vec4 v02010e30_0;
    %parti/s 1, 31, 6;
    %ix/load 4, 3, 0;
    %flag_set/imm 4, 0;
    %store/vec4 v02010bc8_0, 4, 1;
    %load/vec4 v02010e30_0;
    %pushi/vec4 0, 0, 32;
    %cmp/e;
    %flag_get/vec4 4;
    %ix/load 4, 2, 0;
    %flag_set/imm 4, 0;
    %store/vec4 v02010bc8_0, 4, 1;
    %load/vec4 v02010d28_0;
    %parti/s 1, 31, 6;
    %load/vec4 v02010d80_0;
    %parti/s 1, 31, 6;
    %cmp/e;
    %flag_get/vec4 4;
    %load/vec4 v02010d28_0;
    %parti/s 1, 31, 6;
    %load/vec4 v02010e30_0;
    %parti/s 1, 31, 6;
    %cmp/e;
    %flag_get/vec4 4;
    %inv;
    %and;
    %ix/load 4, 0, 0;
    %flag_set/imm 4, 0;
    %store/vec4 v02010bc8_0, 4, 1;
    %jmp T_5;
    .thread T_5, $push;
    .scope S_02005a20;
T_6 ;
    %wait E_01ffcef8;
    %load/vec4 v02007588_0;
    %flag_set/vec4 8;
    %jmp/0xz  T_6.0, 8;
    %load/vec4 v02007530_0;
    %store/vec4 v02007690_0, 0, 32;
T_6.0 ;
    %jmp T_6;
    .thread T_6;
    .scope S_02005a20;
T_7 ;
    %wait E_01ffced0;
    %pushi/vec4 0, 0, 32;
    %store/vec4 v02007690_0, 0, 32;
    %jmp T_7;
    .thread T_7, $push;
    .scope S_02005c90;
T_8 ;
    %wait E_01ffcef8;
    %load/vec4 v020077f0_0;
    %flag_set/vec4 8;
    %jmp/0xz  T_8.0, 8;
    %load/vec4 v02007798_0;
    %store/vec4 v020078f8_0, 0, 32;
T_8.0 ;
    %jmp T_8;
    .thread T_8;
    .scope S_02005c90;
T_9 ;
    %wait E_01ffced0;
    %pushi/vec4 0, 0, 32;
    %store/vec4 v020078f8_0, 0, 32;
    %jmp T_9;
    .thread T_9, $push;
    .scope S_02005f00;
T_10 ;
    %wait E_01ffcef8;
    %load/vec4 v02007a58_0;
    %flag_set/vec4 8;
    %jmp/0xz  T_10.0, 8;
    %load/vec4 v02007a00_0;
    %store/vec4 v02007b60_0, 0, 32;
T_10.0 ;
    %jmp T_10;
    .thread T_10;
    .scope S_02005f00;
T_11 ;
    %wait E_01ffced0;
    %pushi/vec4 0, 0, 32;
    %store/vec4 v02007b60_0, 0, 32;
    %jmp T_11;
    .thread T_11, $push;
    .scope S_02006170;
T_12 ;
    %wait E_01ffcef8;
    %load/vec4 v02007cc0_0;
    %flag_set/vec4 8;
    %jmp/0xz  T_12.0, 8;
    %load/vec4 v02007c68_0;
    %store/vec4 v02007dc8_0, 0, 32;
T_12.0 ;
    %jmp T_12;
    .thread T_12;
    .scope S_02006170;
T_13 ;
    %wait E_01ffced0;
    %pushi/vec4 0, 0, 32;
    %store/vec4 v02007dc8_0, 0, 32;
    %jmp T_13;
    .thread T_13, $push;
    .scope S_020063e0;
T_14 ;
    %wait E_01ffcef8;
    %load/vec4 v02007f28_0;
    %flag_set/vec4 8;
    %jmp/0xz  T_14.0, 8;
    %load/vec4 v02007ed0_0;
    %store/vec4 v02008060_0, 0, 32;
T_14.0 ;
    %jmp T_14;
    .thread T_14;
    .scope S_020063e0;
T_15 ;
    %wait E_01ffced0;
    %pushi/vec4 0, 0, 32;
    %store/vec4 v02008060_0, 0, 32;
    %jmp T_15;
    .thread T_15, $push;
    .scope S_02006650;
T_16 ;
    %wait E_01ffcef8;
    %load/vec4 v020081c0_0;
    %flag_set/vec4 8;
    %jmp/0xz  T_16.0, 8;
    %load/vec4 v02008168_0;
    %store/vec4 v020082c8_0, 0, 32;
T_16.0 ;
    %jmp T_16;
    .thread T_16;
    .scope S_02006650;
T_17 ;
    %wait E_01ffced0;
    %pushi/vec4 0, 0, 32;
    %store/vec4 v020082c8_0, 0, 32;
    %jmp T_17;
    .thread T_17, $push;
    .scope S_020068c0;
T_18 ;
    %wait E_01ffcef8;
    %load/vec4 v02008428_0;
    %flag_set/vec4 8;
    %jmp/0xz  T_18.0, 8;
    %load/vec4 v020083d0_0;
    %store/vec4 v02008530_0, 0, 32;
T_18.0 ;
    %jmp T_18;
    .thread T_18;
    .scope S_020068c0;
T_19 ;
    %wait E_01ffced0;
    %pushi/vec4 0, 0, 32;
    %store/vec4 v02008530_0, 0, 32;
    %jmp T_19;
    .thread T_19, $push;
    .scope S_02006b30;
T_20 ;
    %wait E_01ffcef8;
    %load/vec4 v02008690_0;
    %flag_set/vec4 8;
    %jmp/0xz  T_20.0, 8;
    %load/vec4 v02008638_0;
    %store/vec4 v02008798_0, 0, 32;
T_20.0 ;
    %jmp T_20;
    .thread T_20;
    .scope S_02006b30;
T_21 ;
    %wait E_01ffced0;
    %pushi/vec4 0, 0, 32;
    %store/vec4 v02008798_0, 0, 32;
    %jmp T_21;
    .thread T_21, $push;
    .scope S_02006da0;
T_22 ;
    %wait E_01ffcef8;
    %load/vec4 v020088f8_0;
    %flag_set/vec4 8;
    %jmp/0xz  T_22.0, 8;
    %load/vec4 v020088a0_0;
    %store/vec4 v02008a00_0, 0, 32;
T_22.0 ;
    %jmp T_22;
    .thread T_22;
    .scope S_02006da0;
T_23 ;
    %wait E_01ffced0;
    %pushi/vec4 0, 0, 32;
    %store/vec4 v02008a00_0, 0, 32;
    %jmp T_23;
    .thread T_23, $push;
    .scope S_0200b060;
T_24 ;
    %wait E_01ffcef8;
    %load/vec4 v02008b60_0;
    %flag_set/vec4 8;
    %jmp/0xz  T_24.0, 8;
    %load/vec4 v02008b08_0;
    %store/vec4 v02008c68_0, 0, 32;
T_24.0 ;
    %jmp T_24;
    .thread T_24;
    .scope S_0200b060;
T_25 ;
    %wait E_01ffced0;
    %pushi/vec4 0, 0, 32;
    %store/vec4 v02008c68_0, 0, 32;
    %jmp T_25;
    .thread T_25, $push;
    .scope S_0200b2d0;
T_26 ;
    %wait E_01ffcef8;
    %load/vec4 v02008dc8_0;
    %flag_set/vec4 8;
    %jmp/0xz  T_26.0, 8;
    %load/vec4 v02008d70_0;
    %store/vec4 v02008ed0_0, 0, 32;
T_26.0 ;
    %jmp T_26;
    .thread T_26;
    .scope S_0200b2d0;
T_27 ;
    %wait E_01ffced0;
    %pushi/vec4 0, 0, 32;
    %store/vec4 v02008ed0_0, 0, 32;
    %jmp T_27;
    .thread T_27, $push;
    .scope S_0200b540;
T_28 ;
    %wait E_01ffcef8;
    %load/vec4 v0200e060_0;
    %flag_set/vec4 8;
    %jmp/0xz  T_28.0, 8;
    %load/vec4 v02008fd8_0;
    %store/vec4 v0200e168_0, 0, 32;
T_28.0 ;
    %jmp T_28;
    .thread T_28;
    .scope S_0200b540;
T_29 ;
    %wait E_01ffced0;
    %pushi/vec4 0, 0, 32;
    %store/vec4 v0200e168_0, 0, 32;
    %jmp T_29;
    .thread T_29, $push;
    .scope S_0200b7b0;
T_30 ;
    %wait E_01ffcef8;
    %load/vec4 v0200e2c8_0;
    %flag_set/vec4 8;
    %jmp/0xz  T_30.0, 8;
    %load/vec4 v0200e270_0;
    %store/vec4 v0200e3d0_0, 0, 32;
T_30.0 ;
    %jmp T_30;
    .thread T_30;
    .scope S_0200b7b0;
T_31 ;
    %wait E_01ffced0;
    %pushi/vec4 0, 0, 32;
    %store/vec4 v0200e3d0_0, 0, 32;
    %jmp T_31;
    .thread T_31, $push;
    .scope S_0200ba20;
T_32 ;
    %wait E_01ffcef8;
    %load/vec4 v0200e530_0;
    %flag_set/vec4 8;
    %jmp/0xz  T_32.0, 8;
    %load/vec4 v0200e4d8_0;
    %store/vec4 v0200e638_0, 0, 32;
T_32.0 ;
    %jmp T_32;
    .thread T_32;
    .scope S_0200ba20;
T_33 ;
    %wait E_01ffced0;
    %pushi/vec4 0, 0, 32;
    %store/vec4 v0200e638_0, 0, 32;
    %jmp T_33;
    .thread T_33, $push;
    .scope S_0200bc90;
T_34 ;
    %wait E_01ffcef8;
    %load/vec4 v0200e798_0;
    %flag_set/vec4 8;
    %jmp/0xz  T_34.0, 8;
    %load/vec4 v0200e740_0;
    %store/vec4 v0200e8a0_0, 0, 32;
T_34.0 ;
    %jmp T_34;
    .thread T_34;
    .scope S_0200bc90;
T_35 ;
    %wait E_01ffced0;
    %pushi/vec4 0, 0, 32;
    %store/vec4 v0200e8a0_0, 0, 32;
    %jmp T_35;
    .thread T_35, $push;
    .scope S_0200bf00;
T_36 ;
    %wait E_01ffcef8;
    %load/vec4 v0200ea00_0;
    %flag_set/vec4 8;
    %jmp/0xz  T_36.0, 8;
    %load/vec4 v0200e9a8_0;
    %store/vec4 v0200eb08_0, 0, 32;
T_36.0 ;
    %jmp T_36;
    .thread T_36;
    .scope S_0200bf00;
T_37 ;
    %wait E_01ffced0;
    %pushi/vec4 0, 0, 32;
    %store/vec4 v0200eb08_0, 0, 32;
    %jmp T_37;
    .thread T_37, $push;
    .scope S_01f60958;
T_38 ;
    %pushi/vec4 0, 0, 32;
    %store/vec4 v01f6df68_0, 0, 32;
    %end;
    .thread T_38;
    .scope S_01f60958;
T_39 ;
    %wait E_01fa2b48;
    %pushi/vec4 0, 0, 32;
    %store/vec4 v01f6df68_0, 0, 32;
T_39.0 ;
    %load/vec4 v01f6df68_0;
    %cmpi/s 15, 0, 32;
    %flag_or 5, 4;
    %jmp/0xz T_39.1, 5;
    %pushi/vec4 0, 0, 1;
    %ix/getv/s 4, v01f6df68_0;
    %store/vec4 v01f6d570_0, 4, 1;
    %load/vec4 v01f6df68_0;
    %addi 1, 0, 32;
    %store/vec4 v01f6df68_0, 0, 32;
    %jmp T_39.0;
T_39.1 ;
    %pushi/vec4 1, 0, 1;
    %ix/getv 4, v01f6d518_0;
    %store/vec4 v01f6d570_0, 4, 1;
    %jmp T_39;
    .thread T_39, $push;
    .scope S_01fc7240;
T_40 ;
    %pushi/vec4 0, 0, 32;
    %store/vec4 v01f6dba0_0, 0, 32;
    %end;
    .thread T_40;
    .scope S_01fc7240;
T_41 ;
    %wait E_01fa2b98;
    %pushi/vec4 0, 0, 32;
    %store/vec4 v01f6dba0_0, 0, 32;
T_41.0 ;
    %load/vec4 v01f6dba0_0;
    %cmpi/s 15, 0, 32;
    %flag_or 5, 4;
    %jmp/0xz T_41.1, 5;
    %pushi/vec4 0, 0, 1;
    %ix/getv/s 4, v01f6dba0_0;
    %store/vec4 v01f6db48_0, 4, 1;
    %load/vec4 v01f6dba0_0;
    %addi 1, 0, 32;
    %store/vec4 v01f6dba0_0, 0, 32;
    %jmp T_41.0;
T_41.1 ;
    %pushi/vec4 1, 0, 1;
    %ix/getv 4, v01f6dd00_0;
    %store/vec4 v01f6db48_0, 4, 1;
    %jmp T_41;
    .thread T_41, $push;
    .scope S_01f60a28;
T_42 ;
    %pushi/vec4 0, 0, 32;
    %store/vec4 v01f6dca8_0, 0, 32;
    %end;
    .thread T_42;
    .scope S_01f60a28;
T_43 ;
    %wait E_01fa2b70;
    %pushi/vec4 0, 0, 32;
    %store/vec4 v01f6dca8_0, 0, 32;
T_43.0 ;
    %load/vec4 v01f6dca8_0;
    %cmpi/s 15, 0, 32;
    %flag_or 5, 4;
    %jmp/0xz T_43.1, 5;
    %pushi/vec4 0, 0, 1;
    %ix/getv/s 4, v01f6dca8_0;
    %store/vec4 v01f6de60_0, 4, 1;
    %load/vec4 v01f6dca8_0;
    %addi 1, 0, 32;
    %store/vec4 v01f6dca8_0, 0, 32;
    %jmp T_43.0;
T_43.1 ;
    %pushi/vec4 1, 0, 1;
    %ix/getv 4, v01f6de08_0;
    %store/vec4 v01f6de60_0, 4, 1;
    %jmp T_43;
    .thread T_43, $push;
    .scope S_01f5fb10;
T_44 ;
    %pushi/vec4 0, 0, 32;
    %store/vec4 v01fc2d78_0, 0, 32;
    %end;
    .thread T_44;
    .scope S_01f5fb10;
T_45 ;
    %wait E_01fa2bc0;
    %pushi/vec4 0, 0, 32;
    %store/vec4 v01fc2d78_0, 0, 32;
T_45.0 ;
    %load/vec4 v01fc2d78_0;
    %cmpi/s 15, 0, 32;
    %flag_or 5, 4;
    %jmp/0xz T_45.1, 5;
    %pushi/vec4 0, 0, 1;
    %ix/getv/s 4, v01fc2d78_0;
    %store/vec4 v01fc2f30_0, 4, 1;
    %load/vec4 v01fc2d78_0;
    %addi 1, 0, 32;
    %store/vec4 v01fc2d78_0, 0, 32;
    %jmp T_45.0;
T_45.1 ;
    %pushi/vec4 1, 0, 1;
    %ix/getv 4, v01f6d678_0;
    %store/vec4 v01fc2f30_0, 4, 1;
    %jmp T_45;
    .thread T_45, $push;
    .scope S_01f61fa0;
T_46 ;
    %fork t_5, S_01f61fa0;
    %fork t_6, S_01f61fa0;
    %fork t_7, S_01f61fa0;
    %fork t_8, S_01f61fa0;
    %fork t_9, S_01f61fa0;
    %fork t_10, S_01f61fa0;
    %fork t_11, S_01f61fa0;
    %fork t_12, S_01f61fa0;
    %fork t_13, S_01f61fa0;
    %fork t_14, S_01f61fa0;
    %join;
    %join;
    %join;
    %join;
    %join;
    %join;
    %join;
    %join;
    %join;
    %join;
    %jmp t_4;
t_5 ;
    %pushi/vec4 0, 0, 1;
    %store/vec4 v02011ed8_0, 0, 1;
    %end;
t_6 ;
    %pushi/vec4 1, 0, 1;
    %store/vec4 v02012140_0, 0, 1;
    %end;
t_7 ;
    %pushi/vec4 0, 0, 1;
    %store/vec4 v02011b68_0, 0, 1;
    %end;
t_8 ;
    %pushi/vec4 0, 0, 4;
    %store/vec4 v02011bc0_0, 0, 4;
    %end;
t_9 ;
    %delay 1, 0;
    %pushi/vec4 1, 0, 1;
    %store/vec4 v02011ed8_0, 0, 1;
    %end;
t_10 ;
    %delay 1, 0;
    %pushi/vec4 0, 0, 1;
    %store/vec4 v02012140_0, 0, 1;
    %end;
t_11 ;
    %delay 1, 0;
    %pushi/vec4 1, 0, 32;
    %store/vec4 v02010e88_0, 0, 32;
    %end;
t_12 ;
    %delay 1, 0;
    %pushi/vec4 0, 0, 32;
    %store/vec4 v02011ab8_0, 0, 32;
    %end;
t_13 ;
    %delay 1, 0;
    %load/vec4 v02011c18_0;
    %store/vec4 v02011bc0_0, 0, 4;
    %end;
t_14 ;
    %delay 1, 0;
    %pushi/vec4 1, 0, 1;
    %store/vec4 v020122a0_0, 0, 1;
    %end;
    .scope S_01f61fa0;
t_4 ;
    %end;
    .thread T_46;
    .scope S_01f61fa0;
T_47 ;
    %delay 1, 0;
    %load/vec4 v02011b68_0;
    %inv;
    %store/vec4 v02011b68_0, 0, 1;
    %jmp T_47;
    .thread T_47;
    .scope S_01f61fa0;
T_48 ;
    %delay 1500, 0;
    %vpi_call 2 36 "$finish" {0 0 0};
    %end;
    .thread T_48;
    .scope S_01f61fa0;
T_49 ;
    %vpi_call 2 39 "$dumpfile", "ARM_CU_ALU_TestBench.vcd" {0 0 0};
    %vpi_call 2 40 "$dumpvars", 32'sb00000000000000000000000000000000, S_01f61fa0 {0 0 0};
    %vpi_call 2 41 "$display", " Test Results" {0 0 0};
    %vpi_call 2 42 "$monitor", "A=%4h,B=%4h,opcode=%3d,Out=%3h,FLAGS_OUT=%3d,FLAGS=%3d,S=%3d,ALUSTORE=%3d", v02010e88_0, v02011ab8_0, v02012458_0, v02011f30_0, v02011c18_0, v02011bc0_0, v020122a0_0, v02011a60_0 {0 0 0};
    %end;
    .thread T_49;
# The file index is used to find the file name in the following table.
:file_names 10;
    "N/A";
    "<interactive>";
    "ARM_CU_ALU_TestBench.v";
    "RegisterFile.v";
    "Decoder4x16.v";
    "Buffer32_32.v";
    "Multiplexer2x1_32b.v";
    "Register.v";
    "ARM_ALU.v";
    "controlunit.v";
