#! c:/iverilog-x86/bin/vvp
:ivl_version "10.0 (stable)" "(v10_0)";
:ivl_delay_selection "TYPICAL";
:vpi_time_precision + 0;
:vpi_module "system";
:vpi_module "vhdl_sys";
:vpi_module "v2005_math";
:vpi_module "va_math";
S_006dd658 .scope module, "RegisterFileTestBench4" "RegisterFileTestBench4" 2 1;
 .timescale 0 0;
P_006ae710 .param/l "sim_time" 0 2 3, +C4<0000000000000000000000000000000000000000000000000000010111011100>;
v021c9978_0 .var "Clk", 0 0;
v021c99d0_0 .var "IR_CU", 0 0;
v021c9a28_0 .var "LOAD", 0 0;
v021c9a80_0 .var "LOADPC", 0 0;
o006e2514 .functor BUFZ 32, C4<zzzzzzzzzzzzzzzzzzzzzzzzzzzzzzzz>; HiZ drive
v021c9ad8_0 .net "PCout", 31 0, o006e2514;  0 drivers
v021c9b30_0 .var "Pcin", 31 0;
v021c9b88_0 .var "RESET", 0 0;
v021c9be0_0 .var "RSLCT", 19 0;
RS_006e078c .resolv tri, L_021cd4b0, L_021cd560, L_021cd610, L_021cd6c0, L_021cd770, L_021cd820, L_021cd8d0, L_021cd980, L_021cda30, L_021cdae0, L_021cdb90, L_021cdc40, L_021cdcf0, L_021cdda0, L_021cde50, L_021cdf00;
v021c9c38_0 .net8 "Rm", 31 0, RS_006e078c;  16 drivers
RS_006dfe8c .resolv tri, L_021ca670, L_021ca720, L_021ca7d0, L_021ca880, L_021ca930, L_021ca9e0, L_021caa90, L_021cab40, L_021cabf0, L_021caca0, L_021cad50, L_021cae00, L_021caeb0, L_021caf60, L_021cd350, L_021cd400;
v021c9fe8_0 .net8 "Rn", 31 0, RS_006dfe8c;  16 drivers
RS_006e0f24 .resolv tri, L_021cdfb0, L_021ce060, L_021ce110, L_021ce1c0, L_021ce270, L_021d1960, L_021d1a10, L_021d1ac0, L_021d1b70, L_021d1c20, L_021d1cd0, L_021d1d80, L_021d1e30, L_021d1ee0, L_021d1f90, L_021d2040;
v021ca040_0 .net8 "Rs", 31 0, RS_006e0f24;  16 drivers
v021ca098_0 .var "in", 31 0;
S_006dd728 .scope module, "RF" "RegisterFile" 2 10, 3 1 0, S_006dd658;
 .timescale 0 0;
    .port_info 0 /INPUT 32 "in"
    .port_info 1 /INPUT 32 "Pcin"
    .port_info 2 /INPUT 20 "RSLCT"
    .port_info 3 /INPUT 1 "Clk"
    .port_info 4 /INPUT 1 "RESET"
    .port_info 5 /INPUT 1 "LOADPC"
    .port_info 6 /INPUT 1 "LOAD"
    .port_info 7 /INPUT 1 "IR_CU"
    .port_info 8 /OUTPUT 32 "Rn"
    .port_info 9 /OUTPUT 32 "Rm"
    .port_info 10 /OUTPUT 32 "Rs"
    .port_info 11 /OUTPUT 32 "PCout"
L_0071d3c8 .functor AND 1, L_021d2358, v021c9a28_0, C4<1>, C4<1>;
L_0071d410 .functor AND 1, v021c9a80_0, L_021d23b0, C4<1>, C4<1>;
L_0071d458 .functor AND 1, L_021d2460, v021c9a28_0, C4<1>, C4<1>;
v021c9190_0 .net "Clk", 0 0, v021c9978_0;  1 drivers
v021c91e8_0 .net "DecoderRd", 15 0, v006ac6b8_0;  1 drivers
v021c9240_0 .net "DecoderRm", 15 0, v006ac3a0_0;  1 drivers
v021c9298_0 .net "DecoderRn_CU", 15 0, v006ac298_0;  1 drivers
v021c92f0_0 .net "DecoderRs", 15 0, v006abf80_0;  1 drivers
v021c9348_0 .net "IR_CU", 0 0, v021c99d0_0;  1 drivers
v021c93a0_0 .net "LOAD", 0 0, v021c9a28_0;  1 drivers
v021c93f8_0 .net "LOADPC", 0 0, v021c9a80_0;  1 drivers
v021c9450_0 .net "PCout", 31 0, o006e2514;  alias, 0 drivers
v021c94a8_0 .net "Pcin", 31 0, v021c9b30_0;  1 drivers
v021c9500 .array "Q", 0 15;
v021c9500_0 .net v021c9500 0, 31 0, v0071a4d8_0; 1 drivers
v021c9500_1 .net v021c9500 1, 31 0, v0071d770_0; 1 drivers
v021c9500_2 .net v021c9500 2, 31 0, v0071d9d8_0; 1 drivers
v021c9500_3 .net v021c9500 3, 31 0, v0071dc40_0; 1 drivers
v021c9500_4 .net v021c9500 4, 31 0, v0071dea8_0; 1 drivers
v021c9500_5 .net v021c9500 5, 31 0, v0071e110_0; 1 drivers
v021c9500_6 .net v021c9500 6, 31 0, v0071e378_0; 1 drivers
v021c9500_7 .net v021c9500 7, 31 0, v0071e610_0; 1 drivers
v021c9500_8 .net v021c9500 8, 31 0, v0071e878_0; 1 drivers
v021c9500_9 .net v021c9500 9, 31 0, v0071eae0_0; 1 drivers
v021c9500_10 .net v021c9500 10, 31 0, v0071ed48_0; 1 drivers
v021c9500_11 .net v021c9500 11, 31 0, v0071efb0_0; 1 drivers
v021c9500_12 .net v021c9500 12, 31 0, v0071f218_0; 1 drivers
v021c9500_13 .net v021c9500 13, 31 0, v0071f480_0; 1 drivers
v021c9500_14 .net v021c9500 14, 31 0, v021c8e20_0; 1 drivers
v021c9500_15 .net v021c9500 15, 31 0, v021c9088_0; 1 drivers
v021c9558_0 .net "RESET", 0 0, v021c9b88_0;  1 drivers
v021c95b0_0 .net "RSLCT", 19 0, v021c9be0_0;  1 drivers
v021c9608_0 .net8 "Rm", 31 0, RS_006e078c;  alias, 16 drivers
v021c9660_0 .net8 "Rn", 31 0, RS_006dfe8c;  alias, 16 drivers
v021c96b8_0 .net8 "Rs", 31 0, RS_006e0f24;  alias, 16 drivers
v021c9710_0 .net "_RN_CU", 3 0, L_021d2148;  1 drivers
RS_006e177c .resolv tri, L_021d2300, L_021d2408;
v021c9768_0 .net8 "_pcin", 31 0, RS_006e177c;  2 drivers
v021c97c0_0 .net *"_s75", 0 0, L_021d2358;  1 drivers
v021c9818_0 .net *"_s76", 0 0, L_0071d3c8;  1 drivers
v021c9870_0 .net *"_s79", 0 0, L_021d23b0;  1 drivers
v021c98c8_0 .net *"_s83", 0 0, L_021d2460;  1 drivers
v021c9920_0 .net "in", 31 0, v021ca098_0;  1 drivers
L_021ca0f0 .part v006ac6b8_0, 0, 1;
L_021ca148 .part v006ac6b8_0, 1, 1;
L_021ca1a0 .part v006ac6b8_0, 2, 1;
L_021ca1f8 .part v006ac6b8_0, 3, 1;
L_021ca250 .part v006ac6b8_0, 4, 1;
L_021ca2a8 .part v006ac6b8_0, 5, 1;
L_021ca300 .part v006ac6b8_0, 6, 1;
L_021ca358 .part v006ac6b8_0, 7, 1;
L_021ca3b0 .part v006ac6b8_0, 8, 1;
L_021ca408 .part v006ac6b8_0, 9, 1;
L_021ca460 .part v006ac6b8_0, 10, 1;
L_021ca4b8 .part v006ac6b8_0, 11, 1;
L_021ca510 .part v006ac6b8_0, 12, 1;
L_021ca568 .part v006ac6b8_0, 13, 1;
L_021ca5c0 .part v006ac6b8_0, 14, 1;
L_021ca618 .part v006ac6b8_0, 15, 1;
L_021ca6c8 .part v006ac298_0, 0, 1;
L_021ca778 .part v006ac298_0, 1, 1;
L_021ca828 .part v006ac298_0, 2, 1;
L_021ca8d8 .part v006ac298_0, 3, 1;
L_021ca988 .part v006ac298_0, 4, 1;
L_021caa38 .part v006ac298_0, 5, 1;
L_021caae8 .part v006ac298_0, 6, 1;
L_021cab98 .part v006ac298_0, 7, 1;
L_021cac48 .part v006ac298_0, 8, 1;
L_021cacf8 .part v006ac298_0, 9, 1;
L_021cada8 .part v006ac298_0, 10, 1;
L_021cae58 .part v006ac298_0, 11, 1;
L_021caf08 .part v006ac298_0, 12, 1;
L_021cd2f8 .part v006ac298_0, 13, 1;
L_021cd3a8 .part v006ac298_0, 14, 1;
L_021cd458 .part v006ac298_0, 15, 1;
L_021cd508 .part v006ac3a0_0, 0, 1;
L_021cd5b8 .part v006ac3a0_0, 1, 1;
L_021cd668 .part v006ac3a0_0, 2, 1;
L_021cd718 .part v006ac3a0_0, 3, 1;
L_021cd7c8 .part v006ac3a0_0, 4, 1;
L_021cd878 .part v006ac3a0_0, 5, 1;
L_021cd928 .part v006ac3a0_0, 6, 1;
L_021cd9d8 .part v006ac3a0_0, 7, 1;
L_021cda88 .part v006ac3a0_0, 8, 1;
L_021cdb38 .part v006ac3a0_0, 9, 1;
L_021cdbe8 .part v006ac3a0_0, 10, 1;
L_021cdc98 .part v006ac3a0_0, 11, 1;
L_021cdd48 .part v006ac3a0_0, 12, 1;
L_021cddf8 .part v006ac3a0_0, 13, 1;
L_021cdea8 .part v006ac3a0_0, 14, 1;
L_021cdf58 .part v006ac3a0_0, 15, 1;
L_021ce008 .part v006abf80_0, 0, 1;
L_021ce0b8 .part v006abf80_0, 1, 1;
L_021ce168 .part v006abf80_0, 2, 1;
L_021ce218 .part v006abf80_0, 3, 1;
L_021d1908 .part v006abf80_0, 4, 1;
L_021d19b8 .part v006abf80_0, 5, 1;
L_021d1a68 .part v006abf80_0, 6, 1;
L_021d1b18 .part v006abf80_0, 7, 1;
L_021d1bc8 .part v006abf80_0, 8, 1;
L_021d1c78 .part v006abf80_0, 9, 1;
L_021d1d28 .part v006abf80_0, 10, 1;
L_021d1dd8 .part v006abf80_0, 11, 1;
L_021d1e88 .part v006abf80_0, 12, 1;
L_021d1f38 .part v006abf80_0, 13, 1;
L_021d1fe8 .part v006abf80_0, 14, 1;
L_021d2098 .part v006abf80_0, 15, 1;
L_021d20f0 .part v021c9be0_0, 12, 4;
L_021d21a0 .part v021c9be0_0, 16, 4;
L_021d21f8 .part v021c9be0_0, 0, 4;
L_021d2250 .part v021c9be0_0, 4, 4;
L_021d22a8 .part v021c9be0_0, 8, 4;
L_021d2358 .part v006ac6b8_0, 15, 1;
L_021d23b0 .reduce/nor L_0071d3c8;
L_021d2460 .part v006ac6b8_0, 15, 1;
S_0066e4f0 .scope module, "DRd" "Decoder4x16" 3 8, 4 1 0, S_006dd728;
 .timescale 0 0;
    .port_info 0 /INPUT 4 "IN"
    .port_info 1 /OUTPUT 16 "OUT"
v006ac660_0 .net "IN", 3 0, L_021d20f0;  1 drivers
v006ac6b8_0 .var "OUT", 15 0;
v006ac500_0 .var/i "i", 31 0;
E_006ae738 .event edge, v006ac660_0;
S_0079f8d8 .scope module, "DRm" "Decoder4x16" 3 21, 4 1 0, S_006dd728;
 .timescale 0 0;
    .port_info 0 /INPUT 4 "IN"
    .port_info 1 /OUTPUT 16 "OUT"
v006ac558_0 .net "IN", 3 0, L_021d2250;  1 drivers
v006ac3a0_0 .var "OUT", 15 0;
v006ac3f8_0 .var/i "i", 31 0;
E_006ae760 .event edge, v006ac558_0;
S_0079f9a8 .scope module, "DRn_CU" "Decoder4x16" 3 16, 4 1 0, S_006dd728;
 .timescale 0 0;
    .port_info 0 /INPUT 4 "IN"
    .port_info 1 /OUTPUT 16 "OUT"
v006ac240_0 .net "IN", 3 0, L_021d2148;  alias, 1 drivers
v006ac298_0 .var "OUT", 15 0;
v006ac0e0_0 .var/i "i", 31 0;
E_006ae788 .event edge, v006ac240_0;
S_0079f0d0 .scope module, "DRs" "Decoder4x16" 3 26, 4 1 0, S_006dd728;
 .timescale 0 0;
    .port_info 0 /INPUT 4 "IN"
    .port_info 1 /OUTPUT 16 "OUT"
v006ac138_0 .net "IN", 3 0, L_021d22a8;  1 drivers
v006abf80_0 .var "OUT", 15 0;
v006abfd8_0 .var/i "i", 31 0;
E_006de358 .event edge, v006ac138_0;
S_0079f1a0 .scope generate, "buffers[0]" "buffers[0]" 3 53, 3 53 0, S_006dd728;
 .timescale 0 0;
P_006de3a8 .param/l "i" 0 3 53, +C4<00>;
S_00794f60 .scope module, "bufffer" "Buffer32_32" 3 55, 5 1 0, S_0079f1a0;
 .timescale 0 0;
    .port_info 0 /INPUT 32 "IN"
    .port_info 1 /INPUT 1 "Store"
    .port_info 2 /OUTPUT 32 "OUT"
v006acea0_0 .net "IN", 31 0, v0071a4d8_0;  alias, 1 drivers
v006acdf0_0 .net8 "OUT", 31 0, RS_006dfe8c;  alias, 16 drivers
v006acd40_0 .net "Store", 0 0, L_021ca6c8;  1 drivers
o006dfebc .functor BUFZ 32, C4<zzzzzzzzzzzzzzzzzzzzzzzzzzzzzzzz>; HiZ drive
; Elide local net with no drivers, v006acc90_0 name=_s0
L_021ca670 .functor MUXZ 32, o006dfebc, v0071a4d8_0, L_021ca6c8, C4<>;
S_00795030 .scope generate, "buffers[1]" "buffers[1]" 3 53, 3 53 0, S_006dd728;
 .timescale 0 0;
P_006de3d0 .param/l "i" 0 3 53, +C4<01>;
S_00793760 .scope module, "bufffer" "Buffer32_32" 3 55, 5 1 0, S_00795030;
 .timescale 0 0;
    .port_info 0 /INPUT 32 "IN"
    .port_info 1 /INPUT 1 "Store"
    .port_info 2 /OUTPUT 32 "OUT"
v006acbe0_0 .net "IN", 31 0, v0071d770_0;  alias, 1 drivers
v006acb30_0 .net8 "OUT", 31 0, RS_006dfe8c;  alias, 16 drivers
v006aca80_0 .net "Store", 0 0, L_021ca778;  1 drivers
o006dff4c .functor BUFZ 32, C4<zzzzzzzzzzzzzzzzzzzzzzzzzzzzzzzz>; HiZ drive
; Elide local net with no drivers, v006ac9d0_0 name=_s0
L_021ca720 .functor MUXZ 32, o006dff4c, v0071d770_0, L_021ca778, C4<>;
S_00793830 .scope generate, "buffers[2]" "buffers[2]" 3 53, 3 53 0, S_006dd728;
 .timescale 0 0;
P_006de3f8 .param/l "i" 0 3 53, +C4<010>;
S_006d4aa0 .scope module, "bufffer" "Buffer32_32" 3 55, 5 1 0, S_00793830;
 .timescale 0 0;
    .port_info 0 /INPUT 32 "IN"
    .port_info 1 /INPUT 1 "Store"
    .port_info 2 /OUTPUT 32 "OUT"
v006ac920_0 .net "IN", 31 0, v0071d9d8_0;  alias, 1 drivers
v006ac870_0 .net8 "OUT", 31 0, RS_006dfe8c;  alias, 16 drivers
v006ac7c0_0 .net "Store", 0 0, L_021ca828;  1 drivers
o006dffdc .functor BUFZ 32, C4<zzzzzzzzzzzzzzzzzzzzzzzzzzzzzzzz>; HiZ drive
; Elide local net with no drivers, v006c6b30_0 name=_s0
L_021ca7d0 .functor MUXZ 32, o006dffdc, v0071d9d8_0, L_021ca828, C4<>;
S_006d4b70 .scope generate, "buffers[3]" "buffers[3]" 3 53, 3 53 0, S_006dd728;
 .timescale 0 0;
P_006de420 .param/l "i" 0 3 53, +C4<011>;
S_006751e8 .scope module, "bufffer" "Buffer32_32" 3 55, 5 1 0, S_006d4b70;
 .timescale 0 0;
    .port_info 0 /INPUT 32 "IN"
    .port_info 1 /INPUT 1 "Store"
    .port_info 2 /OUTPUT 32 "OUT"
v006c6978_0 .net "IN", 31 0, v0071dc40_0;  alias, 1 drivers
v006c6710_0 .net8 "OUT", 31 0, RS_006dfe8c;  alias, 16 drivers
v006c6660_0 .net "Store", 0 0, L_021ca8d8;  1 drivers
o006e006c .functor BUFZ 32, C4<zzzzzzzzzzzzzzzzzzzzzzzzzzzzzzzz>; HiZ drive
; Elide local net with no drivers, v006c65b0_0 name=_s0
L_021ca880 .functor MUXZ 32, o006e006c, v0071dc40_0, L_021ca8d8, C4<>;
S_006752b8 .scope generate, "buffers[4]" "buffers[4]" 3 53, 3 53 0, S_006dd728;
 .timescale 0 0;
P_006de380 .param/l "i" 0 3 53, +C4<0100>;
S_00712ca0 .scope module, "bufffer" "Buffer32_32" 3 55, 5 1 0, S_006752b8;
 .timescale 0 0;
    .port_info 0 /INPUT 32 "IN"
    .port_info 1 /INPUT 1 "Store"
    .port_info 2 /OUTPUT 32 "OUT"
v006c6500_0 .net "IN", 31 0, v0071dea8_0;  alias, 1 drivers
v006c6450_0 .net8 "OUT", 31 0, RS_006dfe8c;  alias, 16 drivers
v006c63a0_0 .net "Store", 0 0, L_021ca988;  1 drivers
o006e00fc .functor BUFZ 32, C4<zzzzzzzzzzzzzzzzzzzzzzzzzzzzzzzz>; HiZ drive
; Elide local net with no drivers, v006c62f0_0 name=_s0
L_021ca930 .functor MUXZ 32, o006e00fc, v0071dea8_0, L_021ca988, C4<>;
S_00712d70 .scope generate, "buffers[5]" "buffers[5]" 3 53, 3 53 0, S_006dd728;
 .timescale 0 0;
P_006de448 .param/l "i" 0 3 53, +C4<0101>;
S_00712e58 .scope module, "bufffer" "Buffer32_32" 3 55, 5 1 0, S_00712d70;
 .timescale 0 0;
    .port_info 0 /INPUT 32 "IN"
    .port_info 1 /INPUT 1 "Store"
    .port_info 2 /OUTPUT 32 "OUT"
v006c6240_0 .net "IN", 31 0, v0071e110_0;  alias, 1 drivers
v006c6190_0 .net8 "OUT", 31 0, RS_006dfe8c;  alias, 16 drivers
v006c60e0_0 .net "Store", 0 0, L_021caa38;  1 drivers
o006e018c .functor BUFZ 32, C4<zzzzzzzzzzzzzzzzzzzzzzzzzzzzzzzz>; HiZ drive
; Elide local net with no drivers, v006c6030_0 name=_s0
L_021ca9e0 .functor MUXZ 32, o006e018c, v0071e110_0, L_021caa38, C4<>;
S_00712f28 .scope generate, "buffers[6]" "buffers[6]" 3 53, 3 53 0, S_006dd728;
 .timescale 0 0;
P_006de470 .param/l "i" 0 3 53, +C4<0110>;
S_00712ff8 .scope module, "bufffer" "Buffer32_32" 3 55, 5 1 0, S_00712f28;
 .timescale 0 0;
    .port_info 0 /INPUT 32 "IN"
    .port_info 1 /INPUT 1 "Store"
    .port_info 2 /OUTPUT 32 "OUT"
v006c5f80_0 .net "IN", 31 0, v0071e378_0;  alias, 1 drivers
v006c5ed0_0 .net8 "OUT", 31 0, RS_006dfe8c;  alias, 16 drivers
v006c5e20_0 .net "Store", 0 0, L_021caae8;  1 drivers
o006e021c .functor BUFZ 32, C4<zzzzzzzzzzzzzzzzzzzzzzzzzzzzzzzz>; HiZ drive
; Elide local net with no drivers, v006c6c38_0 name=_s0
L_021caa90 .functor MUXZ 32, o006e021c, v0071e378_0, L_021caae8, C4<>;
S_007130c8 .scope generate, "buffers[7]" "buffers[7]" 3 53, 3 53 0, S_006dd728;
 .timescale 0 0;
P_006de498 .param/l "i" 0 3 53, +C4<0111>;
S_00713198 .scope module, "bufffer" "Buffer32_32" 3 55, 5 1 0, S_007130c8;
 .timescale 0 0;
    .port_info 0 /INPUT 32 "IN"
    .port_info 1 /INPUT 1 "Store"
    .port_info 2 /OUTPUT 32 "OUT"
v006c6c90_0 .net "IN", 31 0, v0071e610_0;  alias, 1 drivers
v006c6ce8_0 .net8 "OUT", 31 0, RS_006dfe8c;  alias, 16 drivers
v006c6d40_0 .net "Store", 0 0, L_021cab98;  1 drivers
o006e02ac .functor BUFZ 32, C4<zzzzzzzzzzzzzzzzzzzzzzzzzzzzzzzz>; HiZ drive
; Elide local net with no drivers, v006c6d98_0 name=_s0
L_021cab40 .functor MUXZ 32, o006e02ac, v0071e610_0, L_021cab98, C4<>;
S_00713268 .scope generate, "buffers[8]" "buffers[8]" 3 53, 3 53 0, S_006dd728;
 .timescale 0 0;
P_006de4c0 .param/l "i" 0 3 53, +C4<01000>;
S_00713338 .scope module, "bufffer" "Buffer32_32" 3 55, 5 1 0, S_00713268;
 .timescale 0 0;
    .port_info 0 /INPUT 32 "IN"
    .port_info 1 /INPUT 1 "Store"
    .port_info 2 /OUTPUT 32 "OUT"
v006b7d40_0 .net "IN", 31 0, v0071e878_0;  alias, 1 drivers
v006b7c90_0 .net8 "OUT", 31 0, RS_006dfe8c;  alias, 16 drivers
v006b7be0_0 .net "Store", 0 0, L_021cac48;  1 drivers
o006e033c .functor BUFZ 32, C4<zzzzzzzzzzzzzzzzzzzzzzzzzzzzzzzz>; HiZ drive
; Elide local net with no drivers, v006b7b30_0 name=_s0
L_021cabf0 .functor MUXZ 32, o006e033c, v0071e878_0, L_021cac48, C4<>;
S_00713408 .scope generate, "buffers[9]" "buffers[9]" 3 53, 3 53 0, S_006dd728;
 .timescale 0 0;
P_006de4e8 .param/l "i" 0 3 53, +C4<01001>;
S_007134d8 .scope module, "bufffer" "Buffer32_32" 3 55, 5 1 0, S_00713408;
 .timescale 0 0;
    .port_info 0 /INPUT 32 "IN"
    .port_info 1 /INPUT 1 "Store"
    .port_info 2 /OUTPUT 32 "OUT"
v006b7a80_0 .net "IN", 31 0, v0071eae0_0;  alias, 1 drivers
v006b79d0_0 .net8 "OUT", 31 0, RS_006dfe8c;  alias, 16 drivers
v006b7920_0 .net "Store", 0 0, L_021cacf8;  1 drivers
o006e03cc .functor BUFZ 32, C4<zzzzzzzzzzzzzzzzzzzzzzzzzzzzzzzz>; HiZ drive
; Elide local net with no drivers, v006b7870_0 name=_s0
L_021caca0 .functor MUXZ 32, o006e03cc, v0071eae0_0, L_021cacf8, C4<>;
S_007135a8 .scope generate, "buffers[10]" "buffers[10]" 3 53, 3 53 0, S_006dd728;
 .timescale 0 0;
P_006de510 .param/l "i" 0 3 53, +C4<01010>;
S_00713678 .scope module, "bufffer" "Buffer32_32" 3 55, 5 1 0, S_007135a8;
 .timescale 0 0;
    .port_info 0 /INPUT 32 "IN"
    .port_info 1 /INPUT 1 "Store"
    .port_info 2 /OUTPUT 32 "OUT"
v006b77c0_0 .net "IN", 31 0, v0071ed48_0;  alias, 1 drivers
v006b7710_0 .net8 "OUT", 31 0, RS_006dfe8c;  alias, 16 drivers
v006b7660_0 .net "Store", 0 0, L_021cada8;  1 drivers
o006e045c .functor BUFZ 32, C4<zzzzzzzzzzzzzzzzzzzzzzzzzzzzzzzz>; HiZ drive
; Elide local net with no drivers, v006b75b0_0 name=_s0
L_021cad50 .functor MUXZ 32, o006e045c, v0071ed48_0, L_021cada8, C4<>;
S_00713748 .scope generate, "buffers[11]" "buffers[11]" 3 53, 3 53 0, S_006dd728;
 .timescale 0 0;
P_006de538 .param/l "i" 0 3 53, +C4<01011>;
S_00713818 .scope module, "bufffer" "Buffer32_32" 3 55, 5 1 0, S_00713748;
 .timescale 0 0;
    .port_info 0 /INPUT 32 "IN"
    .port_info 1 /INPUT 1 "Store"
    .port_info 2 /OUTPUT 32 "OUT"
v006b7500_0 .net "IN", 31 0, v0071efb0_0;  alias, 1 drivers
v006b7450_0 .net8 "OUT", 31 0, RS_006dfe8c;  alias, 16 drivers
v006b73a0_0 .net "Store", 0 0, L_021cae58;  1 drivers
o006e04ec .functor BUFZ 32, C4<zzzzzzzzzzzzzzzzzzzzzzzzzzzzzzzz>; HiZ drive
; Elide local net with no drivers, v006b72f0_0 name=_s0
L_021cae00 .functor MUXZ 32, o006e04ec, v0071efb0_0, L_021cae58, C4<>;
S_007138e8 .scope generate, "buffers[12]" "buffers[12]" 3 53, 3 53 0, S_006dd728;
 .timescale 0 0;
P_006de560 .param/l "i" 0 3 53, +C4<01100>;
S_007139b8 .scope module, "bufffer" "Buffer32_32" 3 55, 5 1 0, S_007138e8;
 .timescale 0 0;
    .port_info 0 /INPUT 32 "IN"
    .port_info 1 /INPUT 1 "Store"
    .port_info 2 /OUTPUT 32 "OUT"
v006b7240_0 .net "IN", 31 0, v0071f218_0;  alias, 1 drivers
v006b7190_0 .net8 "OUT", 31 0, RS_006dfe8c;  alias, 16 drivers
v006b70e0_0 .net "Store", 0 0, L_021caf08;  1 drivers
o006e057c .functor BUFZ 32, C4<zzzzzzzzzzzzzzzzzzzzzzzzzzzzzzzz>; HiZ drive
; Elide local net with no drivers, v006b7030_0 name=_s0
L_021caeb0 .functor MUXZ 32, o006e057c, v0071f218_0, L_021caf08, C4<>;
S_00713a88 .scope generate, "buffers[13]" "buffers[13]" 3 53, 3 53 0, S_006dd728;
 .timescale 0 0;
P_006de588 .param/l "i" 0 3 53, +C4<01101>;
S_00713b58 .scope module, "bufffer" "Buffer32_32" 3 55, 5 1 0, S_00713a88;
 .timescale 0 0;
    .port_info 0 /INPUT 32 "IN"
    .port_info 1 /INPUT 1 "Store"
    .port_info 2 /OUTPUT 32 "OUT"
v006b6f80_0 .net "IN", 31 0, v0071f480_0;  alias, 1 drivers
v006b6ed0_0 .net8 "OUT", 31 0, RS_006dfe8c;  alias, 16 drivers
v006b6e20_0 .net "Store", 0 0, L_021cd2f8;  1 drivers
o006e060c .functor BUFZ 32, C4<zzzzzzzzzzzzzzzzzzzzzzzzzzzzzzzz>; HiZ drive
; Elide local net with no drivers, v0068c660_0 name=_s0
L_021caf60 .functor MUXZ 32, o006e060c, v0071f480_0, L_021cd2f8, C4<>;
S_00713c28 .scope generate, "buffers[14]" "buffers[14]" 3 53, 3 53 0, S_006dd728;
 .timescale 0 0;
P_006de5b0 .param/l "i" 0 3 53, +C4<01110>;
S_00713cf8 .scope module, "bufffer" "Buffer32_32" 3 55, 5 1 0, S_00713c28;
 .timescale 0 0;
    .port_info 0 /INPUT 32 "IN"
    .port_info 1 /INPUT 1 "Store"
    .port_info 2 /OUTPUT 32 "OUT"
v0068c6b8_0 .net "IN", 31 0, v021c8e20_0;  alias, 1 drivers
v0068c500_0 .net8 "OUT", 31 0, RS_006dfe8c;  alias, 16 drivers
v0068c558_0 .net "Store", 0 0, L_021cd3a8;  1 drivers
o006e069c .functor BUFZ 32, C4<zzzzzzzzzzzzzzzzzzzzzzzzzzzzzzzz>; HiZ drive
; Elide local net with no drivers, v0068c3a0_0 name=_s0
L_021cd350 .functor MUXZ 32, o006e069c, v021c8e20_0, L_021cd3a8, C4<>;
S_00713dc8 .scope generate, "buffers[15]" "buffers[15]" 3 53, 3 53 0, S_006dd728;
 .timescale 0 0;
P_006de5d8 .param/l "i" 0 3 53, +C4<01111>;
S_00713e98 .scope module, "bufffer" "Buffer32_32" 3 55, 5 1 0, S_00713dc8;
 .timescale 0 0;
    .port_info 0 /INPUT 32 "IN"
    .port_info 1 /INPUT 1 "Store"
    .port_info 2 /OUTPUT 32 "OUT"
v0068c3f8_0 .net "IN", 31 0, v021c9088_0;  alias, 1 drivers
v0068c240_0 .net8 "OUT", 31 0, RS_006dfe8c;  alias, 16 drivers
v0068c298_0 .net "Store", 0 0, L_021cd458;  1 drivers
o006e072c .functor BUFZ 32, C4<zzzzzzzzzzzzzzzzzzzzzzzzzzzzzzzz>; HiZ drive
; Elide local net with no drivers, v0068c0e0_0 name=_s0
L_021cd400 .functor MUXZ 32, o006e072c, v021c9088_0, L_021cd458, C4<>;
S_00713f68 .scope generate, "buffers2[0]" "buffers2[0]" 3 57, 3 57 0, S_006dd728;
 .timescale 0 0;
P_006de600 .param/l "i" 0 3 57, +C4<00>;
S_00714038 .scope module, "bufffer2" "Buffer32_32" 3 59, 5 1 0, S_00713f68;
 .timescale 0 0;
    .port_info 0 /INPUT 32 "IN"
    .port_info 1 /INPUT 1 "Store"
    .port_info 2 /OUTPUT 32 "OUT"
v0068c138_0 .net "IN", 31 0, v0071a4d8_0;  alias, 1 drivers
v0068bf80_0 .net8 "OUT", 31 0, RS_006e078c;  alias, 16 drivers
v0068bfd8_0 .net "Store", 0 0, L_021cd508;  1 drivers
o006e07bc .functor BUFZ 32, C4<zzzzzzzzzzzzzzzzzzzzzzzzzzzzzzzz>; HiZ drive
; Elide local net with no drivers, v0068be20_0 name=_s0
L_021cd4b0 .functor MUXZ 32, o006e07bc, v0071a4d8_0, L_021cd508, C4<>;
S_00714108 .scope generate, "buffers2[1]" "buffers2[1]" 3 57, 3 57 0, S_006dd728;
 .timescale 0 0;
P_006de628 .param/l "i" 0 3 57, +C4<01>;
S_007141d8 .scope module, "bufffer2" "Buffer32_32" 3 59, 5 1 0, S_00714108;
 .timescale 0 0;
    .port_info 0 /INPUT 32 "IN"
    .port_info 1 /INPUT 1 "Store"
    .port_info 2 /OUTPUT 32 "OUT"
v0068be78_0 .net "IN", 31 0, v0071d770_0;  alias, 1 drivers
v0068bcc0_0 .net8 "OUT", 31 0, RS_006e078c;  alias, 16 drivers
v0068bd18_0 .net "Store", 0 0, L_021cd5b8;  1 drivers
o006e0834 .functor BUFZ 32, C4<zzzzzzzzzzzzzzzzzzzzzzzzzzzzzzzz>; HiZ drive
; Elide local net with no drivers, v0068bb60_0 name=_s0
L_021cd560 .functor MUXZ 32, o006e0834, v0071d770_0, L_021cd5b8, C4<>;
S_007142a8 .scope generate, "buffers2[2]" "buffers2[2]" 3 57, 3 57 0, S_006dd728;
 .timescale 0 0;
P_006de650 .param/l "i" 0 3 57, +C4<010>;
S_00714378 .scope module, "bufffer2" "Buffer32_32" 3 59, 5 1 0, S_007142a8;
 .timescale 0 0;
    .port_info 0 /INPUT 32 "IN"
    .port_info 1 /INPUT 1 "Store"
    .port_info 2 /OUTPUT 32 "OUT"
v0068bbb8_0 .net "IN", 31 0, v0071d9d8_0;  alias, 1 drivers
v00714f20_0 .net8 "OUT", 31 0, RS_006e078c;  alias, 16 drivers
v00714f78_0 .net "Store", 0 0, L_021cd668;  1 drivers
o006e08ac .functor BUFZ 32, C4<zzzzzzzzzzzzzzzzzzzzzzzzzzzzzzzz>; HiZ drive
; Elide local net with no drivers, v00714fd0_0 name=_s0
L_021cd610 .functor MUXZ 32, o006e08ac, v0071d9d8_0, L_021cd668, C4<>;
S_00714448 .scope generate, "buffers2[3]" "buffers2[3]" 3 57, 3 57 0, S_006dd728;
 .timescale 0 0;
P_006de678 .param/l "i" 0 3 57, +C4<011>;
S_00714518 .scope module, "bufffer2" "Buffer32_32" 3 59, 5 1 0, S_00714448;
 .timescale 0 0;
    .port_info 0 /INPUT 32 "IN"
    .port_info 1 /INPUT 1 "Store"
    .port_info 2 /OUTPUT 32 "OUT"
v00715028_0 .net "IN", 31 0, v0071dc40_0;  alias, 1 drivers
v00715080_0 .net8 "OUT", 31 0, RS_006e078c;  alias, 16 drivers
v007150d8_0 .net "Store", 0 0, L_021cd718;  1 drivers
o006e0924 .functor BUFZ 32, C4<zzzzzzzzzzzzzzzzzzzzzzzzzzzzzzzz>; HiZ drive
; Elide local net with no drivers, v00715130_0 name=_s0
L_021cd6c0 .functor MUXZ 32, o006e0924, v0071dc40_0, L_021cd718, C4<>;
S_007145e8 .scope generate, "buffers2[4]" "buffers2[4]" 3 57, 3 57 0, S_006dd728;
 .timescale 0 0;
P_006de6a0 .param/l "i" 0 3 57, +C4<0100>;
S_007146b8 .scope module, "bufffer2" "Buffer32_32" 3 59, 5 1 0, S_007145e8;
 .timescale 0 0;
    .port_info 0 /INPUT 32 "IN"
    .port_info 1 /INPUT 1 "Store"
    .port_info 2 /OUTPUT 32 "OUT"
v00715188_0 .net "IN", 31 0, v0071dea8_0;  alias, 1 drivers
v007151e0_0 .net8 "OUT", 31 0, RS_006e078c;  alias, 16 drivers
v00715238_0 .net "Store", 0 0, L_021cd7c8;  1 drivers
o006e099c .functor BUFZ 32, C4<zzzzzzzzzzzzzzzzzzzzzzzzzzzzzzzz>; HiZ drive
; Elide local net with no drivers, v00715290_0 name=_s0
L_021cd770 .functor MUXZ 32, o006e099c, v0071dea8_0, L_021cd7c8, C4<>;
S_00714788 .scope generate, "buffers2[5]" "buffers2[5]" 3 57, 3 57 0, S_006dd728;
 .timescale 0 0;
P_006de6c8 .param/l "i" 0 3 57, +C4<0101>;
S_00714858 .scope module, "bufffer2" "Buffer32_32" 3 59, 5 1 0, S_00714788;
 .timescale 0 0;
    .port_info 0 /INPUT 32 "IN"
    .port_info 1 /INPUT 1 "Store"
    .port_info 2 /OUTPUT 32 "OUT"
v007152e8_0 .net "IN", 31 0, v0071e110_0;  alias, 1 drivers
v00715340_0 .net8 "OUT", 31 0, RS_006e078c;  alias, 16 drivers
v00715398_0 .net "Store", 0 0, L_021cd878;  1 drivers
o006e0a14 .functor BUFZ 32, C4<zzzzzzzzzzzzzzzzzzzzzzzzzzzzzzzz>; HiZ drive
; Elide local net with no drivers, v007153f0_0 name=_s0
L_021cd820 .functor MUXZ 32, o006e0a14, v0071e110_0, L_021cd878, C4<>;
S_00714928 .scope generate, "buffers2[6]" "buffers2[6]" 3 57, 3 57 0, S_006dd728;
 .timescale 0 0;
P_006de6f0 .param/l "i" 0 3 57, +C4<0110>;
S_007149f8 .scope module, "bufffer2" "Buffer32_32" 3 59, 5 1 0, S_00714928;
 .timescale 0 0;
    .port_info 0 /INPUT 32 "IN"
    .port_info 1 /INPUT 1 "Store"
    .port_info 2 /OUTPUT 32 "OUT"
v00715448_0 .net "IN", 31 0, v0071e378_0;  alias, 1 drivers
v007154a0_0 .net8 "OUT", 31 0, RS_006e078c;  alias, 16 drivers
v007154f8_0 .net "Store", 0 0, L_021cd928;  1 drivers
o006e0a8c .functor BUFZ 32, C4<zzzzzzzzzzzzzzzzzzzzzzzzzzzzzzzz>; HiZ drive
; Elide local net with no drivers, v00715550_0 name=_s0
L_021cd8d0 .functor MUXZ 32, o006e0a8c, v0071e378_0, L_021cd928, C4<>;
S_00714ac8 .scope generate, "buffers2[7]" "buffers2[7]" 3 57, 3 57 0, S_006dd728;
 .timescale 0 0;
P_006de718 .param/l "i" 0 3 57, +C4<0111>;
S_00714b98 .scope module, "bufffer2" "Buffer32_32" 3 59, 5 1 0, S_00714ac8;
 .timescale 0 0;
    .port_info 0 /INPUT 32 "IN"
    .port_info 1 /INPUT 1 "Store"
    .port_info 2 /OUTPUT 32 "OUT"
v007155a8_0 .net "IN", 31 0, v0071e610_0;  alias, 1 drivers
v00715600_0 .net8 "OUT", 31 0, RS_006e078c;  alias, 16 drivers
v00715658_0 .net "Store", 0 0, L_021cd9d8;  1 drivers
o006e0b04 .functor BUFZ 32, C4<zzzzzzzzzzzzzzzzzzzzzzzzzzzzzzzz>; HiZ drive
; Elide local net with no drivers, v007156b0_0 name=_s0
L_021cd980 .functor MUXZ 32, o006e0b04, v0071e610_0, L_021cd9d8, C4<>;
S_00714c68 .scope generate, "buffers2[8]" "buffers2[8]" 3 57, 3 57 0, S_006dd728;
 .timescale 0 0;
P_006de740 .param/l "i" 0 3 57, +C4<01000>;
S_00714d38 .scope module, "bufffer2" "Buffer32_32" 3 59, 5 1 0, S_00714c68;
 .timescale 0 0;
    .port_info 0 /INPUT 32 "IN"
    .port_info 1 /INPUT 1 "Store"
    .port_info 2 /OUTPUT 32 "OUT"
v00715708_0 .net "IN", 31 0, v0071e878_0;  alias, 1 drivers
v00715760_0 .net8 "OUT", 31 0, RS_006e078c;  alias, 16 drivers
v007157b8_0 .net "Store", 0 0, L_021cda88;  1 drivers
o006e0b7c .functor BUFZ 32, C4<zzzzzzzzzzzzzzzzzzzzzzzzzzzzzzzz>; HiZ drive
; Elide local net with no drivers, v00715810_0 name=_s0
L_021cda30 .functor MUXZ 32, o006e0b7c, v0071e878_0, L_021cda88, C4<>;
S_007163e8 .scope generate, "buffers2[9]" "buffers2[9]" 3 57, 3 57 0, S_006dd728;
 .timescale 0 0;
P_006de768 .param/l "i" 0 3 57, +C4<01001>;
S_007164b8 .scope module, "bufffer2" "Buffer32_32" 3 59, 5 1 0, S_007163e8;
 .timescale 0 0;
    .port_info 0 /INPUT 32 "IN"
    .port_info 1 /INPUT 1 "Store"
    .port_info 2 /OUTPUT 32 "OUT"
v00715868_0 .net "IN", 31 0, v0071eae0_0;  alias, 1 drivers
v007158c0_0 .net8 "OUT", 31 0, RS_006e078c;  alias, 16 drivers
v00715918_0 .net "Store", 0 0, L_021cdb38;  1 drivers
o006e0bf4 .functor BUFZ 32, C4<zzzzzzzzzzzzzzzzzzzzzzzzzzzzzzzz>; HiZ drive
; Elide local net with no drivers, v00715970_0 name=_s0
L_021cdae0 .functor MUXZ 32, o006e0bf4, v0071eae0_0, L_021cdb38, C4<>;
S_00716588 .scope generate, "buffers2[10]" "buffers2[10]" 3 57, 3 57 0, S_006dd728;
 .timescale 0 0;
P_006de790 .param/l "i" 0 3 57, +C4<01010>;
S_00716658 .scope module, "bufffer2" "Buffer32_32" 3 59, 5 1 0, S_00716588;
 .timescale 0 0;
    .port_info 0 /INPUT 32 "IN"
    .port_info 1 /INPUT 1 "Store"
    .port_info 2 /OUTPUT 32 "OUT"
v007159c8_0 .net "IN", 31 0, v0071ed48_0;  alias, 1 drivers
v00715a20_0 .net8 "OUT", 31 0, RS_006e078c;  alias, 16 drivers
v00715a78_0 .net "Store", 0 0, L_021cdbe8;  1 drivers
o006e0c6c .functor BUFZ 32, C4<zzzzzzzzzzzzzzzzzzzzzzzzzzzzzzzz>; HiZ drive
; Elide local net with no drivers, v00715ad0_0 name=_s0
L_021cdb90 .functor MUXZ 32, o006e0c6c, v0071ed48_0, L_021cdbe8, C4<>;
S_00716728 .scope generate, "buffers2[11]" "buffers2[11]" 3 57, 3 57 0, S_006dd728;
 .timescale 0 0;
P_006de7b8 .param/l "i" 0 3 57, +C4<01011>;
S_007167f8 .scope module, "bufffer2" "Buffer32_32" 3 59, 5 1 0, S_00716728;
 .timescale 0 0;
    .port_info 0 /INPUT 32 "IN"
    .port_info 1 /INPUT 1 "Store"
    .port_info 2 /OUTPUT 32 "OUT"
v00715b28_0 .net "IN", 31 0, v0071efb0_0;  alias, 1 drivers
v00715b80_0 .net8 "OUT", 31 0, RS_006e078c;  alias, 16 drivers
v00715bd8_0 .net "Store", 0 0, L_021cdc98;  1 drivers
o006e0ce4 .functor BUFZ 32, C4<zzzzzzzzzzzzzzzzzzzzzzzzzzzzzzzz>; HiZ drive
; Elide local net with no drivers, v00715c30_0 name=_s0
L_021cdc40 .functor MUXZ 32, o006e0ce4, v0071efb0_0, L_021cdc98, C4<>;
S_007168c8 .scope generate, "buffers2[12]" "buffers2[12]" 3 57, 3 57 0, S_006dd728;
 .timescale 0 0;
P_006de7e0 .param/l "i" 0 3 57, +C4<01100>;
S_00716998 .scope module, "bufffer2" "Buffer32_32" 3 59, 5 1 0, S_007168c8;
 .timescale 0 0;
    .port_info 0 /INPUT 32 "IN"
    .port_info 1 /INPUT 1 "Store"
    .port_info 2 /OUTPUT 32 "OUT"
v00715c88_0 .net "IN", 31 0, v0071f218_0;  alias, 1 drivers
v00715ce0_0 .net8 "OUT", 31 0, RS_006e078c;  alias, 16 drivers
v00715d38_0 .net "Store", 0 0, L_021cdd48;  1 drivers
o006e0d5c .functor BUFZ 32, C4<zzzzzzzzzzzzzzzzzzzzzzzzzzzzzzzz>; HiZ drive
; Elide local net with no drivers, v00715d90_0 name=_s0
L_021cdcf0 .functor MUXZ 32, o006e0d5c, v0071f218_0, L_021cdd48, C4<>;
S_00716a68 .scope generate, "buffers2[13]" "buffers2[13]" 3 57, 3 57 0, S_006dd728;
 .timescale 0 0;
P_006de808 .param/l "i" 0 3 57, +C4<01101>;
S_00716b38 .scope module, "bufffer2" "Buffer32_32" 3 59, 5 1 0, S_00716a68;
 .timescale 0 0;
    .port_info 0 /INPUT 32 "IN"
    .port_info 1 /INPUT 1 "Store"
    .port_info 2 /OUTPUT 32 "OUT"
v00715de8_0 .net "IN", 31 0, v0071f480_0;  alias, 1 drivers
v00715e40_0 .net8 "OUT", 31 0, RS_006e078c;  alias, 16 drivers
v00715e98_0 .net "Store", 0 0, L_021cddf8;  1 drivers
o006e0dd4 .functor BUFZ 32, C4<zzzzzzzzzzzzzzzzzzzzzzzzzzzzzzzz>; HiZ drive
; Elide local net with no drivers, v007184f0_0 name=_s0
L_021cdda0 .functor MUXZ 32, o006e0dd4, v0071f480_0, L_021cddf8, C4<>;
S_00716c08 .scope generate, "buffers2[14]" "buffers2[14]" 3 57, 3 57 0, S_006dd728;
 .timescale 0 0;
P_006de830 .param/l "i" 0 3 57, +C4<01110>;
S_00716cd8 .scope module, "bufffer2" "Buffer32_32" 3 59, 5 1 0, S_00716c08;
 .timescale 0 0;
    .port_info 0 /INPUT 32 "IN"
    .port_info 1 /INPUT 1 "Store"
    .port_info 2 /OUTPUT 32 "OUT"
v00718548_0 .net "IN", 31 0, v021c8e20_0;  alias, 1 drivers
v007185a0_0 .net8 "OUT", 31 0, RS_006e078c;  alias, 16 drivers
v007185f8_0 .net "Store", 0 0, L_021cdea8;  1 drivers
o006e0e4c .functor BUFZ 32, C4<zzzzzzzzzzzzzzzzzzzzzzzzzzzzzzzz>; HiZ drive
; Elide local net with no drivers, v00718650_0 name=_s0
L_021cde50 .functor MUXZ 32, o006e0e4c, v021c8e20_0, L_021cdea8, C4<>;
S_00716da8 .scope generate, "buffers2[15]" "buffers2[15]" 3 57, 3 57 0, S_006dd728;
 .timescale 0 0;
P_006de858 .param/l "i" 0 3 57, +C4<01111>;
S_00716e78 .scope module, "bufffer2" "Buffer32_32" 3 59, 5 1 0, S_00716da8;
 .timescale 0 0;
    .port_info 0 /INPUT 32 "IN"
    .port_info 1 /INPUT 1 "Store"
    .port_info 2 /OUTPUT 32 "OUT"
v007186a8_0 .net "IN", 31 0, v021c9088_0;  alias, 1 drivers
v00718700_0 .net8 "OUT", 31 0, RS_006e078c;  alias, 16 drivers
v00718758_0 .net "Store", 0 0, L_021cdf58;  1 drivers
o006e0ec4 .functor BUFZ 32, C4<zzzzzzzzzzzzzzzzzzzzzzzzzzzzzzzz>; HiZ drive
; Elide local net with no drivers, v007187b0_0 name=_s0
L_021cdf00 .functor MUXZ 32, o006e0ec4, v021c9088_0, L_021cdf58, C4<>;
S_00716f48 .scope generate, "buffers3[0]" "buffers3[0]" 3 61, 3 61 0, S_006dd728;
 .timescale 0 0;
P_006de880 .param/l "i" 0 3 61, +C4<00>;
S_00717018 .scope module, "bufffer3" "Buffer32_32" 3 63, 5 1 0, S_00716f48;
 .timescale 0 0;
    .port_info 0 /INPUT 32 "IN"
    .port_info 1 /INPUT 1 "Store"
    .port_info 2 /OUTPUT 32 "OUT"
v00718808_0 .net "IN", 31 0, v0071a4d8_0;  alias, 1 drivers
v00718860_0 .net8 "OUT", 31 0, RS_006e0f24;  alias, 16 drivers
v007188b8_0 .net "Store", 0 0, L_021ce008;  1 drivers
o006e0f54 .functor BUFZ 32, C4<zzzzzzzzzzzzzzzzzzzzzzzzzzzzzzzz>; HiZ drive
; Elide local net with no drivers, v00718910_0 name=_s0
L_021cdfb0 .functor MUXZ 32, o006e0f54, v0071a4d8_0, L_021ce008, C4<>;
S_007170e8 .scope generate, "buffers3[1]" "buffers3[1]" 3 61, 3 61 0, S_006dd728;
 .timescale 0 0;
P_006de8a8 .param/l "i" 0 3 61, +C4<01>;
S_007171b8 .scope module, "bufffer3" "Buffer32_32" 3 63, 5 1 0, S_007170e8;
 .timescale 0 0;
    .port_info 0 /INPUT 32 "IN"
    .port_info 1 /INPUT 1 "Store"
    .port_info 2 /OUTPUT 32 "OUT"
v00718968_0 .net "IN", 31 0, v0071d770_0;  alias, 1 drivers
v007189c0_0 .net8 "OUT", 31 0, RS_006e0f24;  alias, 16 drivers
v00718a18_0 .net "Store", 0 0, L_021ce0b8;  1 drivers
o006e0fcc .functor BUFZ 32, C4<zzzzzzzzzzzzzzzzzzzzzzzzzzzzzzzz>; HiZ drive
; Elide local net with no drivers, v00718a70_0 name=_s0
L_021ce060 .functor MUXZ 32, o006e0fcc, v0071d770_0, L_021ce0b8, C4<>;
S_00717288 .scope generate, "buffers3[2]" "buffers3[2]" 3 61, 3 61 0, S_006dd728;
 .timescale 0 0;
P_006de8d0 .param/l "i" 0 3 61, +C4<010>;
S_00717358 .scope module, "bufffer3" "Buffer32_32" 3 63, 5 1 0, S_00717288;
 .timescale 0 0;
    .port_info 0 /INPUT 32 "IN"
    .port_info 1 /INPUT 1 "Store"
    .port_info 2 /OUTPUT 32 "OUT"
v00718ac8_0 .net "IN", 31 0, v0071d9d8_0;  alias, 1 drivers
v00718b20_0 .net8 "OUT", 31 0, RS_006e0f24;  alias, 16 drivers
v00718b78_0 .net "Store", 0 0, L_021ce168;  1 drivers
o006e1044 .functor BUFZ 32, C4<zzzzzzzzzzzzzzzzzzzzzzzzzzzzzzzz>; HiZ drive
; Elide local net with no drivers, v00718bd0_0 name=_s0
L_021ce110 .functor MUXZ 32, o006e1044, v0071d9d8_0, L_021ce168, C4<>;
S_00717428 .scope generate, "buffers3[3]" "buffers3[3]" 3 61, 3 61 0, S_006dd728;
 .timescale 0 0;
P_006de8f8 .param/l "i" 0 3 61, +C4<011>;
S_007174f8 .scope module, "bufffer3" "Buffer32_32" 3 63, 5 1 0, S_00717428;
 .timescale 0 0;
    .port_info 0 /INPUT 32 "IN"
    .port_info 1 /INPUT 1 "Store"
    .port_info 2 /OUTPUT 32 "OUT"
v00718c28_0 .net "IN", 31 0, v0071dc40_0;  alias, 1 drivers
v00718c80_0 .net8 "OUT", 31 0, RS_006e0f24;  alias, 16 drivers
v00718cd8_0 .net "Store", 0 0, L_021ce218;  1 drivers
o006e10bc .functor BUFZ 32, C4<zzzzzzzzzzzzzzzzzzzzzzzzzzzzzzzz>; HiZ drive
; Elide local net with no drivers, v00718d30_0 name=_s0
L_021ce1c0 .functor MUXZ 32, o006e10bc, v0071dc40_0, L_021ce218, C4<>;
S_007175c8 .scope generate, "buffers3[4]" "buffers3[4]" 3 61, 3 61 0, S_006dd728;
 .timescale 0 0;
P_006de920 .param/l "i" 0 3 61, +C4<0100>;
S_00717698 .scope module, "bufffer3" "Buffer32_32" 3 63, 5 1 0, S_007175c8;
 .timescale 0 0;
    .port_info 0 /INPUT 32 "IN"
    .port_info 1 /INPUT 1 "Store"
    .port_info 2 /OUTPUT 32 "OUT"
v00718d88_0 .net "IN", 31 0, v0071dea8_0;  alias, 1 drivers
v00718de0_0 .net8 "OUT", 31 0, RS_006e0f24;  alias, 16 drivers
v00718e38_0 .net "Store", 0 0, L_021d1908;  1 drivers
o006e1134 .functor BUFZ 32, C4<zzzzzzzzzzzzzzzzzzzzzzzzzzzzzzzz>; HiZ drive
; Elide local net with no drivers, v00718e90_0 name=_s0
L_021ce270 .functor MUXZ 32, o006e1134, v0071dea8_0, L_021d1908, C4<>;
S_00717768 .scope generate, "buffers3[5]" "buffers3[5]" 3 61, 3 61 0, S_006dd728;
 .timescale 0 0;
P_006de948 .param/l "i" 0 3 61, +C4<0101>;
S_00717838 .scope module, "bufffer3" "Buffer32_32" 3 63, 5 1 0, S_00717768;
 .timescale 0 0;
    .port_info 0 /INPUT 32 "IN"
    .port_info 1 /INPUT 1 "Store"
    .port_info 2 /OUTPUT 32 "OUT"
v00718ee8_0 .net "IN", 31 0, v0071e110_0;  alias, 1 drivers
v00718f40_0 .net8 "OUT", 31 0, RS_006e0f24;  alias, 16 drivers
v00718f98_0 .net "Store", 0 0, L_021d19b8;  1 drivers
o006e11ac .functor BUFZ 32, C4<zzzzzzzzzzzzzzzzzzzzzzzzzzzzzzzz>; HiZ drive
; Elide local net with no drivers, v00718ff0_0 name=_s0
L_021d1960 .functor MUXZ 32, o006e11ac, v0071e110_0, L_021d19b8, C4<>;
S_00717908 .scope generate, "buffers3[6]" "buffers3[6]" 3 61, 3 61 0, S_006dd728;
 .timescale 0 0;
P_006de970 .param/l "i" 0 3 61, +C4<0110>;
S_007179d8 .scope module, "bufffer3" "Buffer32_32" 3 63, 5 1 0, S_00717908;
 .timescale 0 0;
    .port_info 0 /INPUT 32 "IN"
    .port_info 1 /INPUT 1 "Store"
    .port_info 2 /OUTPUT 32 "OUT"
v00719048_0 .net "IN", 31 0, v0071e378_0;  alias, 1 drivers
v007190a0_0 .net8 "OUT", 31 0, RS_006e0f24;  alias, 16 drivers
v007190f8_0 .net "Store", 0 0, L_021d1a68;  1 drivers
o006e1224 .functor BUFZ 32, C4<zzzzzzzzzzzzzzzzzzzzzzzzzzzzzzzz>; HiZ drive
; Elide local net with no drivers, v00719150_0 name=_s0
L_021d1a10 .functor MUXZ 32, o006e1224, v0071e378_0, L_021d1a68, C4<>;
S_00717aa8 .scope generate, "buffers3[7]" "buffers3[7]" 3 61, 3 61 0, S_006dd728;
 .timescale 0 0;
P_006de998 .param/l "i" 0 3 61, +C4<0111>;
S_00717b78 .scope module, "bufffer3" "Buffer32_32" 3 63, 5 1 0, S_00717aa8;
 .timescale 0 0;
    .port_info 0 /INPUT 32 "IN"
    .port_info 1 /INPUT 1 "Store"
    .port_info 2 /OUTPUT 32 "OUT"
v007191a8_0 .net "IN", 31 0, v0071e610_0;  alias, 1 drivers
v00719200_0 .net8 "OUT", 31 0, RS_006e0f24;  alias, 16 drivers
v00719258_0 .net "Store", 0 0, L_021d1b18;  1 drivers
o006e129c .functor BUFZ 32, C4<zzzzzzzzzzzzzzzzzzzzzzzzzzzzzzzz>; HiZ drive
; Elide local net with no drivers, v007192b0_0 name=_s0
L_021d1ac0 .functor MUXZ 32, o006e129c, v0071e610_0, L_021d1b18, C4<>;
S_00717c48 .scope generate, "buffers3[8]" "buffers3[8]" 3 61, 3 61 0, S_006dd728;
 .timescale 0 0;
P_006de9c0 .param/l "i" 0 3 61, +C4<01000>;
S_00717d18 .scope module, "bufffer3" "Buffer32_32" 3 63, 5 1 0, S_00717c48;
 .timescale 0 0;
    .port_info 0 /INPUT 32 "IN"
    .port_info 1 /INPUT 1 "Store"
    .port_info 2 /OUTPUT 32 "OUT"
v00719308_0 .net "IN", 31 0, v0071e878_0;  alias, 1 drivers
v00719360_0 .net8 "OUT", 31 0, RS_006e0f24;  alias, 16 drivers
v007193b8_0 .net "Store", 0 0, L_021d1bc8;  1 drivers
o006e1314 .functor BUFZ 32, C4<zzzzzzzzzzzzzzzzzzzzzzzzzzzzzzzz>; HiZ drive
; Elide local net with no drivers, v00719410_0 name=_s0
L_021d1b70 .functor MUXZ 32, o006e1314, v0071e878_0, L_021d1bc8, C4<>;
S_00717de8 .scope generate, "buffers3[9]" "buffers3[9]" 3 61, 3 61 0, S_006dd728;
 .timescale 0 0;
P_006de9e8 .param/l "i" 0 3 61, +C4<01001>;
S_00717eb8 .scope module, "bufffer3" "Buffer32_32" 3 63, 5 1 0, S_00717de8;
 .timescale 0 0;
    .port_info 0 /INPUT 32 "IN"
    .port_info 1 /INPUT 1 "Store"
    .port_info 2 /OUTPUT 32 "OUT"
v00719468_0 .net "IN", 31 0, v0071eae0_0;  alias, 1 drivers
v007195b8_0 .net8 "OUT", 31 0, RS_006e0f24;  alias, 16 drivers
v00719610_0 .net "Store", 0 0, L_021d1c78;  1 drivers
o006e138c .functor BUFZ 32, C4<zzzzzzzzzzzzzzzzzzzzzzzzzzzzzzzz>; HiZ drive
; Elide local net with no drivers, v00719668_0 name=_s0
L_021d1c20 .functor MUXZ 32, o006e138c, v0071eae0_0, L_021d1c78, C4<>;
S_00717f88 .scope generate, "buffers3[10]" "buffers3[10]" 3 61, 3 61 0, S_006dd728;
 .timescale 0 0;
P_006dea10 .param/l "i" 0 3 61, +C4<01010>;
S_00718058 .scope module, "bufffer3" "Buffer32_32" 3 63, 5 1 0, S_00717f88;
 .timescale 0 0;
    .port_info 0 /INPUT 32 "IN"
    .port_info 1 /INPUT 1 "Store"
    .port_info 2 /OUTPUT 32 "OUT"
v007196c0_0 .net "IN", 31 0, v0071ed48_0;  alias, 1 drivers
v00719718_0 .net8 "OUT", 31 0, RS_006e0f24;  alias, 16 drivers
v00719770_0 .net "Store", 0 0, L_021d1d28;  1 drivers
o006e1404 .functor BUFZ 32, C4<zzzzzzzzzzzzzzzzzzzzzzzzzzzzzzzz>; HiZ drive
; Elide local net with no drivers, v007197c8_0 name=_s0
L_021d1cd0 .functor MUXZ 32, o006e1404, v0071ed48_0, L_021d1d28, C4<>;
S_00718128 .scope generate, "buffers3[11]" "buffers3[11]" 3 61, 3 61 0, S_006dd728;
 .timescale 0 0;
P_006dea38 .param/l "i" 0 3 61, +C4<01011>;
S_007181f8 .scope module, "bufffer3" "Buffer32_32" 3 63, 5 1 0, S_00718128;
 .timescale 0 0;
    .port_info 0 /INPUT 32 "IN"
    .port_info 1 /INPUT 1 "Store"
    .port_info 2 /OUTPUT 32 "OUT"
v00719820_0 .net "IN", 31 0, v0071efb0_0;  alias, 1 drivers
v00719878_0 .net8 "OUT", 31 0, RS_006e0f24;  alias, 16 drivers
v007198d0_0 .net "Store", 0 0, L_021d1dd8;  1 drivers
o006e147c .functor BUFZ 32, C4<zzzzzzzzzzzzzzzzzzzzzzzzzzzzzzzz>; HiZ drive
; Elide local net with no drivers, v00719928_0 name=_s0
L_021d1d80 .functor MUXZ 32, o006e147c, v0071efb0_0, L_021d1dd8, C4<>;
S_007182c8 .scope generate, "buffers3[12]" "buffers3[12]" 3 61, 3 61 0, S_006dd728;
 .timescale 0 0;
P_006dea60 .param/l "i" 0 3 61, +C4<01100>;
S_0071a5b8 .scope module, "bufffer3" "Buffer32_32" 3 63, 5 1 0, S_007182c8;
 .timescale 0 0;
    .port_info 0 /INPUT 32 "IN"
    .port_info 1 /INPUT 1 "Store"
    .port_info 2 /OUTPUT 32 "OUT"
v00719980_0 .net "IN", 31 0, v0071f218_0;  alias, 1 drivers
v007199d8_0 .net8 "OUT", 31 0, RS_006e0f24;  alias, 16 drivers
v00719a30_0 .net "Store", 0 0, L_021d1e88;  1 drivers
o006e14f4 .functor BUFZ 32, C4<zzzzzzzzzzzzzzzzzzzzzzzzzzzzzzzz>; HiZ drive
; Elide local net with no drivers, v00719a88_0 name=_s0
L_021d1e30 .functor MUXZ 32, o006e14f4, v0071f218_0, L_021d1e88, C4<>;
S_0071a688 .scope generate, "buffers3[13]" "buffers3[13]" 3 61, 3 61 0, S_006dd728;
 .timescale 0 0;
P_006dea88 .param/l "i" 0 3 61, +C4<01101>;
S_0071a758 .scope module, "bufffer3" "Buffer32_32" 3 63, 5 1 0, S_0071a688;
 .timescale 0 0;
    .port_info 0 /INPUT 32 "IN"
    .port_info 1 /INPUT 1 "Store"
    .port_info 2 /OUTPUT 32 "OUT"
v00719ae0_0 .net "IN", 31 0, v0071f480_0;  alias, 1 drivers
v00719b38_0 .net8 "OUT", 31 0, RS_006e0f24;  alias, 16 drivers
v00719b90_0 .net "Store", 0 0, L_021d1f38;  1 drivers
o006e156c .functor BUFZ 32, C4<zzzzzzzzzzzzzzzzzzzzzzzzzzzzzzzz>; HiZ drive
; Elide local net with no drivers, v00719be8_0 name=_s0
L_021d1ee0 .functor MUXZ 32, o006e156c, v0071f480_0, L_021d1f38, C4<>;
S_0071a828 .scope generate, "buffers3[14]" "buffers3[14]" 3 61, 3 61 0, S_006dd728;
 .timescale 0 0;
P_006deab0 .param/l "i" 0 3 61, +C4<01110>;
S_0071a8f8 .scope module, "bufffer3" "Buffer32_32" 3 63, 5 1 0, S_0071a828;
 .timescale 0 0;
    .port_info 0 /INPUT 32 "IN"
    .port_info 1 /INPUT 1 "Store"
    .port_info 2 /OUTPUT 32 "OUT"
v00719c40_0 .net "IN", 31 0, v021c8e20_0;  alias, 1 drivers
v00719c98_0 .net8 "OUT", 31 0, RS_006e0f24;  alias, 16 drivers
v00719cf0_0 .net "Store", 0 0, L_021d1fe8;  1 drivers
o006e15e4 .functor BUFZ 32, C4<zzzzzzzzzzzzzzzzzzzzzzzzzzzzzzzz>; HiZ drive
; Elide local net with no drivers, v00719d48_0 name=_s0
L_021d1f90 .functor MUXZ 32, o006e15e4, v021c8e20_0, L_021d1fe8, C4<>;
S_0071a9c8 .scope generate, "buffers3[15]" "buffers3[15]" 3 61, 3 61 0, S_006dd728;
 .timescale 0 0;
P_006dead8 .param/l "i" 0 3 61, +C4<01111>;
S_0071aa98 .scope module, "bufffer3" "Buffer32_32" 3 63, 5 1 0, S_0071a9c8;
 .timescale 0 0;
    .port_info 0 /INPUT 32 "IN"
    .port_info 1 /INPUT 1 "Store"
    .port_info 2 /OUTPUT 32 "OUT"
v00719da0_0 .net "IN", 31 0, v021c9088_0;  alias, 1 drivers
v00719df8_0 .net8 "OUT", 31 0, RS_006e0f24;  alias, 16 drivers
v00719e50_0 .net "Store", 0 0, L_021d2098;  1 drivers
o006e165c .functor BUFZ 32, C4<zzzzzzzzzzzzzzzzzzzzzzzzzzzzzzzz>; HiZ drive
; Elide local net with no drivers, v00719ea8_0 name=_s0
L_021d2040 .functor MUXZ 32, o006e165c, v021c9088_0, L_021d2098, C4<>;
S_0071ab68 .scope module, "mux" "Multiplexer" 3 13, 6 1 0, S_006dd728;
 .timescale 0 0;
    .port_info 0 /INPUT 4 "IN1"
    .port_info 1 /INPUT 4 "IN2"
    .port_info 2 /INPUT 1 "IR_CU"
    .port_info 3 /OUTPUT 4 "OUT"
v00719f00_0 .net "IN1", 3 0, L_021d21a0;  1 drivers
v00719f58_0 .net "IN2", 3 0, L_021d21f8;  1 drivers
v00719fb0_0 .net "IR_CU", 0 0, v021c99d0_0;  alias, 1 drivers
v0071a008_0 .net "OUT", 3 0, L_021d2148;  alias, 1 drivers
L_021d2148 .functor MUXZ 4, L_021d21a0, L_021d21f8, v021c99d0_0, C4<>;
S_0071ac38 .scope module, "pcbufffer1" "Buffer32_32" 3 29, 5 1 0, S_006dd728;
 .timescale 0 0;
    .port_info 0 /INPUT 32 "IN"
    .port_info 1 /INPUT 1 "Store"
    .port_info 2 /OUTPUT 32 "OUT"
v0071a060_0 .net "IN", 31 0, v021c9b30_0;  alias, 1 drivers
v0071a0b8_0 .net8 "OUT", 31 0, RS_006e177c;  alias, 2 drivers
v0071a110_0 .net "Store", 0 0, L_0071d410;  1 drivers
o006e17ac .functor BUFZ 32, C4<zzzzzzzzzzzzzzzzzzzzzzzzzzzzzzzz>; HiZ drive
; Elide local net with no drivers, v0071a168_0 name=_s0
L_021d2300 .functor MUXZ 32, o006e17ac, v021c9b30_0, L_0071d410, C4<>;
S_0071ad08 .scope module, "pcbufffer2" "Buffer32_32" 3 30, 5 1 0, S_006dd728;
 .timescale 0 0;
    .port_info 0 /INPUT 32 "IN"
    .port_info 1 /INPUT 1 "Store"
    .port_info 2 /OUTPUT 32 "OUT"
v0071a1c0_0 .net "IN", 31 0, v021ca098_0;  alias, 1 drivers
v0071a218_0 .net8 "OUT", 31 0, RS_006e177c;  alias, 2 drivers
v0071a270_0 .net "Store", 0 0, L_0071d458;  1 drivers
o006e183c .functor BUFZ 32, C4<zzzzzzzzzzzzzzzzzzzzzzzzzzzzzzzz>; HiZ drive
; Elide local net with no drivers, v0071a2c8_0 name=_s0
L_021d2408 .functor MUXZ 32, o006e183c, v021ca098_0, L_0071d458, C4<>;
S_0071add8 .scope generate, "registers[0]" "registers[0]" 3 35, 3 35 0, S_006dd728;
 .timescale 0 0;
P_006deb00 .param/l "i" 0 3 35, +C4<00>;
S_0071aea8 .scope generate, "genblk2" "genblk2" 3 36, 3 36 0, S_0071add8;
 .timescale 0 0;
L_0071cac8 .functor AND 1, L_021ca0f0, v021c9a28_0, C4<1>, C4<1>;
v0071a530_0 .net *"_s0", 0 0, L_021ca0f0;  1 drivers
S_0071af78 .scope module, "test_reg" "Register" 3 38, 7 1 0, S_0071aea8;
 .timescale 0 0;
    .port_info 0 /INPUT 32 "IN"
    .port_info 1 /INPUT 1 "Clk"
    .port_info 2 /INPUT 1 "Reset"
    .port_info 3 /INPUT 1 "Load"
    .port_info 4 /OUTPUT 32 "OUT"
v0071a320_0 .net "Clk", 0 0, v021c9978_0;  alias, 1 drivers
v0071a378_0 .net "IN", 31 0, v021ca098_0;  alias, 1 drivers
v0071a3d0_0 .net "Load", 0 0, L_0071cac8;  1 drivers
v0071a428_0 .net "OUT", 31 0, v0071a4d8_0;  alias, 1 drivers
v0071a480_0 .net "Reset", 0 0, v021c9b88_0;  alias, 1 drivers
v0071a4d8_0 .var "d", 31 0;
E_021c4060 .event edge, v0071a480_0;
E_021c4088 .event negedge, v0071a320_0;
S_0071b048 .scope generate, "registers[1]" "registers[1]" 3 35, 3 35 0, S_006dd728;
 .timescale 0 0;
P_021c40d8 .param/l "i" 0 3 35, +C4<01>;
S_0071b118 .scope generate, "genblk2" "genblk2" 3 36, 3 36 0, S_0071b048;
 .timescale 0 0;
L_0071cb58 .functor AND 1, L_021ca148, v021c9a28_0, C4<1>, C4<1>;
v0071d7c8_0 .net *"_s0", 0 0, L_021ca148;  1 drivers
S_0071b1e8 .scope module, "test_reg" "Register" 3 38, 7 1 0, S_0071b118;
 .timescale 0 0;
    .port_info 0 /INPUT 32 "IN"
    .port_info 1 /INPUT 1 "Clk"
    .port_info 2 /INPUT 1 "Reset"
    .port_info 3 /INPUT 1 "Load"
    .port_info 4 /OUTPUT 32 "OUT"
v0071d5b8_0 .net "Clk", 0 0, v021c9978_0;  alias, 1 drivers
v0071d610_0 .net "IN", 31 0, v021ca098_0;  alias, 1 drivers
v0071d668_0 .net "Load", 0 0, L_0071cb58;  1 drivers
v0071d6c0_0 .net "OUT", 31 0, v0071d770_0;  alias, 1 drivers
v0071d718_0 .net "Reset", 0 0, v021c9b88_0;  alias, 1 drivers
v0071d770_0 .var "d", 31 0;
S_0071b2b8 .scope generate, "registers[2]" "registers[2]" 3 35, 3 35 0, S_006dd728;
 .timescale 0 0;
P_021c4128 .param/l "i" 0 3 35, +C4<010>;
S_0071b388 .scope generate, "genblk2" "genblk2" 3 36, 3 36 0, S_0071b2b8;
 .timescale 0 0;
L_0071cbe8 .functor AND 1, L_021ca1a0, v021c9a28_0, C4<1>, C4<1>;
v0071da30_0 .net *"_s0", 0 0, L_021ca1a0;  1 drivers
S_0071b458 .scope module, "test_reg" "Register" 3 38, 7 1 0, S_0071b388;
 .timescale 0 0;
    .port_info 0 /INPUT 32 "IN"
    .port_info 1 /INPUT 1 "Clk"
    .port_info 2 /INPUT 1 "Reset"
    .port_info 3 /INPUT 1 "Load"
    .port_info 4 /OUTPUT 32 "OUT"
v0071d820_0 .net "Clk", 0 0, v021c9978_0;  alias, 1 drivers
v0071d878_0 .net "IN", 31 0, v021ca098_0;  alias, 1 drivers
v0071d8d0_0 .net "Load", 0 0, L_0071cbe8;  1 drivers
v0071d928_0 .net "OUT", 31 0, v0071d9d8_0;  alias, 1 drivers
v0071d980_0 .net "Reset", 0 0, v021c9b88_0;  alias, 1 drivers
v0071d9d8_0 .var "d", 31 0;
S_0071b528 .scope generate, "registers[3]" "registers[3]" 3 35, 3 35 0, S_006dd728;
 .timescale 0 0;
P_021c4178 .param/l "i" 0 3 35, +C4<011>;
S_0071b5f8 .scope generate, "genblk2" "genblk2" 3 36, 3 36 0, S_0071b528;
 .timescale 0 0;
L_0071cc78 .functor AND 1, L_021ca1f8, v021c9a28_0, C4<1>, C4<1>;
v0071dc98_0 .net *"_s0", 0 0, L_021ca1f8;  1 drivers
S_0071b6c8 .scope module, "test_reg" "Register" 3 38, 7 1 0, S_0071b5f8;
 .timescale 0 0;
    .port_info 0 /INPUT 32 "IN"
    .port_info 1 /INPUT 1 "Clk"
    .port_info 2 /INPUT 1 "Reset"
    .port_info 3 /INPUT 1 "Load"
    .port_info 4 /OUTPUT 32 "OUT"
v0071da88_0 .net "Clk", 0 0, v021c9978_0;  alias, 1 drivers
v0071dae0_0 .net "IN", 31 0, v021ca098_0;  alias, 1 drivers
v0071db38_0 .net "Load", 0 0, L_0071cc78;  1 drivers
v0071db90_0 .net "OUT", 31 0, v0071dc40_0;  alias, 1 drivers
v0071dbe8_0 .net "Reset", 0 0, v021c9b88_0;  alias, 1 drivers
v0071dc40_0 .var "d", 31 0;
S_0071b798 .scope generate, "registers[4]" "registers[4]" 3 35, 3 35 0, S_006dd728;
 .timescale 0 0;
P_021c41c8 .param/l "i" 0 3 35, +C4<0100>;
S_0071b868 .scope generate, "genblk2" "genblk2" 3 36, 3 36 0, S_0071b798;
 .timescale 0 0;
L_0071cd08 .functor AND 1, L_021ca250, v021c9a28_0, C4<1>, C4<1>;
v0071df00_0 .net *"_s0", 0 0, L_021ca250;  1 drivers
S_0071b938 .scope module, "test_reg" "Register" 3 38, 7 1 0, S_0071b868;
 .timescale 0 0;
    .port_info 0 /INPUT 32 "IN"
    .port_info 1 /INPUT 1 "Clk"
    .port_info 2 /INPUT 1 "Reset"
    .port_info 3 /INPUT 1 "Load"
    .port_info 4 /OUTPUT 32 "OUT"
v0071dcf0_0 .net "Clk", 0 0, v021c9978_0;  alias, 1 drivers
v0071dd48_0 .net "IN", 31 0, v021ca098_0;  alias, 1 drivers
v0071dda0_0 .net "Load", 0 0, L_0071cd08;  1 drivers
v0071ddf8_0 .net "OUT", 31 0, v0071dea8_0;  alias, 1 drivers
v0071de50_0 .net "Reset", 0 0, v021c9b88_0;  alias, 1 drivers
v0071dea8_0 .var "d", 31 0;
S_0071ba08 .scope generate, "registers[5]" "registers[5]" 3 35, 3 35 0, S_006dd728;
 .timescale 0 0;
P_021c4218 .param/l "i" 0 3 35, +C4<0101>;
S_0071bad8 .scope generate, "genblk2" "genblk2" 3 36, 3 36 0, S_0071ba08;
 .timescale 0 0;
L_0071cd98 .functor AND 1, L_021ca2a8, v021c9a28_0, C4<1>, C4<1>;
v0071e168_0 .net *"_s0", 0 0, L_021ca2a8;  1 drivers
S_0071bba8 .scope module, "test_reg" "Register" 3 38, 7 1 0, S_0071bad8;
 .timescale 0 0;
    .port_info 0 /INPUT 32 "IN"
    .port_info 1 /INPUT 1 "Clk"
    .port_info 2 /INPUT 1 "Reset"
    .port_info 3 /INPUT 1 "Load"
    .port_info 4 /OUTPUT 32 "OUT"
v0071df58_0 .net "Clk", 0 0, v021c9978_0;  alias, 1 drivers
v0071dfb0_0 .net "IN", 31 0, v021ca098_0;  alias, 1 drivers
v0071e008_0 .net "Load", 0 0, L_0071cd98;  1 drivers
v0071e060_0 .net "OUT", 31 0, v0071e110_0;  alias, 1 drivers
v0071e0b8_0 .net "Reset", 0 0, v021c9b88_0;  alias, 1 drivers
v0071e110_0 .var "d", 31 0;
S_0071bc78 .scope generate, "registers[6]" "registers[6]" 3 35, 3 35 0, S_006dd728;
 .timescale 0 0;
P_021c4268 .param/l "i" 0 3 35, +C4<0110>;
S_0071bd48 .scope generate, "genblk2" "genblk2" 3 36, 3 36 0, S_0071bc78;
 .timescale 0 0;
L_0071ce28 .functor AND 1, L_021ca300, v021c9a28_0, C4<1>, C4<1>;
v0071e3d0_0 .net *"_s0", 0 0, L_021ca300;  1 drivers
S_0071be18 .scope module, "test_reg" "Register" 3 38, 7 1 0, S_0071bd48;
 .timescale 0 0;
    .port_info 0 /INPUT 32 "IN"
    .port_info 1 /INPUT 1 "Clk"
    .port_info 2 /INPUT 1 "Reset"
    .port_info 3 /INPUT 1 "Load"
    .port_info 4 /OUTPUT 32 "OUT"
v0071e1c0_0 .net "Clk", 0 0, v021c9978_0;  alias, 1 drivers
v0071e218_0 .net "IN", 31 0, v021ca098_0;  alias, 1 drivers
v0071e270_0 .net "Load", 0 0, L_0071ce28;  1 drivers
v0071e2c8_0 .net "OUT", 31 0, v0071e378_0;  alias, 1 drivers
v0071e320_0 .net "Reset", 0 0, v021c9b88_0;  alias, 1 drivers
v0071e378_0 .var "d", 31 0;
S_0071bee8 .scope generate, "registers[7]" "registers[7]" 3 35, 3 35 0, S_006dd728;
 .timescale 0 0;
P_021c42b8 .param/l "i" 0 3 35, +C4<0111>;
S_0071bfb8 .scope generate, "genblk2" "genblk2" 3 36, 3 36 0, S_0071bee8;
 .timescale 0 0;
L_0071ceb8 .functor AND 1, L_021ca358, v021c9a28_0, C4<1>, C4<1>;
v0071e668_0 .net *"_s0", 0 0, L_021ca358;  1 drivers
S_0071c088 .scope module, "test_reg" "Register" 3 38, 7 1 0, S_0071bfb8;
 .timescale 0 0;
    .port_info 0 /INPUT 32 "IN"
    .port_info 1 /INPUT 1 "Clk"
    .port_info 2 /INPUT 1 "Reset"
    .port_info 3 /INPUT 1 "Load"
    .port_info 4 /OUTPUT 32 "OUT"
v0071e428_0 .net "Clk", 0 0, v021c9978_0;  alias, 1 drivers
v0071e480_0 .net "IN", 31 0, v021ca098_0;  alias, 1 drivers
v0071e4d8_0 .net "Load", 0 0, L_0071ceb8;  1 drivers
v0071e530_0 .net "OUT", 31 0, v0071e610_0;  alias, 1 drivers
v0071e5b8_0 .net "Reset", 0 0, v021c9b88_0;  alias, 1 drivers
v0071e610_0 .var "d", 31 0;
S_0071c158 .scope generate, "registers[8]" "registers[8]" 3 35, 3 35 0, S_006dd728;
 .timescale 0 0;
P_021c4308 .param/l "i" 0 3 35, +C4<01000>;
S_0071c228 .scope generate, "genblk2" "genblk2" 3 36, 3 36 0, S_0071c158;
 .timescale 0 0;
L_0071cf48 .functor AND 1, L_021ca3b0, v021c9a28_0, C4<1>, C4<1>;
v0071e8d0_0 .net *"_s0", 0 0, L_021ca3b0;  1 drivers
S_0071c2f8 .scope module, "test_reg" "Register" 3 38, 7 1 0, S_0071c228;
 .timescale 0 0;
    .port_info 0 /INPUT 32 "IN"
    .port_info 1 /INPUT 1 "Clk"
    .port_info 2 /INPUT 1 "Reset"
    .port_info 3 /INPUT 1 "Load"
    .port_info 4 /OUTPUT 32 "OUT"
v0071e6c0_0 .net "Clk", 0 0, v021c9978_0;  alias, 1 drivers
v0071e718_0 .net "IN", 31 0, v021ca098_0;  alias, 1 drivers
v0071e770_0 .net "Load", 0 0, L_0071cf48;  1 drivers
v0071e7c8_0 .net "OUT", 31 0, v0071e878_0;  alias, 1 drivers
v0071e820_0 .net "Reset", 0 0, v021c9b88_0;  alias, 1 drivers
v0071e878_0 .var "d", 31 0;
S_0071c3c8 .scope generate, "registers[9]" "registers[9]" 3 35, 3 35 0, S_006dd728;
 .timescale 0 0;
P_021c4358 .param/l "i" 0 3 35, +C4<01001>;
S_0071c498 .scope generate, "genblk2" "genblk2" 3 36, 3 36 0, S_0071c3c8;
 .timescale 0 0;
L_0071cfd8 .functor AND 1, L_021ca408, v021c9a28_0, C4<1>, C4<1>;
v0071eb38_0 .net *"_s0", 0 0, L_021ca408;  1 drivers
S_021c6cc0 .scope module, "test_reg" "Register" 3 38, 7 1 0, S_0071c498;
 .timescale 0 0;
    .port_info 0 /INPUT 32 "IN"
    .port_info 1 /INPUT 1 "Clk"
    .port_info 2 /INPUT 1 "Reset"
    .port_info 3 /INPUT 1 "Load"
    .port_info 4 /OUTPUT 32 "OUT"
v0071e928_0 .net "Clk", 0 0, v021c9978_0;  alias, 1 drivers
v0071e980_0 .net "IN", 31 0, v021ca098_0;  alias, 1 drivers
v0071e9d8_0 .net "Load", 0 0, L_0071cfd8;  1 drivers
v0071ea30_0 .net "OUT", 31 0, v0071eae0_0;  alias, 1 drivers
v0071ea88_0 .net "Reset", 0 0, v021c9b88_0;  alias, 1 drivers
v0071eae0_0 .var "d", 31 0;
S_021c6d90 .scope generate, "registers[10]" "registers[10]" 3 35, 3 35 0, S_006dd728;
 .timescale 0 0;
P_021c43a8 .param/l "i" 0 3 35, +C4<01010>;
S_021c6e60 .scope generate, "genblk2" "genblk2" 3 36, 3 36 0, S_021c6d90;
 .timescale 0 0;
L_0071d068 .functor AND 1, L_021ca460, v021c9a28_0, C4<1>, C4<1>;
v0071eda0_0 .net *"_s0", 0 0, L_021ca460;  1 drivers
S_021c6f30 .scope module, "test_reg" "Register" 3 38, 7 1 0, S_021c6e60;
 .timescale 0 0;
    .port_info 0 /INPUT 32 "IN"
    .port_info 1 /INPUT 1 "Clk"
    .port_info 2 /INPUT 1 "Reset"
    .port_info 3 /INPUT 1 "Load"
    .port_info 4 /OUTPUT 32 "OUT"
v0071eb90_0 .net "Clk", 0 0, v021c9978_0;  alias, 1 drivers
v0071ebe8_0 .net "IN", 31 0, v021ca098_0;  alias, 1 drivers
v0071ec40_0 .net "Load", 0 0, L_0071d068;  1 drivers
v0071ec98_0 .net "OUT", 31 0, v0071ed48_0;  alias, 1 drivers
v0071ecf0_0 .net "Reset", 0 0, v021c9b88_0;  alias, 1 drivers
v0071ed48_0 .var "d", 31 0;
S_021c7000 .scope generate, "registers[11]" "registers[11]" 3 35, 3 35 0, S_006dd728;
 .timescale 0 0;
P_021c43f8 .param/l "i" 0 3 35, +C4<01011>;
S_021c70d0 .scope generate, "genblk2" "genblk2" 3 36, 3 36 0, S_021c7000;
 .timescale 0 0;
L_0071d0f8 .functor AND 1, L_021ca4b8, v021c9a28_0, C4<1>, C4<1>;
v0071f008_0 .net *"_s0", 0 0, L_021ca4b8;  1 drivers
S_021c71a0 .scope module, "test_reg" "Register" 3 38, 7 1 0, S_021c70d0;
 .timescale 0 0;
    .port_info 0 /INPUT 32 "IN"
    .port_info 1 /INPUT 1 "Clk"
    .port_info 2 /INPUT 1 "Reset"
    .port_info 3 /INPUT 1 "Load"
    .port_info 4 /OUTPUT 32 "OUT"
v0071edf8_0 .net "Clk", 0 0, v021c9978_0;  alias, 1 drivers
v0071ee50_0 .net "IN", 31 0, v021ca098_0;  alias, 1 drivers
v0071eea8_0 .net "Load", 0 0, L_0071d0f8;  1 drivers
v0071ef00_0 .net "OUT", 31 0, v0071efb0_0;  alias, 1 drivers
v0071ef58_0 .net "Reset", 0 0, v021c9b88_0;  alias, 1 drivers
v0071efb0_0 .var "d", 31 0;
S_021c7270 .scope generate, "registers[12]" "registers[12]" 3 35, 3 35 0, S_006dd728;
 .timescale 0 0;
P_021c4448 .param/l "i" 0 3 35, +C4<01100>;
S_021c7340 .scope generate, "genblk2" "genblk2" 3 36, 3 36 0, S_021c7270;
 .timescale 0 0;
L_0071d188 .functor AND 1, L_021ca510, v021c9a28_0, C4<1>, C4<1>;
v0071f270_0 .net *"_s0", 0 0, L_021ca510;  1 drivers
S_021c7410 .scope module, "test_reg" "Register" 3 38, 7 1 0, S_021c7340;
 .timescale 0 0;
    .port_info 0 /INPUT 32 "IN"
    .port_info 1 /INPUT 1 "Clk"
    .port_info 2 /INPUT 1 "Reset"
    .port_info 3 /INPUT 1 "Load"
    .port_info 4 /OUTPUT 32 "OUT"
v0071f060_0 .net "Clk", 0 0, v021c9978_0;  alias, 1 drivers
v0071f0b8_0 .net "IN", 31 0, v021ca098_0;  alias, 1 drivers
v0071f110_0 .net "Load", 0 0, L_0071d188;  1 drivers
v0071f168_0 .net "OUT", 31 0, v0071f218_0;  alias, 1 drivers
v0071f1c0_0 .net "Reset", 0 0, v021c9b88_0;  alias, 1 drivers
v0071f218_0 .var "d", 31 0;
S_021c74e0 .scope generate, "registers[13]" "registers[13]" 3 35, 3 35 0, S_006dd728;
 .timescale 0 0;
P_021c4498 .param/l "i" 0 3 35, +C4<01101>;
S_021c75b0 .scope generate, "genblk2" "genblk2" 3 36, 3 36 0, S_021c74e0;
 .timescale 0 0;
L_0071d218 .functor AND 1, L_021ca568, v021c9a28_0, C4<1>, C4<1>;
v0071f4d8_0 .net *"_s0", 0 0, L_021ca568;  1 drivers
S_021c7680 .scope module, "test_reg" "Register" 3 38, 7 1 0, S_021c75b0;
 .timescale 0 0;
    .port_info 0 /INPUT 32 "IN"
    .port_info 1 /INPUT 1 "Clk"
    .port_info 2 /INPUT 1 "Reset"
    .port_info 3 /INPUT 1 "Load"
    .port_info 4 /OUTPUT 32 "OUT"
v0071f2c8_0 .net "Clk", 0 0, v021c9978_0;  alias, 1 drivers
v0071f320_0 .net "IN", 31 0, v021ca098_0;  alias, 1 drivers
v0071f378_0 .net "Load", 0 0, L_0071d218;  1 drivers
v0071f3d0_0 .net "OUT", 31 0, v0071f480_0;  alias, 1 drivers
v0071f428_0 .net "Reset", 0 0, v021c9b88_0;  alias, 1 drivers
v0071f480_0 .var "d", 31 0;
S_021c7750 .scope generate, "registers[14]" "registers[14]" 3 35, 3 35 0, S_006dd728;
 .timescale 0 0;
P_021c44e8 .param/l "i" 0 3 35, +C4<01110>;
S_021c7820 .scope generate, "genblk2" "genblk2" 3 36, 3 36 0, S_021c7750;
 .timescale 0 0;
L_0071d2a8 .functor AND 1, L_021ca5c0, v021c9a28_0, C4<1>, C4<1>;
v021c8e78_0 .net *"_s0", 0 0, L_021ca5c0;  1 drivers
S_021c78f0 .scope module, "test_reg" "Register" 3 38, 7 1 0, S_021c7820;
 .timescale 0 0;
    .port_info 0 /INPUT 32 "IN"
    .port_info 1 /INPUT 1 "Clk"
    .port_info 2 /INPUT 1 "Reset"
    .port_info 3 /INPUT 1 "Load"
    .port_info 4 /OUTPUT 32 "OUT"
v0071f530_0 .net "Clk", 0 0, v021c9978_0;  alias, 1 drivers
v021c8cc0_0 .net "IN", 31 0, v021ca098_0;  alias, 1 drivers
v021c8d18_0 .net "Load", 0 0, L_0071d2a8;  1 drivers
v021c8d70_0 .net "OUT", 31 0, v021c8e20_0;  alias, 1 drivers
v021c8dc8_0 .net "Reset", 0 0, v021c9b88_0;  alias, 1 drivers
v021c8e20_0 .var "d", 31 0;
S_021c79c0 .scope generate, "registers[15]" "registers[15]" 3 35, 3 35 0, S_006dd728;
 .timescale 0 0;
P_021c4538 .param/l "i" 0 3 35, +C4<01111>;
S_021c7a90 .scope generate, "genblk3" "genblk3" 3 36, 3 36 0, S_021c79c0;
 .timescale 0 0;
L_0071d338 .functor AND 1, L_021ca618, v021c9a28_0, C4<1>, C4<1>;
L_0071d380 .functor OR 1, L_0071d338, v021c9a80_0, C4<0>, C4<0>;
v021c90e0_0 .net *"_s0", 0 0, L_021ca618;  1 drivers
v021c9138_0 .net *"_s1", 0 0, L_0071d338;  1 drivers
S_021c7b60 .scope module, "test_reg" "Register" 3 46, 7 1 0, S_021c7a90;
 .timescale 0 0;
    .port_info 0 /INPUT 32 "IN"
    .port_info 1 /INPUT 1 "Clk"
    .port_info 2 /INPUT 1 "Reset"
    .port_info 3 /INPUT 1 "Load"
    .port_info 4 /OUTPUT 32 "OUT"
v021c8ed0_0 .net "Clk", 0 0, v021c9978_0;  alias, 1 drivers
v021c8f28_0 .net8 "IN", 31 0, RS_006e177c;  alias, 2 drivers
v021c8f80_0 .net "Load", 0 0, L_0071d380;  1 drivers
v021c8fd8_0 .net "OUT", 31 0, v021c9088_0;  alias, 1 drivers
v021c9030_0 .net "Reset", 0 0, v021c9b88_0;  alias, 1 drivers
v021c9088_0 .var "d", 31 0;
    .scope S_0071af78;
T_0 ;
    %wait E_021c4088;
    %load/vec4 v0071a3d0_0;
    %flag_set/vec4 8;
    %jmp/0xz  T_0.0, 8;
    %load/vec4 v0071a378_0;
    %store/vec4 v0071a4d8_0, 0, 32;
T_0.0 ;
    %jmp T_0;
    .thread T_0;
    .scope S_0071af78;
T_1 ;
    %wait E_021c4060;
    %pushi/vec4 0, 0, 32;
    %store/vec4 v0071a4d8_0, 0, 32;
    %jmp T_1;
    .thread T_1, $push;
    .scope S_0071b1e8;
T_2 ;
    %wait E_021c4088;
    %load/vec4 v0071d668_0;
    %flag_set/vec4 8;
    %jmp/0xz  T_2.0, 8;
    %load/vec4 v0071d610_0;
    %store/vec4 v0071d770_0, 0, 32;
T_2.0 ;
    %jmp T_2;
    .thread T_2;
    .scope S_0071b1e8;
T_3 ;
    %wait E_021c4060;
    %pushi/vec4 0, 0, 32;
    %store/vec4 v0071d770_0, 0, 32;
    %jmp T_3;
    .thread T_3, $push;
    .scope S_0071b458;
T_4 ;
    %wait E_021c4088;
    %load/vec4 v0071d8d0_0;
    %flag_set/vec4 8;
    %jmp/0xz  T_4.0, 8;
    %load/vec4 v0071d878_0;
    %store/vec4 v0071d9d8_0, 0, 32;
T_4.0 ;
    %jmp T_4;
    .thread T_4;
    .scope S_0071b458;
T_5 ;
    %wait E_021c4060;
    %pushi/vec4 0, 0, 32;
    %store/vec4 v0071d9d8_0, 0, 32;
    %jmp T_5;
    .thread T_5, $push;
    .scope S_0071b6c8;
T_6 ;
    %wait E_021c4088;
    %load/vec4 v0071db38_0;
    %flag_set/vec4 8;
    %jmp/0xz  T_6.0, 8;
    %load/vec4 v0071dae0_0;
    %store/vec4 v0071dc40_0, 0, 32;
T_6.0 ;
    %jmp T_6;
    .thread T_6;
    .scope S_0071b6c8;
T_7 ;
    %wait E_021c4060;
    %pushi/vec4 0, 0, 32;
    %store/vec4 v0071dc40_0, 0, 32;
    %jmp T_7;
    .thread T_7, $push;
    .scope S_0071b938;
T_8 ;
    %wait E_021c4088;
    %load/vec4 v0071dda0_0;
    %flag_set/vec4 8;
    %jmp/0xz  T_8.0, 8;
    %load/vec4 v0071dd48_0;
    %store/vec4 v0071dea8_0, 0, 32;
T_8.0 ;
    %jmp T_8;
    .thread T_8;
    .scope S_0071b938;
T_9 ;
    %wait E_021c4060;
    %pushi/vec4 0, 0, 32;
    %store/vec4 v0071dea8_0, 0, 32;
    %jmp T_9;
    .thread T_9, $push;
    .scope S_0071bba8;
T_10 ;
    %wait E_021c4088;
    %load/vec4 v0071e008_0;
    %flag_set/vec4 8;
    %jmp/0xz  T_10.0, 8;
    %load/vec4 v0071dfb0_0;
    %store/vec4 v0071e110_0, 0, 32;
T_10.0 ;
    %jmp T_10;
    .thread T_10;
    .scope S_0071bba8;
T_11 ;
    %wait E_021c4060;
    %pushi/vec4 0, 0, 32;
    %store/vec4 v0071e110_0, 0, 32;
    %jmp T_11;
    .thread T_11, $push;
    .scope S_0071be18;
T_12 ;
    %wait E_021c4088;
    %load/vec4 v0071e270_0;
    %flag_set/vec4 8;
    %jmp/0xz  T_12.0, 8;
    %load/vec4 v0071e218_0;
    %store/vec4 v0071e378_0, 0, 32;
T_12.0 ;
    %jmp T_12;
    .thread T_12;
    .scope S_0071be18;
T_13 ;
    %wait E_021c4060;
    %pushi/vec4 0, 0, 32;
    %store/vec4 v0071e378_0, 0, 32;
    %jmp T_13;
    .thread T_13, $push;
    .scope S_0071c088;
T_14 ;
    %wait E_021c4088;
    %load/vec4 v0071e4d8_0;
    %flag_set/vec4 8;
    %jmp/0xz  T_14.0, 8;
    %load/vec4 v0071e480_0;
    %store/vec4 v0071e610_0, 0, 32;
T_14.0 ;
    %jmp T_14;
    .thread T_14;
    .scope S_0071c088;
T_15 ;
    %wait E_021c4060;
    %pushi/vec4 0, 0, 32;
    %store/vec4 v0071e610_0, 0, 32;
    %jmp T_15;
    .thread T_15, $push;
    .scope S_0071c2f8;
T_16 ;
    %wait E_021c4088;
    %load/vec4 v0071e770_0;
    %flag_set/vec4 8;
    %jmp/0xz  T_16.0, 8;
    %load/vec4 v0071e718_0;
    %store/vec4 v0071e878_0, 0, 32;
T_16.0 ;
    %jmp T_16;
    .thread T_16;
    .scope S_0071c2f8;
T_17 ;
    %wait E_021c4060;
    %pushi/vec4 0, 0, 32;
    %store/vec4 v0071e878_0, 0, 32;
    %jmp T_17;
    .thread T_17, $push;
    .scope S_021c6cc0;
T_18 ;
    %wait E_021c4088;
    %load/vec4 v0071e9d8_0;
    %flag_set/vec4 8;
    %jmp/0xz  T_18.0, 8;
    %load/vec4 v0071e980_0;
    %store/vec4 v0071eae0_0, 0, 32;
T_18.0 ;
    %jmp T_18;
    .thread T_18;
    .scope S_021c6cc0;
T_19 ;
    %wait E_021c4060;
    %pushi/vec4 0, 0, 32;
    %store/vec4 v0071eae0_0, 0, 32;
    %jmp T_19;
    .thread T_19, $push;
    .scope S_021c6f30;
T_20 ;
    %wait E_021c4088;
    %load/vec4 v0071ec40_0;
    %flag_set/vec4 8;
    %jmp/0xz  T_20.0, 8;
    %load/vec4 v0071ebe8_0;
    %store/vec4 v0071ed48_0, 0, 32;
T_20.0 ;
    %jmp T_20;
    .thread T_20;
    .scope S_021c6f30;
T_21 ;
    %wait E_021c4060;
    %pushi/vec4 0, 0, 32;
    %store/vec4 v0071ed48_0, 0, 32;
    %jmp T_21;
    .thread T_21, $push;
    .scope S_021c71a0;
T_22 ;
    %wait E_021c4088;
    %load/vec4 v0071eea8_0;
    %flag_set/vec4 8;
    %jmp/0xz  T_22.0, 8;
    %load/vec4 v0071ee50_0;
    %store/vec4 v0071efb0_0, 0, 32;
T_22.0 ;
    %jmp T_22;
    .thread T_22;
    .scope S_021c71a0;
T_23 ;
    %wait E_021c4060;
    %pushi/vec4 0, 0, 32;
    %store/vec4 v0071efb0_0, 0, 32;
    %jmp T_23;
    .thread T_23, $push;
    .scope S_021c7410;
T_24 ;
    %wait E_021c4088;
    %load/vec4 v0071f110_0;
    %flag_set/vec4 8;
    %jmp/0xz  T_24.0, 8;
    %load/vec4 v0071f0b8_0;
    %store/vec4 v0071f218_0, 0, 32;
T_24.0 ;
    %jmp T_24;
    .thread T_24;
    .scope S_021c7410;
T_25 ;
    %wait E_021c4060;
    %pushi/vec4 0, 0, 32;
    %store/vec4 v0071f218_0, 0, 32;
    %jmp T_25;
    .thread T_25, $push;
    .scope S_021c7680;
T_26 ;
    %wait E_021c4088;
    %load/vec4 v0071f378_0;
    %flag_set/vec4 8;
    %jmp/0xz  T_26.0, 8;
    %load/vec4 v0071f320_0;
    %store/vec4 v0071f480_0, 0, 32;
T_26.0 ;
    %jmp T_26;
    .thread T_26;
    .scope S_021c7680;
T_27 ;
    %wait E_021c4060;
    %pushi/vec4 0, 0, 32;
    %store/vec4 v0071f480_0, 0, 32;
    %jmp T_27;
    .thread T_27, $push;
    .scope S_021c78f0;
T_28 ;
    %wait E_021c4088;
    %load/vec4 v021c8d18_0;
    %flag_set/vec4 8;
    %jmp/0xz  T_28.0, 8;
    %load/vec4 v021c8cc0_0;
    %store/vec4 v021c8e20_0, 0, 32;
T_28.0 ;
    %jmp T_28;
    .thread T_28;
    .scope S_021c78f0;
T_29 ;
    %wait E_021c4060;
    %pushi/vec4 0, 0, 32;
    %store/vec4 v021c8e20_0, 0, 32;
    %jmp T_29;
    .thread T_29, $push;
    .scope S_021c7b60;
T_30 ;
    %wait E_021c4088;
    %load/vec4 v021c8f80_0;
    %flag_set/vec4 8;
    %jmp/0xz  T_30.0, 8;
    %load/vec4 v021c8f28_0;
    %store/vec4 v021c9088_0, 0, 32;
T_30.0 ;
    %jmp T_30;
    .thread T_30;
    .scope S_021c7b60;
T_31 ;
    %wait E_021c4060;
    %pushi/vec4 0, 0, 32;
    %store/vec4 v021c9088_0, 0, 32;
    %jmp T_31;
    .thread T_31, $push;
    .scope S_0066e4f0;
T_32 ;
    %pushi/vec4 0, 0, 32;
    %store/vec4 v006ac500_0, 0, 32;
    %end;
    .thread T_32;
    .scope S_0066e4f0;
T_33 ;
    %wait E_006ae738;
    %pushi/vec4 0, 0, 32;
    %store/vec4 v006ac500_0, 0, 32;
T_33.0 ;
    %load/vec4 v006ac500_0;
    %cmpi/s 15, 0, 32;
    %flag_or 5, 4;
    %jmp/0xz T_33.1, 5;
    %pushi/vec4 0, 0, 1;
    %ix/getv/s 4, v006ac500_0;
    %store/vec4 v006ac6b8_0, 4, 1;
    %load/vec4 v006ac500_0;
    %addi 1, 0, 32;
    %store/vec4 v006ac500_0, 0, 32;
    %jmp T_33.0;
T_33.1 ;
    %pushi/vec4 1, 0, 1;
    %ix/getv 4, v006ac660_0;
    %store/vec4 v006ac6b8_0, 4, 1;
    %jmp T_33;
    .thread T_33, $push;
    .scope S_0079f9a8;
T_34 ;
    %pushi/vec4 0, 0, 32;
    %store/vec4 v006ac0e0_0, 0, 32;
    %end;
    .thread T_34;
    .scope S_0079f9a8;
T_35 ;
    %wait E_006ae788;
    %pushi/vec4 0, 0, 32;
    %store/vec4 v006ac0e0_0, 0, 32;
T_35.0 ;
    %load/vec4 v006ac0e0_0;
    %cmpi/s 15, 0, 32;
    %flag_or 5, 4;
    %jmp/0xz T_35.1, 5;
    %pushi/vec4 0, 0, 1;
    %ix/getv/s 4, v006ac0e0_0;
    %store/vec4 v006ac298_0, 4, 1;
    %load/vec4 v006ac0e0_0;
    %addi 1, 0, 32;
    %store/vec4 v006ac0e0_0, 0, 32;
    %jmp T_35.0;
T_35.1 ;
    %pushi/vec4 1, 0, 1;
    %ix/getv 4, v006ac240_0;
    %store/vec4 v006ac298_0, 4, 1;
    %jmp T_35;
    .thread T_35, $push;
    .scope S_0079f8d8;
T_36 ;
    %pushi/vec4 0, 0, 32;
    %store/vec4 v006ac3f8_0, 0, 32;
    %end;
    .thread T_36;
    .scope S_0079f8d8;
T_37 ;
    %wait E_006ae760;
    %pushi/vec4 0, 0, 32;
    %store/vec4 v006ac3f8_0, 0, 32;
T_37.0 ;
    %load/vec4 v006ac3f8_0;
    %cmpi/s 15, 0, 32;
    %flag_or 5, 4;
    %jmp/0xz T_37.1, 5;
    %pushi/vec4 0, 0, 1;
    %ix/getv/s 4, v006ac3f8_0;
    %store/vec4 v006ac3a0_0, 4, 1;
    %load/vec4 v006ac3f8_0;
    %addi 1, 0, 32;
    %store/vec4 v006ac3f8_0, 0, 32;
    %jmp T_37.0;
T_37.1 ;
    %pushi/vec4 1, 0, 1;
    %ix/getv 4, v006ac558_0;
    %store/vec4 v006ac3a0_0, 4, 1;
    %jmp T_37;
    .thread T_37, $push;
    .scope S_0079f0d0;
T_38 ;
    %pushi/vec4 0, 0, 32;
    %store/vec4 v006abfd8_0, 0, 32;
    %end;
    .thread T_38;
    .scope S_0079f0d0;
T_39 ;
    %wait E_006de358;
    %pushi/vec4 0, 0, 32;
    %store/vec4 v006abfd8_0, 0, 32;
T_39.0 ;
    %load/vec4 v006abfd8_0;
    %cmpi/s 15, 0, 32;
    %flag_or 5, 4;
    %jmp/0xz T_39.1, 5;
    %pushi/vec4 0, 0, 1;
    %ix/getv/s 4, v006abfd8_0;
    %store/vec4 v006abf80_0, 4, 1;
    %load/vec4 v006abfd8_0;
    %addi 1, 0, 32;
    %store/vec4 v006abfd8_0, 0, 32;
    %jmp T_39.0;
T_39.1 ;
    %pushi/vec4 1, 0, 1;
    %ix/getv 4, v006ac138_0;
    %store/vec4 v006abf80_0, 4, 1;
    %jmp T_39;
    .thread T_39, $push;
    .scope S_006dd658;
T_40 ;
    %fork t_1, S_006dd658;
    %fork t_2, S_006dd658;
    %fork t_3, S_006dd658;
    %fork t_4, S_006dd658;
    %fork t_5, S_006dd658;
    %fork t_6, S_006dd658;
    %fork t_7, S_006dd658;
    %fork t_8, S_006dd658;
    %fork t_9, S_006dd658;
    %fork t_10, S_006dd658;
    %fork t_11, S_006dd658;
    %fork t_12, S_006dd658;
    %fork t_13, S_006dd658;
    %fork t_14, S_006dd658;
    %fork t_15, S_006dd658;
    %fork t_16, S_006dd658;
    %fork t_17, S_006dd658;
    %fork t_18, S_006dd658;
    %fork t_19, S_006dd658;
    %fork t_20, S_006dd658;
    %fork t_21, S_006dd658;
    %fork t_22, S_006dd658;
    %fork t_23, S_006dd658;
    %fork t_24, S_006dd658;
    %fork t_25, S_006dd658;
    %fork t_26, S_006dd658;
    %fork t_27, S_006dd658;
    %fork t_28, S_006dd658;
    %fork t_29, S_006dd658;
    %fork t_30, S_006dd658;
    %fork t_31, S_006dd658;
    %fork t_32, S_006dd658;
    %fork t_33, S_006dd658;
    %fork t_34, S_006dd658;
    %fork t_35, S_006dd658;
    %fork t_36, S_006dd658;
    %fork t_37, S_006dd658;
    %fork t_38, S_006dd658;
    %fork t_39, S_006dd658;
    %fork t_40, S_006dd658;
    %fork t_41, S_006dd658;
    %fork t_42, S_006dd658;
    %fork t_43, S_006dd658;
    %fork t_44, S_006dd658;
    %fork t_45, S_006dd658;
    %fork t_46, S_006dd658;
    %fork t_47, S_006dd658;
    %fork t_48, S_006dd658;
    %fork t_49, S_006dd658;
    %fork t_50, S_006dd658;
    %fork t_51, S_006dd658;
    %fork t_52, S_006dd658;
    %fork t_53, S_006dd658;
    %fork t_54, S_006dd658;
    %fork t_55, S_006dd658;
    %fork t_56, S_006dd658;
    %fork t_57, S_006dd658;
    %fork t_58, S_006dd658;
    %fork t_59, S_006dd658;
    %fork t_60, S_006dd658;
    %fork t_61, S_006dd658;
    %fork t_62, S_006dd658;
    %fork t_63, S_006dd658;
    %fork t_64, S_006dd658;
    %fork t_65, S_006dd658;
    %fork t_66, S_006dd658;
    %fork t_67, S_006dd658;
    %fork t_68, S_006dd658;
    %fork t_69, S_006dd658;
    %fork t_70, S_006dd658;
    %fork t_71, S_006dd658;
    %fork t_72, S_006dd658;
    %fork t_73, S_006dd658;
    %fork t_74, S_006dd658;
    %fork t_75, S_006dd658;
    %fork t_76, S_006dd658;
    %fork t_77, S_006dd658;
    %fork t_78, S_006dd658;
    %fork t_79, S_006dd658;
    %fork t_80, S_006dd658;
    %fork t_81, S_006dd658;
    %fork t_82, S_006dd658;
    %fork t_83, S_006dd658;
    %fork t_84, S_006dd658;
    %fork t_85, S_006dd658;
    %fork t_86, S_006dd658;
    %fork t_87, S_006dd658;
    %fork t_88, S_006dd658;
    %fork t_89, S_006dd658;
    %fork t_90, S_006dd658;
    %fork t_91, S_006dd658;
    %fork t_92, S_006dd658;
    %fork t_93, S_006dd658;
    %fork t_94, S_006dd658;
    %fork t_95, S_006dd658;
    %fork t_96, S_006dd658;
    %fork t_97, S_006dd658;
    %fork t_98, S_006dd658;
    %fork t_99, S_006dd658;
    %fork t_100, S_006dd658;
    %fork t_101, S_006dd658;
    %fork t_102, S_006dd658;
    %fork t_103, S_006dd658;
    %fork t_104, S_006dd658;
    %fork t_105, S_006dd658;
    %fork t_106, S_006dd658;
    %fork t_107, S_006dd658;
    %fork t_108, S_006dd658;
    %fork t_109, S_006dd658;
    %fork t_110, S_006dd658;
    %fork t_111, S_006dd658;
    %fork t_112, S_006dd658;
    %fork t_113, S_006dd658;
    %fork t_114, S_006dd658;
    %fork t_115, S_006dd658;
    %fork t_116, S_006dd658;
    %fork t_117, S_006dd658;
    %fork t_118, S_006dd658;
    %fork t_119, S_006dd658;
    %fork t_120, S_006dd658;
    %fork t_121, S_006dd658;
    %fork t_122, S_006dd658;
    %fork t_123, S_006dd658;
    %fork t_124, S_006dd658;
    %fork t_125, S_006dd658;
    %fork t_126, S_006dd658;
    %fork t_127, S_006dd658;
    %fork t_128, S_006dd658;
    %fork t_129, S_006dd658;
    %fork t_130, S_006dd658;
    %fork t_131, S_006dd658;
    %fork t_132, S_006dd658;
    %fork t_133, S_006dd658;
    %join;
    %join;
    %join;
    %join;
    %join;
    %join;
    %join;
    %join;
    %join;
    %join;
    %join;
    %join;
    %join;
    %join;
    %join;
    %join;
    %join;
    %join;
    %join;
    %join;
    %join;
    %join;
    %join;
    %join;
    %join;
    %join;
    %join;
    %join;
    %join;
    %join;
    %join;
    %join;
    %join;
    %join;
    %join;
    %join;
    %join;
    %join;
    %join;
    %join;
    %join;
    %join;
    %join;
    %join;
    %join;
    %join;
    %join;
    %join;
    %join;
    %join;
    %join;
    %join;
    %join;
    %join;
    %join;
    %join;
    %join;
    %join;
    %join;
    %join;
    %join;
    %join;
    %join;
    %join;
    %join;
    %join;
    %join;
    %join;
    %join;
    %join;
    %join;
    %join;
    %join;
    %join;
    %join;
    %join;
    %join;
    %join;
    %join;
    %join;
    %join;
    %join;
    %join;
    %join;
    %join;
    %join;
    %join;
    %join;
    %join;
    %join;
    %join;
    %join;
    %join;
    %join;
    %join;
    %join;
    %join;
    %join;
    %join;
    %join;
    %join;
    %join;
    %join;
    %join;
    %join;
    %join;
    %join;
    %join;
    %join;
    %join;
    %join;
    %join;
    %join;
    %join;
    %join;
    %join;
    %join;
    %join;
    %join;
    %join;
    %join;
    %join;
    %join;
    %join;
    %join;
    %join;
    %join;
    %join;
    %join;
    %join;
    %join;
    %join;
    %join;
    %jmp t_0;
t_1 ;
    %pushi/vec4 0, 0, 1;
    %store/vec4 v021c9978_0, 0, 1;
    %end;
t_2 ;
    %pushi/vec4 1, 0, 1;
    %store/vec4 v021c9b88_0, 0, 1;
    %end;
t_3 ;
    %pushi/vec4 0, 4294967295, 32;
    %store/vec4 v021c9b30_0, 0, 32;
    %end;
t_4 ;
    %pushi/vec4 0, 4294967295, 32;
    %store/vec4 v021ca098_0, 0, 32;
    %end;
t_5 ;
    %pushi/vec4 0, 0, 1;
    %store/vec4 v021c9a80_0, 0, 1;
    %end;
t_6 ;
    %pushi/vec4 0, 0, 1;
    %store/vec4 v021c9a28_0, 0, 1;
    %end;
t_7 ;
    %pushi/vec4 1, 0, 1;
    %store/vec4 v021c99d0_0, 0, 1;
    %end;
t_8 ;
    %pushi/vec4 0, 0, 4;
    %ix/load 4, 0, 0;
    %flag_set/imm 4, 0;
    %store/vec4 v021c9be0_0, 4, 4;
    %end;
t_9 ;
    %pushi/vec4 0, 0, 4;
    %ix/load 4, 4, 0;
    %flag_set/imm 4, 0;
    %store/vec4 v021c9be0_0, 4, 4;
    %end;
t_10 ;
    %pushi/vec4 0, 0, 4;
    %ix/load 4, 8, 0;
    %flag_set/imm 4, 0;
    %store/vec4 v021c9be0_0, 4, 4;
    %end;
t_11 ;
    %pushi/vec4 0, 0, 4;
    %ix/load 4, 12, 0;
    %flag_set/imm 4, 0;
    %store/vec4 v021c9be0_0, 4, 4;
    %end;
t_12 ;
    %pushi/vec4 0, 0, 4;
    %ix/load 4, 16, 0;
    %flag_set/imm 4, 0;
    %store/vec4 v021c9be0_0, 4, 4;
    %end;
t_13 ;
    %delay 1, 0;
    %pushi/vec4 0, 0, 1;
    %store/vec4 v021c9b88_0, 0, 1;
    %end;
t_14 ;
    %delay 1, 0;
    %pushi/vec4 0, 0, 32;
    %store/vec4 v021c9b30_0, 0, 32;
    %end;
t_15 ;
    %delay 1, 0;
    %pushi/vec4 0, 0, 32;
    %store/vec4 v021ca098_0, 0, 32;
    %end;
t_16 ;
    %delay 1, 0;
    %pushi/vec4 0, 0, 1;
    %store/vec4 v021c9a80_0, 0, 1;
    %end;
t_17 ;
    %delay 1, 0;
    %pushi/vec4 0, 0, 1;
    %store/vec4 v021c9a28_0, 0, 1;
    %end;
t_18 ;
    %delay 1, 0;
    %pushi/vec4 1, 0, 1;
    %store/vec4 v021c99d0_0, 0, 1;
    %end;
t_19 ;
    %delay 1, 0;
    %pushi/vec4 0, 0, 4;
    %ix/load 4, 0, 0;
    %flag_set/imm 4, 0;
    %store/vec4 v021c9be0_0, 4, 4;
    %end;
t_20 ;
    %delay 1, 0;
    %pushi/vec4 0, 0, 4;
    %ix/load 4, 4, 0;
    %flag_set/imm 4, 0;
    %store/vec4 v021c9be0_0, 4, 4;
    %end;
t_21 ;
    %delay 1, 0;
    %pushi/vec4 0, 0, 4;
    %ix/load 4, 8, 0;
    %flag_set/imm 4, 0;
    %store/vec4 v021c9be0_0, 4, 4;
    %end;
t_22 ;
    %delay 1, 0;
    %pushi/vec4 0, 0, 4;
    %ix/load 4, 12, 0;
    %flag_set/imm 4, 0;
    %store/vec4 v021c9be0_0, 4, 4;
    %end;
t_23 ;
    %delay 1, 0;
    %pushi/vec4 0, 0, 4;
    %ix/load 4, 16, 0;
    %flag_set/imm 4, 0;
    %store/vec4 v021c9be0_0, 4, 4;
    %end;
t_24 ;
    %delay 2, 0;
    %pushi/vec4 1, 0, 32;
    %store/vec4 v021c9b30_0, 0, 32;
    %end;
t_25 ;
    %delay 2, 0;
    %pushi/vec4 0, 0, 32;
    %store/vec4 v021ca098_0, 0, 32;
    %end;
t_26 ;
    %delay 2, 0;
    %pushi/vec4 1, 0, 1;
    %store/vec4 v021c9a80_0, 0, 1;
    %end;
t_27 ;
    %delay 2, 0;
    %pushi/vec4 0, 0, 1;
    %store/vec4 v021c9a28_0, 0, 1;
    %end;
t_28 ;
    %delay 2, 0;
    %pushi/vec4 1, 0, 1;
    %store/vec4 v021c99d0_0, 0, 1;
    %end;
t_29 ;
    %delay 2, 0;
    %pushi/vec4 0, 0, 4;
    %ix/load 4, 0, 0;
    %flag_set/imm 4, 0;
    %store/vec4 v021c9be0_0, 4, 4;
    %end;
t_30 ;
    %delay 2, 0;
    %pushi/vec4 0, 0, 4;
    %ix/load 4, 4, 0;
    %flag_set/imm 4, 0;
    %store/vec4 v021c9be0_0, 4, 4;
    %end;
t_31 ;
    %delay 2, 0;
    %pushi/vec4 0, 0, 4;
    %ix/load 4, 8, 0;
    %flag_set/imm 4, 0;
    %store/vec4 v021c9be0_0, 4, 4;
    %end;
t_32 ;
    %delay 2, 0;
    %pushi/vec4 0, 0, 4;
    %ix/load 4, 12, 0;
    %flag_set/imm 4, 0;
    %store/vec4 v021c9be0_0, 4, 4;
    %end;
t_33 ;
    %delay 2, 0;
    %pushi/vec4 0, 0, 4;
    %ix/load 4, 16, 0;
    %flag_set/imm 4, 0;
    %store/vec4 v021c9be0_0, 4, 4;
    %end;
t_34 ;
    %delay 3, 0;
    %pushi/vec4 1, 0, 32;
    %store/vec4 v021c9b30_0, 0, 32;
    %end;
t_35 ;
    %delay 3, 0;
    %pushi/vec4 0, 0, 32;
    %store/vec4 v021ca098_0, 0, 32;
    %end;
t_36 ;
    %delay 3, 0;
    %pushi/vec4 1, 0, 1;
    %store/vec4 v021c9a80_0, 0, 1;
    %end;
t_37 ;
    %delay 3, 0;
    %pushi/vec4 0, 0, 1;
    %store/vec4 v021c9a28_0, 0, 1;
    %end;
t_38 ;
    %delay 3, 0;
    %pushi/vec4 1, 0, 1;
    %store/vec4 v021c99d0_0, 0, 1;
    %end;
t_39 ;
    %delay 3, 0;
    %pushi/vec4 0, 0, 4;
    %ix/load 4, 0, 0;
    %flag_set/imm 4, 0;
    %store/vec4 v021c9be0_0, 4, 4;
    %end;
t_40 ;
    %delay 3, 0;
    %pushi/vec4 0, 0, 4;
    %ix/load 4, 4, 0;
    %flag_set/imm 4, 0;
    %store/vec4 v021c9be0_0, 4, 4;
    %end;
t_41 ;
    %delay 3, 0;
    %pushi/vec4 0, 0, 4;
    %ix/load 4, 8, 0;
    %flag_set/imm 4, 0;
    %store/vec4 v021c9be0_0, 4, 4;
    %end;
t_42 ;
    %delay 3, 0;
    %pushi/vec4 0, 0, 4;
    %ix/load 4, 12, 0;
    %flag_set/imm 4, 0;
    %store/vec4 v021c9be0_0, 4, 4;
    %end;
t_43 ;
    %delay 3, 0;
    %pushi/vec4 0, 0, 4;
    %ix/load 4, 16, 0;
    %flag_set/imm 4, 0;
    %store/vec4 v021c9be0_0, 4, 4;
    %end;
t_44 ;
    %delay 4, 0;
    %pushi/vec4 1, 0, 32;
    %store/vec4 v021c9b30_0, 0, 32;
    %end;
t_45 ;
    %delay 4, 0;
    %pushi/vec4 0, 0, 32;
    %store/vec4 v021ca098_0, 0, 32;
    %end;
t_46 ;
    %delay 4, 0;
    %pushi/vec4 1, 0, 1;
    %store/vec4 v021c9a80_0, 0, 1;
    %end;
t_47 ;
    %delay 4, 0;
    %pushi/vec4 0, 0, 1;
    %store/vec4 v021c9a28_0, 0, 1;
    %end;
t_48 ;
    %delay 4, 0;
    %pushi/vec4 1, 0, 1;
    %store/vec4 v021c99d0_0, 0, 1;
    %end;
t_49 ;
    %delay 4, 0;
    %pushi/vec4 0, 0, 4;
    %ix/load 4, 0, 0;
    %flag_set/imm 4, 0;
    %store/vec4 v021c9be0_0, 4, 4;
    %end;
t_50 ;
    %delay 4, 0;
    %pushi/vec4 0, 0, 4;
    %ix/load 4, 4, 0;
    %flag_set/imm 4, 0;
    %store/vec4 v021c9be0_0, 4, 4;
    %end;
t_51 ;
    %delay 4, 0;
    %pushi/vec4 0, 0, 4;
    %ix/load 4, 8, 0;
    %flag_set/imm 4, 0;
    %store/vec4 v021c9be0_0, 4, 4;
    %end;
t_52 ;
    %delay 4, 0;
    %pushi/vec4 0, 0, 4;
    %ix/load 4, 12, 0;
    %flag_set/imm 4, 0;
    %store/vec4 v021c9be0_0, 4, 4;
    %end;
t_53 ;
    %delay 4, 0;
    %pushi/vec4 0, 0, 4;
    %ix/load 4, 16, 0;
    %flag_set/imm 4, 0;
    %store/vec4 v021c9be0_0, 4, 4;
    %end;
t_54 ;
    %delay 5, 0;
    %load/vec4 v021ca098_0;
    %store/vec4 v021c9b30_0, 0, 32;
    %end;
t_55 ;
    %delay 5, 0;
    %pushi/vec4 1, 0, 32;
    %store/vec4 v021ca098_0, 0, 32;
    %end;
t_56 ;
    %delay 5, 0;
    %pushi/vec4 0, 0, 1;
    %store/vec4 v021c9a80_0, 0, 1;
    %end;
t_57 ;
    %delay 5, 0;
    %pushi/vec4 0, 0, 1;
    %store/vec4 v021c9a28_0, 0, 1;
    %end;
t_58 ;
    %delay 5, 0;
    %pushi/vec4 1, 0, 1;
    %store/vec4 v021c99d0_0, 0, 1;
    %end;
t_59 ;
    %delay 5, 0;
    %pushi/vec4 0, 0, 4;
    %ix/load 4, 0, 0;
    %flag_set/imm 4, 0;
    %store/vec4 v021c9be0_0, 4, 4;
    %end;
t_60 ;
    %delay 5, 0;
    %pushi/vec4 0, 0, 4;
    %ix/load 4, 4, 0;
    %flag_set/imm 4, 0;
    %store/vec4 v021c9be0_0, 4, 4;
    %end;
t_61 ;
    %delay 5, 0;
    %pushi/vec4 0, 0, 4;
    %ix/load 4, 8, 0;
    %flag_set/imm 4, 0;
    %store/vec4 v021c9be0_0, 4, 4;
    %end;
t_62 ;
    %delay 5, 0;
    %pushi/vec4 0, 0, 4;
    %ix/load 4, 12, 0;
    %flag_set/imm 4, 0;
    %store/vec4 v021c9be0_0, 4, 4;
    %end;
t_63 ;
    %delay 5, 0;
    %pushi/vec4 0, 0, 4;
    %ix/load 4, 16, 0;
    %flag_set/imm 4, 0;
    %store/vec4 v021c9be0_0, 4, 4;
    %end;
t_64 ;
    %delay 6, 0;
    %load/vec4 v021ca098_0;
    %store/vec4 v021c9b30_0, 0, 32;
    %end;
t_65 ;
    %delay 6, 0;
    %pushi/vec4 1, 0, 32;
    %store/vec4 v021ca098_0, 0, 32;
    %end;
t_66 ;
    %delay 6, 0;
    %pushi/vec4 1, 0, 1;
    %store/vec4 v021c9a80_0, 0, 1;
    %end;
t_67 ;
    %delay 6, 0;
    %pushi/vec4 0, 0, 1;
    %store/vec4 v021c9a28_0, 0, 1;
    %end;
t_68 ;
    %delay 6, 0;
    %pushi/vec4 1, 0, 1;
    %store/vec4 v021c99d0_0, 0, 1;
    %end;
t_69 ;
    %delay 6, 0;
    %pushi/vec4 0, 0, 4;
    %ix/load 4, 0, 0;
    %flag_set/imm 4, 0;
    %store/vec4 v021c9be0_0, 4, 4;
    %end;
t_70 ;
    %delay 6, 0;
    %pushi/vec4 0, 0, 4;
    %ix/load 4, 4, 0;
    %flag_set/imm 4, 0;
    %store/vec4 v021c9be0_0, 4, 4;
    %end;
t_71 ;
    %delay 6, 0;
    %pushi/vec4 0, 0, 4;
    %ix/load 4, 8, 0;
    %flag_set/imm 4, 0;
    %store/vec4 v021c9be0_0, 4, 4;
    %end;
t_72 ;
    %delay 6, 0;
    %pushi/vec4 0, 0, 4;
    %ix/load 4, 12, 0;
    %flag_set/imm 4, 0;
    %store/vec4 v021c9be0_0, 4, 4;
    %end;
t_73 ;
    %delay 6, 0;
    %pushi/vec4 0, 0, 4;
    %ix/load 4, 16, 0;
    %flag_set/imm 4, 0;
    %store/vec4 v021c9be0_0, 4, 4;
    %end;
t_74 ;
    %delay 7, 0;
    %load/vec4 v021ca098_0;
    %store/vec4 v021c9b30_0, 0, 32;
    %end;
t_75 ;
    %delay 7, 0;
    %pushi/vec4 1, 0, 32;
    %store/vec4 v021ca098_0, 0, 32;
    %end;
t_76 ;
    %delay 7, 0;
    %pushi/vec4 1, 0, 1;
    %store/vec4 v021c9a80_0, 0, 1;
    %end;
t_77 ;
    %delay 7, 0;
    %pushi/vec4 0, 0, 1;
    %store/vec4 v021c9a28_0, 0, 1;
    %end;
t_78 ;
    %delay 7, 0;
    %pushi/vec4 1, 0, 1;
    %store/vec4 v021c99d0_0, 0, 1;
    %end;
t_79 ;
    %delay 7, 0;
    %pushi/vec4 0, 0, 4;
    %ix/load 4, 0, 0;
    %flag_set/imm 4, 0;
    %store/vec4 v021c9be0_0, 4, 4;
    %end;
t_80 ;
    %delay 7, 0;
    %pushi/vec4 0, 0, 4;
    %ix/load 4, 4, 0;
    %flag_set/imm 4, 0;
    %store/vec4 v021c9be0_0, 4, 4;
    %end;
t_81 ;
    %delay 7, 0;
    %pushi/vec4 0, 0, 4;
    %ix/load 4, 8, 0;
    %flag_set/imm 4, 0;
    %store/vec4 v021c9be0_0, 4, 4;
    %end;
t_82 ;
    %delay 7, 0;
    %pushi/vec4 0, 0, 4;
    %ix/load 4, 12, 0;
    %flag_set/imm 4, 0;
    %store/vec4 v021c9be0_0, 4, 4;
    %end;
t_83 ;
    %delay 7, 0;
    %pushi/vec4 0, 0, 4;
    %ix/load 4, 16, 0;
    %flag_set/imm 4, 0;
    %store/vec4 v021c9be0_0, 4, 4;
    %end;
t_84 ;
    %delay 8, 0;
    %load/vec4 v021ca098_0;
    %store/vec4 v021c9b30_0, 0, 32;
    %end;
t_85 ;
    %delay 8, 0;
    %pushi/vec4 1, 0, 32;
    %store/vec4 v021ca098_0, 0, 32;
    %end;
t_86 ;
    %delay 8, 0;
    %pushi/vec4 1, 0, 1;
    %store/vec4 v021c9a80_0, 0, 1;
    %end;
t_87 ;
    %delay 8, 0;
    %pushi/vec4 0, 0, 1;
    %store/vec4 v021c9a28_0, 0, 1;
    %end;
t_88 ;
    %delay 8, 0;
    %pushi/vec4 1, 0, 1;
    %store/vec4 v021c99d0_0, 0, 1;
    %end;
t_89 ;
    %delay 8, 0;
    %pushi/vec4 0, 0, 4;
    %ix/load 4, 0, 0;
    %flag_set/imm 4, 0;
    %store/vec4 v021c9be0_0, 4, 4;
    %end;
t_90 ;
    %delay 8, 0;
    %pushi/vec4 0, 0, 4;
    %ix/load 4, 4, 0;
    %flag_set/imm 4, 0;
    %store/vec4 v021c9be0_0, 4, 4;
    %end;
t_91 ;
    %delay 8, 0;
    %pushi/vec4 0, 0, 4;
    %ix/load 4, 8, 0;
    %flag_set/imm 4, 0;
    %store/vec4 v021c9be0_0, 4, 4;
    %end;
t_92 ;
    %delay 8, 0;
    %pushi/vec4 0, 0, 4;
    %ix/load 4, 12, 0;
    %flag_set/imm 4, 0;
    %store/vec4 v021c9be0_0, 4, 4;
    %end;
t_93 ;
    %delay 8, 0;
    %pushi/vec4 0, 0, 4;
    %ix/load 4, 16, 0;
    %flag_set/imm 4, 0;
    %store/vec4 v021c9be0_0, 4, 4;
    %end;
t_94 ;
    %delay 9, 0;
    %load/vec4 v021ca098_0;
    %store/vec4 v021c9b30_0, 0, 32;
    %end;
t_95 ;
    %delay 9, 0;
    %pushi/vec4 2, 0, 32;
    %store/vec4 v021ca098_0, 0, 32;
    %end;
t_96 ;
    %delay 9, 0;
    %pushi/vec4 0, 0, 1;
    %store/vec4 v021c9a80_0, 0, 1;
    %end;
t_97 ;
    %delay 9, 0;
    %pushi/vec4 0, 0, 1;
    %store/vec4 v021c9a28_0, 0, 1;
    %end;
t_98 ;
    %delay 9, 0;
    %pushi/vec4 1, 0, 1;
    %store/vec4 v021c99d0_0, 0, 1;
    %end;
t_99 ;
    %delay 9, 0;
    %pushi/vec4 0, 0, 4;
    %ix/load 4, 0, 0;
    %flag_set/imm 4, 0;
    %store/vec4 v021c9be0_0, 4, 4;
    %end;
t_100 ;
    %delay 9, 0;
    %pushi/vec4 0, 0, 4;
    %ix/load 4, 4, 0;
    %flag_set/imm 4, 0;
    %store/vec4 v021c9be0_0, 4, 4;
    %end;
t_101 ;
    %delay 9, 0;
    %pushi/vec4 0, 0, 4;
    %ix/load 4, 8, 0;
    %flag_set/imm 4, 0;
    %store/vec4 v021c9be0_0, 4, 4;
    %end;
t_102 ;
    %delay 9, 0;
    %pushi/vec4 0, 0, 4;
    %ix/load 4, 12, 0;
    %flag_set/imm 4, 0;
    %store/vec4 v021c9be0_0, 4, 4;
    %end;
t_103 ;
    %delay 9, 0;
    %pushi/vec4 0, 0, 4;
    %ix/load 4, 16, 0;
    %flag_set/imm 4, 0;
    %store/vec4 v021c9be0_0, 4, 4;
    %end;
t_104 ;
    %delay 10, 0;
    %load/vec4 v021ca098_0;
    %store/vec4 v021c9b30_0, 0, 32;
    %end;
t_105 ;
    %delay 10, 0;
    %pushi/vec4 2, 0, 32;
    %store/vec4 v021ca098_0, 0, 32;
    %end;
t_106 ;
    %delay 10, 0;
    %pushi/vec4 0, 0, 1;
    %store/vec4 v021c9a80_0, 0, 1;
    %end;
t_107 ;
    %delay 10, 0;
    %pushi/vec4 1, 0, 1;
    %store/vec4 v021c9a28_0, 0, 1;
    %end;
t_108 ;
    %delay 10, 0;
    %pushi/vec4 1, 0, 1;
    %store/vec4 v021c99d0_0, 0, 1;
    %end;
t_109 ;
    %delay 10, 0;
    %pushi/vec4 0, 0, 4;
    %ix/load 4, 0, 0;
    %flag_set/imm 4, 0;
    %store/vec4 v021c9be0_0, 4, 4;
    %end;
t_110 ;
    %delay 10, 0;
    %pushi/vec4 0, 0, 4;
    %ix/load 4, 4, 0;
    %flag_set/imm 4, 0;
    %store/vec4 v021c9be0_0, 4, 4;
    %end;
t_111 ;
    %delay 10, 0;
    %pushi/vec4 0, 0, 4;
    %ix/load 4, 8, 0;
    %flag_set/imm 4, 0;
    %store/vec4 v021c9be0_0, 4, 4;
    %end;
t_112 ;
    %delay 10, 0;
    %pushi/vec4 0, 0, 4;
    %ix/load 4, 12, 0;
    %flag_set/imm 4, 0;
    %store/vec4 v021c9be0_0, 4, 4;
    %end;
t_113 ;
    %delay 10, 0;
    %pushi/vec4 0, 0, 4;
    %ix/load 4, 16, 0;
    %flag_set/imm 4, 0;
    %store/vec4 v021c9be0_0, 4, 4;
    %end;
t_114 ;
    %delay 11, 0;
    %load/vec4 v021ca098_0;
    %store/vec4 v021c9b30_0, 0, 32;
    %end;
t_115 ;
    %delay 11, 0;
    %pushi/vec4 2, 0, 32;
    %store/vec4 v021ca098_0, 0, 32;
    %end;
t_116 ;
    %delay 11, 0;
    %pushi/vec4 0, 0, 1;
    %store/vec4 v021c9a80_0, 0, 1;
    %end;
t_117 ;
    %delay 11, 0;
    %pushi/vec4 1, 0, 1;
    %store/vec4 v021c9a28_0, 0, 1;
    %end;
t_118 ;
    %delay 11, 0;
    %pushi/vec4 1, 0, 1;
    %store/vec4 v021c99d0_0, 0, 1;
    %end;
t_119 ;
    %delay 11, 0;
    %pushi/vec4 0, 0, 4;
    %ix/load 4, 0, 0;
    %flag_set/imm 4, 0;
    %store/vec4 v021c9be0_0, 4, 4;
    %end;
t_120 ;
    %delay 11, 0;
    %pushi/vec4 0, 0, 4;
    %ix/load 4, 4, 0;
    %flag_set/imm 4, 0;
    %store/vec4 v021c9be0_0, 4, 4;
    %end;
t_121 ;
    %delay 11, 0;
    %pushi/vec4 0, 0, 4;
    %ix/load 4, 8, 0;
    %flag_set/imm 4, 0;
    %store/vec4 v021c9be0_0, 4, 4;
    %end;
t_122 ;
    %delay 11, 0;
    %pushi/vec4 0, 0, 4;
    %ix/load 4, 12, 0;
    %flag_set/imm 4, 0;
    %store/vec4 v021c9be0_0, 4, 4;
    %end;
t_123 ;
    %delay 11, 0;
    %pushi/vec4 0, 0, 4;
    %ix/load 4, 16, 0;
    %flag_set/imm 4, 0;
    %store/vec4 v021c9be0_0, 4, 4;
    %end;
t_124 ;
    %delay 12, 0;
    %load/vec4 v021ca098_0;
    %store/vec4 v021c9b30_0, 0, 32;
    %end;
t_125 ;
    %delay 12, 0;
    %pushi/vec4 2, 0, 32;
    %store/vec4 v021ca098_0, 0, 32;
    %end;
t_126 ;
    %delay 12, 0;
    %pushi/vec4 0, 0, 1;
    %store/vec4 v021c9a80_0, 0, 1;
    %end;
t_127 ;
    %delay 12, 0;
    %pushi/vec4 1, 0, 1;
    %store/vec4 v021c9a28_0, 0, 1;
    %end;
t_128 ;
    %delay 12, 0;
    %pushi/vec4 1, 0, 1;
    %store/vec4 v021c99d0_0, 0, 1;
    %end;
t_129 ;
    %delay 12, 0;
    %pushi/vec4 0, 0, 4;
    %ix/load 4, 0, 0;
    %flag_set/imm 4, 0;
    %store/vec4 v021c9be0_0, 4, 4;
    %end;
t_130 ;
    %delay 12, 0;
    %pushi/vec4 0, 0, 4;
    %ix/load 4, 4, 0;
    %flag_set/imm 4, 0;
    %store/vec4 v021c9be0_0, 4, 4;
    %end;
t_131 ;
    %delay 12, 0;
    %pushi/vec4 0, 0, 4;
    %ix/load 4, 8, 0;
    %flag_set/imm 4, 0;
    %store/vec4 v021c9be0_0, 4, 4;
    %end;
t_132 ;
    %delay 12, 0;
    %pushi/vec4 0, 0, 4;
    %ix/load 4, 12, 0;
    %flag_set/imm 4, 0;
    %store/vec4 v021c9be0_0, 4, 4;
    %end;
t_133 ;
    %delay 12, 0;
    %pushi/vec4 0, 0, 4;
    %ix/load 4, 16, 0;
    %flag_set/imm 4, 0;
    %store/vec4 v021c9be0_0, 4, 4;
    %end;
    .scope S_006dd658;
t_0 ;
    %end;
    .thread T_40;
    .scope S_006dd658;
T_41 ;
    %delay 1, 0;
    %load/vec4 v021c9978_0;
    %inv;
    %store/vec4 v021c9978_0, 0, 1;
    %jmp T_41;
    .thread T_41;
    .scope S_006dd658;
T_42 ;
    %delay 1500, 0;
    %vpi_call 2 44 "$finish" {0 0 0};
    %end;
    .thread T_42;
    .scope S_006dd658;
T_43 ;
    %vpi_call 2 47 "$dumpfile", "RegisterFileTestBench4.vcd" {0 0 0};
    %vpi_call 2 48 "$dumpvars", 32'sb00000000000000000000000000000000, S_006dd658 {0 0 0};
    %vpi_call 2 49 "$display", " Test Results" {0 0 0};
    %vpi_call 2 50 "$monitor", "time = %3d ,Pcin = %3d , in = %3d , LOADPC = %3d , LOAD = %3d , IR_CU = %3d , RSLCT = %3d , Rn = %3d ,Rm = %3d ,Rs = %3d ,PCout = %3d", $time, v021c9b30_0, v021ca098_0, v021c9a80_0, v021c9a28_0, v021c99d0_0, v021c9be0_0, v021c9fe8_0, v021c9c38_0, v021ca040_0, v021c9ad8_0 {0 0 0};
    %end;
    .thread T_43;
# The file index is used to find the file name in the following table.
:file_names 8;
    "N/A";
    "<interactive>";
    "RegisterFileTestBench4.v";
    "RegisterFile.v";
    "Decoder4x16.v";
    "Buffer32_32.v";
    "Multiplexer2x1_32b.v";
    "Register.v";
