#! c:/iverilog-x86/bin/vvp
:ivl_version "10.0 (stable)" "(v10_0)";
:ivl_delay_selection "TYPICAL";
:vpi_time_precision + 0;
:vpi_module "system";
:vpi_module "vhdl_sys";
:vpi_module "v2005_math";
:vpi_module "va_math";
S_01fd2d68 .scope module, "RegisterTestBench2" "RegisterTestBench2" 2 1;
 .timescale 0 0;
P_01fd1010 .param/l "sim_time" 0 2 3, +C4<0000000000000000000000000000000000000000000000000000010111011100>;
v02018518_0 .var "Clk", 0 0;
v02018570_0 .var "In", 31 0;
v020185c8_0 .var "Load", 15 0;
v02018620 .array "Out", 0 31;
v02018620_0 .net v02018620 0, 15 0, L_02018780; 1 drivers
v02018620_1 .net v02018620 1, 15 0, L_02018830; 1 drivers
v02018620_2 .net v02018620 2, 15 0, L_020188e0; 1 drivers
v02018620_3 .net v02018620 3, 15 0, L_02018990; 1 drivers
v02018620_4 .net v02018620 4, 15 0, L_02018a40; 1 drivers
v02018620_5 .net v02018620 5, 15 0, L_02018af0; 1 drivers
v02018620_6 .net v02018620 6, 15 0, L_02018ba0; 1 drivers
v02018620_7 .net v02018620 7, 15 0, L_02018c50; 1 drivers
v02018620_8 .net v02018620 8, 15 0, L_0201a440; 1 drivers
v02018620_9 .net v02018620 9, 15 0, L_0201a4f0; 1 drivers
v02018620_10 .net v02018620 10, 15 0, L_0201a5a0; 1 drivers
v02018620_11 .net v02018620 11, 15 0, L_0201a650; 1 drivers
v02018620_12 .net v02018620 12, 15 0, L_0201a700; 1 drivers
v02018620_13 .net v02018620 13, 15 0, L_0201a7b0; 1 drivers
v02018620_14 .net v02018620 14, 15 0, L_0201a860; 1 drivers
v02018620_15 .net v02018620 15, 15 0, L_0201a910; 1 drivers
o01fdcf3c .functor BUFZ 16, C4<zzzzzzzzzzzzzzzz>; HiZ drive
v02018620_16 .net v02018620 16, 15 0, o01fdcf3c; 0 drivers
o01fdcf54 .functor BUFZ 16, C4<zzzzzzzzzzzzzzzz>; HiZ drive
v02018620_17 .net v02018620 17, 15 0, o01fdcf54; 0 drivers
o01fdcf6c .functor BUFZ 16, C4<zzzzzzzzzzzzzzzz>; HiZ drive
v02018620_18 .net v02018620 18, 15 0, o01fdcf6c; 0 drivers
o01fdcf84 .functor BUFZ 16, C4<zzzzzzzzzzzzzzzz>; HiZ drive
v02018620_19 .net v02018620 19, 15 0, o01fdcf84; 0 drivers
o01fdcf9c .functor BUFZ 16, C4<zzzzzzzzzzzzzzzz>; HiZ drive
v02018620_20 .net v02018620 20, 15 0, o01fdcf9c; 0 drivers
o01fdcfb4 .functor BUFZ 16, C4<zzzzzzzzzzzzzzzz>; HiZ drive
v02018620_21 .net v02018620 21, 15 0, o01fdcfb4; 0 drivers
o01fdcfcc .functor BUFZ 16, C4<zzzzzzzzzzzzzzzz>; HiZ drive
v02018620_22 .net v02018620 22, 15 0, o01fdcfcc; 0 drivers
o01fdcfe4 .functor BUFZ 16, C4<zzzzzzzzzzzzzzzz>; HiZ drive
v02018620_23 .net v02018620 23, 15 0, o01fdcfe4; 0 drivers
o01fdcffc .functor BUFZ 16, C4<zzzzzzzzzzzzzzzz>; HiZ drive
v02018620_24 .net v02018620 24, 15 0, o01fdcffc; 0 drivers
o01fdd014 .functor BUFZ 16, C4<zzzzzzzzzzzzzzzz>; HiZ drive
v02018620_25 .net v02018620 25, 15 0, o01fdd014; 0 drivers
o01fdd02c .functor BUFZ 16, C4<zzzzzzzzzzzzzzzz>; HiZ drive
v02018620_26 .net v02018620 26, 15 0, o01fdd02c; 0 drivers
o01fdd044 .functor BUFZ 16, C4<zzzzzzzzzzzzzzzz>; HiZ drive
v02018620_27 .net v02018620 27, 15 0, o01fdd044; 0 drivers
o01fdd05c .functor BUFZ 16, C4<zzzzzzzzzzzzzzzz>; HiZ drive
v02018620_28 .net v02018620 28, 15 0, o01fdd05c; 0 drivers
o01fdd074 .functor BUFZ 16, C4<zzzzzzzzzzzzzzzz>; HiZ drive
v02018620_29 .net v02018620 29, 15 0, o01fdd074; 0 drivers
o01fdd08c .functor BUFZ 16, C4<zzzzzzzzzzzzzzzz>; HiZ drive
v02018620_30 .net v02018620 30, 15 0, o01fdd08c; 0 drivers
o01fdd0a4 .functor BUFZ 16, C4<zzzzzzzzzzzzzzzz>; HiZ drive
v02018620_31 .net v02018620 31, 15 0, o01fdd0a4; 0 drivers
v02018678_0 .var "Reset", 0 0;
v020186d0_0 .var/i "j", 31 0;
L_02018728 .part v020185c8_0, 0, 1;
L_020187d8 .part v020185c8_0, 1, 1;
L_02018888 .part v020185c8_0, 2, 1;
L_02018938 .part v020185c8_0, 3, 1;
L_020189e8 .part v020185c8_0, 4, 1;
L_02018a98 .part v020185c8_0, 5, 1;
L_02018b48 .part v020185c8_0, 6, 1;
L_02018bf8 .part v020185c8_0, 7, 1;
L_0201a3e8 .part v020185c8_0, 8, 1;
L_0201a498 .part v020185c8_0, 9, 1;
L_0201a548 .part v020185c8_0, 10, 1;
L_0201a5f8 .part v020185c8_0, 11, 1;
L_0201a6a8 .part v020185c8_0, 12, 1;
L_0201a758 .part v020185c8_0, 13, 1;
L_0201a808 .part v020185c8_0, 14, 1;
L_0201a8b8 .part v020185c8_0, 15, 1;
S_01fb1550 .scope generate, "registers[0]" "registers[0]" 2 12, 2 12 0, S_01fd2d68;
 .timescale 0 0;
P_01fd1038 .param/l "i" 0 2 12, +C4<00>;
L_02018780 .part v01fc4ca8_0, 0, 16;
S_01fb1620 .scope module, "test_reg" "Register" 2 13, 3 1 0, S_01fb1550;
 .timescale 0 0;
    .port_info 0 /INPUT 32 "IN"
    .port_info 1 /INPUT 1 "Clk"
    .port_info 2 /INPUT 1 "Reset"
    .port_info 3 /INPUT 1 "Load"
    .port_info 4 /OUTPUT 32 "OUT"
L_02018fe8 .functor AND 1, v02018518_0, L_02018728, C4<1>, C4<1>;
v01fc4bf8_0 .net "Clk", 0 0, v02018518_0;  1 drivers
v01fc4a98_0 .net "IN", 31 0, v02018570_0;  1 drivers
v01fc4938_0 .net "Load", 0 0, L_02018728;  1 drivers
v01fc47d8_0 .net "OUT", 31 0, v01fc4ca8_0;  1 drivers
v01fc4678_0 .net "Reset", 0 0, v02018678_0;  1 drivers
v01fc4c50_0 .net *"_s3", 0 0, L_02018fe8;  1 drivers
v01fc4ca8_0 .var "d", 31 0;
E_01fd1060 .event edge, v01fc4678_0;
E_01fd1088 .event negedge, L_02018fe8;
S_01fc9db0 .scope generate, "registers[1]" "registers[1]" 2 12, 2 12 0, S_01fd2d68;
 .timescale 0 0;
P_01fd10d8 .param/l "i" 0 2 12, +C4<01>;
L_02018830 .part v01fc4f10_0, 0, 16;
S_01fc9e80 .scope module, "test_reg" "Register" 2 13, 3 1 0, S_01fc9db0;
 .timescale 0 0;
    .port_info 0 /INPUT 32 "IN"
    .port_info 1 /INPUT 1 "Clk"
    .port_info 2 /INPUT 1 "Reset"
    .port_info 3 /INPUT 1 "Load"
    .port_info 4 /OUTPUT 32 "OUT"
L_02019078 .functor AND 1, v02018518_0, L_020187d8, C4<1>, C4<1>;
v01fc4d00_0 .net "Clk", 0 0, v02018518_0;  alias, 1 drivers
v01fc4d58_0 .net "IN", 31 0, v02018570_0;  alias, 1 drivers
v01fc4db0_0 .net "Load", 0 0, L_020187d8;  1 drivers
v01fc4e08_0 .net "OUT", 31 0, v01fc4f10_0;  1 drivers
v01fc4e60_0 .net "Reset", 0 0, v02018678_0;  alias, 1 drivers
v01fc4eb8_0 .net *"_s3", 0 0, L_02019078;  1 drivers
v01fc4f10_0 .var "d", 31 0;
E_01fd1100 .event negedge, L_02019078;
S_01faf1e0 .scope generate, "registers[2]" "registers[2]" 2 12, 2 12 0, S_01fd2d68;
 .timescale 0 0;
P_01fd1150 .param/l "i" 0 2 12, +C4<010>;
L_020188e0 .part v01fc5178_0, 0, 16;
S_01faf2b0 .scope module, "test_reg" "Register" 2 13, 3 1 0, S_01faf1e0;
 .timescale 0 0;
    .port_info 0 /INPUT 32 "IN"
    .port_info 1 /INPUT 1 "Clk"
    .port_info 2 /INPUT 1 "Reset"
    .port_info 3 /INPUT 1 "Load"
    .port_info 4 /OUTPUT 32 "OUT"
L_02019108 .functor AND 1, v02018518_0, L_02018888, C4<1>, C4<1>;
v01fc4f68_0 .net "Clk", 0 0, v02018518_0;  alias, 1 drivers
v01fc4fc0_0 .net "IN", 31 0, v02018570_0;  alias, 1 drivers
v01fc5018_0 .net "Load", 0 0, L_02018888;  1 drivers
v01fc5070_0 .net "OUT", 31 0, v01fc5178_0;  1 drivers
v01fc50c8_0 .net "Reset", 0 0, v02018678_0;  alias, 1 drivers
v01fc5120_0 .net *"_s3", 0 0, L_02019108;  1 drivers
v01fc5178_0 .var "d", 31 0;
E_01fd1178 .event negedge, L_02019108;
S_01fd6d50 .scope generate, "registers[3]" "registers[3]" 2 12, 2 12 0, S_01fd2d68;
 .timescale 0 0;
P_01fd11c8 .param/l "i" 0 2 12, +C4<011>;
L_02018990 .part v01fc53e0_0, 0, 16;
S_01fd6e20 .scope module, "test_reg" "Register" 2 13, 3 1 0, S_01fd6d50;
 .timescale 0 0;
    .port_info 0 /INPUT 32 "IN"
    .port_info 1 /INPUT 1 "Clk"
    .port_info 2 /INPUT 1 "Reset"
    .port_info 3 /INPUT 1 "Load"
    .port_info 4 /OUTPUT 32 "OUT"
L_02019198 .functor AND 1, v02018518_0, L_02018938, C4<1>, C4<1>;
v01fc51d0_0 .net "Clk", 0 0, v02018518_0;  alias, 1 drivers
v01fc5228_0 .net "IN", 31 0, v02018570_0;  alias, 1 drivers
v01fc5280_0 .net "Load", 0 0, L_02018938;  1 drivers
v01fc52d8_0 .net "OUT", 31 0, v01fc53e0_0;  1 drivers
v01fc5330_0 .net "Reset", 0 0, v02018678_0;  alias, 1 drivers
v01fc5388_0 .net *"_s3", 0 0, L_02019198;  1 drivers
v01fc53e0_0 .var "d", 31 0;
E_01fd11f0 .event negedge, L_02019198;
S_02013be8 .scope generate, "registers[4]" "registers[4]" 2 12, 2 12 0, S_01fd2d68;
 .timescale 0 0;
P_01fd1268 .param/l "i" 0 2 12, +C4<0100>;
L_02018a40 .part v01fa0678_0, 0, 16;
S_02013cb8 .scope module, "test_reg" "Register" 2 13, 3 1 0, S_02013be8;
 .timescale 0 0;
    .port_info 0 /INPUT 32 "IN"
    .port_info 1 /INPUT 1 "Clk"
    .port_info 2 /INPUT 1 "Reset"
    .port_info 3 /INPUT 1 "Load"
    .port_info 4 /OUTPUT 32 "OUT"
L_02019228 .functor AND 1, v02018518_0, L_020189e8, C4<1>, C4<1>;
v01fc5438_0 .net "Clk", 0 0, v02018518_0;  alias, 1 drivers
v01fc5490_0 .net "IN", 31 0, v02018570_0;  alias, 1 drivers
v01fc54e8_0 .net "Load", 0 0, L_020189e8;  1 drivers
v01fc5540_0 .net "OUT", 31 0, v01fa0678_0;  1 drivers
v01fa0938_0 .net "Reset", 0 0, v02018678_0;  alias, 1 drivers
v01fa07d8_0 .net *"_s3", 0 0, L_02019228;  1 drivers
v01fa0678_0 .var "d", 31 0;
E_01fd1290 .event negedge, L_02019228;
S_02013d88 .scope generate, "registers[5]" "registers[5]" 2 12, 2 12 0, S_01fd2d68;
 .timescale 0 0;
P_01fd12e0 .param/l "i" 0 2 12, +C4<0101>;
L_02018af0 .part v01f9fcd8_0, 0, 16;
S_02013e58 .scope module, "test_reg" "Register" 2 13, 3 1 0, S_02013d88;
 .timescale 0 0;
    .port_info 0 /INPUT 32 "IN"
    .port_info 1 /INPUT 1 "Clk"
    .port_info 2 /INPUT 1 "Reset"
    .port_info 3 /INPUT 1 "Load"
    .port_info 4 /OUTPUT 32 "OUT"
L_020192b8 .functor AND 1, v02018518_0, L_02018a98, C4<1>, C4<1>;
v01fa0518_0 .net "Clk", 0 0, v02018518_0;  alias, 1 drivers
v01fa03b8_0 .net "IN", 31 0, v02018570_0;  alias, 1 drivers
v01fa0258_0 .net "Load", 0 0, L_02018a98;  1 drivers
v01fa00f8_0 .net "OUT", 31 0, v01f9fcd8_0;  1 drivers
v01f9ff98_0 .net "Reset", 0 0, v02018678_0;  alias, 1 drivers
v01f9fe38_0 .net *"_s3", 0 0, L_020192b8;  1 drivers
v01f9fcd8_0 .var "d", 31 0;
E_01fd1308 .event negedge, L_020192b8;
S_02013f28 .scope generate, "registers[6]" "registers[6]" 2 12, 2 12 0, S_01fd2d68;
 .timescale 0 0;
P_01fd1358 .param/l "i" 0 2 12, +C4<0110>;
L_02018ba0 .part v020142f0_0, 0, 16;
S_02013ff8 .scope module, "test_reg" "Register" 2 13, 3 1 0, S_02013f28;
 .timescale 0 0;
    .port_info 0 /INPUT 32 "IN"
    .port_info 1 /INPUT 1 "Clk"
    .port_info 2 /INPUT 1 "Reset"
    .port_info 3 /INPUT 1 "Load"
    .port_info 4 /OUTPUT 32 "OUT"
L_02019348 .functor AND 1, v02018518_0, L_02018b48, C4<1>, C4<1>;
v020140e0_0 .net "Clk", 0 0, v02018518_0;  alias, 1 drivers
v02014138_0 .net "IN", 31 0, v02018570_0;  alias, 1 drivers
v02014190_0 .net "Load", 0 0, L_02018b48;  1 drivers
v020141e8_0 .net "OUT", 31 0, v020142f0_0;  1 drivers
v02014240_0 .net "Reset", 0 0, v02018678_0;  alias, 1 drivers
v02014298_0 .net *"_s3", 0 0, L_02019348;  1 drivers
v020142f0_0 .var "d", 31 0;
E_01fd1380 .event negedge, L_02019348;
S_020158c8 .scope generate, "registers[7]" "registers[7]" 2 12, 2 12 0, S_01fd2d68;
 .timescale 0 0;
P_02015108 .param/l "i" 0 2 12, +C4<0111>;
L_02018c50 .part v02014558_0, 0, 16;
S_02015998 .scope module, "test_reg" "Register" 2 13, 3 1 0, S_020158c8;
 .timescale 0 0;
    .port_info 0 /INPUT 32 "IN"
    .port_info 1 /INPUT 1 "Clk"
    .port_info 2 /INPUT 1 "Reset"
    .port_info 3 /INPUT 1 "Load"
    .port_info 4 /OUTPUT 32 "OUT"
L_020193d8 .functor AND 1, v02018518_0, L_02018bf8, C4<1>, C4<1>;
v02014348_0 .net "Clk", 0 0, v02018518_0;  alias, 1 drivers
v020143a0_0 .net "IN", 31 0, v02018570_0;  alias, 1 drivers
v020143f8_0 .net "Load", 0 0, L_02018bf8;  1 drivers
v02014450_0 .net "OUT", 31 0, v02014558_0;  1 drivers
v020144a8_0 .net "Reset", 0 0, v02018678_0;  alias, 1 drivers
v02014500_0 .net *"_s3", 0 0, L_020193d8;  1 drivers
v02014558_0 .var "d", 31 0;
E_02015130 .event negedge, L_020193d8;
S_02015a80 .scope generate, "registers[8]" "registers[8]" 2 12, 2 12 0, S_01fd2d68;
 .timescale 0 0;
P_01fd1240 .param/l "i" 0 2 12, +C4<01000>;
L_0201a440 .part v020147c0_0, 0, 16;
S_02015b50 .scope module, "test_reg" "Register" 2 13, 3 1 0, S_02015a80;
 .timescale 0 0;
    .port_info 0 /INPUT 32 "IN"
    .port_info 1 /INPUT 1 "Clk"
    .port_info 2 /INPUT 1 "Reset"
    .port_info 3 /INPUT 1 "Load"
    .port_info 4 /OUTPUT 32 "OUT"
L_02019468 .functor AND 1, v02018518_0, L_0201a3e8, C4<1>, C4<1>;
v020145b0_0 .net "Clk", 0 0, v02018518_0;  alias, 1 drivers
v02014608_0 .net "IN", 31 0, v02018570_0;  alias, 1 drivers
v02014660_0 .net "Load", 0 0, L_0201a3e8;  1 drivers
v020146b8_0 .net "OUT", 31 0, v020147c0_0;  1 drivers
v02014710_0 .net "Reset", 0 0, v02018678_0;  alias, 1 drivers
v02014768_0 .net *"_s3", 0 0, L_02019468;  1 drivers
v020147c0_0 .var "d", 31 0;
E_02015180 .event negedge, L_02019468;
S_02015c20 .scope generate, "registers[9]" "registers[9]" 2 12, 2 12 0, S_01fd2d68;
 .timescale 0 0;
P_020151d0 .param/l "i" 0 2 12, +C4<01001>;
L_0201a4f0 .part v02014a28_0, 0, 16;
S_02015cf0 .scope module, "test_reg" "Register" 2 13, 3 1 0, S_02015c20;
 .timescale 0 0;
    .port_info 0 /INPUT 32 "IN"
    .port_info 1 /INPUT 1 "Clk"
    .port_info 2 /INPUT 1 "Reset"
    .port_info 3 /INPUT 1 "Load"
    .port_info 4 /OUTPUT 32 "OUT"
L_020194f8 .functor AND 1, v02018518_0, L_0201a498, C4<1>, C4<1>;
v02014818_0 .net "Clk", 0 0, v02018518_0;  alias, 1 drivers
v02014870_0 .net "IN", 31 0, v02018570_0;  alias, 1 drivers
v020148c8_0 .net "Load", 0 0, L_0201a498;  1 drivers
v02014920_0 .net "OUT", 31 0, v02014a28_0;  1 drivers
v02014978_0 .net "Reset", 0 0, v02018678_0;  alias, 1 drivers
v020149d0_0 .net *"_s3", 0 0, L_020194f8;  1 drivers
v02014a28_0 .var "d", 31 0;
E_020151f8 .event negedge, L_020194f8;
S_02015dc0 .scope generate, "registers[10]" "registers[10]" 2 12, 2 12 0, S_01fd2d68;
 .timescale 0 0;
P_02015248 .param/l "i" 0 2 12, +C4<01010>;
L_0201a5a0 .part v02014c90_0, 0, 16;
S_02015e90 .scope module, "test_reg" "Register" 2 13, 3 1 0, S_02015dc0;
 .timescale 0 0;
    .port_info 0 /INPUT 32 "IN"
    .port_info 1 /INPUT 1 "Clk"
    .port_info 2 /INPUT 1 "Reset"
    .port_info 3 /INPUT 1 "Load"
    .port_info 4 /OUTPUT 32 "OUT"
L_02019588 .functor AND 1, v02018518_0, L_0201a548, C4<1>, C4<1>;
v02014a80_0 .net "Clk", 0 0, v02018518_0;  alias, 1 drivers
v02014ad8_0 .net "IN", 31 0, v02018570_0;  alias, 1 drivers
v02014b30_0 .net "Load", 0 0, L_0201a548;  1 drivers
v02014b88_0 .net "OUT", 31 0, v02014c90_0;  1 drivers
v02014be0_0 .net "Reset", 0 0, v02018678_0;  alias, 1 drivers
v02014c38_0 .net *"_s3", 0 0, L_02019588;  1 drivers
v02014c90_0 .var "d", 31 0;
E_02015270 .event negedge, L_02019588;
S_02015f60 .scope generate, "registers[11]" "registers[11]" 2 12, 2 12 0, S_01fd2d68;
 .timescale 0 0;
P_020152c0 .param/l "i" 0 2 12, +C4<01011>;
L_0201a650 .part v02014ef8_0, 0, 16;
S_02016030 .scope module, "test_reg" "Register" 2 13, 3 1 0, S_02015f60;
 .timescale 0 0;
    .port_info 0 /INPUT 32 "IN"
    .port_info 1 /INPUT 1 "Clk"
    .port_info 2 /INPUT 1 "Reset"
    .port_info 3 /INPUT 1 "Load"
    .port_info 4 /OUTPUT 32 "OUT"
L_02019618 .functor AND 1, v02018518_0, L_0201a5f8, C4<1>, C4<1>;
v02014ce8_0 .net "Clk", 0 0, v02018518_0;  alias, 1 drivers
v02014d40_0 .net "IN", 31 0, v02018570_0;  alias, 1 drivers
v02014d98_0 .net "Load", 0 0, L_0201a5f8;  1 drivers
v02014df0_0 .net "OUT", 31 0, v02014ef8_0;  1 drivers
v02014e48_0 .net "Reset", 0 0, v02018678_0;  alias, 1 drivers
v02014ea0_0 .net *"_s3", 0 0, L_02019618;  1 drivers
v02014ef8_0 .var "d", 31 0;
E_020152e8 .event negedge, L_02019618;
S_02016100 .scope generate, "registers[12]" "registers[12]" 2 12, 2 12 0, S_01fd2d68;
 .timescale 0 0;
P_02015338 .param/l "i" 0 2 12, +C4<01100>;
L_0201a700 .part v02017d88_0, 0, 16;
S_020161d0 .scope module, "test_reg" "Register" 2 13, 3 1 0, S_02016100;
 .timescale 0 0;
    .port_info 0 /INPUT 32 "IN"
    .port_info 1 /INPUT 1 "Clk"
    .port_info 2 /INPUT 1 "Reset"
    .port_info 3 /INPUT 1 "Load"
    .port_info 4 /OUTPUT 32 "OUT"
L_020196a8 .functor AND 1, v02018518_0, L_0201a6a8, C4<1>, C4<1>;
v02014f50_0 .net "Clk", 0 0, v02018518_0;  alias, 1 drivers
v02014fa8_0 .net "IN", 31 0, v02018570_0;  alias, 1 drivers
v02015000_0 .net "Load", 0 0, L_0201a6a8;  1 drivers
v02015058_0 .net "OUT", 31 0, v02017d88_0;  1 drivers
v02017cd8_0 .net "Reset", 0 0, v02018678_0;  alias, 1 drivers
v02017d30_0 .net *"_s3", 0 0, L_020196a8;  1 drivers
v02017d88_0 .var "d", 31 0;
E_02015360 .event negedge, L_020196a8;
S_020162a0 .scope generate, "registers[13]" "registers[13]" 2 12, 2 12 0, S_01fd2d68;
 .timescale 0 0;
P_020153b0 .param/l "i" 0 2 12, +C4<01101>;
L_0201a7b0 .part v02017ff0_0, 0, 16;
S_02016370 .scope module, "test_reg" "Register" 2 13, 3 1 0, S_020162a0;
 .timescale 0 0;
    .port_info 0 /INPUT 32 "IN"
    .port_info 1 /INPUT 1 "Clk"
    .port_info 2 /INPUT 1 "Reset"
    .port_info 3 /INPUT 1 "Load"
    .port_info 4 /OUTPUT 32 "OUT"
L_02019738 .functor AND 1, v02018518_0, L_0201a758, C4<1>, C4<1>;
v02017de0_0 .net "Clk", 0 0, v02018518_0;  alias, 1 drivers
v02017e38_0 .net "IN", 31 0, v02018570_0;  alias, 1 drivers
v02017e90_0 .net "Load", 0 0, L_0201a758;  1 drivers
v02017ee8_0 .net "OUT", 31 0, v02017ff0_0;  1 drivers
v02017f40_0 .net "Reset", 0 0, v02018678_0;  alias, 1 drivers
v02017f98_0 .net *"_s3", 0 0, L_02019738;  1 drivers
v02017ff0_0 .var "d", 31 0;
E_020153d8 .event negedge, L_02019738;
S_02016440 .scope generate, "registers[14]" "registers[14]" 2 12, 2 12 0, S_01fd2d68;
 .timescale 0 0;
P_02015428 .param/l "i" 0 2 12, +C4<01110>;
L_0201a860 .part v02018258_0, 0, 16;
S_02016510 .scope module, "test_reg" "Register" 2 13, 3 1 0, S_02016440;
 .timescale 0 0;
    .port_info 0 /INPUT 32 "IN"
    .port_info 1 /INPUT 1 "Clk"
    .port_info 2 /INPUT 1 "Reset"
    .port_info 3 /INPUT 1 "Load"
    .port_info 4 /OUTPUT 32 "OUT"
L_020197c8 .functor AND 1, v02018518_0, L_0201a808, C4<1>, C4<1>;
v02018048_0 .net "Clk", 0 0, v02018518_0;  alias, 1 drivers
v020180a0_0 .net "IN", 31 0, v02018570_0;  alias, 1 drivers
v020180f8_0 .net "Load", 0 0, L_0201a808;  1 drivers
v02018150_0 .net "OUT", 31 0, v02018258_0;  1 drivers
v020181a8_0 .net "Reset", 0 0, v02018678_0;  alias, 1 drivers
v02018200_0 .net *"_s3", 0 0, L_020197c8;  1 drivers
v02018258_0 .var "d", 31 0;
E_02015450 .event negedge, L_020197c8;
S_020165e0 .scope generate, "registers[15]" "registers[15]" 2 12, 2 12 0, S_01fd2d68;
 .timescale 0 0;
P_020154a0 .param/l "i" 0 2 12, +C4<01111>;
L_0201a910 .part v020184c0_0, 0, 16;
S_020166b0 .scope module, "test_reg" "Register" 2 13, 3 1 0, S_020165e0;
 .timescale 0 0;
    .port_info 0 /INPUT 32 "IN"
    .port_info 1 /INPUT 1 "Clk"
    .port_info 2 /INPUT 1 "Reset"
    .port_info 3 /INPUT 1 "Load"
    .port_info 4 /OUTPUT 32 "OUT"
L_020198a0 .functor AND 1, v02018518_0, L_0201a8b8, C4<1>, C4<1>;
v020182b0_0 .net "Clk", 0 0, v02018518_0;  alias, 1 drivers
v02018308_0 .net "IN", 31 0, v02018570_0;  alias, 1 drivers
v02018360_0 .net "Load", 0 0, L_0201a8b8;  1 drivers
v020183b8_0 .net "OUT", 31 0, v020184c0_0;  1 drivers
v02018410_0 .net "Reset", 0 0, v02018678_0;  alias, 1 drivers
v02018468_0 .net *"_s3", 0 0, L_020198a0;  1 drivers
v020184c0_0 .var "d", 31 0;
E_020154c8 .event negedge, L_020198a0;
    .scope S_01fb1620;
T_0 ;
    %wait E_01fd1088;
    %load/vec4 v01fc4a98_0;
    %store/vec4 v01fc4ca8_0, 0, 32;
    %jmp T_0;
    .thread T_0;
    .scope S_01fb1620;
T_1 ;
    %wait E_01fd1060;
    %pushi/vec4 0, 0, 32;
    %store/vec4 v01fc4ca8_0, 0, 32;
    %jmp T_1;
    .thread T_1, $push;
    .scope S_01fc9e80;
T_2 ;
    %wait E_01fd1100;
    %load/vec4 v01fc4d58_0;
    %store/vec4 v01fc4f10_0, 0, 32;
    %jmp T_2;
    .thread T_2;
    .scope S_01fc9e80;
T_3 ;
    %wait E_01fd1060;
    %pushi/vec4 0, 0, 32;
    %store/vec4 v01fc4f10_0, 0, 32;
    %jmp T_3;
    .thread T_3, $push;
    .scope S_01faf2b0;
T_4 ;
    %wait E_01fd1178;
    %load/vec4 v01fc4fc0_0;
    %store/vec4 v01fc5178_0, 0, 32;
    %jmp T_4;
    .thread T_4;
    .scope S_01faf2b0;
T_5 ;
    %wait E_01fd1060;
    %pushi/vec4 0, 0, 32;
    %store/vec4 v01fc5178_0, 0, 32;
    %jmp T_5;
    .thread T_5, $push;
    .scope S_01fd6e20;
T_6 ;
    %wait E_01fd11f0;
    %load/vec4 v01fc5228_0;
    %store/vec4 v01fc53e0_0, 0, 32;
    %jmp T_6;
    .thread T_6;
    .scope S_01fd6e20;
T_7 ;
    %wait E_01fd1060;
    %pushi/vec4 0, 0, 32;
    %store/vec4 v01fc53e0_0, 0, 32;
    %jmp T_7;
    .thread T_7, $push;
    .scope S_02013cb8;
T_8 ;
    %wait E_01fd1290;
    %load/vec4 v01fc5490_0;
    %store/vec4 v01fa0678_0, 0, 32;
    %jmp T_8;
    .thread T_8;
    .scope S_02013cb8;
T_9 ;
    %wait E_01fd1060;
    %pushi/vec4 0, 0, 32;
    %store/vec4 v01fa0678_0, 0, 32;
    %jmp T_9;
    .thread T_9, $push;
    .scope S_02013e58;
T_10 ;
    %wait E_01fd1308;
    %load/vec4 v01fa03b8_0;
    %store/vec4 v01f9fcd8_0, 0, 32;
    %jmp T_10;
    .thread T_10;
    .scope S_02013e58;
T_11 ;
    %wait E_01fd1060;
    %pushi/vec4 0, 0, 32;
    %store/vec4 v01f9fcd8_0, 0, 32;
    %jmp T_11;
    .thread T_11, $push;
    .scope S_02013ff8;
T_12 ;
    %wait E_01fd1380;
    %load/vec4 v02014138_0;
    %store/vec4 v020142f0_0, 0, 32;
    %jmp T_12;
    .thread T_12;
    .scope S_02013ff8;
T_13 ;
    %wait E_01fd1060;
    %pushi/vec4 0, 0, 32;
    %store/vec4 v020142f0_0, 0, 32;
    %jmp T_13;
    .thread T_13, $push;
    .scope S_02015998;
T_14 ;
    %wait E_02015130;
    %load/vec4 v020143a0_0;
    %store/vec4 v02014558_0, 0, 32;
    %jmp T_14;
    .thread T_14;
    .scope S_02015998;
T_15 ;
    %wait E_01fd1060;
    %pushi/vec4 0, 0, 32;
    %store/vec4 v02014558_0, 0, 32;
    %jmp T_15;
    .thread T_15, $push;
    .scope S_02015b50;
T_16 ;
    %wait E_02015180;
    %load/vec4 v02014608_0;
    %store/vec4 v020147c0_0, 0, 32;
    %jmp T_16;
    .thread T_16;
    .scope S_02015b50;
T_17 ;
    %wait E_01fd1060;
    %pushi/vec4 0, 0, 32;
    %store/vec4 v020147c0_0, 0, 32;
    %jmp T_17;
    .thread T_17, $push;
    .scope S_02015cf0;
T_18 ;
    %wait E_020151f8;
    %load/vec4 v02014870_0;
    %store/vec4 v02014a28_0, 0, 32;
    %jmp T_18;
    .thread T_18;
    .scope S_02015cf0;
T_19 ;
    %wait E_01fd1060;
    %pushi/vec4 0, 0, 32;
    %store/vec4 v02014a28_0, 0, 32;
    %jmp T_19;
    .thread T_19, $push;
    .scope S_02015e90;
T_20 ;
    %wait E_02015270;
    %load/vec4 v02014ad8_0;
    %store/vec4 v02014c90_0, 0, 32;
    %jmp T_20;
    .thread T_20;
    .scope S_02015e90;
T_21 ;
    %wait E_01fd1060;
    %pushi/vec4 0, 0, 32;
    %store/vec4 v02014c90_0, 0, 32;
    %jmp T_21;
    .thread T_21, $push;
    .scope S_02016030;
T_22 ;
    %wait E_020152e8;
    %load/vec4 v02014d40_0;
    %store/vec4 v02014ef8_0, 0, 32;
    %jmp T_22;
    .thread T_22;
    .scope S_02016030;
T_23 ;
    %wait E_01fd1060;
    %pushi/vec4 0, 0, 32;
    %store/vec4 v02014ef8_0, 0, 32;
    %jmp T_23;
    .thread T_23, $push;
    .scope S_020161d0;
T_24 ;
    %wait E_02015360;
    %load/vec4 v02014fa8_0;
    %store/vec4 v02017d88_0, 0, 32;
    %jmp T_24;
    .thread T_24;
    .scope S_020161d0;
T_25 ;
    %wait E_01fd1060;
    %pushi/vec4 0, 0, 32;
    %store/vec4 v02017d88_0, 0, 32;
    %jmp T_25;
    .thread T_25, $push;
    .scope S_02016370;
T_26 ;
    %wait E_020153d8;
    %load/vec4 v02017e38_0;
    %store/vec4 v02017ff0_0, 0, 32;
    %jmp T_26;
    .thread T_26;
    .scope S_02016370;
T_27 ;
    %wait E_01fd1060;
    %pushi/vec4 0, 0, 32;
    %store/vec4 v02017ff0_0, 0, 32;
    %jmp T_27;
    .thread T_27, $push;
    .scope S_02016510;
T_28 ;
    %wait E_02015450;
    %load/vec4 v020180a0_0;
    %store/vec4 v02018258_0, 0, 32;
    %jmp T_28;
    .thread T_28;
    .scope S_02016510;
T_29 ;
    %wait E_01fd1060;
    %pushi/vec4 0, 0, 32;
    %store/vec4 v02018258_0, 0, 32;
    %jmp T_29;
    .thread T_29, $push;
    .scope S_020166b0;
T_30 ;
    %wait E_020154c8;
    %load/vec4 v02018308_0;
    %store/vec4 v020184c0_0, 0, 32;
    %jmp T_30;
    .thread T_30;
    .scope S_020166b0;
T_31 ;
    %wait E_01fd1060;
    %pushi/vec4 0, 0, 32;
    %store/vec4 v020184c0_0, 0, 32;
    %jmp T_31;
    .thread T_31, $push;
    .scope S_01fd2d68;
T_32 ;
    %pushi/vec4 0, 0, 32;
    %store/vec4 v020186d0_0, 0, 32;
    %end;
    .thread T_32;
    .scope S_01fd2d68;
T_33 ;
    %fork t_1, S_01fd2d68;
    %fork t_2, S_01fd2d68;
    %fork t_3, S_01fd2d68;
    %fork t_4, S_01fd2d68;
    %fork t_5, S_01fd2d68;
    %fork t_6, S_01fd2d68;
    %fork t_7, S_01fd2d68;
    %fork t_8, S_01fd2d68;
    %fork t_9, S_01fd2d68;
    %fork t_10, S_01fd2d68;
    %fork t_11, S_01fd2d68;
    %fork t_12, S_01fd2d68;
    %fork t_13, S_01fd2d68;
    %fork t_14, S_01fd2d68;
    %fork t_15, S_01fd2d68;
    %fork t_16, S_01fd2d68;
    %fork t_17, S_01fd2d68;
    %fork t_18, S_01fd2d68;
    %fork t_19, S_01fd2d68;
    %fork t_20, S_01fd2d68;
    %fork t_21, S_01fd2d68;
    %fork t_22, S_01fd2d68;
    %fork t_23, S_01fd2d68;
    %fork t_24, S_01fd2d68;
    %fork t_25, S_01fd2d68;
    %fork t_26, S_01fd2d68;
    %fork t_27, S_01fd2d68;
    %fork t_28, S_01fd2d68;
    %fork t_29, S_01fd2d68;
    %fork t_30, S_01fd2d68;
    %fork t_31, S_01fd2d68;
    %fork t_32, S_01fd2d68;
    %fork t_33, S_01fd2d68;
    %fork t_34, S_01fd2d68;
    %fork t_35, S_01fd2d68;
    %fork t_36, S_01fd2d68;
    %fork t_37, S_01fd2d68;
    %fork t_38, S_01fd2d68;
    %fork t_39, S_01fd2d68;
    %fork t_40, S_01fd2d68;
    %fork t_41, S_01fd2d68;
    %fork t_42, S_01fd2d68;
    %fork t_43, S_01fd2d68;
    %fork t_44, S_01fd2d68;
    %fork t_45, S_01fd2d68;
    %fork t_46, S_01fd2d68;
    %fork t_47, S_01fd2d68;
    %fork t_48, S_01fd2d68;
    %fork t_49, S_01fd2d68;
    %fork t_50, S_01fd2d68;
    %fork t_51, S_01fd2d68;
    %fork t_52, S_01fd2d68;
    %join;
    %join;
    %join;
    %join;
    %join;
    %join;
    %join;
    %join;
    %join;
    %join;
    %join;
    %join;
    %join;
    %join;
    %join;
    %join;
    %join;
    %join;
    %join;
    %join;
    %join;
    %join;
    %join;
    %join;
    %join;
    %join;
    %join;
    %join;
    %join;
    %join;
    %join;
    %join;
    %join;
    %join;
    %join;
    %join;
    %join;
    %join;
    %join;
    %join;
    %join;
    %join;
    %join;
    %join;
    %join;
    %join;
    %join;
    %join;
    %join;
    %join;
    %join;
    %join;
    %jmp t_0;
t_1 ;
    %pushi/vec4 0, 0, 32;
    %store/vec4 v02018570_0, 0, 32;
    %end;
t_2 ;
    %pushi/vec4 1, 0, 1;
    %store/vec4 v02018678_0, 0, 1;
    %end;
t_3 ;
    %pushi/vec4 0, 0, 1;
    %store/vec4 v02018518_0, 0, 1;
    %end;
t_4 ;
    %pushi/vec4 0, 0, 32;
    %store/vec4 v020186d0_0, 0, 32;
T_33.0 ;
    %load/vec4 v020186d0_0;
    %cmpi/s 15, 0, 32;
    %flag_or 5, 4;
    %jmp/0xz T_33.1, 5;
    %pushi/vec4 0, 0, 1;
    %ix/getv/s 4, v020186d0_0;
    %store/vec4 v020185c8_0, 4, 1;
    %load/vec4 v020186d0_0;
    %addi 1, 0, 32;
    %store/vec4 v020186d0_0, 0, 32;
    %jmp T_33.0;
T_33.1 ;
    %end;
t_5 ;
    %delay 1, 0;
    %pushi/vec4 1, 0, 32;
    %store/vec4 v02018570_0, 0, 32;
    %end;
t_6 ;
    %delay 1, 0;
    %pushi/vec4 0, 0, 1;
    %store/vec4 v02018678_0, 0, 1;
    %end;
t_7 ;
    %delay 1, 0;
    %pushi/vec4 1, 0, 1;
    %ix/load 4, 0, 0;
    %flag_set/imm 4, 0;
    %store/vec4 v020185c8_0, 4, 1;
    %end;
t_8 ;
    %delay 2, 0;
    %pushi/vec4 0, 0, 32;
    %store/vec4 v020186d0_0, 0, 32;
T_33.2 ;
    %load/vec4 v020186d0_0;
    %cmpi/s 15, 0, 32;
    %flag_or 5, 4;
    %jmp/0xz T_33.3, 5;
    %pushi/vec4 0, 0, 1;
    %ix/getv/s 4, v020186d0_0;
    %store/vec4 v020185c8_0, 4, 1;
    %load/vec4 v020186d0_0;
    %addi 1, 0, 32;
    %store/vec4 v020186d0_0, 0, 32;
    %jmp T_33.2;
T_33.3 ;
    %end;
t_9 ;
    %delay 3, 0;
    %pushi/vec4 1, 0, 1;
    %ix/load 4, 1, 0;
    %flag_set/imm 4, 0;
    %store/vec4 v020185c8_0, 4, 1;
    %end;
t_10 ;
    %delay 3, 0;
    %pushi/vec4 2, 0, 32;
    %store/vec4 v02018570_0, 0, 32;
    %end;
t_11 ;
    %delay 4, 0;
    %pushi/vec4 0, 0, 32;
    %store/vec4 v020186d0_0, 0, 32;
T_33.4 ;
    %load/vec4 v020186d0_0;
    %cmpi/s 15, 0, 32;
    %flag_or 5, 4;
    %jmp/0xz T_33.5, 5;
    %pushi/vec4 0, 0, 1;
    %ix/getv/s 4, v020186d0_0;
    %store/vec4 v020185c8_0, 4, 1;
    %load/vec4 v020186d0_0;
    %addi 1, 0, 32;
    %store/vec4 v020186d0_0, 0, 32;
    %jmp T_33.4;
T_33.5 ;
    %end;
t_12 ;
    %delay 5, 0;
    %pushi/vec4 1, 0, 1;
    %ix/load 4, 2, 0;
    %flag_set/imm 4, 0;
    %store/vec4 v020185c8_0, 4, 1;
    %end;
t_13 ;
    %delay 5, 0;
    %pushi/vec4 3, 0, 32;
    %store/vec4 v02018570_0, 0, 32;
    %end;
t_14 ;
    %delay 6, 0;
    %pushi/vec4 0, 0, 32;
    %store/vec4 v020186d0_0, 0, 32;
T_33.6 ;
    %load/vec4 v020186d0_0;
    %cmpi/s 15, 0, 32;
    %flag_or 5, 4;
    %jmp/0xz T_33.7, 5;
    %pushi/vec4 0, 0, 1;
    %ix/getv/s 4, v020186d0_0;
    %store/vec4 v020185c8_0, 4, 1;
    %load/vec4 v020186d0_0;
    %addi 1, 0, 32;
    %store/vec4 v020186d0_0, 0, 32;
    %jmp T_33.6;
T_33.7 ;
    %end;
t_15 ;
    %delay 7, 0;
    %pushi/vec4 1, 0, 1;
    %ix/load 4, 3, 0;
    %flag_set/imm 4, 0;
    %store/vec4 v020185c8_0, 4, 1;
    %end;
t_16 ;
    %delay 7, 0;
    %pushi/vec4 4, 0, 32;
    %store/vec4 v02018570_0, 0, 32;
    %end;
t_17 ;
    %delay 8, 0;
    %pushi/vec4 0, 0, 32;
    %store/vec4 v020186d0_0, 0, 32;
T_33.8 ;
    %load/vec4 v020186d0_0;
    %cmpi/s 15, 0, 32;
    %flag_or 5, 4;
    %jmp/0xz T_33.9, 5;
    %pushi/vec4 0, 0, 1;
    %ix/getv/s 4, v020186d0_0;
    %store/vec4 v020185c8_0, 4, 1;
    %load/vec4 v020186d0_0;
    %addi 1, 0, 32;
    %store/vec4 v020186d0_0, 0, 32;
    %jmp T_33.8;
T_33.9 ;
    %end;
t_18 ;
    %delay 9, 0;
    %pushi/vec4 1, 0, 1;
    %ix/load 4, 4, 0;
    %flag_set/imm 4, 0;
    %store/vec4 v020185c8_0, 4, 1;
    %end;
t_19 ;
    %delay 9, 0;
    %pushi/vec4 5, 0, 32;
    %store/vec4 v02018570_0, 0, 32;
    %end;
t_20 ;
    %delay 10, 0;
    %pushi/vec4 0, 0, 32;
    %store/vec4 v020186d0_0, 0, 32;
T_33.10 ;
    %load/vec4 v020186d0_0;
    %cmpi/s 15, 0, 32;
    %flag_or 5, 4;
    %jmp/0xz T_33.11, 5;
    %pushi/vec4 0, 0, 1;
    %ix/getv/s 4, v020186d0_0;
    %store/vec4 v020185c8_0, 4, 1;
    %load/vec4 v020186d0_0;
    %addi 1, 0, 32;
    %store/vec4 v020186d0_0, 0, 32;
    %jmp T_33.10;
T_33.11 ;
    %end;
t_21 ;
    %delay 11, 0;
    %pushi/vec4 1, 0, 1;
    %ix/load 4, 5, 0;
    %flag_set/imm 4, 0;
    %store/vec4 v020185c8_0, 4, 1;
    %end;
t_22 ;
    %delay 11, 0;
    %pushi/vec4 6, 0, 32;
    %store/vec4 v02018570_0, 0, 32;
    %end;
t_23 ;
    %delay 12, 0;
    %pushi/vec4 0, 0, 32;
    %store/vec4 v020186d0_0, 0, 32;
T_33.12 ;
    %load/vec4 v020186d0_0;
    %cmpi/s 15, 0, 32;
    %flag_or 5, 4;
    %jmp/0xz T_33.13, 5;
    %pushi/vec4 0, 0, 1;
    %ix/getv/s 4, v020186d0_0;
    %store/vec4 v020185c8_0, 4, 1;
    %load/vec4 v020186d0_0;
    %addi 1, 0, 32;
    %store/vec4 v020186d0_0, 0, 32;
    %jmp T_33.12;
T_33.13 ;
    %end;
t_24 ;
    %delay 13, 0;
    %pushi/vec4 1, 0, 1;
    %ix/load 4, 6, 0;
    %flag_set/imm 4, 0;
    %store/vec4 v020185c8_0, 4, 1;
    %end;
t_25 ;
    %delay 13, 0;
    %pushi/vec4 7, 0, 32;
    %store/vec4 v02018570_0, 0, 32;
    %end;
t_26 ;
    %delay 14, 0;
    %pushi/vec4 0, 0, 32;
    %store/vec4 v020186d0_0, 0, 32;
T_33.14 ;
    %load/vec4 v020186d0_0;
    %cmpi/s 15, 0, 32;
    %flag_or 5, 4;
    %jmp/0xz T_33.15, 5;
    %pushi/vec4 0, 0, 1;
    %ix/getv/s 4, v020186d0_0;
    %store/vec4 v020185c8_0, 4, 1;
    %load/vec4 v020186d0_0;
    %addi 1, 0, 32;
    %store/vec4 v020186d0_0, 0, 32;
    %jmp T_33.14;
T_33.15 ;
    %end;
t_27 ;
    %delay 15, 0;
    %pushi/vec4 1, 0, 1;
    %ix/load 4, 7, 0;
    %flag_set/imm 4, 0;
    %store/vec4 v020185c8_0, 4, 1;
    %end;
t_28 ;
    %delay 15, 0;
    %pushi/vec4 8, 0, 32;
    %store/vec4 v02018570_0, 0, 32;
    %end;
t_29 ;
    %delay 16, 0;
    %pushi/vec4 0, 0, 32;
    %store/vec4 v020186d0_0, 0, 32;
T_33.16 ;
    %load/vec4 v020186d0_0;
    %cmpi/s 15, 0, 32;
    %flag_or 5, 4;
    %jmp/0xz T_33.17, 5;
    %pushi/vec4 0, 0, 1;
    %ix/getv/s 4, v020186d0_0;
    %store/vec4 v020185c8_0, 4, 1;
    %load/vec4 v020186d0_0;
    %addi 1, 0, 32;
    %store/vec4 v020186d0_0, 0, 32;
    %jmp T_33.16;
T_33.17 ;
    %end;
t_30 ;
    %delay 17, 0;
    %pushi/vec4 1, 0, 1;
    %ix/load 4, 8, 0;
    %flag_set/imm 4, 0;
    %store/vec4 v020185c8_0, 4, 1;
    %end;
t_31 ;
    %delay 17, 0;
    %pushi/vec4 9, 0, 32;
    %store/vec4 v02018570_0, 0, 32;
    %end;
t_32 ;
    %delay 18, 0;
    %pushi/vec4 0, 0, 32;
    %store/vec4 v020186d0_0, 0, 32;
T_33.18 ;
    %load/vec4 v020186d0_0;
    %cmpi/s 15, 0, 32;
    %flag_or 5, 4;
    %jmp/0xz T_33.19, 5;
    %pushi/vec4 0, 0, 1;
    %ix/getv/s 4, v020186d0_0;
    %store/vec4 v020185c8_0, 4, 1;
    %load/vec4 v020186d0_0;
    %addi 1, 0, 32;
    %store/vec4 v020186d0_0, 0, 32;
    %jmp T_33.18;
T_33.19 ;
    %end;
t_33 ;
    %delay 19, 0;
    %pushi/vec4 1, 0, 1;
    %ix/load 4, 9, 0;
    %flag_set/imm 4, 0;
    %store/vec4 v020185c8_0, 4, 1;
    %end;
t_34 ;
    %delay 19, 0;
    %pushi/vec4 10, 0, 32;
    %store/vec4 v02018570_0, 0, 32;
    %end;
t_35 ;
    %delay 20, 0;
    %pushi/vec4 0, 0, 32;
    %store/vec4 v020186d0_0, 0, 32;
T_33.20 ;
    %load/vec4 v020186d0_0;
    %cmpi/s 15, 0, 32;
    %flag_or 5, 4;
    %jmp/0xz T_33.21, 5;
    %pushi/vec4 0, 0, 1;
    %ix/getv/s 4, v020186d0_0;
    %store/vec4 v020185c8_0, 4, 1;
    %load/vec4 v020186d0_0;
    %addi 1, 0, 32;
    %store/vec4 v020186d0_0, 0, 32;
    %jmp T_33.20;
T_33.21 ;
    %end;
t_36 ;
    %delay 21, 0;
    %pushi/vec4 1, 0, 1;
    %ix/load 4, 10, 0;
    %flag_set/imm 4, 0;
    %store/vec4 v020185c8_0, 4, 1;
    %end;
t_37 ;
    %delay 21, 0;
    %pushi/vec4 11, 0, 32;
    %store/vec4 v02018570_0, 0, 32;
    %end;
t_38 ;
    %delay 22, 0;
    %pushi/vec4 0, 0, 32;
    %store/vec4 v020186d0_0, 0, 32;
T_33.22 ;
    %load/vec4 v020186d0_0;
    %cmpi/s 15, 0, 32;
    %flag_or 5, 4;
    %jmp/0xz T_33.23, 5;
    %pushi/vec4 0, 0, 1;
    %ix/getv/s 4, v020186d0_0;
    %store/vec4 v020185c8_0, 4, 1;
    %load/vec4 v020186d0_0;
    %addi 1, 0, 32;
    %store/vec4 v020186d0_0, 0, 32;
    %jmp T_33.22;
T_33.23 ;
    %end;
t_39 ;
    %delay 23, 0;
    %pushi/vec4 1, 0, 1;
    %ix/load 4, 11, 0;
    %flag_set/imm 4, 0;
    %store/vec4 v020185c8_0, 4, 1;
    %end;
t_40 ;
    %delay 23, 0;
    %pushi/vec4 12, 0, 32;
    %store/vec4 v02018570_0, 0, 32;
    %end;
t_41 ;
    %delay 24, 0;
    %pushi/vec4 0, 0, 32;
    %store/vec4 v020186d0_0, 0, 32;
T_33.24 ;
    %load/vec4 v020186d0_0;
    %cmpi/s 15, 0, 32;
    %flag_or 5, 4;
    %jmp/0xz T_33.25, 5;
    %pushi/vec4 0, 0, 1;
    %ix/getv/s 4, v020186d0_0;
    %store/vec4 v020185c8_0, 4, 1;
    %load/vec4 v020186d0_0;
    %addi 1, 0, 32;
    %store/vec4 v020186d0_0, 0, 32;
    %jmp T_33.24;
T_33.25 ;
    %end;
t_42 ;
    %delay 25, 0;
    %pushi/vec4 1, 0, 1;
    %ix/load 4, 12, 0;
    %flag_set/imm 4, 0;
    %store/vec4 v020185c8_0, 4, 1;
    %end;
t_43 ;
    %delay 25, 0;
    %pushi/vec4 13, 0, 32;
    %store/vec4 v02018570_0, 0, 32;
    %end;
t_44 ;
    %delay 26, 0;
    %pushi/vec4 0, 0, 32;
    %store/vec4 v020186d0_0, 0, 32;
T_33.26 ;
    %load/vec4 v020186d0_0;
    %cmpi/s 15, 0, 32;
    %flag_or 5, 4;
    %jmp/0xz T_33.27, 5;
    %pushi/vec4 0, 0, 1;
    %ix/getv/s 4, v020186d0_0;
    %store/vec4 v020185c8_0, 4, 1;
    %load/vec4 v020186d0_0;
    %addi 1, 0, 32;
    %store/vec4 v020186d0_0, 0, 32;
    %jmp T_33.26;
T_33.27 ;
    %end;
t_45 ;
    %delay 27, 0;
    %pushi/vec4 1, 0, 1;
    %ix/load 4, 13, 0;
    %flag_set/imm 4, 0;
    %store/vec4 v020185c8_0, 4, 1;
    %end;
t_46 ;
    %delay 27, 0;
    %pushi/vec4 14, 0, 32;
    %store/vec4 v02018570_0, 0, 32;
    %end;
t_47 ;
    %delay 28, 0;
    %pushi/vec4 0, 0, 32;
    %store/vec4 v020186d0_0, 0, 32;
T_33.28 ;
    %load/vec4 v020186d0_0;
    %cmpi/s 15, 0, 32;
    %flag_or 5, 4;
    %jmp/0xz T_33.29, 5;
    %pushi/vec4 0, 0, 1;
    %ix/getv/s 4, v020186d0_0;
    %store/vec4 v020185c8_0, 4, 1;
    %load/vec4 v020186d0_0;
    %addi 1, 0, 32;
    %store/vec4 v020186d0_0, 0, 32;
    %jmp T_33.28;
T_33.29 ;
    %end;
t_48 ;
    %delay 29, 0;
    %pushi/vec4 1, 0, 1;
    %ix/load 4, 14, 0;
    %flag_set/imm 4, 0;
    %store/vec4 v020185c8_0, 4, 1;
    %end;
t_49 ;
    %delay 29, 0;
    %pushi/vec4 15, 0, 32;
    %store/vec4 v02018570_0, 0, 32;
    %end;
t_50 ;
    %delay 30, 0;
    %pushi/vec4 0, 0, 32;
    %store/vec4 v020186d0_0, 0, 32;
T_33.30 ;
    %load/vec4 v020186d0_0;
    %cmpi/s 15, 0, 32;
    %flag_or 5, 4;
    %jmp/0xz T_33.31, 5;
    %pushi/vec4 0, 0, 1;
    %ix/getv/s 4, v020186d0_0;
    %store/vec4 v020185c8_0, 4, 1;
    %load/vec4 v020186d0_0;
    %addi 1, 0, 32;
    %store/vec4 v020186d0_0, 0, 32;
    %jmp T_33.30;
T_33.31 ;
    %end;
t_51 ;
    %delay 31, 0;
    %pushi/vec4 1, 0, 1;
    %ix/load 4, 15, 0;
    %flag_set/imm 4, 0;
    %store/vec4 v020185c8_0, 4, 1;
    %end;
t_52 ;
    %delay 31, 0;
    %pushi/vec4 16, 0, 32;
    %store/vec4 v02018570_0, 0, 32;
    %end;
    .scope S_01fd2d68;
t_0 ;
    %end;
    .thread T_33;
    .scope S_01fd2d68;
T_34 ;
    %delay 1, 0;
    %load/vec4 v02018518_0;
    %inv;
    %store/vec4 v02018518_0, 0, 1;
    %jmp T_34;
    .thread T_34;
    .scope S_01fd2d68;
T_35 ;
    %delay 1500, 0;
    %vpi_call 2 145 "$finish" {0 0 0};
    %end;
    .thread T_35;
    .scope S_01fd2d68;
T_36 ;
    %vpi_call 2 150 "$dumpfile", "RegisterTestBench2.vcd" {0 0 0};
    %vpi_call 2 151 "$dumpvars", 32'sb00000000000000000000000000000000, S_01fd2d68 {0 0 0};
    %vpi_call 2 152 "$display", " Test Results" {0 0 0};
    %vpi_call 2 153 "$monitor", "T = %3d,Clk = %3d,In = %3d,Reset = %3d,Load[0] = %3d,Load[1] = %3d,Load[2] = %3d,Load[3] = %3d,Load[4] = %3d,Load[5] = %3d,Load[6] = %3d,Load[7] = %3d,Load[8] = %3d,Load[9] = %3d,Load[10] = %3d,Load[11] = %3d,Load[12] = %3d,Load[13] = %3d,Load[14] = %3d,Load[15] = %3d,Out[0] = %3d,Out[1] = %3d,Out[2] = %3d,Out[3] = %3d,Out[4] = %3d,Out[5] = %3d,Out[6] = %3d,Out[7] = %3d,Out[8] = %3d,Out[9] = %3d,Out[10] = %3d,Out[11] = %3d,Out[12] = %3d,Out[13] = %3d,Out[14] = %3d,Out[15] = %3d", $time, v02018518_0, v02018570_0, v02018678_0, &PV<v020185c8_0, 0, 1>, &PV<v020185c8_0, 1, 1>, &PV<v020185c8_0, 2, 1>, &PV<v020185c8_0, 3, 1>, &PV<v020185c8_0, 4, 1>, &PV<v020185c8_0, 5, 1>, &PV<v020185c8_0, 6, 1>, &PV<v020185c8_0, 7, 1>, &PV<v020185c8_0, 8, 1>, &PV<v020185c8_0, 9, 1>, &PV<v020185c8_0, 10, 1>, &PV<v020185c8_0, 11, 1>, &PV<v020185c8_0, 12, 1>, &PV<v020185c8_0, 13, 1>, &PV<v020185c8_0, 14, 1>, &PV<v020185c8_0, 15, 1>, v02018620_0, v02018620_1, v02018620_2, v02018620_3, v02018620_4, v02018620_5, v02018620_6, v02018620_7, v02018620_8, v02018620_9, v02018620_10, v02018620_11, v02018620_12, v02018620_13, v02018620_14, v02018620_15 {0 0 0};
    %end;
    .thread T_36;
# The file index is used to find the file name in the following table.
:file_names 4;
    "N/A";
    "<interactive>";
    "RegisterTestBench2.v";
    "Register.v";
