#! c:/iverilog-x86/bin/vvp
:ivl_version "10.0 (stable)" "(v10_0)";
:ivl_delay_selection "TYPICAL";
:vpi_time_precision + 0;
:vpi_module "system";
:vpi_module "vhdl_sys";
:vpi_module "v2005_math";
:vpi_module "va_math";
S_0066db20 .scope module, "ARM_ALU_TestBench" "ARM_ALU_TestBench" 2 1;
 .timescale 0 0;
P_003946f8 .param/l "sim_time" 0 2 3, +C4<0000000000000000000000000000000000000000000000000000010111011100>;
v00711608_0 .var "A", 31 0;
v00711660_0 .var "ALU_OUT", 0 0;
v007116b8_0 .var "B", 31 0;
v00711710_0 .var "FLAGS", 3 0;
v00711768_0 .net "FLAGS_OUT", 3 0, L_007118c8;  1 drivers
v007117c0_0 .var "OP", 4 0;
v00711818_0 .net "Out", 31 0, L_00711920;  1 drivers
v00711870_0 .var "S", 0 0;
S_00393b78 .scope module, "alu" "ARM_ALU" 2 12, 3 1 0, S_0066db20;
 .timescale 0 0;
    .port_info 0 /INPUT 32 "A"
    .port_info 1 /INPUT 32 "B"
    .port_info 2 /INPUT 5 "OP"
    .port_info 3 /INPUT 4 "FLAGS"
    .port_info 4 /OUTPUT 32 "Out"
    .port_info 5 /OUTPUT 4 "FLAGS_OUT"
    .port_info 6 /INPUT 1 "S"
    .port_info 7 /INPUT 1 "ALU_OUT"
P_006ba500 .param/l "HIGHZ" 0 3 3, C4<zzzzzzzzzzzzzzzzzzzzzzzzzzzzzzzz>;
v006d67a8_0 .net "A", 31 0, v00711608_0;  1 drivers
v006760d0_0 .net "ALU_OUT", 0 0, v00711660_0;  1 drivers
v00664800_0 .net "B", 31 0, v007116b8_0;  1 drivers
v00664858_0 .net "FLAGS", 3 0, v00711710_0;  1 drivers
v007113a0_0 .net "FLAGS_OUT", 3 0, L_007118c8;  alias, 1 drivers
v007113f8_0 .var "FLAGS_buff", 3 0;
v00711450_0 .net "OP", 4 0, v007117c0_0;  1 drivers
v007114a8_0 .net "Out", 31 0, L_00711920;  alias, 1 drivers
v00711500_0 .net "S", 0 0, v00711870_0;  1 drivers
o006e0454 .functor BUFZ 32, C4<zzzzzzzzzzzzzzzzzzzzzzzzzzzzzzzz>; HiZ drive
; Elide local net with no drivers, v00711558_0 name=_s2
v007115b0_0 .var "buffer", 31 0;
E_006ba578 .event edge, v00711450_0, v00664800_0, v006d67a8_0, v007115b0_0;
E_006ba5a0 .event edge, v00711450_0, v00664800_0, v006d67a8_0;
L_007118c8 .functor MUXZ 4, v00711710_0, v007113f8_0, v00711870_0, C4<>;
L_00711920 .functor MUXZ 32, o006e0454, v007115b0_0, v00711660_0, C4<>;
    .scope S_00393b78;
T_0 ;
    %wait E_006ba5a0;
    %pushi/vec4 0, 0, 4;
    %store/vec4 v007113f8_0, 0, 4;
    %load/vec4 v00711450_0;
    %dup/vec4;
    %pushi/vec4 0, 0, 5;
    %cmp/z;
    %jmp/1 T_0.0, 4;
    %dup/vec4;
    %pushi/vec4 8, 0, 5;
    %cmp/z;
    %jmp/1 T_0.1, 4;
    %dup/vec4;
    %pushi/vec4 1, 0, 5;
    %cmp/z;
    %jmp/1 T_0.2, 4;
    %dup/vec4;
    %pushi/vec4 9, 0, 5;
    %cmp/z;
    %jmp/1 T_0.3, 4;
    %dup/vec4;
    %pushi/vec4 2, 0, 5;
    %cmp/z;
    %jmp/1 T_0.4, 4;
    %dup/vec4;
    %pushi/vec4 10, 0, 5;
    %cmp/z;
    %jmp/1 T_0.5, 4;
    %dup/vec4;
    %pushi/vec4 3, 0, 5;
    %cmp/z;
    %jmp/1 T_0.6, 4;
    %dup/vec4;
    %pushi/vec4 4, 0, 5;
    %cmp/z;
    %jmp/1 T_0.7, 4;
    %dup/vec4;
    %pushi/vec4 11, 0, 5;
    %cmp/z;
    %jmp/1 T_0.8, 4;
    %dup/vec4;
    %pushi/vec4 5, 0, 5;
    %cmp/z;
    %jmp/1 T_0.9, 4;
    %dup/vec4;
    %pushi/vec4 6, 0, 5;
    %cmp/z;
    %jmp/1 T_0.10, 4;
    %dup/vec4;
    %pushi/vec4 7, 0, 5;
    %cmp/z;
    %jmp/1 T_0.11, 4;
    %dup/vec4;
    %pushi/vec4 12, 0, 5;
    %cmp/z;
    %jmp/1 T_0.12, 4;
    %dup/vec4;
    %pushi/vec4 14, 0, 5;
    %cmp/z;
    %jmp/1 T_0.13, 4;
    %dup/vec4;
    %pushi/vec4 15, 0, 5;
    %cmp/z;
    %jmp/1 T_0.14, 4;
    %dup/vec4;
    %pushi/vec4 16, 0, 5;
    %cmp/z;
    %jmp/1 T_0.15, 4;
    %dup/vec4;
    %pushi/vec4 17, 0, 5;
    %cmp/z;
    %jmp/1 T_0.16, 4;
    %jmp T_0.17;
T_0.0 ;
    %load/vec4 v006d67a8_0;
    %load/vec4 v00664800_0;
    %and;
    %assign/vec4 v007115b0_0, 0;
    %jmp T_0.17;
T_0.1 ;
    %load/vec4 v006d67a8_0;
    %load/vec4 v00664800_0;
    %and;
    %assign/vec4 v007115b0_0, 0;
    %jmp T_0.17;
T_0.2 ;
    %load/vec4 v006d67a8_0;
    %load/vec4 v00664800_0;
    %xor;
    %assign/vec4 v007115b0_0, 0;
    %jmp T_0.17;
T_0.3 ;
    %load/vec4 v006d67a8_0;
    %load/vec4 v00664800_0;
    %xor;
    %assign/vec4 v007115b0_0, 0;
    %jmp T_0.17;
T_0.4 ;
    %load/vec4 v006d67a8_0;
    %pad/u 33;
    %load/vec4 v00664800_0;
    %pad/u 33;
    %sub;
    %split/vec4 32;
    %assign/vec4 v007115b0_0, 0;
    %ix/load 4, 1, 0;
    %ix/load 5, 0, 0;
    %flag_set/imm 4, 0;
    %assign/vec4/off/d v007113f8_0, 4, 5;
    %jmp T_0.17;
T_0.5 ;
    %load/vec4 v006d67a8_0;
    %pad/u 33;
    %load/vec4 v00664800_0;
    %pad/u 33;
    %sub;
    %split/vec4 32;
    %assign/vec4 v007115b0_0, 0;
    %ix/load 4, 1, 0;
    %ix/load 5, 0, 0;
    %flag_set/imm 4, 0;
    %assign/vec4/off/d v007113f8_0, 4, 5;
    %jmp T_0.17;
T_0.6 ;
    %load/vec4 v00664800_0;
    %pad/u 33;
    %load/vec4 v006d67a8_0;
    %pad/u 33;
    %sub;
    %split/vec4 32;
    %assign/vec4 v007115b0_0, 0;
    %ix/load 4, 1, 0;
    %ix/load 5, 0, 0;
    %flag_set/imm 4, 0;
    %assign/vec4/off/d v007113f8_0, 4, 5;
    %jmp T_0.17;
T_0.7 ;
    %load/vec4 v006d67a8_0;
    %pad/u 33;
    %load/vec4 v00664800_0;
    %pad/u 33;
    %add;
    %split/vec4 32;
    %assign/vec4 v007115b0_0, 0;
    %ix/load 4, 1, 0;
    %ix/load 5, 0, 0;
    %flag_set/imm 4, 0;
    %assign/vec4/off/d v007113f8_0, 4, 5;
    %jmp T_0.17;
T_0.8 ;
    %load/vec4 v006d67a8_0;
    %pad/u 33;
    %load/vec4 v00664800_0;
    %pad/u 33;
    %add;
    %split/vec4 32;
    %assign/vec4 v007115b0_0, 0;
    %ix/load 4, 1, 0;
    %ix/load 5, 0, 0;
    %flag_set/imm 4, 0;
    %assign/vec4/off/d v007113f8_0, 4, 5;
    %jmp T_0.17;
T_0.9 ;
    %load/vec4 v006d67a8_0;
    %pad/u 33;
    %load/vec4 v00664800_0;
    %pad/u 33;
    %add;
    %load/vec4 v00664858_0;
    %parti/s 1, 1, 2;
    %pad/u 33;
    %add;
    %split/vec4 32;
    %assign/vec4 v007115b0_0, 0;
    %ix/load 4, 1, 0;
    %ix/load 5, 0, 0;
    %flag_set/imm 4, 0;
    %assign/vec4/off/d v007113f8_0, 4, 5;
    %jmp T_0.17;
T_0.10 ;
    %load/vec4 v006d67a8_0;
    %pad/u 33;
    %load/vec4 v00664800_0;
    %pad/u 33;
    %sub;
    %load/vec4 v00664858_0;
    %parti/s 1, 1, 2;
    %nor/r;
    %pad/u 33;
    %sub;
    %split/vec4 32;
    %assign/vec4 v007115b0_0, 0;
    %ix/load 4, 1, 0;
    %ix/load 5, 0, 0;
    %flag_set/imm 4, 0;
    %assign/vec4/off/d v007113f8_0, 4, 5;
    %jmp T_0.17;
T_0.11 ;
    %load/vec4 v00664800_0;
    %pad/u 33;
    %load/vec4 v006d67a8_0;
    %pad/u 33;
    %sub;
    %load/vec4 v00664858_0;
    %parti/s 1, 1, 2;
    %nor/r;
    %pad/u 33;
    %sub;
    %split/vec4 32;
    %assign/vec4 v007115b0_0, 0;
    %ix/load 4, 1, 0;
    %ix/load 5, 0, 0;
    %flag_set/imm 4, 0;
    %assign/vec4/off/d v007113f8_0, 4, 5;
    %jmp T_0.17;
T_0.12 ;
    %load/vec4 v006d67a8_0;
    %load/vec4 v00664800_0;
    %or;
    %assign/vec4 v007115b0_0, 0;
    %jmp T_0.17;
T_0.13 ;
    %load/vec4 v006d67a8_0;
    %load/vec4 v00664800_0;
    %inv;
    %and;
    %assign/vec4 v007115b0_0, 0;
    %jmp T_0.17;
T_0.14 ;
    %load/vec4 v00664800_0;
    %inv;
    %assign/vec4 v007115b0_0, 0;
    %jmp T_0.17;
T_0.15 ;
    %load/vec4 v00664800_0;
    %assign/vec4 v007115b0_0, 0;
    %jmp T_0.17;
T_0.16 ;
    %load/vec4 v006d67a8_0;
    %addi 1, 0, 32;
    %assign/vec4 v007115b0_0, 0;
    %jmp T_0.17;
T_0.17 ;
    %pop/vec4 1;
    %jmp T_0;
    .thread T_0, $push;
    .scope S_00393b78;
T_1 ;
    %wait E_006ba578;
    %load/vec4 v007115b0_0;
    %parti/s 1, 31, 6;
    %ix/load 4, 3, 0;
    %flag_set/imm 4, 0;
    %store/vec4 v007113f8_0, 4, 1;
    %load/vec4 v007115b0_0;
    %pushi/vec4 0, 0, 32;
    %cmp/e;
    %flag_get/vec4 4;
    %ix/load 4, 2, 0;
    %flag_set/imm 4, 0;
    %store/vec4 v007113f8_0, 4, 1;
    %load/vec4 v006d67a8_0;
    %parti/s 1, 31, 6;
    %load/vec4 v00664800_0;
    %parti/s 1, 31, 6;
    %cmp/e;
    %flag_get/vec4 4;
    %load/vec4 v006d67a8_0;
    %parti/s 1, 31, 6;
    %load/vec4 v007115b0_0;
    %parti/s 1, 31, 6;
    %cmp/e;
    %flag_get/vec4 4;
    %inv;
    %and;
    %ix/load 4, 0, 0;
    %flag_set/imm 4, 0;
    %store/vec4 v007113f8_0, 4, 1;
    %jmp T_1;
    .thread T_1, $push;
    .scope S_0066db20;
T_2 ;
    %fork t_1, S_0066db20;
    %fork t_2, S_0066db20;
    %fork t_3, S_0066db20;
    %fork t_4, S_0066db20;
    %fork t_5, S_0066db20;
    %fork t_6, S_0066db20;
    %fork t_7, S_0066db20;
    %fork t_8, S_0066db20;
    %fork t_9, S_0066db20;
    %fork t_10, S_0066db20;
    %fork t_11, S_0066db20;
    %fork t_12, S_0066db20;
    %fork t_13, S_0066db20;
    %fork t_14, S_0066db20;
    %fork t_15, S_0066db20;
    %fork t_16, S_0066db20;
    %fork t_17, S_0066db20;
    %fork t_18, S_0066db20;
    %fork t_19, S_0066db20;
    %fork t_20, S_0066db20;
    %fork t_21, S_0066db20;
    %fork t_22, S_0066db20;
    %fork t_23, S_0066db20;
    %fork t_24, S_0066db20;
    %fork t_25, S_0066db20;
    %fork t_26, S_0066db20;
    %fork t_27, S_0066db20;
    %fork t_28, S_0066db20;
    %fork t_29, S_0066db20;
    %fork t_30, S_0066db20;
    %fork t_31, S_0066db20;
    %fork t_32, S_0066db20;
    %fork t_33, S_0066db20;
    %fork t_34, S_0066db20;
    %fork t_35, S_0066db20;
    %fork t_36, S_0066db20;
    %fork t_37, S_0066db20;
    %fork t_38, S_0066db20;
    %fork t_39, S_0066db20;
    %fork t_40, S_0066db20;
    %fork t_41, S_0066db20;
    %fork t_42, S_0066db20;
    %fork t_43, S_0066db20;
    %fork t_44, S_0066db20;
    %fork t_45, S_0066db20;
    %fork t_46, S_0066db20;
    %fork t_47, S_0066db20;
    %fork t_48, S_0066db20;
    %fork t_49, S_0066db20;
    %fork t_50, S_0066db20;
    %fork t_51, S_0066db20;
    %fork t_52, S_0066db20;
    %fork t_53, S_0066db20;
    %fork t_54, S_0066db20;
    %fork t_55, S_0066db20;
    %fork t_56, S_0066db20;
    %fork t_57, S_0066db20;
    %fork t_58, S_0066db20;
    %fork t_59, S_0066db20;
    %fork t_60, S_0066db20;
    %fork t_61, S_0066db20;
    %fork t_62, S_0066db20;
    %fork t_63, S_0066db20;
    %fork t_64, S_0066db20;
    %fork t_65, S_0066db20;
    %fork t_66, S_0066db20;
    %fork t_67, S_0066db20;
    %fork t_68, S_0066db20;
    %fork t_69, S_0066db20;
    %fork t_70, S_0066db20;
    %fork t_71, S_0066db20;
    %fork t_72, S_0066db20;
    %fork t_73, S_0066db20;
    %fork t_74, S_0066db20;
    %fork t_75, S_0066db20;
    %fork t_76, S_0066db20;
    %fork t_77, S_0066db20;
    %fork t_78, S_0066db20;
    %fork t_79, S_0066db20;
    %fork t_80, S_0066db20;
    %fork t_81, S_0066db20;
    %fork t_82, S_0066db20;
    %fork t_83, S_0066db20;
    %fork t_84, S_0066db20;
    %fork t_85, S_0066db20;
    %fork t_86, S_0066db20;
    %fork t_87, S_0066db20;
    %fork t_88, S_0066db20;
    %fork t_89, S_0066db20;
    %fork t_90, S_0066db20;
    %fork t_91, S_0066db20;
    %fork t_92, S_0066db20;
    %fork t_93, S_0066db20;
    %fork t_94, S_0066db20;
    %fork t_95, S_0066db20;
    %fork t_96, S_0066db20;
    %fork t_97, S_0066db20;
    %fork t_98, S_0066db20;
    %fork t_99, S_0066db20;
    %fork t_100, S_0066db20;
    %fork t_101, S_0066db20;
    %fork t_102, S_0066db20;
    %fork t_103, S_0066db20;
    %fork t_104, S_0066db20;
    %fork t_105, S_0066db20;
    %fork t_106, S_0066db20;
    %fork t_107, S_0066db20;
    %fork t_108, S_0066db20;
    %fork t_109, S_0066db20;
    %fork t_110, S_0066db20;
    %fork t_111, S_0066db20;
    %fork t_112, S_0066db20;
    %fork t_113, S_0066db20;
    %fork t_114, S_0066db20;
    %fork t_115, S_0066db20;
    %fork t_116, S_0066db20;
    %fork t_117, S_0066db20;
    %fork t_118, S_0066db20;
    %fork t_119, S_0066db20;
    %fork t_120, S_0066db20;
    %fork t_121, S_0066db20;
    %fork t_122, S_0066db20;
    %fork t_123, S_0066db20;
    %fork t_124, S_0066db20;
    %fork t_125, S_0066db20;
    %fork t_126, S_0066db20;
    %fork t_127, S_0066db20;
    %fork t_128, S_0066db20;
    %fork t_129, S_0066db20;
    %fork t_130, S_0066db20;
    %fork t_131, S_0066db20;
    %fork t_132, S_0066db20;
    %fork t_133, S_0066db20;
    %fork t_134, S_0066db20;
    %fork t_135, S_0066db20;
    %fork t_136, S_0066db20;
    %fork t_137, S_0066db20;
    %fork t_138, S_0066db20;
    %fork t_139, S_0066db20;
    %fork t_140, S_0066db20;
    %fork t_141, S_0066db20;
    %fork t_142, S_0066db20;
    %fork t_143, S_0066db20;
    %fork t_144, S_0066db20;
    %fork t_145, S_0066db20;
    %fork t_146, S_0066db20;
    %fork t_147, S_0066db20;
    %fork t_148, S_0066db20;
    %fork t_149, S_0066db20;
    %fork t_150, S_0066db20;
    %fork t_151, S_0066db20;
    %fork t_152, S_0066db20;
    %fork t_153, S_0066db20;
    %fork t_154, S_0066db20;
    %fork t_155, S_0066db20;
    %fork t_156, S_0066db20;
    %fork t_157, S_0066db20;
    %fork t_158, S_0066db20;
    %fork t_159, S_0066db20;
    %fork t_160, S_0066db20;
    %fork t_161, S_0066db20;
    %fork t_162, S_0066db20;
    %fork t_163, S_0066db20;
    %fork t_164, S_0066db20;
    %fork t_165, S_0066db20;
    %fork t_166, S_0066db20;
    %fork t_167, S_0066db20;
    %fork t_168, S_0066db20;
    %fork t_169, S_0066db20;
    %fork t_170, S_0066db20;
    %fork t_171, S_0066db20;
    %fork t_172, S_0066db20;
    %fork t_173, S_0066db20;
    %fork t_174, S_0066db20;
    %fork t_175, S_0066db20;
    %fork t_176, S_0066db20;
    %fork t_177, S_0066db20;
    %fork t_178, S_0066db20;
    %fork t_179, S_0066db20;
    %fork t_180, S_0066db20;
    %fork t_181, S_0066db20;
    %fork t_182, S_0066db20;
    %fork t_183, S_0066db20;
    %fork t_184, S_0066db20;
    %fork t_185, S_0066db20;
    %fork t_186, S_0066db20;
    %fork t_187, S_0066db20;
    %fork t_188, S_0066db20;
    %fork t_189, S_0066db20;
    %fork t_190, S_0066db20;
    %fork t_191, S_0066db20;
    %fork t_192, S_0066db20;
    %fork t_193, S_0066db20;
    %fork t_194, S_0066db20;
    %fork t_195, S_0066db20;
    %fork t_196, S_0066db20;
    %fork t_197, S_0066db20;
    %fork t_198, S_0066db20;
    %fork t_199, S_0066db20;
    %fork t_200, S_0066db20;
    %fork t_201, S_0066db20;
    %fork t_202, S_0066db20;
    %fork t_203, S_0066db20;
    %fork t_204, S_0066db20;
    %fork t_205, S_0066db20;
    %fork t_206, S_0066db20;
    %fork t_207, S_0066db20;
    %fork t_208, S_0066db20;
    %fork t_209, S_0066db20;
    %fork t_210, S_0066db20;
    %fork t_211, S_0066db20;
    %fork t_212, S_0066db20;
    %fork t_213, S_0066db20;
    %fork t_214, S_0066db20;
    %fork t_215, S_0066db20;
    %fork t_216, S_0066db20;
    %fork t_217, S_0066db20;
    %fork t_218, S_0066db20;
    %fork t_219, S_0066db20;
    %fork t_220, S_0066db20;
    %fork t_221, S_0066db20;
    %fork t_222, S_0066db20;
    %fork t_223, S_0066db20;
    %fork t_224, S_0066db20;
    %fork t_225, S_0066db20;
    %fork t_226, S_0066db20;
    %fork t_227, S_0066db20;
    %fork t_228, S_0066db20;
    %fork t_229, S_0066db20;
    %fork t_230, S_0066db20;
    %fork t_231, S_0066db20;
    %fork t_232, S_0066db20;
    %fork t_233, S_0066db20;
    %fork t_234, S_0066db20;
    %fork t_235, S_0066db20;
    %fork t_236, S_0066db20;
    %fork t_237, S_0066db20;
    %fork t_238, S_0066db20;
    %fork t_239, S_0066db20;
    %fork t_240, S_0066db20;
    %fork t_241, S_0066db20;
    %fork t_242, S_0066db20;
    %fork t_243, S_0066db20;
    %fork t_244, S_0066db20;
    %fork t_245, S_0066db20;
    %fork t_246, S_0066db20;
    %fork t_247, S_0066db20;
    %fork t_248, S_0066db20;
    %fork t_249, S_0066db20;
    %fork t_250, S_0066db20;
    %fork t_251, S_0066db20;
    %fork t_252, S_0066db20;
    %fork t_253, S_0066db20;
    %fork t_254, S_0066db20;
    %fork t_255, S_0066db20;
    %fork t_256, S_0066db20;
    %fork t_257, S_0066db20;
    %fork t_258, S_0066db20;
    %fork t_259, S_0066db20;
    %fork t_260, S_0066db20;
    %fork t_261, S_0066db20;
    %fork t_262, S_0066db20;
    %fork t_263, S_0066db20;
    %fork t_264, S_0066db20;
    %fork t_265, S_0066db20;
    %fork t_266, S_0066db20;
    %fork t_267, S_0066db20;
    %fork t_268, S_0066db20;
    %fork t_269, S_0066db20;
    %fork t_270, S_0066db20;
    %fork t_271, S_0066db20;
    %fork t_272, S_0066db20;
    %fork t_273, S_0066db20;
    %fork t_274, S_0066db20;
    %fork t_275, S_0066db20;
    %fork t_276, S_0066db20;
    %fork t_277, S_0066db20;
    %fork t_278, S_0066db20;
    %fork t_279, S_0066db20;
    %fork t_280, S_0066db20;
    %fork t_281, S_0066db20;
    %fork t_282, S_0066db20;
    %fork t_283, S_0066db20;
    %fork t_284, S_0066db20;
    %fork t_285, S_0066db20;
    %fork t_286, S_0066db20;
    %fork t_287, S_0066db20;
    %fork t_288, S_0066db20;
    %fork t_289, S_0066db20;
    %fork t_290, S_0066db20;
    %fork t_291, S_0066db20;
    %fork t_292, S_0066db20;
    %fork t_293, S_0066db20;
    %fork t_294, S_0066db20;
    %fork t_295, S_0066db20;
    %fork t_296, S_0066db20;
    %fork t_297, S_0066db20;
    %fork t_298, S_0066db20;
    %fork t_299, S_0066db20;
    %fork t_300, S_0066db20;
    %fork t_301, S_0066db20;
    %fork t_302, S_0066db20;
    %fork t_303, S_0066db20;
    %fork t_304, S_0066db20;
    %fork t_305, S_0066db20;
    %fork t_306, S_0066db20;
    %fork t_307, S_0066db20;
    %fork t_308, S_0066db20;
    %fork t_309, S_0066db20;
    %fork t_310, S_0066db20;
    %fork t_311, S_0066db20;
    %fork t_312, S_0066db20;
    %fork t_313, S_0066db20;
    %fork t_314, S_0066db20;
    %fork t_315, S_0066db20;
    %fork t_316, S_0066db20;
    %fork t_317, S_0066db20;
    %fork t_318, S_0066db20;
    %fork t_319, S_0066db20;
    %fork t_320, S_0066db20;
    %fork t_321, S_0066db20;
    %fork t_322, S_0066db20;
    %fork t_323, S_0066db20;
    %fork t_324, S_0066db20;
    %fork t_325, S_0066db20;
    %fork t_326, S_0066db20;
    %fork t_327, S_0066db20;
    %fork t_328, S_0066db20;
    %fork t_329, S_0066db20;
    %fork t_330, S_0066db20;
    %fork t_331, S_0066db20;
    %fork t_332, S_0066db20;
    %fork t_333, S_0066db20;
    %fork t_334, S_0066db20;
    %fork t_335, S_0066db20;
    %fork t_336, S_0066db20;
    %fork t_337, S_0066db20;
    %fork t_338, S_0066db20;
    %fork t_339, S_0066db20;
    %fork t_340, S_0066db20;
    %fork t_341, S_0066db20;
    %fork t_342, S_0066db20;
    %fork t_343, S_0066db20;
    %fork t_344, S_0066db20;
    %fork t_345, S_0066db20;
    %fork t_346, S_0066db20;
    %fork t_347, S_0066db20;
    %fork t_348, S_0066db20;
    %fork t_349, S_0066db20;
    %fork t_350, S_0066db20;
    %fork t_351, S_0066db20;
    %fork t_352, S_0066db20;
    %fork t_353, S_0066db20;
    %fork t_354, S_0066db20;
    %fork t_355, S_0066db20;
    %fork t_356, S_0066db20;
    %fork t_357, S_0066db20;
    %fork t_358, S_0066db20;
    %fork t_359, S_0066db20;
    %fork t_360, S_0066db20;
    %fork t_361, S_0066db20;
    %fork t_362, S_0066db20;
    %fork t_363, S_0066db20;
    %fork t_364, S_0066db20;
    %fork t_365, S_0066db20;
    %fork t_366, S_0066db20;
    %fork t_367, S_0066db20;
    %fork t_368, S_0066db20;
    %fork t_369, S_0066db20;
    %fork t_370, S_0066db20;
    %fork t_371, S_0066db20;
    %fork t_372, S_0066db20;
    %fork t_373, S_0066db20;
    %fork t_374, S_0066db20;
    %fork t_375, S_0066db20;
    %fork t_376, S_0066db20;
    %fork t_377, S_0066db20;
    %fork t_378, S_0066db20;
    %fork t_379, S_0066db20;
    %fork t_380, S_0066db20;
    %fork t_381, S_0066db20;
    %fork t_382, S_0066db20;
    %fork t_383, S_0066db20;
    %fork t_384, S_0066db20;
    %fork t_385, S_0066db20;
    %fork t_386, S_0066db20;
    %fork t_387, S_0066db20;
    %fork t_388, S_0066db20;
    %fork t_389, S_0066db20;
    %fork t_390, S_0066db20;
    %fork t_391, S_0066db20;
    %fork t_392, S_0066db20;
    %fork t_393, S_0066db20;
    %fork t_394, S_0066db20;
    %fork t_395, S_0066db20;
    %fork t_396, S_0066db20;
    %fork t_397, S_0066db20;
    %fork t_398, S_0066db20;
    %fork t_399, S_0066db20;
    %fork t_400, S_0066db20;
    %fork t_401, S_0066db20;
    %fork t_402, S_0066db20;
    %fork t_403, S_0066db20;
    %fork t_404, S_0066db20;
    %fork t_405, S_0066db20;
    %fork t_406, S_0066db20;
    %fork t_407, S_0066db20;
    %fork t_408, S_0066db20;
    %fork t_409, S_0066db20;
    %fork t_410, S_0066db20;
    %fork t_411, S_0066db20;
    %fork t_412, S_0066db20;
    %fork t_413, S_0066db20;
    %fork t_414, S_0066db20;
    %fork t_415, S_0066db20;
    %fork t_416, S_0066db20;
    %fork t_417, S_0066db20;
    %fork t_418, S_0066db20;
    %fork t_419, S_0066db20;
    %fork t_420, S_0066db20;
    %fork t_421, S_0066db20;
    %fork t_422, S_0066db20;
    %fork t_423, S_0066db20;
    %fork t_424, S_0066db20;
    %fork t_425, S_0066db20;
    %fork t_426, S_0066db20;
    %fork t_427, S_0066db20;
    %fork t_428, S_0066db20;
    %fork t_429, S_0066db20;
    %fork t_430, S_0066db20;
    %fork t_431, S_0066db20;
    %fork t_432, S_0066db20;
    %fork t_433, S_0066db20;
    %fork t_434, S_0066db20;
    %fork t_435, S_0066db20;
    %fork t_436, S_0066db20;
    %fork t_437, S_0066db20;
    %fork t_438, S_0066db20;
    %fork t_439, S_0066db20;
    %fork t_440, S_0066db20;
    %fork t_441, S_0066db20;
    %fork t_442, S_0066db20;
    %fork t_443, S_0066db20;
    %fork t_444, S_0066db20;
    %fork t_445, S_0066db20;
    %fork t_446, S_0066db20;
    %fork t_447, S_0066db20;
    %fork t_448, S_0066db20;
    %fork t_449, S_0066db20;
    %fork t_450, S_0066db20;
    %fork t_451, S_0066db20;
    %fork t_452, S_0066db20;
    %fork t_453, S_0066db20;
    %fork t_454, S_0066db20;
    %fork t_455, S_0066db20;
    %fork t_456, S_0066db20;
    %fork t_457, S_0066db20;
    %fork t_458, S_0066db20;
    %fork t_459, S_0066db20;
    %fork t_460, S_0066db20;
    %fork t_461, S_0066db20;
    %fork t_462, S_0066db20;
    %fork t_463, S_0066db20;
    %fork t_464, S_0066db20;
    %fork t_465, S_0066db20;
    %fork t_466, S_0066db20;
    %fork t_467, S_0066db20;
    %fork t_468, S_0066db20;
    %fork t_469, S_0066db20;
    %fork t_470, S_0066db20;
    %fork t_471, S_0066db20;
    %fork t_472, S_0066db20;
    %fork t_473, S_0066db20;
    %fork t_474, S_0066db20;
    %fork t_475, S_0066db20;
    %fork t_476, S_0066db20;
    %fork t_477, S_0066db20;
    %fork t_478, S_0066db20;
    %fork t_479, S_0066db20;
    %fork t_480, S_0066db20;
    %fork t_481, S_0066db20;
    %fork t_482, S_0066db20;
    %fork t_483, S_0066db20;
    %fork t_484, S_0066db20;
    %fork t_485, S_0066db20;
    %fork t_486, S_0066db20;
    %fork t_487, S_0066db20;
    %fork t_488, S_0066db20;
    %fork t_489, S_0066db20;
    %fork t_490, S_0066db20;
    %fork t_491, S_0066db20;
    %fork t_492, S_0066db20;
    %fork t_493, S_0066db20;
    %fork t_494, S_0066db20;
    %fork t_495, S_0066db20;
    %fork t_496, S_0066db20;
    %fork t_497, S_0066db20;
    %fork t_498, S_0066db20;
    %fork t_499, S_0066db20;
    %fork t_500, S_0066db20;
    %fork t_501, S_0066db20;
    %fork t_502, S_0066db20;
    %fork t_503, S_0066db20;
    %fork t_504, S_0066db20;
    %fork t_505, S_0066db20;
    %fork t_506, S_0066db20;
    %fork t_507, S_0066db20;
    %fork t_508, S_0066db20;
    %fork t_509, S_0066db20;
    %fork t_510, S_0066db20;
    %fork t_511, S_0066db20;
    %fork t_512, S_0066db20;
    %fork t_513, S_0066db20;
    %fork t_514, S_0066db20;
    %fork t_515, S_0066db20;
    %fork t_516, S_0066db20;
    %fork t_517, S_0066db20;
    %fork t_518, S_0066db20;
    %fork t_519, S_0066db20;
    %fork t_520, S_0066db20;
    %fork t_521, S_0066db20;
    %fork t_522, S_0066db20;
    %fork t_523, S_0066db20;
    %fork t_524, S_0066db20;
    %fork t_525, S_0066db20;
    %fork t_526, S_0066db20;
    %fork t_527, S_0066db20;
    %fork t_528, S_0066db20;
    %fork t_529, S_0066db20;
    %fork t_530, S_0066db20;
    %fork t_531, S_0066db20;
    %fork t_532, S_0066db20;
    %fork t_533, S_0066db20;
    %fork t_534, S_0066db20;
    %fork t_535, S_0066db20;
    %fork t_536, S_0066db20;
    %fork t_537, S_0066db20;
    %fork t_538, S_0066db20;
    %fork t_539, S_0066db20;
    %fork t_540, S_0066db20;
    %fork t_541, S_0066db20;
    %fork t_542, S_0066db20;
    %fork t_543, S_0066db20;
    %fork t_544, S_0066db20;
    %fork t_545, S_0066db20;
    %fork t_546, S_0066db20;
    %fork t_547, S_0066db20;
    %fork t_548, S_0066db20;
    %fork t_549, S_0066db20;
    %fork t_550, S_0066db20;
    %fork t_551, S_0066db20;
    %fork t_552, S_0066db20;
    %fork t_553, S_0066db20;
    %fork t_554, S_0066db20;
    %fork t_555, S_0066db20;
    %fork t_556, S_0066db20;
    %fork t_557, S_0066db20;
    %fork t_558, S_0066db20;
    %fork t_559, S_0066db20;
    %fork t_560, S_0066db20;
    %fork t_561, S_0066db20;
    %fork t_562, S_0066db20;
    %fork t_563, S_0066db20;
    %fork t_564, S_0066db20;
    %fork t_565, S_0066db20;
    %fork t_566, S_0066db20;
    %fork t_567, S_0066db20;
    %fork t_568, S_0066db20;
    %fork t_569, S_0066db20;
    %fork t_570, S_0066db20;
    %fork t_571, S_0066db20;
    %fork t_572, S_0066db20;
    %fork t_573, S_0066db20;
    %fork t_574, S_0066db20;
    %fork t_575, S_0066db20;
    %fork t_576, S_0066db20;
    %fork t_577, S_0066db20;
    %fork t_578, S_0066db20;
    %fork t_579, S_0066db20;
    %fork t_580, S_0066db20;
    %fork t_581, S_0066db20;
    %fork t_582, S_0066db20;
    %fork t_583, S_0066db20;
    %fork t_584, S_0066db20;
    %fork t_585, S_0066db20;
    %fork t_586, S_0066db20;
    %fork t_587, S_0066db20;
    %fork t_588, S_0066db20;
    %fork t_589, S_0066db20;
    %fork t_590, S_0066db20;
    %fork t_591, S_0066db20;
    %fork t_592, S_0066db20;
    %fork t_593, S_0066db20;
    %fork t_594, S_0066db20;
    %fork t_595, S_0066db20;
    %fork t_596, S_0066db20;
    %fork t_597, S_0066db20;
    %fork t_598, S_0066db20;
    %fork t_599, S_0066db20;
    %fork t_600, S_0066db20;
    %fork t_601, S_0066db20;
    %fork t_602, S_0066db20;
    %fork t_603, S_0066db20;
    %fork t_604, S_0066db20;
    %fork t_605, S_0066db20;
    %fork t_606, S_0066db20;
    %fork t_607, S_0066db20;
    %fork t_608, S_0066db20;
    %fork t_609, S_0066db20;
    %fork t_610, S_0066db20;
    %fork t_611, S_0066db20;
    %fork t_612, S_0066db20;
    %fork t_613, S_0066db20;
    %fork t_614, S_0066db20;
    %fork t_615, S_0066db20;
    %fork t_616, S_0066db20;
    %fork t_617, S_0066db20;
    %fork t_618, S_0066db20;
    %fork t_619, S_0066db20;
    %fork t_620, S_0066db20;
    %fork t_621, S_0066db20;
    %fork t_622, S_0066db20;
    %fork t_623, S_0066db20;
    %fork t_624, S_0066db20;
    %fork t_625, S_0066db20;
    %fork t_626, S_0066db20;
    %fork t_627, S_0066db20;
    %fork t_628, S_0066db20;
    %fork t_629, S_0066db20;
    %fork t_630, S_0066db20;
    %fork t_631, S_0066db20;
    %fork t_632, S_0066db20;
    %fork t_633, S_0066db20;
    %fork t_634, S_0066db20;
    %fork t_635, S_0066db20;
    %fork t_636, S_0066db20;
    %fork t_637, S_0066db20;
    %fork t_638, S_0066db20;
    %fork t_639, S_0066db20;
    %fork t_640, S_0066db20;
    %join;
    %join;
    %join;
    %join;
    %join;
    %join;
    %join;
    %join;
    %join;
    %join;
    %join;
    %join;
    %join;
    %join;
    %join;
    %join;
    %join;
    %join;
    %join;
    %join;
    %join;
    %join;
    %join;
    %join;
    %join;
    %join;
    %join;
    %join;
    %join;
    %join;
    %join;
    %join;
    %join;
    %join;
    %join;
    %join;
    %join;
    %join;
    %join;
    %join;
    %join;
    %join;
    %join;
    %join;
    %join;
    %join;
    %join;
    %join;
    %join;
    %join;
    %join;
    %join;
    %join;
    %join;
    %join;
    %join;
    %join;
    %join;
    %join;
    %join;
    %join;
    %join;
    %join;
    %join;
    %join;
    %join;
    %join;
    %join;
    %join;
    %join;
    %join;
    %join;
    %join;
    %join;
    %join;
    %join;
    %join;
    %join;
    %join;
    %join;
    %join;
    %join;
    %join;
    %join;
    %join;
    %join;
    %join;
    %join;
    %join;
    %join;
    %join;
    %join;
    %join;
    %join;
    %join;
    %join;
    %join;
    %join;
    %join;
    %join;
    %join;
    %join;
    %join;
    %join;
    %join;
    %join;
    %join;
    %join;
    %join;
    %join;
    %join;
    %join;
    %join;
    %join;
    %join;
    %join;
    %join;
    %join;
    %join;
    %join;
    %join;
    %join;
    %join;
    %join;
    %join;
    %join;
    %join;
    %join;
    %join;
    %join;
    %join;
    %join;
    %join;
    %join;
    %join;
    %join;
    %join;
    %join;
    %join;
    %join;
    %join;
    %join;
    %join;
    %join;
    %join;
    %join;
    %join;
    %join;
    %join;
    %join;
    %join;
    %join;
    %join;
    %join;
    %join;
    %join;
    %join;
    %join;
    %join;
    %join;
    %join;
    %join;
    %join;
    %join;
    %join;
    %join;
    %join;
    %join;
    %join;
    %join;
    %join;
    %join;
    %join;
    %join;
    %join;
    %join;
    %join;
    %join;
    %join;
    %join;
    %join;
    %join;
    %join;
    %join;
    %join;
    %join;
    %join;
    %join;
    %join;
    %join;
    %join;
    %join;
    %join;
    %join;
    %join;
    %join;
    %join;
    %join;
    %join;
    %join;
    %join;
    %join;
    %join;
    %join;
    %join;
    %join;
    %join;
    %join;
    %join;
    %join;
    %join;
    %join;
    %join;
    %join;
    %join;
    %join;
    %join;
    %join;
    %join;
    %join;
    %join;
    %join;
    %join;
    %join;
    %join;
    %join;
    %join;
    %join;
    %join;
    %join;
    %join;
    %join;
    %join;
    %join;
    %join;
    %join;
    %join;
    %join;
    %join;
    %join;
    %join;
    %join;
    %join;
    %join;
    %join;
    %join;
    %join;
    %join;
    %join;
    %join;
    %join;
    %join;
    %join;
    %join;
    %join;
    %join;
    %join;
    %join;
    %join;
    %join;
    %join;
    %join;
    %join;
    %join;
    %join;
    %join;
    %join;
    %join;
    %join;
    %join;
    %join;
    %join;
    %join;
    %join;
    %join;
    %join;
    %join;
    %join;
    %join;
    %join;
    %join;
    %join;
    %join;
    %join;
    %join;
    %join;
    %join;
    %join;
    %join;
    %join;
    %join;
    %join;
    %join;
    %join;
    %join;
    %join;
    %join;
    %join;
    %join;
    %join;
    %join;
    %join;
    %join;
    %join;
    %join;
    %join;
    %join;
    %join;
    %join;
    %join;
    %join;
    %join;
    %join;
    %join;
    %join;
    %join;
    %join;
    %join;
    %join;
    %join;
    %join;
    %join;
    %join;
    %join;
    %join;
    %join;
    %join;
    %join;
    %join;
    %join;
    %join;
    %join;
    %join;
    %join;
    %join;
    %join;
    %join;
    %join;
    %join;
    %join;
    %join;
    %join;
    %join;
    %join;
    %join;
    %join;
    %join;
    %join;
    %join;
    %join;
    %join;
    %join;
    %join;
    %join;
    %join;
    %join;
    %join;
    %join;
    %join;
    %join;
    %join;
    %join;
    %join;
    %join;
    %join;
    %join;
    %join;
    %join;
    %join;
    %join;
    %join;
    %join;
    %join;
    %join;
    %join;
    %join;
    %join;
    %join;
    %join;
    %join;
    %join;
    %join;
    %join;
    %join;
    %join;
    %join;
    %join;
    %join;
    %join;
    %join;
    %join;
    %join;
    %join;
    %join;
    %join;
    %join;
    %join;
    %join;
    %join;
    %join;
    %join;
    %join;
    %join;
    %join;
    %join;
    %join;
    %join;
    %join;
    %join;
    %join;
    %join;
    %join;
    %join;
    %join;
    %join;
    %join;
    %join;
    %join;
    %join;
    %join;
    %join;
    %join;
    %join;
    %join;
    %join;
    %join;
    %join;
    %join;
    %join;
    %join;
    %join;
    %join;
    %join;
    %join;
    %join;
    %join;
    %join;
    %join;
    %join;
    %join;
    %join;
    %join;
    %join;
    %join;
    %join;
    %join;
    %join;
    %join;
    %join;
    %join;
    %join;
    %join;
    %join;
    %join;
    %join;
    %join;
    %join;
    %join;
    %join;
    %join;
    %join;
    %join;
    %join;
    %join;
    %join;
    %join;
    %join;
    %join;
    %join;
    %join;
    %join;
    %join;
    %join;
    %join;
    %join;
    %join;
    %join;
    %join;
    %join;
    %join;
    %join;
    %join;
    %join;
    %join;
    %join;
    %join;
    %join;
    %join;
    %join;
    %join;
    %join;
    %join;
    %join;
    %join;
    %join;
    %join;
    %join;
    %join;
    %join;
    %join;
    %join;
    %join;
    %join;
    %join;
    %join;
    %join;
    %join;
    %join;
    %join;
    %join;
    %join;
    %join;
    %join;
    %join;
    %join;
    %join;
    %join;
    %join;
    %join;
    %join;
    %join;
    %join;
    %join;
    %join;
    %join;
    %join;
    %join;
    %join;
    %join;
    %join;
    %join;
    %join;
    %join;
    %join;
    %join;
    %join;
    %join;
    %join;
    %join;
    %join;
    %join;
    %join;
    %join;
    %join;
    %join;
    %join;
    %join;
    %join;
    %join;
    %join;
    %join;
    %join;
    %join;
    %join;
    %join;
    %join;
    %join;
    %join;
    %join;
    %join;
    %join;
    %join;
    %join;
    %join;
    %join;
    %join;
    %join;
    %join;
    %join;
    %join;
    %join;
    %join;
    %join;
    %join;
    %join;
    %join;
    %join;
    %join;
    %join;
    %join;
    %join;
    %join;
    %join;
    %join;
    %join;
    %join;
    %join;
    %join;
    %join;
    %join;
    %join;
    %join;
    %join;
    %join;
    %join;
    %join;
    %join;
    %join;
    %join;
    %join;
    %join;
    %join;
    %join;
    %join;
    %join;
    %join;
    %join;
    %join;
    %join;
    %join;
    %join;
    %join;
    %join;
    %join;
    %join;
    %join;
    %join;
    %join;
    %join;
    %join;
    %join;
    %join;
    %join;
    %join;
    %join;
    %join;
    %join;
    %join;
    %join;
    %join;
    %join;
    %join;
    %join;
    %join;
    %join;
    %join;
    %join;
    %join;
    %join;
    %join;
    %jmp t_0;
t_1 ;
    %pushi/vec4 0, 0, 32;
    %store/vec4 v00711608_0, 0, 32;
    %end;
t_2 ;
    %pushi/vec4 0, 0, 32;
    %store/vec4 v007116b8_0, 0, 32;
    %end;
t_3 ;
    %pushi/vec4 0, 0, 5;
    %store/vec4 v007117c0_0, 0, 5;
    %end;
t_4 ;
    %pushi/vec4 0, 0, 4;
    %store/vec4 v00711710_0, 0, 4;
    %end;
t_5 ;
    %pushi/vec4 1, 0, 1;
    %store/vec4 v00711870_0, 0, 1;
    %end;
t_6 ;
    %pushi/vec4 1, 0, 1;
    %store/vec4 v00711660_0, 0, 1;
    %end;
t_7 ;
    %delay 1, 0;
    %pushi/vec4 1, 0, 32;
    %store/vec4 v00711608_0, 0, 32;
    %end;
t_8 ;
    %delay 1, 0;
    %pushi/vec4 0, 0, 32;
    %store/vec4 v007116b8_0, 0, 32;
    %end;
t_9 ;
    %delay 1, 0;
    %pushi/vec4 0, 0, 5;
    %store/vec4 v007117c0_0, 0, 5;
    %end;
t_10 ;
    %delay 1, 0;
    %load/vec4 v00711768_0;
    %store/vec4 v00711710_0, 0, 4;
    %end;
t_11 ;
    %delay 1, 0;
    %pushi/vec4 1, 0, 1;
    %store/vec4 v00711870_0, 0, 1;
    %end;
t_12 ;
    %delay 1, 0;
    %pushi/vec4 1, 0, 1;
    %store/vec4 v00711660_0, 0, 1;
    %end;
t_13 ;
    %delay 2, 0;
    %pushi/vec4 1, 0, 32;
    %store/vec4 v00711608_0, 0, 32;
    %end;
t_14 ;
    %delay 2, 0;
    %pushi/vec4 1, 0, 32;
    %store/vec4 v007116b8_0, 0, 32;
    %end;
t_15 ;
    %delay 2, 0;
    %pushi/vec4 0, 0, 5;
    %store/vec4 v007117c0_0, 0, 5;
    %end;
t_16 ;
    %delay 2, 0;
    %load/vec4 v00711768_0;
    %store/vec4 v00711710_0, 0, 4;
    %end;
t_17 ;
    %delay 2, 0;
    %pushi/vec4 1, 0, 1;
    %store/vec4 v00711870_0, 0, 1;
    %end;
t_18 ;
    %delay 2, 0;
    %pushi/vec4 1, 0, 1;
    %store/vec4 v00711660_0, 0, 1;
    %end;
t_19 ;
    %delay 3, 0;
    %pushi/vec4 15, 0, 32;
    %store/vec4 v00711608_0, 0, 32;
    %end;
t_20 ;
    %delay 3, 0;
    %pushi/vec4 15, 0, 32;
    %store/vec4 v007116b8_0, 0, 32;
    %end;
t_21 ;
    %delay 3, 0;
    %pushi/vec4 0, 0, 5;
    %store/vec4 v007117c0_0, 0, 5;
    %end;
t_22 ;
    %delay 3, 0;
    %load/vec4 v00711768_0;
    %store/vec4 v00711710_0, 0, 4;
    %end;
t_23 ;
    %delay 3, 0;
    %pushi/vec4 1, 0, 1;
    %store/vec4 v00711870_0, 0, 1;
    %end;
t_24 ;
    %delay 3, 0;
    %pushi/vec4 1, 0, 1;
    %store/vec4 v00711660_0, 0, 1;
    %end;
t_25 ;
    %delay 4, 0;
    %pushi/vec4 15, 0, 32;
    %store/vec4 v00711608_0, 0, 32;
    %end;
t_26 ;
    %delay 4, 0;
    %pushi/vec4 240, 0, 32;
    %store/vec4 v007116b8_0, 0, 32;
    %end;
t_27 ;
    %delay 4, 0;
    %pushi/vec4 0, 0, 5;
    %store/vec4 v007117c0_0, 0, 5;
    %end;
t_28 ;
    %delay 4, 0;
    %load/vec4 v00711768_0;
    %store/vec4 v00711710_0, 0, 4;
    %end;
t_29 ;
    %delay 4, 0;
    %pushi/vec4 1, 0, 1;
    %store/vec4 v00711870_0, 0, 1;
    %end;
t_30 ;
    %delay 4, 0;
    %pushi/vec4 1, 0, 1;
    %store/vec4 v00711660_0, 0, 1;
    %end;
t_31 ;
    %delay 5, 0;
    %pushi/vec4 243, 0, 32;
    %store/vec4 v00711608_0, 0, 32;
    %end;
t_32 ;
    %delay 5, 0;
    %pushi/vec4 241, 0, 32;
    %store/vec4 v007116b8_0, 0, 32;
    %end;
t_33 ;
    %delay 5, 0;
    %pushi/vec4 0, 0, 5;
    %store/vec4 v007117c0_0, 0, 5;
    %end;
t_34 ;
    %delay 5, 0;
    %load/vec4 v00711768_0;
    %store/vec4 v00711710_0, 0, 4;
    %end;
t_35 ;
    %delay 5, 0;
    %pushi/vec4 1, 0, 1;
    %store/vec4 v00711870_0, 0, 1;
    %end;
t_36 ;
    %delay 5, 0;
    %pushi/vec4 1, 0, 1;
    %store/vec4 v00711660_0, 0, 1;
    %end;
t_37 ;
    %delay 6, 0;
    %pushi/vec4 4369, 0, 32;
    %store/vec4 v00711608_0, 0, 32;
    %end;
t_38 ;
    %delay 6, 0;
    %pushi/vec4 4369, 0, 32;
    %store/vec4 v007116b8_0, 0, 32;
    %end;
t_39 ;
    %delay 6, 0;
    %pushi/vec4 0, 0, 5;
    %store/vec4 v007117c0_0, 0, 5;
    %end;
t_40 ;
    %delay 6, 0;
    %load/vec4 v00711768_0;
    %store/vec4 v00711710_0, 0, 4;
    %end;
t_41 ;
    %delay 6, 0;
    %pushi/vec4 1, 0, 1;
    %store/vec4 v00711870_0, 0, 1;
    %end;
t_42 ;
    %delay 6, 0;
    %pushi/vec4 1, 0, 1;
    %store/vec4 v00711660_0, 0, 1;
    %end;
t_43 ;
    %delay 7, 0;
    %pushi/vec4 251, 0, 32;
    %store/vec4 v00711608_0, 0, 32;
    %end;
t_44 ;
    %delay 7, 0;
    %pushi/vec4 11, 0, 32;
    %store/vec4 v007116b8_0, 0, 32;
    %end;
t_45 ;
    %delay 7, 0;
    %pushi/vec4 0, 0, 5;
    %store/vec4 v007117c0_0, 0, 5;
    %end;
t_46 ;
    %delay 7, 0;
    %load/vec4 v00711768_0;
    %store/vec4 v00711710_0, 0, 4;
    %end;
t_47 ;
    %delay 7, 0;
    %pushi/vec4 1, 0, 1;
    %store/vec4 v00711870_0, 0, 1;
    %end;
t_48 ;
    %delay 7, 0;
    %pushi/vec4 1, 0, 1;
    %store/vec4 v00711660_0, 0, 1;
    %end;
t_49 ;
    %delay 8, 0;
    %vpi_call 2 24 "$display", "*** Testing XOR ***" {0 0 0};
    %end;
t_50 ;
    %delay 9, 0;
    %pushi/vec4 251, 0, 32;
    %store/vec4 v00711608_0, 0, 32;
    %end;
t_51 ;
    %delay 9, 0;
    %pushi/vec4 11, 0, 32;
    %store/vec4 v007116b8_0, 0, 32;
    %end;
t_52 ;
    %delay 9, 0;
    %pushi/vec4 1, 0, 5;
    %store/vec4 v007117c0_0, 0, 5;
    %end;
t_53 ;
    %delay 9, 0;
    %load/vec4 v00711768_0;
    %store/vec4 v00711710_0, 0, 4;
    %end;
t_54 ;
    %delay 9, 0;
    %pushi/vec4 1, 0, 1;
    %store/vec4 v00711870_0, 0, 1;
    %end;
t_55 ;
    %delay 9, 0;
    %pushi/vec4 1, 0, 1;
    %store/vec4 v00711660_0, 0, 1;
    %end;
t_56 ;
    %delay 10, 0;
    %pushi/vec4 1, 0, 32;
    %store/vec4 v00711608_0, 0, 32;
    %end;
t_57 ;
    %delay 10, 0;
    %pushi/vec4 1, 0, 32;
    %store/vec4 v007116b8_0, 0, 32;
    %end;
t_58 ;
    %delay 10, 0;
    %pushi/vec4 1, 0, 5;
    %store/vec4 v007117c0_0, 0, 5;
    %end;
t_59 ;
    %delay 10, 0;
    %load/vec4 v00711768_0;
    %store/vec4 v00711710_0, 0, 4;
    %end;
t_60 ;
    %delay 10, 0;
    %pushi/vec4 1, 0, 1;
    %store/vec4 v00711870_0, 0, 1;
    %end;
t_61 ;
    %delay 10, 0;
    %pushi/vec4 1, 0, 1;
    %store/vec4 v00711660_0, 0, 1;
    %end;
t_62 ;
    %delay 11, 0;
    %pushi/vec4 15, 0, 32;
    %store/vec4 v00711608_0, 0, 32;
    %end;
t_63 ;
    %delay 11, 0;
    %pushi/vec4 15, 0, 32;
    %store/vec4 v007116b8_0, 0, 32;
    %end;
t_64 ;
    %delay 11, 0;
    %pushi/vec4 1, 0, 5;
    %store/vec4 v007117c0_0, 0, 5;
    %end;
t_65 ;
    %delay 11, 0;
    %load/vec4 v00711768_0;
    %store/vec4 v00711710_0, 0, 4;
    %end;
t_66 ;
    %delay 11, 0;
    %pushi/vec4 1, 0, 1;
    %store/vec4 v00711870_0, 0, 1;
    %end;
t_67 ;
    %delay 11, 0;
    %pushi/vec4 1, 0, 1;
    %store/vec4 v00711660_0, 0, 1;
    %end;
t_68 ;
    %delay 12, 0;
    %pushi/vec4 15, 0, 32;
    %store/vec4 v00711608_0, 0, 32;
    %end;
t_69 ;
    %delay 12, 0;
    %pushi/vec4 240, 0, 32;
    %store/vec4 v007116b8_0, 0, 32;
    %end;
t_70 ;
    %delay 12, 0;
    %pushi/vec4 1, 0, 5;
    %store/vec4 v007117c0_0, 0, 5;
    %end;
t_71 ;
    %delay 12, 0;
    %load/vec4 v00711768_0;
    %store/vec4 v00711710_0, 0, 4;
    %end;
t_72 ;
    %delay 12, 0;
    %pushi/vec4 1, 0, 1;
    %store/vec4 v00711870_0, 0, 1;
    %end;
t_73 ;
    %delay 12, 0;
    %pushi/vec4 1, 0, 1;
    %store/vec4 v00711660_0, 0, 1;
    %end;
t_74 ;
    %delay 13, 0;
    %pushi/vec4 243, 0, 32;
    %store/vec4 v00711608_0, 0, 32;
    %end;
t_75 ;
    %delay 13, 0;
    %pushi/vec4 241, 0, 32;
    %store/vec4 v007116b8_0, 0, 32;
    %end;
t_76 ;
    %delay 13, 0;
    %pushi/vec4 1, 0, 5;
    %store/vec4 v007117c0_0, 0, 5;
    %end;
t_77 ;
    %delay 13, 0;
    %load/vec4 v00711768_0;
    %store/vec4 v00711710_0, 0, 4;
    %end;
t_78 ;
    %delay 13, 0;
    %pushi/vec4 1, 0, 1;
    %store/vec4 v00711870_0, 0, 1;
    %end;
t_79 ;
    %delay 13, 0;
    %pushi/vec4 1, 0, 1;
    %store/vec4 v00711660_0, 0, 1;
    %end;
t_80 ;
    %delay 14, 0;
    %pushi/vec4 4369, 0, 32;
    %store/vec4 v00711608_0, 0, 32;
    %end;
t_81 ;
    %delay 14, 0;
    %pushi/vec4 4369, 0, 32;
    %store/vec4 v007116b8_0, 0, 32;
    %end;
t_82 ;
    %delay 14, 0;
    %pushi/vec4 1, 0, 5;
    %store/vec4 v007117c0_0, 0, 5;
    %end;
t_83 ;
    %delay 14, 0;
    %load/vec4 v00711768_0;
    %store/vec4 v00711710_0, 0, 4;
    %end;
t_84 ;
    %delay 14, 0;
    %pushi/vec4 1, 0, 1;
    %store/vec4 v00711870_0, 0, 1;
    %end;
t_85 ;
    %delay 14, 0;
    %pushi/vec4 1, 0, 1;
    %store/vec4 v00711660_0, 0, 1;
    %end;
t_86 ;
    %delay 15, 0;
    %vpi_call 2 31 "$display", "*** Testin SUB ***" {0 0 0};
    %end;
t_87 ;
    %delay 16, 0;
    %pushi/vec4 251, 0, 32;
    %store/vec4 v00711608_0, 0, 32;
    %end;
t_88 ;
    %delay 16, 0;
    %pushi/vec4 11, 0, 32;
    %store/vec4 v007116b8_0, 0, 32;
    %end;
t_89 ;
    %delay 16, 0;
    %pushi/vec4 2, 0, 5;
    %store/vec4 v007117c0_0, 0, 5;
    %end;
t_90 ;
    %delay 16, 0;
    %load/vec4 v00711768_0;
    %store/vec4 v00711710_0, 0, 4;
    %end;
t_91 ;
    %delay 16, 0;
    %pushi/vec4 1, 0, 1;
    %store/vec4 v00711870_0, 0, 1;
    %end;
t_92 ;
    %delay 16, 0;
    %pushi/vec4 1, 0, 1;
    %store/vec4 v00711660_0, 0, 1;
    %end;
t_93 ;
    %delay 17, 0;
    %pushi/vec4 1, 0, 32;
    %store/vec4 v00711608_0, 0, 32;
    %end;
t_94 ;
    %delay 17, 0;
    %pushi/vec4 1, 0, 32;
    %store/vec4 v007116b8_0, 0, 32;
    %end;
t_95 ;
    %delay 17, 0;
    %pushi/vec4 2, 0, 5;
    %store/vec4 v007117c0_0, 0, 5;
    %end;
t_96 ;
    %delay 17, 0;
    %load/vec4 v00711768_0;
    %store/vec4 v00711710_0, 0, 4;
    %end;
t_97 ;
    %delay 17, 0;
    %pushi/vec4 1, 0, 1;
    %store/vec4 v00711870_0, 0, 1;
    %end;
t_98 ;
    %delay 17, 0;
    %pushi/vec4 1, 0, 1;
    %store/vec4 v00711660_0, 0, 1;
    %end;
t_99 ;
    %delay 18, 0;
    %pushi/vec4 15, 0, 32;
    %store/vec4 v00711608_0, 0, 32;
    %end;
t_100 ;
    %delay 18, 0;
    %pushi/vec4 15, 0, 32;
    %store/vec4 v007116b8_0, 0, 32;
    %end;
t_101 ;
    %delay 18, 0;
    %pushi/vec4 2, 0, 5;
    %store/vec4 v007117c0_0, 0, 5;
    %end;
t_102 ;
    %delay 18, 0;
    %load/vec4 v00711768_0;
    %store/vec4 v00711710_0, 0, 4;
    %end;
t_103 ;
    %delay 18, 0;
    %pushi/vec4 1, 0, 1;
    %store/vec4 v00711870_0, 0, 1;
    %end;
t_104 ;
    %delay 18, 0;
    %pushi/vec4 1, 0, 1;
    %store/vec4 v00711660_0, 0, 1;
    %end;
t_105 ;
    %delay 19, 0;
    %pushi/vec4 15, 0, 32;
    %store/vec4 v00711608_0, 0, 32;
    %end;
t_106 ;
    %delay 19, 0;
    %pushi/vec4 240, 0, 32;
    %store/vec4 v007116b8_0, 0, 32;
    %end;
t_107 ;
    %delay 19, 0;
    %pushi/vec4 2, 0, 5;
    %store/vec4 v007117c0_0, 0, 5;
    %end;
t_108 ;
    %delay 19, 0;
    %load/vec4 v00711768_0;
    %store/vec4 v00711710_0, 0, 4;
    %end;
t_109 ;
    %delay 19, 0;
    %pushi/vec4 1, 0, 1;
    %store/vec4 v00711870_0, 0, 1;
    %end;
t_110 ;
    %delay 19, 0;
    %pushi/vec4 1, 0, 1;
    %store/vec4 v00711660_0, 0, 1;
    %end;
t_111 ;
    %delay 20, 0;
    %pushi/vec4 243, 0, 32;
    %store/vec4 v00711608_0, 0, 32;
    %end;
t_112 ;
    %delay 20, 0;
    %pushi/vec4 241, 0, 32;
    %store/vec4 v007116b8_0, 0, 32;
    %end;
t_113 ;
    %delay 20, 0;
    %pushi/vec4 2, 0, 5;
    %store/vec4 v007117c0_0, 0, 5;
    %end;
t_114 ;
    %delay 20, 0;
    %load/vec4 v00711768_0;
    %store/vec4 v00711710_0, 0, 4;
    %end;
t_115 ;
    %delay 20, 0;
    %pushi/vec4 1, 0, 1;
    %store/vec4 v00711870_0, 0, 1;
    %end;
t_116 ;
    %delay 20, 0;
    %pushi/vec4 1, 0, 1;
    %store/vec4 v00711660_0, 0, 1;
    %end;
t_117 ;
    %delay 21, 0;
    %pushi/vec4 4369, 0, 32;
    %store/vec4 v00711608_0, 0, 32;
    %end;
t_118 ;
    %delay 21, 0;
    %pushi/vec4 4369, 0, 32;
    %store/vec4 v007116b8_0, 0, 32;
    %end;
t_119 ;
    %delay 21, 0;
    %pushi/vec4 2, 0, 5;
    %store/vec4 v007117c0_0, 0, 5;
    %end;
t_120 ;
    %delay 21, 0;
    %load/vec4 v00711768_0;
    %store/vec4 v00711710_0, 0, 4;
    %end;
t_121 ;
    %delay 21, 0;
    %pushi/vec4 1, 0, 1;
    %store/vec4 v00711870_0, 0, 1;
    %end;
t_122 ;
    %delay 21, 0;
    %pushi/vec4 1, 0, 1;
    %store/vec4 v00711660_0, 0, 1;
    %end;
t_123 ;
    %delay 22, 0;
    %vpi_call 2 38 "$display", "*** Testin RSB ***" {0 0 0};
    %end;
t_124 ;
    %delay 23, 0;
    %pushi/vec4 251, 0, 32;
    %store/vec4 v00711608_0, 0, 32;
    %end;
t_125 ;
    %delay 23, 0;
    %pushi/vec4 11, 0, 32;
    %store/vec4 v007116b8_0, 0, 32;
    %end;
t_126 ;
    %delay 23, 0;
    %pushi/vec4 3, 0, 5;
    %store/vec4 v007117c0_0, 0, 5;
    %end;
t_127 ;
    %delay 23, 0;
    %load/vec4 v00711768_0;
    %store/vec4 v00711710_0, 0, 4;
    %end;
t_128 ;
    %delay 23, 0;
    %pushi/vec4 1, 0, 1;
    %store/vec4 v00711870_0, 0, 1;
    %end;
t_129 ;
    %delay 23, 0;
    %pushi/vec4 1, 0, 1;
    %store/vec4 v00711660_0, 0, 1;
    %end;
t_130 ;
    %delay 24, 0;
    %pushi/vec4 1, 0, 32;
    %store/vec4 v00711608_0, 0, 32;
    %end;
t_131 ;
    %delay 24, 0;
    %pushi/vec4 1, 0, 32;
    %store/vec4 v007116b8_0, 0, 32;
    %end;
t_132 ;
    %delay 24, 0;
    %pushi/vec4 3, 0, 5;
    %store/vec4 v007117c0_0, 0, 5;
    %end;
t_133 ;
    %delay 24, 0;
    %load/vec4 v00711768_0;
    %store/vec4 v00711710_0, 0, 4;
    %end;
t_134 ;
    %delay 24, 0;
    %pushi/vec4 1, 0, 1;
    %store/vec4 v00711870_0, 0, 1;
    %end;
t_135 ;
    %delay 24, 0;
    %pushi/vec4 1, 0, 1;
    %store/vec4 v00711660_0, 0, 1;
    %end;
t_136 ;
    %delay 25, 0;
    %pushi/vec4 15, 0, 32;
    %store/vec4 v00711608_0, 0, 32;
    %end;
t_137 ;
    %delay 25, 0;
    %pushi/vec4 15, 0, 32;
    %store/vec4 v007116b8_0, 0, 32;
    %end;
t_138 ;
    %delay 25, 0;
    %pushi/vec4 3, 0, 5;
    %store/vec4 v007117c0_0, 0, 5;
    %end;
t_139 ;
    %delay 25, 0;
    %load/vec4 v00711768_0;
    %store/vec4 v00711710_0, 0, 4;
    %end;
t_140 ;
    %delay 25, 0;
    %pushi/vec4 1, 0, 1;
    %store/vec4 v00711870_0, 0, 1;
    %end;
t_141 ;
    %delay 25, 0;
    %pushi/vec4 1, 0, 1;
    %store/vec4 v00711660_0, 0, 1;
    %end;
t_142 ;
    %delay 26, 0;
    %pushi/vec4 15, 0, 32;
    %store/vec4 v00711608_0, 0, 32;
    %end;
t_143 ;
    %delay 26, 0;
    %pushi/vec4 240, 0, 32;
    %store/vec4 v007116b8_0, 0, 32;
    %end;
t_144 ;
    %delay 26, 0;
    %pushi/vec4 3, 0, 5;
    %store/vec4 v007117c0_0, 0, 5;
    %end;
t_145 ;
    %delay 26, 0;
    %load/vec4 v00711768_0;
    %store/vec4 v00711710_0, 0, 4;
    %end;
t_146 ;
    %delay 26, 0;
    %pushi/vec4 1, 0, 1;
    %store/vec4 v00711870_0, 0, 1;
    %end;
t_147 ;
    %delay 26, 0;
    %pushi/vec4 1, 0, 1;
    %store/vec4 v00711660_0, 0, 1;
    %end;
t_148 ;
    %delay 27, 0;
    %pushi/vec4 243, 0, 32;
    %store/vec4 v00711608_0, 0, 32;
    %end;
t_149 ;
    %delay 27, 0;
    %pushi/vec4 241, 0, 32;
    %store/vec4 v007116b8_0, 0, 32;
    %end;
t_150 ;
    %delay 27, 0;
    %pushi/vec4 3, 0, 5;
    %store/vec4 v007117c0_0, 0, 5;
    %end;
t_151 ;
    %delay 27, 0;
    %load/vec4 v00711768_0;
    %store/vec4 v00711710_0, 0, 4;
    %end;
t_152 ;
    %delay 27, 0;
    %pushi/vec4 1, 0, 1;
    %store/vec4 v00711870_0, 0, 1;
    %end;
t_153 ;
    %delay 27, 0;
    %pushi/vec4 1, 0, 1;
    %store/vec4 v00711660_0, 0, 1;
    %end;
t_154 ;
    %delay 28, 0;
    %pushi/vec4 4369, 0, 32;
    %store/vec4 v00711608_0, 0, 32;
    %end;
t_155 ;
    %delay 28, 0;
    %pushi/vec4 4369, 0, 32;
    %store/vec4 v007116b8_0, 0, 32;
    %end;
t_156 ;
    %delay 28, 0;
    %pushi/vec4 3, 0, 5;
    %store/vec4 v007117c0_0, 0, 5;
    %end;
t_157 ;
    %delay 28, 0;
    %load/vec4 v00711768_0;
    %store/vec4 v00711710_0, 0, 4;
    %end;
t_158 ;
    %delay 28, 0;
    %pushi/vec4 1, 0, 1;
    %store/vec4 v00711870_0, 0, 1;
    %end;
t_159 ;
    %delay 28, 0;
    %pushi/vec4 1, 0, 1;
    %store/vec4 v00711660_0, 0, 1;
    %end;
t_160 ;
    %delay 29, 0;
    %vpi_call 2 45 "$display", "*** Testin ADD ***" {0 0 0};
    %end;
t_161 ;
    %delay 30, 0;
    %pushi/vec4 251, 0, 32;
    %store/vec4 v00711608_0, 0, 32;
    %end;
t_162 ;
    %delay 30, 0;
    %pushi/vec4 11, 0, 32;
    %store/vec4 v007116b8_0, 0, 32;
    %end;
t_163 ;
    %delay 30, 0;
    %pushi/vec4 4, 0, 5;
    %store/vec4 v007117c0_0, 0, 5;
    %end;
t_164 ;
    %delay 30, 0;
    %load/vec4 v00711768_0;
    %store/vec4 v00711710_0, 0, 4;
    %end;
t_165 ;
    %delay 30, 0;
    %pushi/vec4 1, 0, 1;
    %store/vec4 v00711870_0, 0, 1;
    %end;
t_166 ;
    %delay 30, 0;
    %pushi/vec4 1, 0, 1;
    %store/vec4 v00711660_0, 0, 1;
    %end;
t_167 ;
    %delay 31, 0;
    %pushi/vec4 1, 0, 32;
    %store/vec4 v00711608_0, 0, 32;
    %end;
t_168 ;
    %delay 31, 0;
    %pushi/vec4 1, 0, 32;
    %store/vec4 v007116b8_0, 0, 32;
    %end;
t_169 ;
    %delay 31, 0;
    %pushi/vec4 4, 0, 5;
    %store/vec4 v007117c0_0, 0, 5;
    %end;
t_170 ;
    %delay 31, 0;
    %load/vec4 v00711768_0;
    %store/vec4 v00711710_0, 0, 4;
    %end;
t_171 ;
    %delay 31, 0;
    %pushi/vec4 1, 0, 1;
    %store/vec4 v00711870_0, 0, 1;
    %end;
t_172 ;
    %delay 31, 0;
    %pushi/vec4 1, 0, 1;
    %store/vec4 v00711660_0, 0, 1;
    %end;
t_173 ;
    %delay 32, 0;
    %pushi/vec4 15, 0, 32;
    %store/vec4 v00711608_0, 0, 32;
    %end;
t_174 ;
    %delay 32, 0;
    %pushi/vec4 15, 0, 32;
    %store/vec4 v007116b8_0, 0, 32;
    %end;
t_175 ;
    %delay 32, 0;
    %pushi/vec4 4, 0, 5;
    %store/vec4 v007117c0_0, 0, 5;
    %end;
t_176 ;
    %delay 32, 0;
    %load/vec4 v00711768_0;
    %store/vec4 v00711710_0, 0, 4;
    %end;
t_177 ;
    %delay 32, 0;
    %pushi/vec4 1, 0, 1;
    %store/vec4 v00711870_0, 0, 1;
    %end;
t_178 ;
    %delay 32, 0;
    %pushi/vec4 1, 0, 1;
    %store/vec4 v00711660_0, 0, 1;
    %end;
t_179 ;
    %delay 33, 0;
    %pushi/vec4 15, 0, 32;
    %store/vec4 v00711608_0, 0, 32;
    %end;
t_180 ;
    %delay 33, 0;
    %pushi/vec4 240, 0, 32;
    %store/vec4 v007116b8_0, 0, 32;
    %end;
t_181 ;
    %delay 33, 0;
    %pushi/vec4 4, 0, 5;
    %store/vec4 v007117c0_0, 0, 5;
    %end;
t_182 ;
    %delay 33, 0;
    %load/vec4 v00711768_0;
    %store/vec4 v00711710_0, 0, 4;
    %end;
t_183 ;
    %delay 33, 0;
    %pushi/vec4 1, 0, 1;
    %store/vec4 v00711870_0, 0, 1;
    %end;
t_184 ;
    %delay 33, 0;
    %pushi/vec4 1, 0, 1;
    %store/vec4 v00711660_0, 0, 1;
    %end;
t_185 ;
    %delay 34, 0;
    %pushi/vec4 243, 0, 32;
    %store/vec4 v00711608_0, 0, 32;
    %end;
t_186 ;
    %delay 34, 0;
    %pushi/vec4 241, 0, 32;
    %store/vec4 v007116b8_0, 0, 32;
    %end;
t_187 ;
    %delay 34, 0;
    %pushi/vec4 4, 0, 5;
    %store/vec4 v007117c0_0, 0, 5;
    %end;
t_188 ;
    %delay 34, 0;
    %load/vec4 v00711768_0;
    %store/vec4 v00711710_0, 0, 4;
    %end;
t_189 ;
    %delay 34, 0;
    %pushi/vec4 1, 0, 1;
    %store/vec4 v00711870_0, 0, 1;
    %end;
t_190 ;
    %delay 34, 0;
    %pushi/vec4 1, 0, 1;
    %store/vec4 v00711660_0, 0, 1;
    %end;
t_191 ;
    %delay 35, 0;
    %pushi/vec4 4369, 0, 32;
    %store/vec4 v00711608_0, 0, 32;
    %end;
t_192 ;
    %delay 35, 0;
    %pushi/vec4 4369, 0, 32;
    %store/vec4 v007116b8_0, 0, 32;
    %end;
t_193 ;
    %delay 35, 0;
    %pushi/vec4 4, 0, 5;
    %store/vec4 v007117c0_0, 0, 5;
    %end;
t_194 ;
    %delay 35, 0;
    %load/vec4 v00711768_0;
    %store/vec4 v00711710_0, 0, 4;
    %end;
t_195 ;
    %delay 35, 0;
    %pushi/vec4 1, 0, 1;
    %store/vec4 v00711870_0, 0, 1;
    %end;
t_196 ;
    %delay 35, 0;
    %pushi/vec4 1, 0, 1;
    %store/vec4 v00711660_0, 0, 1;
    %end;
t_197 ;
    %delay 36, 0;
    %vpi_call 2 52 "$display", "*** Testin ADC ***" {0 0 0};
    %end;
t_198 ;
    %delay 37, 0;
    %pushi/vec4 251, 0, 32;
    %store/vec4 v00711608_0, 0, 32;
    %end;
t_199 ;
    %delay 37, 0;
    %pushi/vec4 11, 0, 32;
    %store/vec4 v007116b8_0, 0, 32;
    %end;
t_200 ;
    %delay 37, 0;
    %pushi/vec4 5, 0, 5;
    %store/vec4 v007117c0_0, 0, 5;
    %end;
t_201 ;
    %delay 37, 0;
    %pushi/vec4 2, 0, 4;
    %store/vec4 v00711710_0, 0, 4;
    %end;
t_202 ;
    %delay 37, 0;
    %pushi/vec4 1, 0, 1;
    %store/vec4 v00711870_0, 0, 1;
    %end;
t_203 ;
    %delay 37, 0;
    %pushi/vec4 1, 0, 1;
    %store/vec4 v00711660_0, 0, 1;
    %end;
t_204 ;
    %delay 38, 0;
    %pushi/vec4 1, 0, 32;
    %store/vec4 v00711608_0, 0, 32;
    %end;
t_205 ;
    %delay 38, 0;
    %pushi/vec4 1, 0, 32;
    %store/vec4 v007116b8_0, 0, 32;
    %end;
t_206 ;
    %delay 38, 0;
    %pushi/vec4 5, 0, 5;
    %store/vec4 v007117c0_0, 0, 5;
    %end;
t_207 ;
    %delay 38, 0;
    %pushi/vec4 2, 0, 4;
    %store/vec4 v00711710_0, 0, 4;
    %end;
t_208 ;
    %delay 38, 0;
    %pushi/vec4 1, 0, 1;
    %store/vec4 v00711870_0, 0, 1;
    %end;
t_209 ;
    %delay 38, 0;
    %pushi/vec4 1, 0, 1;
    %store/vec4 v00711660_0, 0, 1;
    %end;
t_210 ;
    %delay 39, 0;
    %pushi/vec4 15, 0, 32;
    %store/vec4 v00711608_0, 0, 32;
    %end;
t_211 ;
    %delay 39, 0;
    %pushi/vec4 15, 0, 32;
    %store/vec4 v007116b8_0, 0, 32;
    %end;
t_212 ;
    %delay 39, 0;
    %pushi/vec4 5, 0, 5;
    %store/vec4 v007117c0_0, 0, 5;
    %end;
t_213 ;
    %delay 39, 0;
    %pushi/vec4 2, 0, 4;
    %store/vec4 v00711710_0, 0, 4;
    %end;
t_214 ;
    %delay 39, 0;
    %pushi/vec4 1, 0, 1;
    %store/vec4 v00711870_0, 0, 1;
    %end;
t_215 ;
    %delay 39, 0;
    %pushi/vec4 1, 0, 1;
    %store/vec4 v00711660_0, 0, 1;
    %end;
t_216 ;
    %delay 40, 0;
    %pushi/vec4 15, 0, 32;
    %store/vec4 v00711608_0, 0, 32;
    %end;
t_217 ;
    %delay 40, 0;
    %pushi/vec4 240, 0, 32;
    %store/vec4 v007116b8_0, 0, 32;
    %end;
t_218 ;
    %delay 40, 0;
    %pushi/vec4 5, 0, 5;
    %store/vec4 v007117c0_0, 0, 5;
    %end;
t_219 ;
    %delay 40, 0;
    %pushi/vec4 2, 0, 4;
    %store/vec4 v00711710_0, 0, 4;
    %end;
t_220 ;
    %delay 40, 0;
    %pushi/vec4 1, 0, 1;
    %store/vec4 v00711870_0, 0, 1;
    %end;
t_221 ;
    %delay 40, 0;
    %pushi/vec4 1, 0, 1;
    %store/vec4 v00711660_0, 0, 1;
    %end;
t_222 ;
    %delay 41, 0;
    %pushi/vec4 243, 0, 32;
    %store/vec4 v00711608_0, 0, 32;
    %end;
t_223 ;
    %delay 41, 0;
    %pushi/vec4 241, 0, 32;
    %store/vec4 v007116b8_0, 0, 32;
    %end;
t_224 ;
    %delay 41, 0;
    %pushi/vec4 5, 0, 5;
    %store/vec4 v007117c0_0, 0, 5;
    %end;
t_225 ;
    %delay 41, 0;
    %pushi/vec4 2, 0, 4;
    %store/vec4 v00711710_0, 0, 4;
    %end;
t_226 ;
    %delay 41, 0;
    %pushi/vec4 1, 0, 1;
    %store/vec4 v00711870_0, 0, 1;
    %end;
t_227 ;
    %delay 41, 0;
    %pushi/vec4 1, 0, 1;
    %store/vec4 v00711660_0, 0, 1;
    %end;
t_228 ;
    %delay 42, 0;
    %pushi/vec4 4369, 0, 32;
    %store/vec4 v00711608_0, 0, 32;
    %end;
t_229 ;
    %delay 42, 0;
    %pushi/vec4 4369, 0, 32;
    %store/vec4 v007116b8_0, 0, 32;
    %end;
t_230 ;
    %delay 42, 0;
    %pushi/vec4 5, 0, 5;
    %store/vec4 v007117c0_0, 0, 5;
    %end;
t_231 ;
    %delay 42, 0;
    %pushi/vec4 2, 0, 4;
    %store/vec4 v00711710_0, 0, 4;
    %end;
t_232 ;
    %delay 42, 0;
    %pushi/vec4 1, 0, 1;
    %store/vec4 v00711870_0, 0, 1;
    %end;
t_233 ;
    %delay 42, 0;
    %pushi/vec4 1, 0, 1;
    %store/vec4 v00711660_0, 0, 1;
    %end;
t_234 ;
    %delay 43, 0;
    %vpi_call 2 59 "$display", "*** Testin SBC ***" {0 0 0};
    %end;
t_235 ;
    %delay 44, 0;
    %pushi/vec4 251, 0, 32;
    %store/vec4 v00711608_0, 0, 32;
    %end;
t_236 ;
    %delay 44, 0;
    %pushi/vec4 11, 0, 32;
    %store/vec4 v007116b8_0, 0, 32;
    %end;
t_237 ;
    %delay 44, 0;
    %pushi/vec4 6, 0, 5;
    %store/vec4 v007117c0_0, 0, 5;
    %end;
t_238 ;
    %delay 44, 0;
    %pushi/vec4 0, 0, 4;
    %store/vec4 v00711710_0, 0, 4;
    %end;
t_239 ;
    %delay 44, 0;
    %pushi/vec4 1, 0, 1;
    %store/vec4 v00711870_0, 0, 1;
    %end;
t_240 ;
    %delay 44, 0;
    %pushi/vec4 1, 0, 1;
    %store/vec4 v00711660_0, 0, 1;
    %end;
t_241 ;
    %delay 45, 0;
    %pushi/vec4 1, 0, 32;
    %store/vec4 v00711608_0, 0, 32;
    %end;
t_242 ;
    %delay 45, 0;
    %pushi/vec4 1, 0, 32;
    %store/vec4 v007116b8_0, 0, 32;
    %end;
t_243 ;
    %delay 45, 0;
    %pushi/vec4 6, 0, 5;
    %store/vec4 v007117c0_0, 0, 5;
    %end;
t_244 ;
    %delay 45, 0;
    %pushi/vec4 0, 0, 4;
    %store/vec4 v00711710_0, 0, 4;
    %end;
t_245 ;
    %delay 45, 0;
    %pushi/vec4 1, 0, 1;
    %store/vec4 v00711870_0, 0, 1;
    %end;
t_246 ;
    %delay 45, 0;
    %pushi/vec4 1, 0, 1;
    %store/vec4 v00711660_0, 0, 1;
    %end;
t_247 ;
    %delay 46, 0;
    %pushi/vec4 15, 0, 32;
    %store/vec4 v00711608_0, 0, 32;
    %end;
t_248 ;
    %delay 46, 0;
    %pushi/vec4 15, 0, 32;
    %store/vec4 v007116b8_0, 0, 32;
    %end;
t_249 ;
    %delay 46, 0;
    %pushi/vec4 6, 0, 5;
    %store/vec4 v007117c0_0, 0, 5;
    %end;
t_250 ;
    %delay 46, 0;
    %pushi/vec4 0, 0, 4;
    %store/vec4 v00711710_0, 0, 4;
    %end;
t_251 ;
    %delay 46, 0;
    %pushi/vec4 1, 0, 1;
    %store/vec4 v00711870_0, 0, 1;
    %end;
t_252 ;
    %delay 46, 0;
    %pushi/vec4 1, 0, 1;
    %store/vec4 v00711660_0, 0, 1;
    %end;
t_253 ;
    %delay 47, 0;
    %pushi/vec4 15, 0, 32;
    %store/vec4 v00711608_0, 0, 32;
    %end;
t_254 ;
    %delay 47, 0;
    %pushi/vec4 240, 0, 32;
    %store/vec4 v007116b8_0, 0, 32;
    %end;
t_255 ;
    %delay 47, 0;
    %pushi/vec4 6, 0, 5;
    %store/vec4 v007117c0_0, 0, 5;
    %end;
t_256 ;
    %delay 47, 0;
    %pushi/vec4 0, 0, 4;
    %store/vec4 v00711710_0, 0, 4;
    %end;
t_257 ;
    %delay 47, 0;
    %pushi/vec4 1, 0, 1;
    %store/vec4 v00711870_0, 0, 1;
    %end;
t_258 ;
    %delay 47, 0;
    %pushi/vec4 1, 0, 1;
    %store/vec4 v00711660_0, 0, 1;
    %end;
t_259 ;
    %delay 48, 0;
    %pushi/vec4 243, 0, 32;
    %store/vec4 v00711608_0, 0, 32;
    %end;
t_260 ;
    %delay 48, 0;
    %pushi/vec4 241, 0, 32;
    %store/vec4 v007116b8_0, 0, 32;
    %end;
t_261 ;
    %delay 48, 0;
    %pushi/vec4 6, 0, 5;
    %store/vec4 v007117c0_0, 0, 5;
    %end;
t_262 ;
    %delay 48, 0;
    %pushi/vec4 0, 0, 4;
    %store/vec4 v00711710_0, 0, 4;
    %end;
t_263 ;
    %delay 48, 0;
    %pushi/vec4 1, 0, 1;
    %store/vec4 v00711870_0, 0, 1;
    %end;
t_264 ;
    %delay 48, 0;
    %pushi/vec4 1, 0, 1;
    %store/vec4 v00711660_0, 0, 1;
    %end;
t_265 ;
    %delay 49, 0;
    %pushi/vec4 4369, 0, 32;
    %store/vec4 v00711608_0, 0, 32;
    %end;
t_266 ;
    %delay 49, 0;
    %pushi/vec4 4369, 0, 32;
    %store/vec4 v007116b8_0, 0, 32;
    %end;
t_267 ;
    %delay 49, 0;
    %pushi/vec4 6, 0, 5;
    %store/vec4 v007117c0_0, 0, 5;
    %end;
t_268 ;
    %delay 49, 0;
    %pushi/vec4 0, 0, 4;
    %store/vec4 v00711710_0, 0, 4;
    %end;
t_269 ;
    %delay 49, 0;
    %pushi/vec4 1, 0, 1;
    %store/vec4 v00711870_0, 0, 1;
    %end;
t_270 ;
    %delay 49, 0;
    %pushi/vec4 1, 0, 1;
    %store/vec4 v00711660_0, 0, 1;
    %end;
t_271 ;
    %delay 50, 0;
    %vpi_call 2 66 "$display", "*** Testin RSC ***" {0 0 0};
    %end;
t_272 ;
    %delay 51, 0;
    %pushi/vec4 251, 0, 32;
    %store/vec4 v00711608_0, 0, 32;
    %end;
t_273 ;
    %delay 51, 0;
    %pushi/vec4 11, 0, 32;
    %store/vec4 v007116b8_0, 0, 32;
    %end;
t_274 ;
    %delay 51, 0;
    %pushi/vec4 7, 0, 5;
    %store/vec4 v007117c0_0, 0, 5;
    %end;
t_275 ;
    %delay 51, 0;
    %pushi/vec4 0, 0, 4;
    %store/vec4 v00711710_0, 0, 4;
    %end;
t_276 ;
    %delay 51, 0;
    %pushi/vec4 1, 0, 1;
    %store/vec4 v00711870_0, 0, 1;
    %end;
t_277 ;
    %delay 51, 0;
    %pushi/vec4 1, 0, 1;
    %store/vec4 v00711660_0, 0, 1;
    %end;
t_278 ;
    %delay 52, 0;
    %pushi/vec4 1, 0, 32;
    %store/vec4 v00711608_0, 0, 32;
    %end;
t_279 ;
    %delay 52, 0;
    %pushi/vec4 1, 0, 32;
    %store/vec4 v007116b8_0, 0, 32;
    %end;
t_280 ;
    %delay 52, 0;
    %pushi/vec4 7, 0, 5;
    %store/vec4 v007117c0_0, 0, 5;
    %end;
t_281 ;
    %delay 52, 0;
    %pushi/vec4 0, 0, 4;
    %store/vec4 v00711710_0, 0, 4;
    %end;
t_282 ;
    %delay 52, 0;
    %pushi/vec4 1, 0, 1;
    %store/vec4 v00711870_0, 0, 1;
    %end;
t_283 ;
    %delay 52, 0;
    %pushi/vec4 1, 0, 1;
    %store/vec4 v00711660_0, 0, 1;
    %end;
t_284 ;
    %delay 53, 0;
    %pushi/vec4 15, 0, 32;
    %store/vec4 v00711608_0, 0, 32;
    %end;
t_285 ;
    %delay 53, 0;
    %pushi/vec4 15, 0, 32;
    %store/vec4 v007116b8_0, 0, 32;
    %end;
t_286 ;
    %delay 53, 0;
    %pushi/vec4 7, 0, 5;
    %store/vec4 v007117c0_0, 0, 5;
    %end;
t_287 ;
    %delay 53, 0;
    %pushi/vec4 0, 0, 4;
    %store/vec4 v00711710_0, 0, 4;
    %end;
t_288 ;
    %delay 53, 0;
    %pushi/vec4 1, 0, 1;
    %store/vec4 v00711870_0, 0, 1;
    %end;
t_289 ;
    %delay 53, 0;
    %pushi/vec4 1, 0, 1;
    %store/vec4 v00711660_0, 0, 1;
    %end;
t_290 ;
    %delay 54, 0;
    %pushi/vec4 15, 0, 32;
    %store/vec4 v00711608_0, 0, 32;
    %end;
t_291 ;
    %delay 54, 0;
    %pushi/vec4 240, 0, 32;
    %store/vec4 v007116b8_0, 0, 32;
    %end;
t_292 ;
    %delay 54, 0;
    %pushi/vec4 7, 0, 5;
    %store/vec4 v007117c0_0, 0, 5;
    %end;
t_293 ;
    %delay 54, 0;
    %pushi/vec4 0, 0, 4;
    %store/vec4 v00711710_0, 0, 4;
    %end;
t_294 ;
    %delay 54, 0;
    %pushi/vec4 1, 0, 1;
    %store/vec4 v00711870_0, 0, 1;
    %end;
t_295 ;
    %delay 54, 0;
    %pushi/vec4 1, 0, 1;
    %store/vec4 v00711660_0, 0, 1;
    %end;
t_296 ;
    %delay 55, 0;
    %pushi/vec4 243, 0, 32;
    %store/vec4 v00711608_0, 0, 32;
    %end;
t_297 ;
    %delay 55, 0;
    %pushi/vec4 241, 0, 32;
    %store/vec4 v007116b8_0, 0, 32;
    %end;
t_298 ;
    %delay 55, 0;
    %pushi/vec4 7, 0, 5;
    %store/vec4 v007117c0_0, 0, 5;
    %end;
t_299 ;
    %delay 55, 0;
    %pushi/vec4 0, 0, 4;
    %store/vec4 v00711710_0, 0, 4;
    %end;
t_300 ;
    %delay 55, 0;
    %pushi/vec4 1, 0, 1;
    %store/vec4 v00711870_0, 0, 1;
    %end;
t_301 ;
    %delay 55, 0;
    %pushi/vec4 1, 0, 1;
    %store/vec4 v00711660_0, 0, 1;
    %end;
t_302 ;
    %delay 56, 0;
    %pushi/vec4 4369, 0, 32;
    %store/vec4 v00711608_0, 0, 32;
    %end;
t_303 ;
    %delay 56, 0;
    %pushi/vec4 4369, 0, 32;
    %store/vec4 v007116b8_0, 0, 32;
    %end;
t_304 ;
    %delay 56, 0;
    %pushi/vec4 7, 0, 5;
    %store/vec4 v007117c0_0, 0, 5;
    %end;
t_305 ;
    %delay 56, 0;
    %pushi/vec4 0, 0, 4;
    %store/vec4 v00711710_0, 0, 4;
    %end;
t_306 ;
    %delay 56, 0;
    %pushi/vec4 1, 0, 1;
    %store/vec4 v00711870_0, 0, 1;
    %end;
t_307 ;
    %delay 56, 0;
    %pushi/vec4 1, 0, 1;
    %store/vec4 v00711660_0, 0, 1;
    %end;
t_308 ;
    %delay 57, 0;
    %vpi_call 2 73 "$display", "*** Testin TST ***" {0 0 0};
    %end;
t_309 ;
    %delay 58, 0;
    %pushi/vec4 251, 0, 32;
    %store/vec4 v00711608_0, 0, 32;
    %end;
t_310 ;
    %delay 58, 0;
    %pushi/vec4 11, 0, 32;
    %store/vec4 v007116b8_0, 0, 32;
    %end;
t_311 ;
    %delay 58, 0;
    %pushi/vec4 8, 0, 5;
    %store/vec4 v007117c0_0, 0, 5;
    %end;
t_312 ;
    %delay 58, 0;
    %load/vec4 v00711768_0;
    %store/vec4 v00711710_0, 0, 4;
    %end;
t_313 ;
    %delay 58, 0;
    %pushi/vec4 1, 0, 1;
    %store/vec4 v00711870_0, 0, 1;
    %end;
t_314 ;
    %delay 58, 0;
    %pushi/vec4 0, 0, 1;
    %store/vec4 v00711660_0, 0, 1;
    %end;
t_315 ;
    %delay 59, 0;
    %pushi/vec4 1, 0, 32;
    %store/vec4 v00711608_0, 0, 32;
    %end;
t_316 ;
    %delay 59, 0;
    %pushi/vec4 1, 0, 32;
    %store/vec4 v007116b8_0, 0, 32;
    %end;
t_317 ;
    %delay 59, 0;
    %pushi/vec4 8, 0, 5;
    %store/vec4 v007117c0_0, 0, 5;
    %end;
t_318 ;
    %delay 59, 0;
    %load/vec4 v00711768_0;
    %store/vec4 v00711710_0, 0, 4;
    %end;
t_319 ;
    %delay 59, 0;
    %pushi/vec4 1, 0, 1;
    %store/vec4 v00711870_0, 0, 1;
    %end;
t_320 ;
    %delay 59, 0;
    %pushi/vec4 0, 0, 1;
    %store/vec4 v00711660_0, 0, 1;
    %end;
t_321 ;
    %delay 60, 0;
    %pushi/vec4 15, 0, 32;
    %store/vec4 v00711608_0, 0, 32;
    %end;
t_322 ;
    %delay 60, 0;
    %pushi/vec4 15, 0, 32;
    %store/vec4 v007116b8_0, 0, 32;
    %end;
t_323 ;
    %delay 60, 0;
    %pushi/vec4 8, 0, 5;
    %store/vec4 v007117c0_0, 0, 5;
    %end;
t_324 ;
    %delay 60, 0;
    %load/vec4 v00711768_0;
    %store/vec4 v00711710_0, 0, 4;
    %end;
t_325 ;
    %delay 60, 0;
    %pushi/vec4 1, 0, 1;
    %store/vec4 v00711870_0, 0, 1;
    %end;
t_326 ;
    %delay 60, 0;
    %pushi/vec4 0, 0, 1;
    %store/vec4 v00711660_0, 0, 1;
    %end;
t_327 ;
    %delay 61, 0;
    %pushi/vec4 15, 0, 32;
    %store/vec4 v00711608_0, 0, 32;
    %end;
t_328 ;
    %delay 61, 0;
    %pushi/vec4 240, 0, 32;
    %store/vec4 v007116b8_0, 0, 32;
    %end;
t_329 ;
    %delay 61, 0;
    %pushi/vec4 8, 0, 5;
    %store/vec4 v007117c0_0, 0, 5;
    %end;
t_330 ;
    %delay 61, 0;
    %load/vec4 v00711768_0;
    %store/vec4 v00711710_0, 0, 4;
    %end;
t_331 ;
    %delay 61, 0;
    %pushi/vec4 1, 0, 1;
    %store/vec4 v00711870_0, 0, 1;
    %end;
t_332 ;
    %delay 61, 0;
    %pushi/vec4 0, 0, 1;
    %store/vec4 v00711660_0, 0, 1;
    %end;
t_333 ;
    %delay 62, 0;
    %pushi/vec4 243, 0, 32;
    %store/vec4 v00711608_0, 0, 32;
    %end;
t_334 ;
    %delay 62, 0;
    %pushi/vec4 241, 0, 32;
    %store/vec4 v007116b8_0, 0, 32;
    %end;
t_335 ;
    %delay 62, 0;
    %pushi/vec4 8, 0, 5;
    %store/vec4 v007117c0_0, 0, 5;
    %end;
t_336 ;
    %delay 62, 0;
    %load/vec4 v00711768_0;
    %store/vec4 v00711710_0, 0, 4;
    %end;
t_337 ;
    %delay 62, 0;
    %pushi/vec4 1, 0, 1;
    %store/vec4 v00711870_0, 0, 1;
    %end;
t_338 ;
    %delay 62, 0;
    %pushi/vec4 0, 0, 1;
    %store/vec4 v00711660_0, 0, 1;
    %end;
t_339 ;
    %delay 63, 0;
    %pushi/vec4 4369, 0, 32;
    %store/vec4 v00711608_0, 0, 32;
    %end;
t_340 ;
    %delay 63, 0;
    %pushi/vec4 4369, 0, 32;
    %store/vec4 v007116b8_0, 0, 32;
    %end;
t_341 ;
    %delay 63, 0;
    %pushi/vec4 8, 0, 5;
    %store/vec4 v007117c0_0, 0, 5;
    %end;
t_342 ;
    %delay 63, 0;
    %load/vec4 v00711768_0;
    %store/vec4 v00711710_0, 0, 4;
    %end;
t_343 ;
    %delay 63, 0;
    %pushi/vec4 1, 0, 1;
    %store/vec4 v00711870_0, 0, 1;
    %end;
t_344 ;
    %delay 63, 0;
    %pushi/vec4 0, 0, 1;
    %store/vec4 v00711660_0, 0, 1;
    %end;
t_345 ;
    %delay 64, 0;
    %vpi_call 2 80 "$display", "*** Testin TEQ ***" {0 0 0};
    %end;
t_346 ;
    %delay 65, 0;
    %pushi/vec4 251, 0, 32;
    %store/vec4 v00711608_0, 0, 32;
    %end;
t_347 ;
    %delay 65, 0;
    %pushi/vec4 11, 0, 32;
    %store/vec4 v007116b8_0, 0, 32;
    %end;
t_348 ;
    %delay 65, 0;
    %pushi/vec4 9, 0, 5;
    %store/vec4 v007117c0_0, 0, 5;
    %end;
t_349 ;
    %delay 65, 0;
    %load/vec4 v00711768_0;
    %store/vec4 v00711710_0, 0, 4;
    %end;
t_350 ;
    %delay 65, 0;
    %pushi/vec4 1, 0, 1;
    %store/vec4 v00711870_0, 0, 1;
    %end;
t_351 ;
    %delay 65, 0;
    %pushi/vec4 0, 0, 1;
    %store/vec4 v00711660_0, 0, 1;
    %end;
t_352 ;
    %delay 66, 0;
    %pushi/vec4 1, 0, 32;
    %store/vec4 v00711608_0, 0, 32;
    %end;
t_353 ;
    %delay 66, 0;
    %pushi/vec4 1, 0, 32;
    %store/vec4 v007116b8_0, 0, 32;
    %end;
t_354 ;
    %delay 66, 0;
    %pushi/vec4 9, 0, 5;
    %store/vec4 v007117c0_0, 0, 5;
    %end;
t_355 ;
    %delay 66, 0;
    %load/vec4 v00711768_0;
    %store/vec4 v00711710_0, 0, 4;
    %end;
t_356 ;
    %delay 66, 0;
    %pushi/vec4 1, 0, 1;
    %store/vec4 v00711870_0, 0, 1;
    %end;
t_357 ;
    %delay 66, 0;
    %pushi/vec4 0, 0, 1;
    %store/vec4 v00711660_0, 0, 1;
    %end;
t_358 ;
    %delay 67, 0;
    %pushi/vec4 15, 0, 32;
    %store/vec4 v00711608_0, 0, 32;
    %end;
t_359 ;
    %delay 67, 0;
    %pushi/vec4 15, 0, 32;
    %store/vec4 v007116b8_0, 0, 32;
    %end;
t_360 ;
    %delay 67, 0;
    %pushi/vec4 9, 0, 5;
    %store/vec4 v007117c0_0, 0, 5;
    %end;
t_361 ;
    %delay 67, 0;
    %load/vec4 v00711768_0;
    %store/vec4 v00711710_0, 0, 4;
    %end;
t_362 ;
    %delay 67, 0;
    %pushi/vec4 1, 0, 1;
    %store/vec4 v00711870_0, 0, 1;
    %end;
t_363 ;
    %delay 67, 0;
    %pushi/vec4 0, 0, 1;
    %store/vec4 v00711660_0, 0, 1;
    %end;
t_364 ;
    %delay 68, 0;
    %pushi/vec4 15, 0, 32;
    %store/vec4 v00711608_0, 0, 32;
    %end;
t_365 ;
    %delay 68, 0;
    %pushi/vec4 240, 0, 32;
    %store/vec4 v007116b8_0, 0, 32;
    %end;
t_366 ;
    %delay 68, 0;
    %pushi/vec4 9, 0, 5;
    %store/vec4 v007117c0_0, 0, 5;
    %end;
t_367 ;
    %delay 68, 0;
    %load/vec4 v00711768_0;
    %store/vec4 v00711710_0, 0, 4;
    %end;
t_368 ;
    %delay 68, 0;
    %pushi/vec4 1, 0, 1;
    %store/vec4 v00711870_0, 0, 1;
    %end;
t_369 ;
    %delay 68, 0;
    %pushi/vec4 0, 0, 1;
    %store/vec4 v00711660_0, 0, 1;
    %end;
t_370 ;
    %delay 69, 0;
    %pushi/vec4 243, 0, 32;
    %store/vec4 v00711608_0, 0, 32;
    %end;
t_371 ;
    %delay 69, 0;
    %pushi/vec4 241, 0, 32;
    %store/vec4 v007116b8_0, 0, 32;
    %end;
t_372 ;
    %delay 69, 0;
    %pushi/vec4 9, 0, 5;
    %store/vec4 v007117c0_0, 0, 5;
    %end;
t_373 ;
    %delay 69, 0;
    %load/vec4 v00711768_0;
    %store/vec4 v00711710_0, 0, 4;
    %end;
t_374 ;
    %delay 69, 0;
    %pushi/vec4 1, 0, 1;
    %store/vec4 v00711870_0, 0, 1;
    %end;
t_375 ;
    %delay 69, 0;
    %pushi/vec4 0, 0, 1;
    %store/vec4 v00711660_0, 0, 1;
    %end;
t_376 ;
    %delay 70, 0;
    %pushi/vec4 4369, 0, 32;
    %store/vec4 v00711608_0, 0, 32;
    %end;
t_377 ;
    %delay 70, 0;
    %pushi/vec4 4369, 0, 32;
    %store/vec4 v007116b8_0, 0, 32;
    %end;
t_378 ;
    %delay 70, 0;
    %pushi/vec4 9, 0, 5;
    %store/vec4 v007117c0_0, 0, 5;
    %end;
t_379 ;
    %delay 70, 0;
    %load/vec4 v00711768_0;
    %store/vec4 v00711710_0, 0, 4;
    %end;
t_380 ;
    %delay 70, 0;
    %pushi/vec4 1, 0, 1;
    %store/vec4 v00711870_0, 0, 1;
    %end;
t_381 ;
    %delay 70, 0;
    %pushi/vec4 0, 0, 1;
    %store/vec4 v00711660_0, 0, 1;
    %end;
t_382 ;
    %delay 71, 0;
    %vpi_call 2 87 "$display", "*** Testin CMP ***" {0 0 0};
    %end;
t_383 ;
    %delay 72, 0;
    %pushi/vec4 251, 0, 32;
    %store/vec4 v00711608_0, 0, 32;
    %end;
t_384 ;
    %delay 72, 0;
    %pushi/vec4 11, 0, 32;
    %store/vec4 v007116b8_0, 0, 32;
    %end;
t_385 ;
    %delay 72, 0;
    %pushi/vec4 10, 0, 5;
    %store/vec4 v007117c0_0, 0, 5;
    %end;
t_386 ;
    %delay 72, 0;
    %load/vec4 v00711768_0;
    %store/vec4 v00711710_0, 0, 4;
    %end;
t_387 ;
    %delay 72, 0;
    %pushi/vec4 1, 0, 1;
    %store/vec4 v00711870_0, 0, 1;
    %end;
t_388 ;
    %delay 72, 0;
    %pushi/vec4 0, 0, 1;
    %store/vec4 v00711660_0, 0, 1;
    %end;
t_389 ;
    %delay 73, 0;
    %pushi/vec4 1, 0, 32;
    %store/vec4 v00711608_0, 0, 32;
    %end;
t_390 ;
    %delay 73, 0;
    %pushi/vec4 1, 0, 32;
    %store/vec4 v007116b8_0, 0, 32;
    %end;
t_391 ;
    %delay 73, 0;
    %pushi/vec4 10, 0, 5;
    %store/vec4 v007117c0_0, 0, 5;
    %end;
t_392 ;
    %delay 73, 0;
    %load/vec4 v00711768_0;
    %store/vec4 v00711710_0, 0, 4;
    %end;
t_393 ;
    %delay 73, 0;
    %pushi/vec4 1, 0, 1;
    %store/vec4 v00711870_0, 0, 1;
    %end;
t_394 ;
    %delay 73, 0;
    %pushi/vec4 0, 0, 1;
    %store/vec4 v00711660_0, 0, 1;
    %end;
t_395 ;
    %delay 74, 0;
    %pushi/vec4 15, 0, 32;
    %store/vec4 v00711608_0, 0, 32;
    %end;
t_396 ;
    %delay 74, 0;
    %pushi/vec4 15, 0, 32;
    %store/vec4 v007116b8_0, 0, 32;
    %end;
t_397 ;
    %delay 74, 0;
    %pushi/vec4 10, 0, 5;
    %store/vec4 v007117c0_0, 0, 5;
    %end;
t_398 ;
    %delay 74, 0;
    %load/vec4 v00711768_0;
    %store/vec4 v00711710_0, 0, 4;
    %end;
t_399 ;
    %delay 74, 0;
    %pushi/vec4 1, 0, 1;
    %store/vec4 v00711870_0, 0, 1;
    %end;
t_400 ;
    %delay 74, 0;
    %pushi/vec4 0, 0, 1;
    %store/vec4 v00711660_0, 0, 1;
    %end;
t_401 ;
    %delay 75, 0;
    %pushi/vec4 15, 0, 32;
    %store/vec4 v00711608_0, 0, 32;
    %end;
t_402 ;
    %delay 75, 0;
    %pushi/vec4 240, 0, 32;
    %store/vec4 v007116b8_0, 0, 32;
    %end;
t_403 ;
    %delay 75, 0;
    %pushi/vec4 10, 0, 5;
    %store/vec4 v007117c0_0, 0, 5;
    %end;
t_404 ;
    %delay 75, 0;
    %load/vec4 v00711768_0;
    %store/vec4 v00711710_0, 0, 4;
    %end;
t_405 ;
    %delay 75, 0;
    %pushi/vec4 1, 0, 1;
    %store/vec4 v00711870_0, 0, 1;
    %end;
t_406 ;
    %delay 75, 0;
    %pushi/vec4 0, 0, 1;
    %store/vec4 v00711660_0, 0, 1;
    %end;
t_407 ;
    %delay 76, 0;
    %pushi/vec4 243, 0, 32;
    %store/vec4 v00711608_0, 0, 32;
    %end;
t_408 ;
    %delay 76, 0;
    %pushi/vec4 241, 0, 32;
    %store/vec4 v007116b8_0, 0, 32;
    %end;
t_409 ;
    %delay 76, 0;
    %pushi/vec4 10, 0, 5;
    %store/vec4 v007117c0_0, 0, 5;
    %end;
t_410 ;
    %delay 76, 0;
    %load/vec4 v00711768_0;
    %store/vec4 v00711710_0, 0, 4;
    %end;
t_411 ;
    %delay 76, 0;
    %pushi/vec4 1, 0, 1;
    %store/vec4 v00711870_0, 0, 1;
    %end;
t_412 ;
    %delay 76, 0;
    %pushi/vec4 0, 0, 1;
    %store/vec4 v00711660_0, 0, 1;
    %end;
t_413 ;
    %delay 77, 0;
    %pushi/vec4 4369, 0, 32;
    %store/vec4 v00711608_0, 0, 32;
    %end;
t_414 ;
    %delay 77, 0;
    %pushi/vec4 4369, 0, 32;
    %store/vec4 v007116b8_0, 0, 32;
    %end;
t_415 ;
    %delay 77, 0;
    %pushi/vec4 10, 0, 5;
    %store/vec4 v007117c0_0, 0, 5;
    %end;
t_416 ;
    %delay 77, 0;
    %load/vec4 v00711768_0;
    %store/vec4 v00711710_0, 0, 4;
    %end;
t_417 ;
    %delay 77, 0;
    %pushi/vec4 1, 0, 1;
    %store/vec4 v00711870_0, 0, 1;
    %end;
t_418 ;
    %delay 77, 0;
    %pushi/vec4 0, 0, 1;
    %store/vec4 v00711660_0, 0, 1;
    %end;
t_419 ;
    %delay 78, 0;
    %vpi_call 2 94 "$display", "*** Testin CMN ***" {0 0 0};
    %end;
t_420 ;
    %delay 79, 0;
    %pushi/vec4 251, 0, 32;
    %store/vec4 v00711608_0, 0, 32;
    %end;
t_421 ;
    %delay 79, 0;
    %pushi/vec4 11, 0, 32;
    %store/vec4 v007116b8_0, 0, 32;
    %end;
t_422 ;
    %delay 79, 0;
    %pushi/vec4 11, 0, 5;
    %store/vec4 v007117c0_0, 0, 5;
    %end;
t_423 ;
    %delay 79, 0;
    %load/vec4 v00711768_0;
    %store/vec4 v00711710_0, 0, 4;
    %end;
t_424 ;
    %delay 79, 0;
    %pushi/vec4 1, 0, 1;
    %store/vec4 v00711870_0, 0, 1;
    %end;
t_425 ;
    %delay 79, 0;
    %pushi/vec4 0, 0, 1;
    %store/vec4 v00711660_0, 0, 1;
    %end;
t_426 ;
    %delay 80, 0;
    %pushi/vec4 1, 0, 32;
    %store/vec4 v00711608_0, 0, 32;
    %end;
t_427 ;
    %delay 80, 0;
    %pushi/vec4 1, 0, 32;
    %store/vec4 v007116b8_0, 0, 32;
    %end;
t_428 ;
    %delay 80, 0;
    %pushi/vec4 11, 0, 5;
    %store/vec4 v007117c0_0, 0, 5;
    %end;
t_429 ;
    %delay 80, 0;
    %load/vec4 v00711768_0;
    %store/vec4 v00711710_0, 0, 4;
    %end;
t_430 ;
    %delay 80, 0;
    %pushi/vec4 1, 0, 1;
    %store/vec4 v00711870_0, 0, 1;
    %end;
t_431 ;
    %delay 80, 0;
    %pushi/vec4 0, 0, 1;
    %store/vec4 v00711660_0, 0, 1;
    %end;
t_432 ;
    %delay 81, 0;
    %pushi/vec4 15, 0, 32;
    %store/vec4 v00711608_0, 0, 32;
    %end;
t_433 ;
    %delay 81, 0;
    %pushi/vec4 15, 0, 32;
    %store/vec4 v007116b8_0, 0, 32;
    %end;
t_434 ;
    %delay 81, 0;
    %pushi/vec4 11, 0, 5;
    %store/vec4 v007117c0_0, 0, 5;
    %end;
t_435 ;
    %delay 81, 0;
    %load/vec4 v00711768_0;
    %store/vec4 v00711710_0, 0, 4;
    %end;
t_436 ;
    %delay 81, 0;
    %pushi/vec4 1, 0, 1;
    %store/vec4 v00711870_0, 0, 1;
    %end;
t_437 ;
    %delay 81, 0;
    %pushi/vec4 0, 0, 1;
    %store/vec4 v00711660_0, 0, 1;
    %end;
t_438 ;
    %delay 82, 0;
    %pushi/vec4 15, 0, 32;
    %store/vec4 v00711608_0, 0, 32;
    %end;
t_439 ;
    %delay 82, 0;
    %pushi/vec4 240, 0, 32;
    %store/vec4 v007116b8_0, 0, 32;
    %end;
t_440 ;
    %delay 82, 0;
    %pushi/vec4 11, 0, 5;
    %store/vec4 v007117c0_0, 0, 5;
    %end;
t_441 ;
    %delay 82, 0;
    %load/vec4 v00711768_0;
    %store/vec4 v00711710_0, 0, 4;
    %end;
t_442 ;
    %delay 82, 0;
    %pushi/vec4 1, 0, 1;
    %store/vec4 v00711870_0, 0, 1;
    %end;
t_443 ;
    %delay 82, 0;
    %pushi/vec4 0, 0, 1;
    %store/vec4 v00711660_0, 0, 1;
    %end;
t_444 ;
    %delay 83, 0;
    %pushi/vec4 243, 0, 32;
    %store/vec4 v00711608_0, 0, 32;
    %end;
t_445 ;
    %delay 83, 0;
    %pushi/vec4 241, 0, 32;
    %store/vec4 v007116b8_0, 0, 32;
    %end;
t_446 ;
    %delay 83, 0;
    %pushi/vec4 11, 0, 5;
    %store/vec4 v007117c0_0, 0, 5;
    %end;
t_447 ;
    %delay 83, 0;
    %load/vec4 v00711768_0;
    %store/vec4 v00711710_0, 0, 4;
    %end;
t_448 ;
    %delay 83, 0;
    %pushi/vec4 1, 0, 1;
    %store/vec4 v00711870_0, 0, 1;
    %end;
t_449 ;
    %delay 83, 0;
    %pushi/vec4 0, 0, 1;
    %store/vec4 v00711660_0, 0, 1;
    %end;
t_450 ;
    %delay 84, 0;
    %pushi/vec4 4369, 0, 32;
    %store/vec4 v00711608_0, 0, 32;
    %end;
t_451 ;
    %delay 84, 0;
    %pushi/vec4 4369, 0, 32;
    %store/vec4 v007116b8_0, 0, 32;
    %end;
t_452 ;
    %delay 84, 0;
    %pushi/vec4 11, 0, 5;
    %store/vec4 v007117c0_0, 0, 5;
    %end;
t_453 ;
    %delay 84, 0;
    %load/vec4 v00711768_0;
    %store/vec4 v00711710_0, 0, 4;
    %end;
t_454 ;
    %delay 84, 0;
    %pushi/vec4 1, 0, 1;
    %store/vec4 v00711870_0, 0, 1;
    %end;
t_455 ;
    %delay 84, 0;
    %pushi/vec4 0, 0, 1;
    %store/vec4 v00711660_0, 0, 1;
    %end;
t_456 ;
    %delay 85, 0;
    %vpi_call 2 101 "$display", "*** Testin ORR ***" {0 0 0};
    %end;
t_457 ;
    %delay 86, 0;
    %pushi/vec4 251, 0, 32;
    %store/vec4 v00711608_0, 0, 32;
    %end;
t_458 ;
    %delay 86, 0;
    %pushi/vec4 11, 0, 32;
    %store/vec4 v007116b8_0, 0, 32;
    %end;
t_459 ;
    %delay 86, 0;
    %pushi/vec4 12, 0, 5;
    %store/vec4 v007117c0_0, 0, 5;
    %end;
t_460 ;
    %delay 86, 0;
    %load/vec4 v00711768_0;
    %store/vec4 v00711710_0, 0, 4;
    %end;
t_461 ;
    %delay 86, 0;
    %pushi/vec4 1, 0, 1;
    %store/vec4 v00711870_0, 0, 1;
    %end;
t_462 ;
    %delay 86, 0;
    %pushi/vec4 1, 0, 1;
    %store/vec4 v00711660_0, 0, 1;
    %end;
t_463 ;
    %delay 87, 0;
    %pushi/vec4 1, 0, 32;
    %store/vec4 v00711608_0, 0, 32;
    %end;
t_464 ;
    %delay 87, 0;
    %pushi/vec4 1, 0, 32;
    %store/vec4 v007116b8_0, 0, 32;
    %end;
t_465 ;
    %delay 87, 0;
    %pushi/vec4 12, 0, 5;
    %store/vec4 v007117c0_0, 0, 5;
    %end;
t_466 ;
    %delay 87, 0;
    %load/vec4 v00711768_0;
    %store/vec4 v00711710_0, 0, 4;
    %end;
t_467 ;
    %delay 87, 0;
    %pushi/vec4 1, 0, 1;
    %store/vec4 v00711870_0, 0, 1;
    %end;
t_468 ;
    %delay 87, 0;
    %pushi/vec4 1, 0, 1;
    %store/vec4 v00711660_0, 0, 1;
    %end;
t_469 ;
    %delay 88, 0;
    %pushi/vec4 15, 0, 32;
    %store/vec4 v00711608_0, 0, 32;
    %end;
t_470 ;
    %delay 88, 0;
    %pushi/vec4 15, 0, 32;
    %store/vec4 v007116b8_0, 0, 32;
    %end;
t_471 ;
    %delay 88, 0;
    %pushi/vec4 12, 0, 5;
    %store/vec4 v007117c0_0, 0, 5;
    %end;
t_472 ;
    %delay 88, 0;
    %load/vec4 v00711768_0;
    %store/vec4 v00711710_0, 0, 4;
    %end;
t_473 ;
    %delay 88, 0;
    %pushi/vec4 1, 0, 1;
    %store/vec4 v00711870_0, 0, 1;
    %end;
t_474 ;
    %delay 88, 0;
    %pushi/vec4 1, 0, 1;
    %store/vec4 v00711660_0, 0, 1;
    %end;
t_475 ;
    %delay 89, 0;
    %pushi/vec4 15, 0, 32;
    %store/vec4 v00711608_0, 0, 32;
    %end;
t_476 ;
    %delay 89, 0;
    %pushi/vec4 240, 0, 32;
    %store/vec4 v007116b8_0, 0, 32;
    %end;
t_477 ;
    %delay 89, 0;
    %pushi/vec4 12, 0, 5;
    %store/vec4 v007117c0_0, 0, 5;
    %end;
t_478 ;
    %delay 89, 0;
    %load/vec4 v00711768_0;
    %store/vec4 v00711710_0, 0, 4;
    %end;
t_479 ;
    %delay 89, 0;
    %pushi/vec4 1, 0, 1;
    %store/vec4 v00711870_0, 0, 1;
    %end;
t_480 ;
    %delay 89, 0;
    %pushi/vec4 1, 0, 1;
    %store/vec4 v00711660_0, 0, 1;
    %end;
t_481 ;
    %delay 90, 0;
    %pushi/vec4 243, 0, 32;
    %store/vec4 v00711608_0, 0, 32;
    %end;
t_482 ;
    %delay 90, 0;
    %pushi/vec4 241, 0, 32;
    %store/vec4 v007116b8_0, 0, 32;
    %end;
t_483 ;
    %delay 90, 0;
    %pushi/vec4 12, 0, 5;
    %store/vec4 v007117c0_0, 0, 5;
    %end;
t_484 ;
    %delay 90, 0;
    %load/vec4 v00711768_0;
    %store/vec4 v00711710_0, 0, 4;
    %end;
t_485 ;
    %delay 90, 0;
    %pushi/vec4 1, 0, 1;
    %store/vec4 v00711870_0, 0, 1;
    %end;
t_486 ;
    %delay 90, 0;
    %pushi/vec4 1, 0, 1;
    %store/vec4 v00711660_0, 0, 1;
    %end;
t_487 ;
    %delay 91, 0;
    %pushi/vec4 4369, 0, 32;
    %store/vec4 v00711608_0, 0, 32;
    %end;
t_488 ;
    %delay 91, 0;
    %pushi/vec4 4369, 0, 32;
    %store/vec4 v007116b8_0, 0, 32;
    %end;
t_489 ;
    %delay 91, 0;
    %pushi/vec4 12, 0, 5;
    %store/vec4 v007117c0_0, 0, 5;
    %end;
t_490 ;
    %delay 91, 0;
    %load/vec4 v00711768_0;
    %store/vec4 v00711710_0, 0, 4;
    %end;
t_491 ;
    %delay 91, 0;
    %pushi/vec4 1, 0, 1;
    %store/vec4 v00711870_0, 0, 1;
    %end;
t_492 ;
    %delay 91, 0;
    %pushi/vec4 1, 0, 1;
    %store/vec4 v00711660_0, 0, 1;
    %end;
t_493 ;
    %delay 92, 0;
    %vpi_call 2 108 "$display", "*** Testin BIC ***" {0 0 0};
    %end;
t_494 ;
    %delay 93, 0;
    %pushi/vec4 251, 0, 32;
    %store/vec4 v00711608_0, 0, 32;
    %end;
t_495 ;
    %delay 93, 0;
    %pushi/vec4 11, 0, 32;
    %store/vec4 v007116b8_0, 0, 32;
    %end;
t_496 ;
    %delay 93, 0;
    %pushi/vec4 14, 0, 5;
    %store/vec4 v007117c0_0, 0, 5;
    %end;
t_497 ;
    %delay 93, 0;
    %load/vec4 v00711768_0;
    %store/vec4 v00711710_0, 0, 4;
    %end;
t_498 ;
    %delay 93, 0;
    %pushi/vec4 1, 0, 1;
    %store/vec4 v00711870_0, 0, 1;
    %end;
t_499 ;
    %delay 93, 0;
    %pushi/vec4 1, 0, 1;
    %store/vec4 v00711660_0, 0, 1;
    %end;
t_500 ;
    %delay 94, 0;
    %pushi/vec4 1, 0, 32;
    %store/vec4 v00711608_0, 0, 32;
    %end;
t_501 ;
    %delay 94, 0;
    %pushi/vec4 1, 0, 32;
    %store/vec4 v007116b8_0, 0, 32;
    %end;
t_502 ;
    %delay 94, 0;
    %pushi/vec4 14, 0, 5;
    %store/vec4 v007117c0_0, 0, 5;
    %end;
t_503 ;
    %delay 94, 0;
    %load/vec4 v00711768_0;
    %store/vec4 v00711710_0, 0, 4;
    %end;
t_504 ;
    %delay 94, 0;
    %pushi/vec4 1, 0, 1;
    %store/vec4 v00711870_0, 0, 1;
    %end;
t_505 ;
    %delay 94, 0;
    %pushi/vec4 1, 0, 1;
    %store/vec4 v00711660_0, 0, 1;
    %end;
t_506 ;
    %delay 95, 0;
    %pushi/vec4 15, 0, 32;
    %store/vec4 v00711608_0, 0, 32;
    %end;
t_507 ;
    %delay 95, 0;
    %pushi/vec4 15, 0, 32;
    %store/vec4 v007116b8_0, 0, 32;
    %end;
t_508 ;
    %delay 95, 0;
    %pushi/vec4 14, 0, 5;
    %store/vec4 v007117c0_0, 0, 5;
    %end;
t_509 ;
    %delay 95, 0;
    %load/vec4 v00711768_0;
    %store/vec4 v00711710_0, 0, 4;
    %end;
t_510 ;
    %delay 95, 0;
    %pushi/vec4 1, 0, 1;
    %store/vec4 v00711870_0, 0, 1;
    %end;
t_511 ;
    %delay 95, 0;
    %pushi/vec4 1, 0, 1;
    %store/vec4 v00711660_0, 0, 1;
    %end;
t_512 ;
    %delay 96, 0;
    %pushi/vec4 15, 0, 32;
    %store/vec4 v00711608_0, 0, 32;
    %end;
t_513 ;
    %delay 96, 0;
    %pushi/vec4 240, 0, 32;
    %store/vec4 v007116b8_0, 0, 32;
    %end;
t_514 ;
    %delay 96, 0;
    %pushi/vec4 14, 0, 5;
    %store/vec4 v007117c0_0, 0, 5;
    %end;
t_515 ;
    %delay 96, 0;
    %load/vec4 v00711768_0;
    %store/vec4 v00711710_0, 0, 4;
    %end;
t_516 ;
    %delay 96, 0;
    %pushi/vec4 1, 0, 1;
    %store/vec4 v00711870_0, 0, 1;
    %end;
t_517 ;
    %delay 96, 0;
    %pushi/vec4 1, 0, 1;
    %store/vec4 v00711660_0, 0, 1;
    %end;
t_518 ;
    %delay 97, 0;
    %pushi/vec4 243, 0, 32;
    %store/vec4 v00711608_0, 0, 32;
    %end;
t_519 ;
    %delay 97, 0;
    %pushi/vec4 241, 0, 32;
    %store/vec4 v007116b8_0, 0, 32;
    %end;
t_520 ;
    %delay 97, 0;
    %pushi/vec4 14, 0, 5;
    %store/vec4 v007117c0_0, 0, 5;
    %end;
t_521 ;
    %delay 97, 0;
    %load/vec4 v00711768_0;
    %store/vec4 v00711710_0, 0, 4;
    %end;
t_522 ;
    %delay 97, 0;
    %pushi/vec4 1, 0, 1;
    %store/vec4 v00711870_0, 0, 1;
    %end;
t_523 ;
    %delay 97, 0;
    %pushi/vec4 1, 0, 1;
    %store/vec4 v00711660_0, 0, 1;
    %end;
t_524 ;
    %delay 98, 0;
    %pushi/vec4 4369, 0, 32;
    %store/vec4 v00711608_0, 0, 32;
    %end;
t_525 ;
    %delay 98, 0;
    %pushi/vec4 4369, 0, 32;
    %store/vec4 v007116b8_0, 0, 32;
    %end;
t_526 ;
    %delay 98, 0;
    %pushi/vec4 14, 0, 5;
    %store/vec4 v007117c0_0, 0, 5;
    %end;
t_527 ;
    %delay 98, 0;
    %load/vec4 v00711768_0;
    %store/vec4 v00711710_0, 0, 4;
    %end;
t_528 ;
    %delay 98, 0;
    %pushi/vec4 1, 0, 1;
    %store/vec4 v00711870_0, 0, 1;
    %end;
t_529 ;
    %delay 98, 0;
    %pushi/vec4 1, 0, 1;
    %store/vec4 v00711660_0, 0, 1;
    %end;
t_530 ;
    %delay 99, 0;
    %vpi_call 2 115 "$display", "*** Testin MVN ***" {0 0 0};
    %end;
t_531 ;
    %delay 100, 0;
    %pushi/vec4 251, 0, 32;
    %store/vec4 v00711608_0, 0, 32;
    %end;
t_532 ;
    %delay 100, 0;
    %pushi/vec4 11, 0, 32;
    %store/vec4 v007116b8_0, 0, 32;
    %end;
t_533 ;
    %delay 100, 0;
    %pushi/vec4 15, 0, 5;
    %store/vec4 v007117c0_0, 0, 5;
    %end;
t_534 ;
    %delay 100, 0;
    %load/vec4 v00711768_0;
    %store/vec4 v00711710_0, 0, 4;
    %end;
t_535 ;
    %delay 100, 0;
    %pushi/vec4 1, 0, 1;
    %store/vec4 v00711870_0, 0, 1;
    %end;
t_536 ;
    %delay 100, 0;
    %pushi/vec4 1, 0, 1;
    %store/vec4 v00711660_0, 0, 1;
    %end;
t_537 ;
    %delay 101, 0;
    %pushi/vec4 1, 0, 32;
    %store/vec4 v00711608_0, 0, 32;
    %end;
t_538 ;
    %delay 101, 0;
    %pushi/vec4 1, 0, 32;
    %store/vec4 v007116b8_0, 0, 32;
    %end;
t_539 ;
    %delay 101, 0;
    %pushi/vec4 15, 0, 5;
    %store/vec4 v007117c0_0, 0, 5;
    %end;
t_540 ;
    %delay 101, 0;
    %load/vec4 v00711768_0;
    %store/vec4 v00711710_0, 0, 4;
    %end;
t_541 ;
    %delay 101, 0;
    %pushi/vec4 1, 0, 1;
    %store/vec4 v00711870_0, 0, 1;
    %end;
t_542 ;
    %delay 101, 0;
    %pushi/vec4 1, 0, 1;
    %store/vec4 v00711660_0, 0, 1;
    %end;
t_543 ;
    %delay 102, 0;
    %pushi/vec4 15, 0, 32;
    %store/vec4 v00711608_0, 0, 32;
    %end;
t_544 ;
    %delay 102, 0;
    %pushi/vec4 15, 0, 32;
    %store/vec4 v007116b8_0, 0, 32;
    %end;
t_545 ;
    %delay 102, 0;
    %pushi/vec4 15, 0, 5;
    %store/vec4 v007117c0_0, 0, 5;
    %end;
t_546 ;
    %delay 102, 0;
    %load/vec4 v00711768_0;
    %store/vec4 v00711710_0, 0, 4;
    %end;
t_547 ;
    %delay 102, 0;
    %pushi/vec4 1, 0, 1;
    %store/vec4 v00711870_0, 0, 1;
    %end;
t_548 ;
    %delay 102, 0;
    %pushi/vec4 1, 0, 1;
    %store/vec4 v00711660_0, 0, 1;
    %end;
t_549 ;
    %delay 103, 0;
    %pushi/vec4 15, 0, 32;
    %store/vec4 v00711608_0, 0, 32;
    %end;
t_550 ;
    %delay 103, 0;
    %pushi/vec4 240, 0, 32;
    %store/vec4 v007116b8_0, 0, 32;
    %end;
t_551 ;
    %delay 103, 0;
    %pushi/vec4 15, 0, 5;
    %store/vec4 v007117c0_0, 0, 5;
    %end;
t_552 ;
    %delay 103, 0;
    %load/vec4 v00711768_0;
    %store/vec4 v00711710_0, 0, 4;
    %end;
t_553 ;
    %delay 103, 0;
    %pushi/vec4 1, 0, 1;
    %store/vec4 v00711870_0, 0, 1;
    %end;
t_554 ;
    %delay 103, 0;
    %pushi/vec4 1, 0, 1;
    %store/vec4 v00711660_0, 0, 1;
    %end;
t_555 ;
    %delay 104, 0;
    %pushi/vec4 243, 0, 32;
    %store/vec4 v00711608_0, 0, 32;
    %end;
t_556 ;
    %delay 104, 0;
    %pushi/vec4 241, 0, 32;
    %store/vec4 v007116b8_0, 0, 32;
    %end;
t_557 ;
    %delay 104, 0;
    %pushi/vec4 15, 0, 5;
    %store/vec4 v007117c0_0, 0, 5;
    %end;
t_558 ;
    %delay 104, 0;
    %load/vec4 v00711768_0;
    %store/vec4 v00711710_0, 0, 4;
    %end;
t_559 ;
    %delay 104, 0;
    %pushi/vec4 1, 0, 1;
    %store/vec4 v00711870_0, 0, 1;
    %end;
t_560 ;
    %delay 104, 0;
    %pushi/vec4 1, 0, 1;
    %store/vec4 v00711660_0, 0, 1;
    %end;
t_561 ;
    %delay 105, 0;
    %pushi/vec4 4369, 0, 32;
    %store/vec4 v00711608_0, 0, 32;
    %end;
t_562 ;
    %delay 105, 0;
    %pushi/vec4 4369, 0, 32;
    %store/vec4 v007116b8_0, 0, 32;
    %end;
t_563 ;
    %delay 105, 0;
    %pushi/vec4 15, 0, 5;
    %store/vec4 v007117c0_0, 0, 5;
    %end;
t_564 ;
    %delay 105, 0;
    %load/vec4 v00711768_0;
    %store/vec4 v00711710_0, 0, 4;
    %end;
t_565 ;
    %delay 105, 0;
    %pushi/vec4 1, 0, 1;
    %store/vec4 v00711870_0, 0, 1;
    %end;
t_566 ;
    %delay 105, 0;
    %pushi/vec4 1, 0, 1;
    %store/vec4 v00711660_0, 0, 1;
    %end;
t_567 ;
    %delay 106, 0;
    %vpi_call 2 122 "$display", "*** Testin BYPASS ***" {0 0 0};
    %end;
t_568 ;
    %delay 107, 0;
    %pushi/vec4 251, 0, 32;
    %store/vec4 v00711608_0, 0, 32;
    %end;
t_569 ;
    %delay 107, 0;
    %pushi/vec4 11, 0, 32;
    %store/vec4 v007116b8_0, 0, 32;
    %end;
t_570 ;
    %delay 107, 0;
    %pushi/vec4 16, 0, 5;
    %store/vec4 v007117c0_0, 0, 5;
    %end;
t_571 ;
    %delay 107, 0;
    %load/vec4 v00711768_0;
    %store/vec4 v00711710_0, 0, 4;
    %end;
t_572 ;
    %delay 107, 0;
    %pushi/vec4 1, 0, 1;
    %store/vec4 v00711870_0, 0, 1;
    %end;
t_573 ;
    %delay 107, 0;
    %pushi/vec4 1, 0, 1;
    %store/vec4 v00711660_0, 0, 1;
    %end;
t_574 ;
    %delay 108, 0;
    %pushi/vec4 1, 0, 32;
    %store/vec4 v00711608_0, 0, 32;
    %end;
t_575 ;
    %delay 108, 0;
    %pushi/vec4 1, 0, 32;
    %store/vec4 v007116b8_0, 0, 32;
    %end;
t_576 ;
    %delay 108, 0;
    %pushi/vec4 16, 0, 5;
    %store/vec4 v007117c0_0, 0, 5;
    %end;
t_577 ;
    %delay 108, 0;
    %load/vec4 v00711768_0;
    %store/vec4 v00711710_0, 0, 4;
    %end;
t_578 ;
    %delay 108, 0;
    %pushi/vec4 1, 0, 1;
    %store/vec4 v00711870_0, 0, 1;
    %end;
t_579 ;
    %delay 108, 0;
    %pushi/vec4 1, 0, 1;
    %store/vec4 v00711660_0, 0, 1;
    %end;
t_580 ;
    %delay 109, 0;
    %pushi/vec4 15, 0, 32;
    %store/vec4 v00711608_0, 0, 32;
    %end;
t_581 ;
    %delay 109, 0;
    %pushi/vec4 15, 0, 32;
    %store/vec4 v007116b8_0, 0, 32;
    %end;
t_582 ;
    %delay 109, 0;
    %pushi/vec4 16, 0, 5;
    %store/vec4 v007117c0_0, 0, 5;
    %end;
t_583 ;
    %delay 109, 0;
    %load/vec4 v00711768_0;
    %store/vec4 v00711710_0, 0, 4;
    %end;
t_584 ;
    %delay 109, 0;
    %pushi/vec4 1, 0, 1;
    %store/vec4 v00711870_0, 0, 1;
    %end;
t_585 ;
    %delay 109, 0;
    %pushi/vec4 1, 0, 1;
    %store/vec4 v00711660_0, 0, 1;
    %end;
t_586 ;
    %delay 110, 0;
    %pushi/vec4 15, 0, 32;
    %store/vec4 v00711608_0, 0, 32;
    %end;
t_587 ;
    %delay 110, 0;
    %pushi/vec4 240, 0, 32;
    %store/vec4 v007116b8_0, 0, 32;
    %end;
t_588 ;
    %delay 110, 0;
    %pushi/vec4 16, 0, 5;
    %store/vec4 v007117c0_0, 0, 5;
    %end;
t_589 ;
    %delay 110, 0;
    %load/vec4 v00711768_0;
    %store/vec4 v00711710_0, 0, 4;
    %end;
t_590 ;
    %delay 110, 0;
    %pushi/vec4 1, 0, 1;
    %store/vec4 v00711870_0, 0, 1;
    %end;
t_591 ;
    %delay 110, 0;
    %pushi/vec4 1, 0, 1;
    %store/vec4 v00711660_0, 0, 1;
    %end;
t_592 ;
    %delay 111, 0;
    %pushi/vec4 243, 0, 32;
    %store/vec4 v00711608_0, 0, 32;
    %end;
t_593 ;
    %delay 111, 0;
    %pushi/vec4 241, 0, 32;
    %store/vec4 v007116b8_0, 0, 32;
    %end;
t_594 ;
    %delay 111, 0;
    %pushi/vec4 16, 0, 5;
    %store/vec4 v007117c0_0, 0, 5;
    %end;
t_595 ;
    %delay 111, 0;
    %load/vec4 v00711768_0;
    %store/vec4 v00711710_0, 0, 4;
    %end;
t_596 ;
    %delay 111, 0;
    %pushi/vec4 1, 0, 1;
    %store/vec4 v00711870_0, 0, 1;
    %end;
t_597 ;
    %delay 111, 0;
    %pushi/vec4 1, 0, 1;
    %store/vec4 v00711660_0, 0, 1;
    %end;
t_598 ;
    %delay 112, 0;
    %pushi/vec4 4369, 0, 32;
    %store/vec4 v00711608_0, 0, 32;
    %end;
t_599 ;
    %delay 112, 0;
    %pushi/vec4 4369, 0, 32;
    %store/vec4 v007116b8_0, 0, 32;
    %end;
t_600 ;
    %delay 112, 0;
    %pushi/vec4 16, 0, 5;
    %store/vec4 v007117c0_0, 0, 5;
    %end;
t_601 ;
    %delay 112, 0;
    %load/vec4 v00711768_0;
    %store/vec4 v00711710_0, 0, 4;
    %end;
t_602 ;
    %delay 112, 0;
    %pushi/vec4 1, 0, 1;
    %store/vec4 v00711870_0, 0, 1;
    %end;
t_603 ;
    %delay 112, 0;
    %pushi/vec4 1, 0, 1;
    %store/vec4 v00711660_0, 0, 1;
    %end;
t_604 ;
    %delay 113, 0;
    %vpi_call 2 129 "$display", "*** Testin INC ***" {0 0 0};
    %end;
t_605 ;
    %delay 114, 0;
    %pushi/vec4 251, 0, 32;
    %store/vec4 v00711608_0, 0, 32;
    %end;
t_606 ;
    %delay 114, 0;
    %pushi/vec4 11, 0, 32;
    %store/vec4 v007116b8_0, 0, 32;
    %end;
t_607 ;
    %delay 114, 0;
    %pushi/vec4 17, 0, 5;
    %store/vec4 v007117c0_0, 0, 5;
    %end;
t_608 ;
    %delay 114, 0;
    %load/vec4 v00711768_0;
    %store/vec4 v00711710_0, 0, 4;
    %end;
t_609 ;
    %delay 114, 0;
    %pushi/vec4 1, 0, 1;
    %store/vec4 v00711870_0, 0, 1;
    %end;
t_610 ;
    %delay 114, 0;
    %pushi/vec4 1, 0, 1;
    %store/vec4 v00711660_0, 0, 1;
    %end;
t_611 ;
    %delay 115, 0;
    %pushi/vec4 1, 0, 32;
    %store/vec4 v00711608_0, 0, 32;
    %end;
t_612 ;
    %delay 115, 0;
    %pushi/vec4 1, 0, 32;
    %store/vec4 v007116b8_0, 0, 32;
    %end;
t_613 ;
    %delay 115, 0;
    %pushi/vec4 17, 0, 5;
    %store/vec4 v007117c0_0, 0, 5;
    %end;
t_614 ;
    %delay 115, 0;
    %load/vec4 v00711768_0;
    %store/vec4 v00711710_0, 0, 4;
    %end;
t_615 ;
    %delay 115, 0;
    %pushi/vec4 1, 0, 1;
    %store/vec4 v00711870_0, 0, 1;
    %end;
t_616 ;
    %delay 115, 0;
    %pushi/vec4 1, 0, 1;
    %store/vec4 v00711660_0, 0, 1;
    %end;
t_617 ;
    %delay 116, 0;
    %pushi/vec4 15, 0, 32;
    %store/vec4 v00711608_0, 0, 32;
    %end;
t_618 ;
    %delay 116, 0;
    %pushi/vec4 15, 0, 32;
    %store/vec4 v007116b8_0, 0, 32;
    %end;
t_619 ;
    %delay 116, 0;
    %pushi/vec4 17, 0, 5;
    %store/vec4 v007117c0_0, 0, 5;
    %end;
t_620 ;
    %delay 116, 0;
    %load/vec4 v00711768_0;
    %store/vec4 v00711710_0, 0, 4;
    %end;
t_621 ;
    %delay 116, 0;
    %pushi/vec4 1, 0, 1;
    %store/vec4 v00711870_0, 0, 1;
    %end;
t_622 ;
    %delay 116, 0;
    %pushi/vec4 1, 0, 1;
    %store/vec4 v00711660_0, 0, 1;
    %end;
t_623 ;
    %delay 117, 0;
    %pushi/vec4 15, 0, 32;
    %store/vec4 v00711608_0, 0, 32;
    %end;
t_624 ;
    %delay 117, 0;
    %pushi/vec4 240, 0, 32;
    %store/vec4 v007116b8_0, 0, 32;
    %end;
t_625 ;
    %delay 117, 0;
    %pushi/vec4 17, 0, 5;
    %store/vec4 v007117c0_0, 0, 5;
    %end;
t_626 ;
    %delay 117, 0;
    %load/vec4 v00711768_0;
    %store/vec4 v00711710_0, 0, 4;
    %end;
t_627 ;
    %delay 117, 0;
    %pushi/vec4 1, 0, 1;
    %store/vec4 v00711870_0, 0, 1;
    %end;
t_628 ;
    %delay 117, 0;
    %pushi/vec4 1, 0, 1;
    %store/vec4 v00711660_0, 0, 1;
    %end;
t_629 ;
    %delay 118, 0;
    %pushi/vec4 243, 0, 32;
    %store/vec4 v00711608_0, 0, 32;
    %end;
t_630 ;
    %delay 118, 0;
    %pushi/vec4 241, 0, 32;
    %store/vec4 v007116b8_0, 0, 32;
    %end;
t_631 ;
    %delay 118, 0;
    %pushi/vec4 17, 0, 5;
    %store/vec4 v007117c0_0, 0, 5;
    %end;
t_632 ;
    %delay 118, 0;
    %load/vec4 v00711768_0;
    %store/vec4 v00711710_0, 0, 4;
    %end;
t_633 ;
    %delay 118, 0;
    %pushi/vec4 1, 0, 1;
    %store/vec4 v00711870_0, 0, 1;
    %end;
t_634 ;
    %delay 118, 0;
    %pushi/vec4 1, 0, 1;
    %store/vec4 v00711660_0, 0, 1;
    %end;
t_635 ;
    %delay 119, 0;
    %pushi/vec4 4369, 0, 32;
    %store/vec4 v00711608_0, 0, 32;
    %end;
t_636 ;
    %delay 119, 0;
    %pushi/vec4 4369, 0, 32;
    %store/vec4 v007116b8_0, 0, 32;
    %end;
t_637 ;
    %delay 119, 0;
    %pushi/vec4 17, 0, 5;
    %store/vec4 v007117c0_0, 0, 5;
    %end;
t_638 ;
    %delay 119, 0;
    %load/vec4 v00711768_0;
    %store/vec4 v00711710_0, 0, 4;
    %end;
t_639 ;
    %delay 119, 0;
    %pushi/vec4 1, 0, 1;
    %store/vec4 v00711870_0, 0, 1;
    %end;
t_640 ;
    %delay 119, 0;
    %pushi/vec4 1, 0, 1;
    %store/vec4 v00711660_0, 0, 1;
    %end;
    .scope S_0066db20;
t_0 ;
    %end;
    .thread T_2;
    .scope S_0066db20;
T_3 ;
    %delay 1500, 0;
    %vpi_call 2 138 "$finish" {0 0 0};
    %end;
    .thread T_3;
    .scope S_0066db20;
T_4 ;
    %vpi_call 2 141 "$dumpfile", "ARM_ALU_TestBench.vcd" {0 0 0};
    %vpi_call 2 142 "$dumpvars", 32'sb00000000000000000000000000000000, S_0066db20 {0 0 0};
    %vpi_call 2 143 "$display", " Test Results" {0 0 0};
    %vpi_call 2 144 "$display", "*** Testing And ***" {0 0 0};
    %vpi_call 2 145 "$monitor", "A=%4h,B=%4h,OP=%3d,Out=%3h,FLAGS_OUT=%3d,FLAGS=%3d,S=%3d,ALU_OUT=%3d", v00711608_0, v007116b8_0, v007117c0_0, v00711818_0, v00711768_0, v00711710_0, v00711870_0, v00711660_0 {0 0 0};
    %end;
    .thread T_4;
# The file index is used to find the file name in the following table.
:file_names 4;
    "N/A";
    "<interactive>";
    "ARM_ALU_TestBench.v";
    "ARM_ALU.v";
