#! c:/iverilog-x86/bin/vvp
:ivl_version "10.0 (stable)" "(v10_0)";
:ivl_delay_selection "TYPICAL";
:vpi_time_precision + 0;
:vpi_module "system";
:vpi_module "vhdl_sys";
:vpi_module "v2005_math";
:vpi_module "va_math";
S_007a6e18 .scope module, "RegisterTestBench" "RegisterTestBench" 2 1;
 .timescale 0 0;
P_00884a38 .param/l "sim_time" 0 2 3, +C4<0000000000000000000000000000000000000000000000000000010111011100>;
v007ed2f0_0 .var "test_clk", 0 0;
RS_007bf004 .resolv tri, v007ed450_0, L_007ed660;
v007ed348_0 .net8 "test_in", 31 0, RS_007bf004;  2 drivers
RS_007bf094 .resolv tri, v007ed3f8_0, L_007ed6b8;
v007ed3a0_0 .net8 "test_in2", 31 0, RS_007bf094;  2 drivers
v007ed3f8_0 .var "test_in2_buff", 31 0;
v007ed450_0 .var "test_in_buff", 31 0;
v007ed4a8_0 .var "test_load", 0 0;
v007ed500_0 .var "test_load2", 0 0;
v007ed558_0 .var "test_reset", 0 0;
v007ed5b0_0 .var "test_store", 0 0;
v007ed608_0 .var "test_store2", 0 0;
S_0088fa58 .scope module, "register" "Register2Buff" 2 10, 3 1 0, S_007a6e18;
 .timescale 0 0;
    .port_info 0 /INOUT 32 "IN"
    .port_info 1 /INOUT 32 "IN2"
    .port_info 2 /INPUT 1 "Clk"
    .port_info 3 /INPUT 1 "Reset"
    .port_info 4 /INPUT 1 "Load"
    .port_info 5 /INPUT 1 "Load2"
    .port_info 6 /INPUT 1 "Store"
    .port_info 7 /INPUT 1 "Store2"
v007ecfd8_0 .net "Clk", 0 0, v007ed2f0_0;  1 drivers
v007ed030_0 .net8 "IN", 31 0, RS_007bf004;  alias, 2 drivers
v007ed088_0 .net8 "IN2", 31 0, RS_007bf094;  alias, 2 drivers
v007ed0e0_0 .net "Load", 0 0, v007ed4a8_0;  1 drivers
v007ed138_0 .net "Load2", 0 0, v007ed500_0;  1 drivers
v007ed190_0 .net "Reset", 0 0, v007ed558_0;  1 drivers
v007ed1e8_0 .net "Store", 0 0, v007ed5b0_0;  1 drivers
v007ed240_0 .net "Store2", 0 0, v007ed608_0;  1 drivers
v007ed298_0 .net "_OUT", 31 0, v007ecf80_0;  1 drivers
S_0088fb28 .scope module, "buff1" "Buffer32_32" 3 6, 4 1 0, S_0088fa58;
 .timescale 0 0;
    .port_info 0 /INPUT 32 "IN"
    .port_info 1 /INPUT 1 "Store"
    .port_info 2 /OUTPUT 32 "OUT"
v0079ecb8_0 .net "IN", 31 0, v007ecf80_0;  alias, 1 drivers
v0079ea68_0 .net8 "OUT", 31 0, RS_007bf004;  alias, 2 drivers
v0079eb78_0 .net "Store", 0 0, v007ed5b0_0;  alias, 1 drivers
o007bf034 .functor BUFZ 32, C4<zzzzzzzzzzzzzzzzzzzzzzzzzzzzzzzz>; HiZ drive
; Elide local net with no drivers, v007a95c0_0 name=_s0
L_007ed660 .functor MUXZ 32, o007bf034, v007ecf80_0, v007ed5b0_0, C4<>;
S_0088f060 .scope module, "buff2" "Buffer32_32" 3 8, 4 1 0, S_0088fa58;
 .timescale 0 0;
    .port_info 0 /INPUT 32 "IN"
    .port_info 1 /INPUT 1 "Store"
    .port_info 2 /OUTPUT 32 "OUT"
v007a9618_0 .net "IN", 31 0, v007ecf80_0;  alias, 1 drivers
v007ecc10_0 .net8 "OUT", 31 0, RS_007bf094;  alias, 2 drivers
v007ecc68_0 .net "Store", 0 0, v007ed608_0;  alias, 1 drivers
o007bf0c4 .functor BUFZ 32, C4<zzzzzzzzzzzzzzzzzzzzzzzzzzzzzzzz>; HiZ drive
; Elide local net with no drivers, v007eccc0_0 name=_s0
L_007ed6b8 .functor MUXZ 32, o007bf0c4, v007ecf80_0, v007ed608_0, C4<>;
S_0088f130 .scope module, "register" "Register2" 3 4, 5 1 0, S_0088fa58;
 .timescale 0 0;
    .port_info 0 /INPUT 32 "IN"
    .port_info 1 /INPUT 32 "IN2"
    .port_info 2 /INPUT 1 "Clk"
    .port_info 3 /INPUT 1 "Reset"
    .port_info 4 /INPUT 1 "Load"
    .port_info 5 /INPUT 1 "Load2"
    .port_info 6 /OUTPUT 32 "OUT"
v007ecd18_0 .net "Clk", 0 0, v007ed2f0_0;  alias, 1 drivers
v007ecd70_0 .net8 "IN", 31 0, RS_007bf004;  alias, 2 drivers
v007ecdc8_0 .net8 "IN2", 31 0, RS_007bf094;  alias, 2 drivers
v007ece20_0 .net "Load", 0 0, v007ed4a8_0;  alias, 1 drivers
v007ece78_0 .net "Load2", 0 0, v007ed500_0;  alias, 1 drivers
v007eced0_0 .net "OUT", 31 0, v007ecf80_0;  alias, 1 drivers
v007ecf28_0 .net "Reset", 0 0, v007ed558_0;  alias, 1 drivers
v007ecf80_0 .var "d", 31 0;
E_007bcea8 .event edge, v007ecf28_0;
E_007bced0 .event negedge, v007ecd18_0;
    .scope S_0088f130;
T_0 ;
    %wait E_007bced0;
    %load/vec4 v007ece20_0;
    %flag_set/vec4 8;
    %jmp/0xz  T_0.0, 8;
    %load/vec4 v007ecd70_0;
    %store/vec4 v007ecf80_0, 0, 32;
    %jmp T_0.1;
T_0.0 ;
    %load/vec4 v007ece78_0;
    %flag_set/vec4 8;
    %jmp/0xz  T_0.2, 8;
    %load/vec4 v007ecdc8_0;
    %store/vec4 v007ecf80_0, 0, 32;
T_0.2 ;
T_0.1 ;
    %jmp T_0;
    .thread T_0;
    .scope S_0088f130;
T_1 ;
    %wait E_007bcea8;
    %pushi/vec4 0, 0, 32;
    %store/vec4 v007ecf80_0, 0, 32;
    %jmp T_1;
    .thread T_1, $push;
    .scope S_007a6e18;
T_2 ;
    %fork t_1, S_007a6e18;
    %fork t_2, S_007a6e18;
    %fork t_3, S_007a6e18;
    %fork t_4, S_007a6e18;
    %fork t_5, S_007a6e18;
    %fork t_6, S_007a6e18;
    %fork t_7, S_007a6e18;
    %fork t_8, S_007a6e18;
    %fork t_9, S_007a6e18;
    %fork t_10, S_007a6e18;
    %fork t_11, S_007a6e18;
    %fork t_12, S_007a6e18;
    %fork t_13, S_007a6e18;
    %fork t_14, S_007a6e18;
    %fork t_15, S_007a6e18;
    %fork t_16, S_007a6e18;
    %fork t_17, S_007a6e18;
    %fork t_18, S_007a6e18;
    %fork t_19, S_007a6e18;
    %fork t_20, S_007a6e18;
    %fork t_21, S_007a6e18;
    %fork t_22, S_007a6e18;
    %fork t_23, S_007a6e18;
    %fork t_24, S_007a6e18;
    %fork t_25, S_007a6e18;
    %fork t_26, S_007a6e18;
    %fork t_27, S_007a6e18;
    %fork t_28, S_007a6e18;
    %fork t_29, S_007a6e18;
    %fork t_30, S_007a6e18;
    %fork t_31, S_007a6e18;
    %fork t_32, S_007a6e18;
    %fork t_33, S_007a6e18;
    %fork t_34, S_007a6e18;
    %fork t_35, S_007a6e18;
    %fork t_36, S_007a6e18;
    %fork t_37, S_007a6e18;
    %fork t_38, S_007a6e18;
    %fork t_39, S_007a6e18;
    %fork t_40, S_007a6e18;
    %fork t_41, S_007a6e18;
    %fork t_42, S_007a6e18;
    %fork t_43, S_007a6e18;
    %fork t_44, S_007a6e18;
    %fork t_45, S_007a6e18;
    %fork t_46, S_007a6e18;
    %fork t_47, S_007a6e18;
    %fork t_48, S_007a6e18;
    %fork t_49, S_007a6e18;
    %fork t_50, S_007a6e18;
    %fork t_51, S_007a6e18;
    %fork t_52, S_007a6e18;
    %fork t_53, S_007a6e18;
    %fork t_54, S_007a6e18;
    %fork t_55, S_007a6e18;
    %fork t_56, S_007a6e18;
    %fork t_57, S_007a6e18;
    %fork t_58, S_007a6e18;
    %fork t_59, S_007a6e18;
    %fork t_60, S_007a6e18;
    %fork t_61, S_007a6e18;
    %fork t_62, S_007a6e18;
    %fork t_63, S_007a6e18;
    %fork t_64, S_007a6e18;
    %fork t_65, S_007a6e18;
    %fork t_66, S_007a6e18;
    %fork t_67, S_007a6e18;
    %fork t_68, S_007a6e18;
    %fork t_69, S_007a6e18;
    %fork t_70, S_007a6e18;
    %fork t_71, S_007a6e18;
    %fork t_72, S_007a6e18;
    %fork t_73, S_007a6e18;
    %fork t_74, S_007a6e18;
    %fork t_75, S_007a6e18;
    %fork t_76, S_007a6e18;
    %fork t_77, S_007a6e18;
    %fork t_78, S_007a6e18;
    %fork t_79, S_007a6e18;
    %fork t_80, S_007a6e18;
    %fork t_81, S_007a6e18;
    %fork t_82, S_007a6e18;
    %fork t_83, S_007a6e18;
    %fork t_84, S_007a6e18;
    %fork t_85, S_007a6e18;
    %fork t_86, S_007a6e18;
    %fork t_87, S_007a6e18;
    %fork t_88, S_007a6e18;
    %fork t_89, S_007a6e18;
    %fork t_90, S_007a6e18;
    %fork t_91, S_007a6e18;
    %fork t_92, S_007a6e18;
    %fork t_93, S_007a6e18;
    %fork t_94, S_007a6e18;
    %fork t_95, S_007a6e18;
    %fork t_96, S_007a6e18;
    %fork t_97, S_007a6e18;
    %fork t_98, S_007a6e18;
    %fork t_99, S_007a6e18;
    %fork t_100, S_007a6e18;
    %fork t_101, S_007a6e18;
    %fork t_102, S_007a6e18;
    %fork t_103, S_007a6e18;
    %fork t_104, S_007a6e18;
    %fork t_105, S_007a6e18;
    %fork t_106, S_007a6e18;
    %join;
    %join;
    %join;
    %join;
    %join;
    %join;
    %join;
    %join;
    %join;
    %join;
    %join;
    %join;
    %join;
    %join;
    %join;
    %join;
    %join;
    %join;
    %join;
    %join;
    %join;
    %join;
    %join;
    %join;
    %join;
    %join;
    %join;
    %join;
    %join;
    %join;
    %join;
    %join;
    %join;
    %join;
    %join;
    %join;
    %join;
    %join;
    %join;
    %join;
    %join;
    %join;
    %join;
    %join;
    %join;
    %join;
    %join;
    %join;
    %join;
    %join;
    %join;
    %join;
    %join;
    %join;
    %join;
    %join;
    %join;
    %join;
    %join;
    %join;
    %join;
    %join;
    %join;
    %join;
    %join;
    %join;
    %join;
    %join;
    %join;
    %join;
    %join;
    %join;
    %join;
    %join;
    %join;
    %join;
    %join;
    %join;
    %join;
    %join;
    %join;
    %join;
    %join;
    %join;
    %join;
    %join;
    %join;
    %join;
    %join;
    %join;
    %join;
    %join;
    %join;
    %join;
    %join;
    %join;
    %join;
    %join;
    %join;
    %join;
    %join;
    %join;
    %join;
    %join;
    %join;
    %join;
    %jmp t_0;
t_1 ;
    %pushi/vec4 0, 0, 32;
    %store/vec4 v007ed450_0, 0, 32;
    %end;
t_2 ;
    %pushi/vec4 0, 0, 32;
    %store/vec4 v007ed3f8_0, 0, 32;
    %end;
t_3 ;
    %pushi/vec4 0, 0, 1;
    %store/vec4 v007ed2f0_0, 0, 1;
    %end;
t_4 ;
    %pushi/vec4 1, 0, 1;
    %store/vec4 v007ed558_0, 0, 1;
    %end;
t_5 ;
    %pushi/vec4 0, 0, 1;
    %store/vec4 v007ed4a8_0, 0, 1;
    %end;
t_6 ;
    %pushi/vec4 0, 0, 1;
    %store/vec4 v007ed500_0, 0, 1;
    %end;
t_7 ;
    %pushi/vec4 0, 0, 1;
    %store/vec4 v007ed5b0_0, 0, 1;
    %end;
t_8 ;
    %pushi/vec4 0, 0, 1;
    %store/vec4 v007ed608_0, 0, 1;
    %end;
t_9 ;
    %delay 2, 0;
    %pushi/vec4 1, 0, 32;
    %store/vec4 v007ed450_0, 0, 32;
    %end;
t_10 ;
    %delay 2, 0;
    %pushi/vec4 0, 0, 32;
    %store/vec4 v007ed3f8_0, 0, 32;
    %end;
t_11 ;
    %delay 2, 0;
    %pushi/vec4 0, 0, 1;
    %store/vec4 v007ed558_0, 0, 1;
    %end;
t_12 ;
    %delay 2, 0;
    %pushi/vec4 1, 0, 1;
    %store/vec4 v007ed4a8_0, 0, 1;
    %end;
t_13 ;
    %delay 2, 0;
    %pushi/vec4 0, 0, 1;
    %store/vec4 v007ed500_0, 0, 1;
    %end;
t_14 ;
    %delay 2, 0;
    %pushi/vec4 0, 0, 1;
    %store/vec4 v007ed5b0_0, 0, 1;
    %end;
t_15 ;
    %delay 2, 0;
    %pushi/vec4 0, 0, 1;
    %store/vec4 v007ed608_0, 0, 1;
    %end;
t_16 ;
    %delay 4, 0;
    %pushi/vec4 1, 0, 32;
    %store/vec4 v007ed450_0, 0, 32;
    %end;
t_17 ;
    %delay 4, 0;
    %pushi/vec4 0, 0, 32;
    %store/vec4 v007ed3f8_0, 0, 32;
    %end;
t_18 ;
    %delay 4, 0;
    %pushi/vec4 0, 0, 1;
    %store/vec4 v007ed558_0, 0, 1;
    %end;
t_19 ;
    %delay 4, 0;
    %pushi/vec4 1, 0, 1;
    %store/vec4 v007ed4a8_0, 0, 1;
    %end;
t_20 ;
    %delay 4, 0;
    %pushi/vec4 0, 0, 1;
    %store/vec4 v007ed500_0, 0, 1;
    %end;
t_21 ;
    %delay 4, 0;
    %pushi/vec4 0, 0, 1;
    %store/vec4 v007ed5b0_0, 0, 1;
    %end;
t_22 ;
    %delay 4, 0;
    %pushi/vec4 0, 0, 1;
    %store/vec4 v007ed608_0, 0, 1;
    %end;
t_23 ;
    %delay 6, 0;
    %pushi/vec4 1, 0, 32;
    %store/vec4 v007ed450_0, 0, 32;
    %end;
t_24 ;
    %delay 6, 0;
    %pushi/vec4 0, 0, 32;
    %store/vec4 v007ed3f8_0, 0, 32;
    %end;
t_25 ;
    %delay 6, 0;
    %pushi/vec4 0, 0, 1;
    %store/vec4 v007ed558_0, 0, 1;
    %end;
t_26 ;
    %delay 6, 0;
    %pushi/vec4 0, 0, 1;
    %store/vec4 v007ed4a8_0, 0, 1;
    %end;
t_27 ;
    %delay 6, 0;
    %pushi/vec4 0, 0, 1;
    %store/vec4 v007ed500_0, 0, 1;
    %end;
t_28 ;
    %delay 6, 0;
    %pushi/vec4 0, 0, 1;
    %store/vec4 v007ed5b0_0, 0, 1;
    %end;
t_29 ;
    %delay 6, 0;
    %pushi/vec4 0, 0, 1;
    %store/vec4 v007ed608_0, 0, 1;
    %end;
t_30 ;
    %delay 8, 0;
    %pushi/vec4 0, 0, 32;
    %store/vec4 v007ed450_0, 0, 32;
    %end;
t_31 ;
    %delay 8, 0;
    %pushi/vec4 1, 0, 32;
    %store/vec4 v007ed3f8_0, 0, 32;
    %end;
t_32 ;
    %delay 8, 0;
    %pushi/vec4 0, 0, 1;
    %store/vec4 v007ed558_0, 0, 1;
    %end;
t_33 ;
    %delay 8, 0;
    %pushi/vec4 0, 0, 1;
    %store/vec4 v007ed4a8_0, 0, 1;
    %end;
t_34 ;
    %delay 8, 0;
    %pushi/vec4 1, 0, 1;
    %store/vec4 v007ed500_0, 0, 1;
    %end;
t_35 ;
    %delay 8, 0;
    %pushi/vec4 0, 0, 1;
    %store/vec4 v007ed5b0_0, 0, 1;
    %end;
t_36 ;
    %delay 8, 0;
    %pushi/vec4 0, 0, 1;
    %store/vec4 v007ed608_0, 0, 1;
    %end;
t_37 ;
    %delay 10, 0;
    %pushi/vec4 0, 0, 32;
    %store/vec4 v007ed450_0, 0, 32;
    %end;
t_38 ;
    %delay 10, 0;
    %pushi/vec4 1, 0, 32;
    %store/vec4 v007ed3f8_0, 0, 32;
    %end;
t_39 ;
    %delay 10, 0;
    %pushi/vec4 0, 0, 1;
    %store/vec4 v007ed558_0, 0, 1;
    %end;
t_40 ;
    %delay 10, 0;
    %pushi/vec4 0, 0, 1;
    %store/vec4 v007ed4a8_0, 0, 1;
    %end;
t_41 ;
    %delay 10, 0;
    %pushi/vec4 1, 0, 1;
    %store/vec4 v007ed500_0, 0, 1;
    %end;
t_42 ;
    %delay 10, 0;
    %pushi/vec4 0, 0, 1;
    %store/vec4 v007ed5b0_0, 0, 1;
    %end;
t_43 ;
    %delay 10, 0;
    %pushi/vec4 0, 0, 1;
    %store/vec4 v007ed608_0, 0, 1;
    %end;
t_44 ;
    %delay 12, 0;
    %pushi/vec4 0, 0, 32;
    %store/vec4 v007ed450_0, 0, 32;
    %end;
t_45 ;
    %delay 12, 0;
    %pushi/vec4 1, 0, 32;
    %store/vec4 v007ed3f8_0, 0, 32;
    %end;
t_46 ;
    %delay 12, 0;
    %pushi/vec4 0, 0, 1;
    %store/vec4 v007ed558_0, 0, 1;
    %end;
t_47 ;
    %delay 12, 0;
    %pushi/vec4 0, 0, 1;
    %store/vec4 v007ed4a8_0, 0, 1;
    %end;
t_48 ;
    %delay 12, 0;
    %pushi/vec4 1, 0, 1;
    %store/vec4 v007ed500_0, 0, 1;
    %end;
t_49 ;
    %delay 12, 0;
    %pushi/vec4 0, 0, 1;
    %store/vec4 v007ed5b0_0, 0, 1;
    %end;
t_50 ;
    %delay 12, 0;
    %pushi/vec4 0, 0, 1;
    %store/vec4 v007ed608_0, 0, 1;
    %end;
t_51 ;
    %delay 14, 0;
    %pushi/vec4 1, 0, 32;
    %store/vec4 v007ed450_0, 0, 32;
    %end;
t_52 ;
    %delay 14, 0;
    %pushi/vec4 0, 0, 32;
    %store/vec4 v007ed3f8_0, 0, 32;
    %end;
t_53 ;
    %delay 14, 0;
    %pushi/vec4 0, 0, 1;
    %store/vec4 v007ed558_0, 0, 1;
    %end;
t_54 ;
    %delay 14, 0;
    %pushi/vec4 0, 0, 1;
    %store/vec4 v007ed4a8_0, 0, 1;
    %end;
t_55 ;
    %delay 14, 0;
    %pushi/vec4 1, 0, 1;
    %store/vec4 v007ed500_0, 0, 1;
    %end;
t_56 ;
    %delay 14, 0;
    %pushi/vec4 0, 0, 1;
    %store/vec4 v007ed5b0_0, 0, 1;
    %end;
t_57 ;
    %delay 14, 0;
    %pushi/vec4 0, 0, 1;
    %store/vec4 v007ed608_0, 0, 1;
    %end;
t_58 ;
    %delay 16, 0;
    %pushi/vec4 1, 0, 32;
    %store/vec4 v007ed450_0, 0, 32;
    %end;
t_59 ;
    %delay 16, 0;
    %pushi/vec4 0, 0, 32;
    %store/vec4 v007ed3f8_0, 0, 32;
    %end;
t_60 ;
    %delay 16, 0;
    %pushi/vec4 0, 0, 1;
    %store/vec4 v007ed558_0, 0, 1;
    %end;
t_61 ;
    %delay 16, 0;
    %pushi/vec4 0, 0, 1;
    %store/vec4 v007ed4a8_0, 0, 1;
    %end;
t_62 ;
    %delay 16, 0;
    %pushi/vec4 1, 0, 1;
    %store/vec4 v007ed500_0, 0, 1;
    %end;
t_63 ;
    %delay 16, 0;
    %pushi/vec4 0, 0, 1;
    %store/vec4 v007ed5b0_0, 0, 1;
    %end;
t_64 ;
    %delay 16, 0;
    %pushi/vec4 0, 0, 1;
    %store/vec4 v007ed608_0, 0, 1;
    %end;
t_65 ;
    %delay 18, 0;
    %pushi/vec4 1, 0, 32;
    %store/vec4 v007ed450_0, 0, 32;
    %end;
t_66 ;
    %delay 18, 0;
    %pushi/vec4 0, 0, 32;
    %store/vec4 v007ed3f8_0, 0, 32;
    %end;
t_67 ;
    %delay 18, 0;
    %pushi/vec4 0, 0, 1;
    %store/vec4 v007ed558_0, 0, 1;
    %end;
t_68 ;
    %delay 18, 0;
    %pushi/vec4 0, 0, 1;
    %store/vec4 v007ed4a8_0, 0, 1;
    %end;
t_69 ;
    %delay 18, 0;
    %pushi/vec4 1, 0, 1;
    %store/vec4 v007ed500_0, 0, 1;
    %end;
t_70 ;
    %delay 18, 0;
    %pushi/vec4 0, 0, 1;
    %store/vec4 v007ed5b0_0, 0, 1;
    %end;
t_71 ;
    %delay 18, 0;
    %pushi/vec4 0, 0, 1;
    %store/vec4 v007ed608_0, 0, 1;
    %end;
t_72 ;
    %delay 20, 0;
    %pushi/vec4 0, 0, 32;
    %store/vec4 v007ed450_0, 0, 32;
    %end;
t_73 ;
    %delay 20, 0;
    %pushi/vec4 1, 0, 32;
    %store/vec4 v007ed3f8_0, 0, 32;
    %end;
t_74 ;
    %delay 20, 0;
    %pushi/vec4 0, 0, 1;
    %store/vec4 v007ed558_0, 0, 1;
    %end;
t_75 ;
    %delay 20, 0;
    %pushi/vec4 1, 0, 1;
    %store/vec4 v007ed4a8_0, 0, 1;
    %end;
t_76 ;
    %delay 20, 0;
    %pushi/vec4 0, 0, 1;
    %store/vec4 v007ed500_0, 0, 1;
    %end;
t_77 ;
    %delay 20, 0;
    %pushi/vec4 0, 0, 1;
    %store/vec4 v007ed5b0_0, 0, 1;
    %end;
t_78 ;
    %delay 20, 0;
    %pushi/vec4 0, 0, 1;
    %store/vec4 v007ed608_0, 0, 1;
    %end;
t_79 ;
    %delay 22, 0;
    %pushi/vec4 0, 0, 32;
    %store/vec4 v007ed450_0, 0, 32;
    %end;
t_80 ;
    %delay 22, 0;
    %pushi/vec4 1, 0, 32;
    %store/vec4 v007ed3f8_0, 0, 32;
    %end;
t_81 ;
    %delay 22, 0;
    %pushi/vec4 0, 0, 1;
    %store/vec4 v007ed558_0, 0, 1;
    %end;
t_82 ;
    %delay 22, 0;
    %pushi/vec4 1, 0, 1;
    %store/vec4 v007ed4a8_0, 0, 1;
    %end;
t_83 ;
    %delay 22, 0;
    %pushi/vec4 0, 0, 1;
    %store/vec4 v007ed500_0, 0, 1;
    %end;
t_84 ;
    %delay 22, 0;
    %pushi/vec4 0, 0, 1;
    %store/vec4 v007ed5b0_0, 0, 1;
    %end;
t_85 ;
    %delay 22, 0;
    %pushi/vec4 0, 0, 1;
    %store/vec4 v007ed608_0, 0, 1;
    %end;
t_86 ;
    %delay 24, 0;
    %pushi/vec4 0, 0, 32;
    %store/vec4 v007ed450_0, 0, 32;
    %end;
t_87 ;
    %delay 24, 0;
    %pushi/vec4 1, 0, 32;
    %store/vec4 v007ed3f8_0, 0, 32;
    %end;
t_88 ;
    %delay 24, 0;
    %pushi/vec4 0, 0, 1;
    %store/vec4 v007ed558_0, 0, 1;
    %end;
t_89 ;
    %delay 24, 0;
    %pushi/vec4 0, 0, 1;
    %store/vec4 v007ed4a8_0, 0, 1;
    %end;
t_90 ;
    %delay 24, 0;
    %pushi/vec4 0, 0, 1;
    %store/vec4 v007ed500_0, 0, 1;
    %end;
t_91 ;
    %delay 24, 0;
    %pushi/vec4 0, 0, 1;
    %store/vec4 v007ed5b0_0, 0, 1;
    %end;
t_92 ;
    %delay 24, 0;
    %pushi/vec4 0, 0, 1;
    %store/vec4 v007ed608_0, 0, 1;
    %end;
t_93 ;
    %delay 26, 0;
    %pushi/vec4 0, 4294967295, 32;
    %assign/vec4 v007ed450_0, 0;
    %end;
t_94 ;
    %delay 26, 0;
    %pushi/vec4 0, 4294967295, 32;
    %assign/vec4 v007ed3f8_0, 0;
    %end;
t_95 ;
    %delay 26, 0;
    %pushi/vec4 0, 0, 1;
    %store/vec4 v007ed558_0, 0, 1;
    %end;
t_96 ;
    %delay 26, 0;
    %pushi/vec4 0, 0, 1;
    %store/vec4 v007ed4a8_0, 0, 1;
    %end;
t_97 ;
    %delay 26, 0;
    %pushi/vec4 0, 0, 1;
    %store/vec4 v007ed500_0, 0, 1;
    %end;
t_98 ;
    %delay 26, 0;
    %pushi/vec4 1, 0, 1;
    %store/vec4 v007ed5b0_0, 0, 1;
    %end;
t_99 ;
    %delay 26, 0;
    %pushi/vec4 0, 0, 1;
    %store/vec4 v007ed608_0, 0, 1;
    %end;
t_100 ;
    %delay 28, 0;
    %pushi/vec4 0, 4294967295, 32;
    %assign/vec4 v007ed450_0, 0;
    %end;
t_101 ;
    %delay 28, 0;
    %pushi/vec4 0, 4294967295, 32;
    %assign/vec4 v007ed3f8_0, 0;
    %end;
t_102 ;
    %delay 28, 0;
    %pushi/vec4 0, 0, 1;
    %store/vec4 v007ed558_0, 0, 1;
    %end;
t_103 ;
    %delay 28, 0;
    %pushi/vec4 0, 0, 1;
    %store/vec4 v007ed4a8_0, 0, 1;
    %end;
t_104 ;
    %delay 28, 0;
    %pushi/vec4 0, 0, 1;
    %store/vec4 v007ed500_0, 0, 1;
    %end;
t_105 ;
    %delay 28, 0;
    %pushi/vec4 0, 0, 1;
    %store/vec4 v007ed5b0_0, 0, 1;
    %end;
t_106 ;
    %delay 28, 0;
    %pushi/vec4 1, 0, 1;
    %store/vec4 v007ed608_0, 0, 1;
    %end;
    .scope S_007a6e18;
t_0 ;
    %end;
    .thread T_2;
    .scope S_007a6e18;
T_3 ;
    %delay 1, 0;
    %load/vec4 v007ed2f0_0;
    %inv;
    %store/vec4 v007ed2f0_0, 0, 1;
    %jmp T_3;
    .thread T_3;
    .scope S_007a6e18;
T_4 ;
    %delay 1500, 0;
    %vpi_call 2 41 "$finish" {0 0 0};
    %end;
    .thread T_4;
    .scope S_007a6e18;
T_5 ;
    %vpi_call 2 46 "$dumpfile", "RegisterTestBench.vcd" {0 0 0};
    %vpi_call 2 47 "$dumpvars", 32'sb00000000000000000000000000000000, S_007a6e18 {0 0 0};
    %vpi_call 2 48 "$display", " Test Results" {0 0 0};
    %vpi_call 2 49 "$monitor", "T = %d,test_in = %d,test_in2 = %d,test_clk = %d,test_reset = %d,test_load = %d,test_load2 = %d,test_store = %d,test_store2 = %d", $time, v007ed348_0, v007ed3a0_0, v007ed2f0_0, v007ed558_0, v007ed4a8_0, v007ed500_0, v007ed5b0_0, v007ed608_0 {0 0 0};
    %end;
    .thread T_5;
# The file index is used to find the file name in the following table.
:file_names 6;
    "N/A";
    "<interactive>";
    "RegisterTestBench.v";
    "Register2Buff.v";
    "Buffer32_32.v";
    "Register2.v";
